[ 2014-08-31T21:54:43+08:00 ] 127.0.0.1 /myblog/
INFO: [ app_begin ] --START--
INFO: ReadHtmlCache Behavior ::run [ RunTime:0.001234s ]
INFO: [ app_begin ] --END-- [ RunTime:0.001309s ]
SQL: SHOW COLUMNS FROM `blog_index_config` [ RunTime:0.022246s ]
SQL: SELECT `value` FROM `blog_index_config` WHERE ( type='index_bgimg' and uid =1 and display = 1 ) LIMIT 1   [ RunTime:0.010335s ]
SQL: SELECT * FROM `blog_index_config` WHERE ( type='index_bgmusic' and uid =1 and display = 1 )  [ RunTime:0.000596s ]
INFO: [ view_parse ] --START--
NOTIC: [8] Undefined index: index D:\myweb\myblog\flash\home\Runtime\Cache\8a60bc00bb0f3a8e4f280ed2c1b4fc86.php 第 27 行.
INFO: ParseTemplate Behavior ::run [ RunTime:0.051229s ]
INFO: [ view_parse ] --END-- [ RunTime:0.051373s ]
INFO: [ view_filter ] --START--
INFO: ContentReplace Behavior ::run [ RunTime:0.006006s ]
INFO: TokenBuild Behavior ::run [ RunTime:0.000975s ]
INFO: WriteHtmlCache Behavior ::run [ RunTime:0.000798s ]
INFO: ShowRuntime Behavior ::run [ RunTime:0.001038s ]
INFO: [ view_filter ] --END-- [ RunTime:0.009057s ]
INFO: [ view_end ] --START--
INFO: ShowPageTrace Behavior ::run [ RunTime:0.001184s ]
INFO: [ view_end ] --END-- [ RunTime:0.001253s ]

