[ 2014-05-12T22:03:22+08:00 ] 127.0.0.1 /flash/
INFO: [ app_begin ] --START--
INFO: ReadHtmlCache Behavior ::run [ RunTime:0.000659s ]
INFO: [ app_begin ] --END-- [ RunTime:0.000733s ]
SQL: SHOW COLUMNS FROM `getcontents` [ RunTime:0.002804s ]
ERR: 1146:Table 'flash.getcontents' doesn't exist
 [ SQL语句 ] : SHOW COLUMNS FROM `getcontents`

[ 2014-05-12T22:07:01+08:00 ] 127.0.0.1 /flash/
INFO: [ app_begin ] --START--
INFO: ReadHtmlCache Behavior ::run [ RunTime:0.000522s ]
INFO: [ app_begin ] --END-- [ RunTime:0.000588s ]
SQL: SHOW COLUMNS FROM `getcontents` [ RunTime:0.002101s ]
ERR: 1146:Table 'flash.getcontents' doesn't exist
 [ SQL语句 ] : SHOW COLUMNS FROM `getcontents`

[ 2014-05-12T22:07:02+08:00 ] 127.0.0.1 /flash/
INFO: [ app_begin ] --START--
INFO: ReadHtmlCache Behavior ::run [ RunTime:0.000704s ]
INFO: [ app_begin ] --END-- [ RunTime:0.000798s ]
SQL: SHOW COLUMNS FROM `getcontents` [ RunTime:0.002735s ]
ERR: 1146:Table 'flash.getcontents' doesn't exist
 [ SQL语句 ] : SHOW COLUMNS FROM `getcontents`

[ 2014-05-12T22:07:02+08:00 ] 127.0.0.1 /flash/
INFO: [ app_begin ] --START--
INFO: ReadHtmlCache Behavior ::run [ RunTime:0.000755s ]
INFO: [ app_begin ] --END-- [ RunTime:0.000857s ]
SQL: SHOW COLUMNS FROM `getcontents` [ RunTime:0.002128s ]
ERR: 1146:Table 'flash.getcontents' doesn't exist
 [ SQL语句 ] : SHOW COLUMNS FROM `getcontents`

[ 2014-05-12T22:07:03+08:00 ] 127.0.0.1 /flash/
INFO: [ app_begin ] --START--
INFO: ReadHtmlCache Behavior ::run [ RunTime:0.000860s ]
INFO: [ app_begin ] --END-- [ RunTime:0.000982s ]
SQL: SHOW COLUMNS FROM `getcontents` [ RunTime:0.004097s ]
ERR: 1146:Table 'flash.getcontents' doesn't exist
 [ SQL语句 ] : SHOW COLUMNS FROM `getcontents`

[ 2014-05-12T22:07:03+08:00 ] 127.0.0.1 /flash/
INFO: [ app_begin ] --START--
INFO: ReadHtmlCache Behavior ::run [ RunTime:0.000339s ]
INFO: [ app_begin ] --END-- [ RunTime:0.000385s ]
SQL: SHOW COLUMNS FROM `getcontents` [ RunTime:0.002191s ]
ERR: 1146:Table 'flash.getcontents' doesn't exist
 [ SQL语句 ] : SHOW COLUMNS FROM `getcontents`

[ 2014-05-12T22:07:03+08:00 ] 127.0.0.1 /flash/
INFO: [ app_begin ] --START--
INFO: ReadHtmlCache Behavior ::run [ RunTime:0.000687s ]
INFO: [ app_begin ] --END-- [ RunTime:0.000776s ]
SQL: SHOW COLUMNS FROM `getcontents` [ RunTime:0.002794s ]
ERR: 1146:Table 'flash.getcontents' doesn't exist
 [ SQL语句 ] : SHOW COLUMNS FROM `getcontents`

[ 2014-05-12T22:07:03+08:00 ] 127.0.0.1 /flash/
INFO: [ app_begin ] --START--
INFO: ReadHtmlCache Behavior ::run [ RunTime:0.000992s ]
INFO: [ app_begin ] --END-- [ RunTime:0.001097s ]
SQL: SHOW COLUMNS FROM `getcontents` [ RunTime:0.002374s ]
ERR: 1146:Table 'flash.getcontents' doesn't exist
 [ SQL语句 ] : SHOW COLUMNS FROM `getcontents`

[ 2014-05-12T22:07:03+08:00 ] 127.0.0.1 /flash/
INFO: [ app_begin ] --START--
INFO: ReadHtmlCache Behavior ::run [ RunTime:0.000574s ]
INFO: [ app_begin ] --END-- [ RunTime:0.000648s ]
SQL: SHOW COLUMNS FROM `getcontents` [ RunTime:0.003972s ]
ERR: 1146:Table 'flash.getcontents' doesn't exist
 [ SQL语句 ] : SHOW COLUMNS FROM `getcontents`

[ 2014-05-12T22:07:04+08:00 ] 127.0.0.1 /flash/
INFO: [ app_begin ] --START--
INFO: ReadHtmlCache Behavior ::run [ RunTime:0.000337s ]
INFO: [ app_begin ] --END-- [ RunTime:0.000379s ]
SQL: SHOW COLUMNS FROM `getcontents` [ RunTime:0.002044s ]
ERR: 1146:Table 'flash.getcontents' doesn't exist
 [ SQL语句 ] : SHOW COLUMNS FROM `getcontents`

[ 2014-05-12T22:07:04+08:00 ] 127.0.0.1 /flash/
INFO: [ app_begin ] --START--
INFO: ReadHtmlCache Behavior ::run [ RunTime:0.000567s ]
INFO: [ app_begin ] --END-- [ RunTime:0.000632s ]
SQL: SHOW COLUMNS FROM `getcontents` [ RunTime:0.002763s ]
ERR: 1146:Table 'flash.getcontents' doesn't exist
 [ SQL语句 ] : SHOW COLUMNS FROM `getcontents`

[ 2014-05-12T22:07:22+08:00 ] 127.0.0.1 /flash/
INFO: [ app_begin ] --START--
INFO: ReadHtmlCache Behavior ::run [ RunTime:0.000333s ]
INFO: [ app_begin ] --END-- [ RunTime:0.000378s ]
SQL: SHOW COLUMNS FROM `getcontents_model` [ RunTime:0.002078s ]
ERR: 1146:Table 'flash.getcontents_model' doesn't exist
 [ SQL语句 ] : SHOW COLUMNS FROM `getcontents_model`

[ 2014-05-12T22:08:41+08:00 ] 127.0.0.1 /flash/
INFO: [ app_begin ] --START--
INFO: ReadHtmlCache Behavior ::run [ RunTime:0.000676s ]
INFO: [ app_begin ] --END-- [ RunTime:0.000769s ]
SQL: SHOW COLUMNS FROM `blog_user` [ RunTime:0.017928s ]
ERR: 1146:Table 'flash.blog_user' doesn't exist
 [ SQL语句 ] : SHOW COLUMNS FROM `blog_user`

[ 2014-05-12T22:08:42+08:00 ] 127.0.0.1 /flash/
INFO: [ app_begin ] --START--
INFO: ReadHtmlCache Behavior ::run [ RunTime:0.000619s ]
INFO: [ app_begin ] --END-- [ RunTime:0.000709s ]
SQL: SHOW COLUMNS FROM `blog_user` [ RunTime:0.003238s ]
ERR: 1146:Table 'flash.blog_user' doesn't exist
 [ SQL语句 ] : SHOW COLUMNS FROM `blog_user`

[ 2014-05-12T22:09:00+08:00 ] 127.0.0.1 /flash/
INFO: [ app_begin ] --START--
INFO: ReadHtmlCache Behavior ::run [ RunTime:0.000857s ]
INFO: [ app_begin ] --END-- [ RunTime:0.000961s ]
SQL: SHOW COLUMNS FROM `blog_users` [ RunTime:0.036813s ]
INFO: [ view_parse ] --START--
INFO: ParseTemplate Behavior ::run [ RunTime:0.009761s ]
INFO: [ view_parse ] --END-- [ RunTime:0.009817s ]
INFO: [ view_filter ] --START--
INFO: ContentReplace Behavior ::run [ RunTime:0.000383s ]
INFO: TokenBuild Behavior ::run [ RunTime:0.000331s ]
INFO: WriteHtmlCache Behavior ::run [ RunTime:0.000263s ]
INFO: ShowRuntime Behavior ::run [ RunTime:0.000413s ]
INFO: [ view_filter ] --END-- [ RunTime:0.001501s ]
INFO: [ view_end ] --START--
INFO: ShowPageTrace Behavior ::run [ RunTime:0.000521s ]
INFO: [ view_end ] --END-- [ RunTime:0.000556s ]

[ 2014-05-12T22:09:36+08:00 ] 127.0.0.1 /flash/
INFO: [ app_begin ] --START--
INFO: ReadHtmlCache Behavior ::run [ RunTime:0.000469s ]
INFO: [ app_begin ] --END-- [ RunTime:0.000520s ]
SQL: SHOW COLUMNS FROM `blog_users` [ RunTime:0.002576s ]
ERR: Model:getVideoArr您所请求的方法不存在！

[ 2014-05-12T22:10:13+08:00 ] 127.0.0.1 /flash/
INFO: [ app_begin ] --START--
INFO: ReadHtmlCache Behavior ::run [ RunTime:0.000777s ]
INFO: [ app_begin ] --END-- [ RunTime:0.000858s ]
SQL: SHOW COLUMNS FROM `blog_users` [ RunTime:0.004033s ]
ERR: Model:getVideoArr您所请求的方法不存在！

[ 2014-05-12T22:10:14+08:00 ] 127.0.0.1 /flash/
INFO: [ app_begin ] --START--
INFO: ReadHtmlCache Behavior ::run [ RunTime:0.000692s ]
INFO: [ app_begin ] --END-- [ RunTime:0.000794s ]
SQL: SHOW COLUMNS FROM `blog_users` [ RunTime:0.003892s ]
ERR: Model:getVideoArr您所请求的方法不存在！

[ 2014-05-12T22:10:14+08:00 ] 127.0.0.1 /flash/
INFO: [ app_begin ] --START--
INFO: ReadHtmlCache Behavior ::run [ RunTime:0.000877s ]
INFO: [ app_begin ] --END-- [ RunTime:0.000988s ]
SQL: SHOW COLUMNS FROM `blog_users` [ RunTime:0.003388s ]
ERR: Model:getVideoArr您所请求的方法不存在！

[ 2014-05-12T22:10:15+08:00 ] 127.0.0.1 /flash/
INFO: [ app_begin ] --START--
INFO: ReadHtmlCache Behavior ::run [ RunTime:0.000426s ]
INFO: [ app_begin ] --END-- [ RunTime:0.000479s ]
SQL: SHOW COLUMNS FROM `blog_users` [ RunTime:0.002499s ]
ERR: Model:getVideoArr您所请求的方法不存在！

[ 2014-05-12T22:10:15+08:00 ] 127.0.0.1 /flash/
INFO: [ app_begin ] --START--
INFO: ReadHtmlCache Behavior ::run [ RunTime:0.000922s ]
INFO: [ app_begin ] --END-- [ RunTime:0.001035s ]
SQL: SHOW COLUMNS FROM `blog_users` [ RunTime:0.003575s ]
ERR: Model:getVideoArr您所请求的方法不存在！

[ 2014-05-12T22:10:15+08:00 ] 127.0.0.1 /flash/
INFO: [ app_begin ] --START--
INFO: ReadHtmlCache Behavior ::run [ RunTime:0.000599s ]
INFO: [ app_begin ] --END-- [ RunTime:0.000676s ]
SQL: SHOW COLUMNS FROM `blog_users` [ RunTime:0.005058s ]
ERR: Model:getVideoArr您所请求的方法不存在！

[ 2014-05-12T22:10:16+08:00 ] 127.0.0.1 /flash/
INFO: [ app_begin ] --START--
INFO: ReadHtmlCache Behavior ::run [ RunTime:0.001283s ]
INFO: [ app_begin ] --END-- [ RunTime:0.001413s ]
SQL: SHOW COLUMNS FROM `blog_users` [ RunTime:0.005045s ]
ERR: Model:getVideoArr您所请求的方法不存在！

[ 2014-05-12T22:10:16+08:00 ] 127.0.0.1 /flash/
INFO: [ app_begin ] --START--
INFO: ReadHtmlCache Behavior ::run [ RunTime:0.000824s ]
INFO: [ app_begin ] --END-- [ RunTime:0.000928s ]
SQL: SHOW COLUMNS FROM `blog_users` [ RunTime:0.002881s ]
ERR: Model:getVideoArr您所请求的方法不存在！

[ 2014-05-12T22:10:16+08:00 ] 127.0.0.1 /flash/
INFO: [ app_begin ] --START--
INFO: ReadHtmlCache Behavior ::run [ RunTime:0.000418s ]
INFO: [ app_begin ] --END-- [ RunTime:0.000468s ]
SQL: SHOW COLUMNS FROM `blog_users` [ RunTime:0.002514s ]
ERR: Model:getVideoArr您所请求的方法不存在！

[ 2014-05-12T22:10:16+08:00 ] 127.0.0.1 /flash/
INFO: [ app_begin ] --START--
INFO: ReadHtmlCache Behavior ::run [ RunTime:0.001440s ]
INFO: [ app_begin ] --END-- [ RunTime:0.001560s ]
SQL: SHOW COLUMNS FROM `blog_users` [ RunTime:0.003063s ]
ERR: Model:getVideoArr您所请求的方法不存在！

[ 2014-05-12T22:10:16+08:00 ] 127.0.0.1 /flash/
INFO: [ app_begin ] --START--
INFO: ReadHtmlCache Behavior ::run [ RunTime:0.000631s ]
INFO: [ app_begin ] --END-- [ RunTime:0.000717s ]
SQL: SHOW COLUMNS FROM `blog_users` [ RunTime:0.004771s ]
ERR: Model:getVideoArr您所请求的方法不存在！

[ 2014-05-12T22:10:16+08:00 ] 127.0.0.1 /flash/
INFO: [ app_begin ] --START--
INFO: ReadHtmlCache Behavior ::run [ RunTime:0.000340s ]
INFO: [ app_begin ] --END-- [ RunTime:0.000386s ]
SQL: SHOW COLUMNS FROM `blog_users` [ RunTime:0.003176s ]
ERR: Model:getVideoArr您所请求的方法不存在！

[ 2014-05-12T22:10:40+08:00 ] 127.0.0.1 /flash/
INFO: [ app_begin ] --START--
INFO: ReadHtmlCache Behavior ::run [ RunTime:0.000875s ]
INFO: [ app_begin ] --END-- [ RunTime:0.001002s ]
SQL: SHOW COLUMNS FROM `blog_users` [ RunTime:0.002783s ]
ERR: Model:getVideoArr您所请求的方法不存在！

[ 2014-05-12T22:10:40+08:00 ] 127.0.0.1 /flash/
INFO: [ app_begin ] --START--
INFO: ReadHtmlCache Behavior ::run [ RunTime:0.000685s ]
INFO: [ app_begin ] --END-- [ RunTime:0.000771s ]
SQL: SHOW COLUMNS FROM `blog_users` [ RunTime:0.004614s ]
ERR: Model:getVideoArr您所请求的方法不存在！

[ 2014-05-12T22:10:41+08:00 ] 127.0.0.1 /flash/
INFO: [ app_begin ] --START--
INFO: ReadHtmlCache Behavior ::run [ RunTime:0.001395s ]
INFO: [ app_begin ] --END-- [ RunTime:0.001529s ]
SQL: SHOW COLUMNS FROM `blog_users` [ RunTime:0.003472s ]
ERR: Model:getVideoArr您所请求的方法不存在！

[ 2014-05-12T22:10:41+08:00 ] 127.0.0.1 /flash/
INFO: [ app_begin ] --START--
INFO: ReadHtmlCache Behavior ::run [ RunTime:0.000340s ]
INFO: [ app_begin ] --END-- [ RunTime:0.000385s ]
SQL: SHOW COLUMNS FROM `blog_users` [ RunTime:0.002910s ]
ERR: Model:getVideoArr您所请求的方法不存在！

[ 2014-05-12T22:10:41+08:00 ] 127.0.0.1 /flash/
INFO: [ app_begin ] --START--
INFO: ReadHtmlCache Behavior ::run [ RunTime:0.000822s ]
INFO: [ app_begin ] --END-- [ RunTime:0.000917s ]
SQL: SHOW COLUMNS FROM `blog_users` [ RunTime:0.004488s ]
ERR: Model:getVideoArr您所请求的方法不存在！

[ 2014-05-12T22:10:41+08:00 ] 127.0.0.1 /flash/
INFO: [ app_begin ] --START--
INFO: ReadHtmlCache Behavior ::run [ RunTime:0.000416s ]
INFO: [ app_begin ] --END-- [ RunTime:0.000464s ]
SQL: SHOW COLUMNS FROM `blog_users` [ RunTime:0.003062s ]
ERR: Model:getVideoArr您所请求的方法不存在！

[ 2014-05-12T22:10:41+08:00 ] 127.0.0.1 /flash/
INFO: [ app_begin ] --START--
INFO: ReadHtmlCache Behavior ::run [ RunTime:0.000470s ]
INFO: [ app_begin ] --END-- [ RunTime:0.000532s ]
SQL: SHOW COLUMNS FROM `blog_users` [ RunTime:0.003287s ]
ERR: Model:getVideoArr您所请求的方法不存在！

[ 2014-05-12T22:10:42+08:00 ] 127.0.0.1 /flash/
INFO: [ app_begin ] --START--
INFO: ReadHtmlCache Behavior ::run [ RunTime:0.001039s ]
INFO: [ app_begin ] --END-- [ RunTime:0.001172s ]
SQL: SHOW COLUMNS FROM `blog_users` [ RunTime:0.004939s ]
ERR: Model:getVideoArr您所请求的方法不存在！

[ 2014-05-12T22:10:42+08:00 ] 127.0.0.1 /flash/
INFO: [ app_begin ] --START--
INFO: ReadHtmlCache Behavior ::run [ RunTime:0.001178s ]
INFO: [ app_begin ] --END-- [ RunTime:0.001298s ]
SQL: SHOW COLUMNS FROM `blog_users` [ RunTime:0.005017s ]
ERR: Model:getVideoArr您所请求的方法不存在！

[ 2014-05-12T22:11:10+08:00 ] 127.0.0.1 /flash/
INFO: [ app_begin ] --START--
INFO: ReadHtmlCache Behavior ::run [ RunTime:0.000571s ]
INFO: [ app_begin ] --END-- [ RunTime:0.000653s ]
SQL: SHOW COLUMNS FROM `blog_users` [ RunTime:0.003345s ]
ERR: Model:getVideoArr您所请求的方法不存在！

[ 2014-05-12T22:11:11+08:00 ] 127.0.0.1 /flash/
INFO: [ app_begin ] --START--
INFO: ReadHtmlCache Behavior ::run [ RunTime:0.000584s ]
INFO: [ app_begin ] --END-- [ RunTime:0.000665s ]
SQL: SHOW COLUMNS FROM `blog_users` [ RunTime:0.003901s ]
ERR: Model:getVideoArr您所请求的方法不存在！

[ 2014-05-12T22:11:11+08:00 ] 127.0.0.1 /flash/
INFO: [ app_begin ] --START--
INFO: ReadHtmlCache Behavior ::run [ RunTime:0.000426s ]
INFO: [ app_begin ] --END-- [ RunTime:0.000485s ]
SQL: SHOW COLUMNS FROM `blog_users` [ RunTime:0.003252s ]
ERR: Model:getVideoArr您所请求的方法不存在！

[ 2014-05-12T22:11:12+08:00 ] 127.0.0.1 /flash/
INFO: [ app_begin ] --START--
INFO: ReadHtmlCache Behavior ::run [ RunTime:0.000429s ]
INFO: [ app_begin ] --END-- [ RunTime:0.000490s ]
SQL: SHOW COLUMNS FROM `blog_users` [ RunTime:0.002628s ]
ERR: Model:getVideoArr您所请求的方法不存在！

[ 2014-05-12T22:11:12+08:00 ] 127.0.0.1 /flash/
INFO: [ app_begin ] --START--
INFO: ReadHtmlCache Behavior ::run [ RunTime:0.000933s ]
INFO: [ app_begin ] --END-- [ RunTime:0.001053s ]
SQL: SHOW COLUMNS FROM `blog_users` [ RunTime:0.003337s ]
ERR: Model:getVideoArr您所请求的方法不存在！

[ 2014-05-12T22:11:12+08:00 ] 127.0.0.1 /flash/
INFO: [ app_begin ] --START--
INFO: ReadHtmlCache Behavior ::run [ RunTime:0.000352s ]
INFO: [ app_begin ] --END-- [ RunTime:0.000401s ]
SQL: SHOW COLUMNS FROM `blog_users` [ RunTime:0.002903s ]
ERR: Model:getVideoArr您所请求的方法不存在！

[ 2014-05-12T22:11:12+08:00 ] 127.0.0.1 /flash/
INFO: [ app_begin ] --START--
INFO: ReadHtmlCache Behavior ::run [ RunTime:0.001382s ]
INFO: [ app_begin ] --END-- [ RunTime:0.001534s ]
SQL: SHOW COLUMNS FROM `blog_users` [ RunTime:0.003222s ]
ERR: Model:getVideoArr您所请求的方法不存在！

[ 2014-05-12T22:11:12+08:00 ] 127.0.0.1 /flash/
INFO: [ app_begin ] --START--
INFO: ReadHtmlCache Behavior ::run [ RunTime:0.000504s ]
INFO: [ app_begin ] --END-- [ RunTime:0.000577s ]
SQL: SHOW COLUMNS FROM `blog_users` [ RunTime:0.002957s ]
ERR: Model:getVideoArr您所请求的方法不存在！

[ 2014-05-12T22:11:13+08:00 ] 127.0.0.1 /flash/
INFO: [ app_begin ] --START--
INFO: ReadHtmlCache Behavior ::run [ RunTime:0.000468s ]
INFO: [ app_begin ] --END-- [ RunTime:0.000515s ]
SQL: SHOW COLUMNS FROM `blog_users` [ RunTime:0.002607s ]
ERR: Model:getVideoArr您所请求的方法不存在！

[ 2014-05-12T22:11:13+08:00 ] 127.0.0.1 /flash/
INFO: [ app_begin ] --START--
INFO: ReadHtmlCache Behavior ::run [ RunTime:0.000540s ]
INFO: [ app_begin ] --END-- [ RunTime:0.000610s ]
SQL: SHOW COLUMNS FROM `blog_users` [ RunTime:0.004204s ]
ERR: Model:getVideoArr您所请求的方法不存在！

[ 2014-05-12T22:12:03+08:00 ] 127.0.0.1 /flash/
INFO: [ app_begin ] --START--
INFO: ReadHtmlCache Behavior ::run [ RunTime:0.001691s ]
INFO: [ app_begin ] --END-- [ RunTime:0.001795s ]
SQL: SHOW COLUMNS FROM `blog_users` [ RunTime:0.002420s ]
ERR: Model:getVideoArr您所请求的方法不存在！

[ 2014-05-12T22:12:03+08:00 ] 127.0.0.1 /flash/
INFO: [ app_begin ] --START--
INFO: ReadHtmlCache Behavior ::run [ RunTime:0.000360s ]
INFO: [ app_begin ] --END-- [ RunTime:0.000414s ]
SQL: SHOW COLUMNS FROM `blog_users` [ RunTime:0.002351s ]
ERR: Model:getVideoArr您所请求的方法不存在！

[ 2014-05-12T22:12:03+08:00 ] 127.0.0.1 /flash/
INFO: [ app_begin ] --START--
INFO: ReadHtmlCache Behavior ::run [ RunTime:0.001678s ]
INFO: [ app_begin ] --END-- [ RunTime:0.001800s ]
SQL: SHOW COLUMNS FROM `blog_users` [ RunTime:0.003198s ]
ERR: Model:getVideoArr您所请求的方法不存在！

[ 2014-05-12T22:12:04+08:00 ] 127.0.0.1 /flash/
INFO: [ app_begin ] --START--
INFO: ReadHtmlCache Behavior ::run [ RunTime:0.000402s ]
INFO: [ app_begin ] --END-- [ RunTime:0.000458s ]
SQL: SHOW COLUMNS FROM `blog_users` [ RunTime:0.002336s ]
ERR: Model:getVideoArr您所请求的方法不存在！

[ 2014-05-12T22:12:04+08:00 ] 127.0.0.1 /flash/
INFO: [ app_begin ] --START--
INFO: ReadHtmlCache Behavior ::run [ RunTime:0.000368s ]
INFO: [ app_begin ] --END-- [ RunTime:0.000418s ]
SQL: SHOW COLUMNS FROM `blog_users` [ RunTime:0.002496s ]
ERR: Model:getVideoArr您所请求的方法不存在！

[ 2014-05-12T22:12:04+08:00 ] 127.0.0.1 /flash/
INFO: [ app_begin ] --START--
INFO: ReadHtmlCache Behavior ::run [ RunTime:0.000908s ]
INFO: [ app_begin ] --END-- [ RunTime:0.001023s ]
SQL: SHOW COLUMNS FROM `blog_users` [ RunTime:0.003453s ]
ERR: Model:getVideoArr您所请求的方法不存在！

[ 2014-05-12T22:12:04+08:00 ] 127.0.0.1 /flash/
INFO: [ app_begin ] --START--
INFO: ReadHtmlCache Behavior ::run [ RunTime:0.000415s ]
INFO: [ app_begin ] --END-- [ RunTime:0.000461s ]
SQL: SHOW COLUMNS FROM `blog_users` [ RunTime:0.003137s ]
ERR: Model:getVideoArr您所请求的方法不存在！

[ 2014-05-12T22:12:04+08:00 ] 127.0.0.1 /flash/
INFO: [ app_begin ] --START--
INFO: ReadHtmlCache Behavior ::run [ RunTime:0.000809s ]
INFO: [ app_begin ] --END-- [ RunTime:0.000892s ]
SQL: SHOW COLUMNS FROM `blog_users` [ RunTime:0.005261s ]
ERR: Model:getVideoArr您所请求的方法不存在！

[ 2014-05-12T22:12:04+08:00 ] 127.0.0.1 /flash/
INFO: [ app_begin ] --START--
INFO: ReadHtmlCache Behavior ::run [ RunTime:0.000538s ]
INFO: [ app_begin ] --END-- [ RunTime:0.000609s ]
SQL: SHOW COLUMNS FROM `blog_users` [ RunTime:0.003868s ]
ERR: Model:getVideoArr您所请求的方法不存在！

[ 2014-05-12T22:12:05+08:00 ] 127.0.0.1 /flash/
INFO: [ app_begin ] --START--
INFO: ReadHtmlCache Behavior ::run [ RunTime:0.000358s ]
INFO: [ app_begin ] --END-- [ RunTime:0.000415s ]
SQL: SHOW COLUMNS FROM `blog_users` [ RunTime:0.002822s ]
ERR: Model:getVideoArr您所请求的方法不存在！

[ 2014-05-12T22:12:05+08:00 ] 127.0.0.1 /flash/
INFO: [ app_begin ] --START--
INFO: ReadHtmlCache Behavior ::run [ RunTime:0.001098s ]
INFO: [ app_begin ] --END-- [ RunTime:0.001238s ]
SQL: SHOW COLUMNS FROM `blog_users` [ RunTime:0.004269s ]
ERR: Model:getVideoArr您所请求的方法不存在！

[ 2014-05-12T22:12:05+08:00 ] 127.0.0.1 /flash/
INFO: [ app_begin ] --START--
INFO: ReadHtmlCache Behavior ::run [ RunTime:0.000944s ]
INFO: [ app_begin ] --END-- [ RunTime:0.001052s ]
SQL: SHOW COLUMNS FROM `blog_users` [ RunTime:0.005239s ]
ERR: Model:getVideoArr您所请求的方法不存在！

[ 2014-05-12T22:12:05+08:00 ] 127.0.0.1 /flash/
INFO: [ app_begin ] --START--
INFO: ReadHtmlCache Behavior ::run [ RunTime:0.000805s ]
INFO: [ app_begin ] --END-- [ RunTime:0.000885s ]
SQL: SHOW COLUMNS FROM `blog_users` [ RunTime:0.003297s ]
ERR: Model:getVideoArr您所请求的方法不存在！

[ 2014-05-12T22:12:05+08:00 ] 127.0.0.1 /flash/
INFO: [ app_begin ] --START--
INFO: ReadHtmlCache Behavior ::run [ RunTime:0.000602s ]
INFO: [ app_begin ] --END-- [ RunTime:0.000699s ]
SQL: SHOW COLUMNS FROM `blog_users` [ RunTime:0.040633s ]
ERR: Model:getVideoArr您所请求的方法不存在！

[ 2014-05-12T22:13:12+08:00 ] 127.0.0.1 /flash/
INFO: [ app_begin ] --START--
INFO: ReadHtmlCache Behavior ::run [ RunTime:0.000742s ]
INFO: [ app_begin ] --END-- [ RunTime:0.000841s ]
SQL: SHOW COLUMNS FROM `blog_users` [ RunTime:0.002450s ]
ERR: Model:getVideoArr您所请求的方法不存在！

[ 2014-05-12T22:13:13+08:00 ] 127.0.0.1 /flash/
INFO: [ app_begin ] --START--
INFO: ReadHtmlCache Behavior ::run [ RunTime:0.001997s ]
INFO: [ app_begin ] --END-- [ RunTime:0.002208s ]
SQL: SHOW COLUMNS FROM `blog_users` [ RunTime:0.005618s ]
ERR: Model:getVideoArr您所请求的方法不存在！

[ 2014-05-12T22:13:13+08:00 ] 127.0.0.1 /flash/
INFO: [ app_begin ] --START--
INFO: ReadHtmlCache Behavior ::run [ RunTime:0.000646s ]
INFO: [ app_begin ] --END-- [ RunTime:0.000723s ]
SQL: SHOW COLUMNS FROM `blog_users` [ RunTime:0.002592s ]
ERR: Model:getVideoArr您所请求的方法不存在！

[ 2014-05-12T22:13:13+08:00 ] 127.0.0.1 /flash/
INFO: [ app_begin ] --START--
INFO: ReadHtmlCache Behavior ::run [ RunTime:0.001179s ]
INFO: [ app_begin ] --END-- [ RunTime:0.001319s ]
SQL: SHOW COLUMNS FROM `blog_users` [ RunTime:0.004391s ]
ERR: Model:getVideoArr您所请求的方法不存在！

[ 2014-05-12T22:13:13+08:00 ] 127.0.0.1 /flash/
INFO: [ app_begin ] --START--
INFO: ReadHtmlCache Behavior ::run [ RunTime:0.000858s ]
INFO: [ app_begin ] --END-- [ RunTime:0.000966s ]
SQL: SHOW COLUMNS FROM `blog_users` [ RunTime:0.003383s ]
ERR: Model:getVideoArr您所请求的方法不存在！

[ 2014-05-12T22:13:22+08:00 ] 127.0.0.1 /flash/
INFO: [ app_begin ] --START--
INFO: ReadHtmlCache Behavior ::run [ RunTime:0.000604s ]
INFO: [ app_begin ] --END-- [ RunTime:0.000680s ]
SQL: SHOW COLUMNS FROM `blog_users` [ RunTime:0.004092s ]
ERR: Model:getVideoArr您所请求的方法不存在！

[ 2014-05-12T22:13:22+08:00 ] 127.0.0.1 /flash/
INFO: [ app_begin ] --START--
INFO: ReadHtmlCache Behavior ::run [ RunTime:0.000986s ]
INFO: [ app_begin ] --END-- [ RunTime:0.001101s ]
SQL: SHOW COLUMNS FROM `blog_users` [ RunTime:0.003172s ]
ERR: Model:getVideoArr您所请求的方法不存在！

[ 2014-05-12T22:13:23+08:00 ] 127.0.0.1 /flash/
INFO: [ app_begin ] --START--
INFO: ReadHtmlCache Behavior ::run [ RunTime:0.000967s ]
INFO: [ app_begin ] --END-- [ RunTime:0.001090s ]
SQL: SHOW COLUMNS FROM `blog_users` [ RunTime:0.002983s ]
ERR: Model:getVideoArr您所请求的方法不存在！

[ 2014-05-12T22:13:23+08:00 ] 127.0.0.1 /flash/
INFO: [ app_begin ] --START--
INFO: ReadHtmlCache Behavior ::run [ RunTime:0.000567s ]
INFO: [ app_begin ] --END-- [ RunTime:0.000634s ]
SQL: SHOW COLUMNS FROM `blog_users` [ RunTime:0.003279s ]
ERR: Model:getVideoArr您所请求的方法不存在！

[ 2014-05-12T22:13:29+08:00 ] 127.0.0.1 /flash/
INFO: [ app_begin ] --START--
INFO: ReadHtmlCache Behavior ::run [ RunTime:0.000668s ]
INFO: [ app_begin ] --END-- [ RunTime:0.000745s ]
ERR: Model:getVideoArr您所请求的方法不存在！

[ 2014-05-12T22:13:29+08:00 ] 127.0.0.1 /flash/
INFO: [ app_begin ] --START--
INFO: ReadHtmlCache Behavior ::run [ RunTime:0.000637s ]
INFO: [ app_begin ] --END-- [ RunTime:0.000723s ]
ERR: Model:getVideoArr您所请求的方法不存在！

[ 2014-05-12T22:13:30+08:00 ] 127.0.0.1 /flash/
INFO: [ app_begin ] --START--
INFO: ReadHtmlCache Behavior ::run [ RunTime:0.000420s ]
INFO: [ app_begin ] --END-- [ RunTime:0.000469s ]
ERR: Model:getVideoArr您所请求的方法不存在！

[ 2014-05-12T22:13:30+08:00 ] 127.0.0.1 /flash/
INFO: [ app_begin ] --START--
INFO: ReadHtmlCache Behavior ::run [ RunTime:0.000827s ]
INFO: [ app_begin ] --END-- [ RunTime:0.000931s ]
ERR: Model:getVideoArr您所请求的方法不存在！

[ 2014-05-12T22:13:30+08:00 ] 127.0.0.1 /flash/
INFO: [ app_begin ] --START--
INFO: ReadHtmlCache Behavior ::run [ RunTime:0.000658s ]
INFO: [ app_begin ] --END-- [ RunTime:0.000749s ]
ERR: Model:getVideoArr您所请求的方法不存在！

[ 2014-05-12T22:13:30+08:00 ] 127.0.0.1 /flash/
INFO: [ app_begin ] --START--
INFO: ReadHtmlCache Behavior ::run [ RunTime:0.000635s ]
INFO: [ app_begin ] --END-- [ RunTime:0.000707s ]
ERR: Model:getVideoArr您所请求的方法不存在！

[ 2014-05-12T22:14:04+08:00 ] 127.0.0.1 /flash/
INFO: [ app_begin ] --START--
INFO: ReadHtmlCache Behavior ::run [ RunTime:0.000514s ]
INFO: [ app_begin ] --END-- [ RunTime:0.000580s ]
ERR: Model:getVideoArr您所请求的方法不存在！

[ 2014-05-12T22:14:04+08:00 ] 127.0.0.1 /flash/
INFO: [ app_begin ] --START--
INFO: ReadHtmlCache Behavior ::run [ RunTime:0.000541s ]
INFO: [ app_begin ] --END-- [ RunTime:0.000612s ]
ERR: Model:getVideoArr您所请求的方法不存在！

[ 2014-05-12T22:14:05+08:00 ] 127.0.0.1 /flash/
INFO: [ app_begin ] --START--
INFO: ReadHtmlCache Behavior ::run [ RunTime:0.000607s ]
INFO: [ app_begin ] --END-- [ RunTime:0.000689s ]
ERR: Model:getVideoArr您所请求的方法不存在！

[ 2014-05-12T22:14:05+08:00 ] 127.0.0.1 /flash/
INFO: [ app_begin ] --START--
INFO: ReadHtmlCache Behavior ::run [ RunTime:0.000569s ]
INFO: [ app_begin ] --END-- [ RunTime:0.000642s ]
ERR: Model:getVideoArr您所请求的方法不存在！

[ 2014-05-12T22:14:05+08:00 ] 127.0.0.1 /flash/
INFO: [ app_begin ] --START--
INFO: ReadHtmlCache Behavior ::run [ RunTime:0.000376s ]
INFO: [ app_begin ] --END-- [ RunTime:0.000479s ]
ERR: Model:getVideoArr您所请求的方法不存在！

[ 2014-05-12T22:14:05+08:00 ] 127.0.0.1 /flash/
INFO: [ app_begin ] --START--
INFO: ReadHtmlCache Behavior ::run [ RunTime:0.000420s ]
INFO: [ app_begin ] --END-- [ RunTime:0.000469s ]
ERR: Model:getVideoArr您所请求的方法不存在！

[ 2014-05-12T22:14:05+08:00 ] 127.0.0.1 /flash/
INFO: [ app_begin ] --START--
INFO: ReadHtmlCache Behavior ::run [ RunTime:0.000571s ]
INFO: [ app_begin ] --END-- [ RunTime:0.000622s ]
ERR: Model:getVideoArr您所请求的方法不存在！

[ 2014-05-12T22:14:06+08:00 ] 127.0.0.1 /flash/
INFO: [ app_begin ] --START--
INFO: ReadHtmlCache Behavior ::run [ RunTime:0.001794s ]
INFO: [ app_begin ] --END-- [ RunTime:0.001875s ]
ERR: Model:getVideoArr您所请求的方法不存在！

[ 2014-05-12T22:14:06+08:00 ] 127.0.0.1 /flash/
INFO: [ app_begin ] --START--
INFO: ReadHtmlCache Behavior ::run [ RunTime:0.001001s ]
INFO: [ app_begin ] --END-- [ RunTime:0.001112s ]
ERR: Model:getVideoArr您所请求的方法不存在！

[ 2014-05-12T22:14:06+08:00 ] 127.0.0.1 /flash/
INFO: [ app_begin ] --START--
INFO: ReadHtmlCache Behavior ::run [ RunTime:0.000529s ]
INFO: [ app_begin ] --END-- [ RunTime:0.000605s ]
ERR: Model:getVideoArr您所请求的方法不存在！

[ 2014-05-12T22:15:52+08:00 ] 127.0.0.1 /flash/
INFO: [ app_begin ] --START--
INFO: ReadHtmlCache Behavior ::run [ RunTime:0.000499s ]
INFO: [ app_begin ] --END-- [ RunTime:0.000571s ]
SQL: SHOW COLUMNS FROM `get_contents` [ RunTime:0.003042s ]
ERR: 1146:Table 'flash.get_contents' doesn't exist
 [ SQL语句 ] : SHOW COLUMNS FROM `get_contents`

[ 2014-05-12T22:15:54+08:00 ] 127.0.0.1 /flash/
INFO: [ app_begin ] --START--
INFO: ReadHtmlCache Behavior ::run [ RunTime:0.000877s ]
INFO: [ app_begin ] --END-- [ RunTime:0.000996s ]
SQL: SHOW COLUMNS FROM `get_contents` [ RunTime:0.002616s ]
ERR: 1146:Table 'flash.get_contents' doesn't exist
 [ SQL语句 ] : SHOW COLUMNS FROM `get_contents`

[ 2014-05-12T22:15:54+08:00 ] 127.0.0.1 /flash/
INFO: [ app_begin ] --START--
INFO: ReadHtmlCache Behavior ::run [ RunTime:0.000737s ]
INFO: [ app_begin ] --END-- [ RunTime:0.000814s ]
SQL: SHOW COLUMNS FROM `get_contents` [ RunTime:0.002662s ]
ERR: 1146:Table 'flash.get_contents' doesn't exist
 [ SQL语句 ] : SHOW COLUMNS FROM `get_contents`

[ 2014-05-12T22:15:54+08:00 ] 127.0.0.1 /flash/
INFO: [ app_begin ] --START--
INFO: ReadHtmlCache Behavior ::run [ RunTime:0.001008s ]
INFO: [ app_begin ] --END-- [ RunTime:0.001135s ]
SQL: SHOW COLUMNS FROM `get_contents` [ RunTime:0.005217s ]
ERR: 1146:Table 'flash.get_contents' doesn't exist
 [ SQL语句 ] : SHOW COLUMNS FROM `get_contents`

[ 2014-05-12T22:15:54+08:00 ] 127.0.0.1 /flash/
INFO: [ app_begin ] --START--
INFO: ReadHtmlCache Behavior ::run [ RunTime:0.000416s ]
INFO: [ app_begin ] --END-- [ RunTime:0.000465s ]
SQL: SHOW COLUMNS FROM `get_contents` [ RunTime:0.002385s ]
ERR: 1146:Table 'flash.get_contents' doesn't exist
 [ SQL语句 ] : SHOW COLUMNS FROM `get_contents`

[ 2014-05-12T22:16:25+08:00 ] 127.0.0.1 /flash/
INFO: [ app_begin ] --START--
INFO: ReadHtmlCache Behavior ::run [ RunTime:0.001042s ]
INFO: [ app_begin ] --END-- [ RunTime:0.001165s ]
SQL: SHOW COLUMNS FROM `get_contents` [ RunTime:0.003173s ]
ERR: 1146:Table 'flash.get_contents' doesn't exist
 [ SQL语句 ] : SHOW COLUMNS FROM `get_contents`

[ 2014-05-12T22:16:26+08:00 ] 127.0.0.1 /flash/
INFO: [ app_begin ] --START--
INFO: ReadHtmlCache Behavior ::run [ RunTime:0.000801s ]
INFO: [ app_begin ] --END-- [ RunTime:0.000903s ]
SQL: SHOW COLUMNS FROM `get_contents` [ RunTime:0.003059s ]
ERR: 1146:Table 'flash.get_contents' doesn't exist
 [ SQL语句 ] : SHOW COLUMNS FROM `get_contents`

[ 2014-05-12T22:16:26+08:00 ] 127.0.0.1 /flash/
INFO: [ app_begin ] --START--
INFO: ReadHtmlCache Behavior ::run [ RunTime:0.000657s ]
INFO: [ app_begin ] --END-- [ RunTime:0.000734s ]
SQL: SHOW COLUMNS FROM `get_contents` [ RunTime:0.006121s ]
ERR: 1146:Table 'flash.get_contents' doesn't exist
 [ SQL语句 ] : SHOW COLUMNS FROM `get_contents`

[ 2014-05-12T22:16:26+08:00 ] 127.0.0.1 /flash/
INFO: [ app_begin ] --START--
INFO: ReadHtmlCache Behavior ::run [ RunTime:0.000349s ]
INFO: [ app_begin ] --END-- [ RunTime:0.000393s ]
SQL: SHOW COLUMNS FROM `get_contents` [ RunTime:0.002236s ]
ERR: 1146:Table 'flash.get_contents' doesn't exist
 [ SQL语句 ] : SHOW COLUMNS FROM `get_contents`

[ 2014-05-12T22:16:26+08:00 ] 127.0.0.1 /flash/
INFO: [ app_begin ] --START--
INFO: ReadHtmlCache Behavior ::run [ RunTime:0.000528s ]
INFO: [ app_begin ] --END-- [ RunTime:0.000735s ]
SQL: SHOW COLUMNS FROM `get_contents` [ RunTime:0.003582s ]
ERR: 1146:Table 'flash.get_contents' doesn't exist
 [ SQL语句 ] : SHOW COLUMNS FROM `get_contents`

[ 2014-05-12T22:16:27+08:00 ] 127.0.0.1 /flash/
INFO: [ app_begin ] --START--
INFO: ReadHtmlCache Behavior ::run [ RunTime:0.000334s ]
INFO: [ app_begin ] --END-- [ RunTime:0.000380s ]
SQL: SHOW COLUMNS FROM `get_contents` [ RunTime:0.002219s ]
ERR: 1146:Table 'flash.get_contents' doesn't exist
 [ SQL语句 ] : SHOW COLUMNS FROM `get_contents`

[ 2014-05-12T22:16:37+08:00 ] 127.0.0.1 /flash/
INFO: [ app_begin ] --START--
INFO: ReadHtmlCache Behavior ::run [ RunTime:0.000663s ]
INFO: [ app_begin ] --END-- [ RunTime:0.000741s ]
SQL: SHOW COLUMNS FROM `get_contents` [ RunTime:0.002962s ]
ERR: 1146:Table 'flash.get_contents' doesn't exist
 [ SQL语句 ] : SHOW COLUMNS FROM `get_contents`

[ 2014-05-12T22:16:50+08:00 ] 127.0.0.1 /flash/
INFO: [ app_begin ] --START--
INFO: ReadHtmlCache Behavior ::run [ RunTime:0.000656s ]
INFO: [ app_begin ] --END-- [ RunTime:0.000720s ]
SQL: SHOW COLUMNS FROM `get_contents` [ RunTime:0.004097s ]
ERR: 1146:Table 'flash.get_contents' doesn't exist
 [ SQL语句 ] : SHOW COLUMNS FROM `get_contents`

[ 2014-05-12T22:16:50+08:00 ] 127.0.0.1 /flash/
INFO: [ app_begin ] --START--
INFO: ReadHtmlCache Behavior ::run [ RunTime:0.000855s ]
INFO: [ app_begin ] --END-- [ RunTime:0.000957s ]
SQL: SHOW COLUMNS FROM `get_contents` [ RunTime:0.002493s ]
ERR: 1146:Table 'flash.get_contents' doesn't exist
 [ SQL语句 ] : SHOW COLUMNS FROM `get_contents`

[ 2014-05-12T22:16:51+08:00 ] 127.0.0.1 /flash/
INFO: [ app_begin ] --START--
INFO: ReadHtmlCache Behavior ::run [ RunTime:0.000561s ]
INFO: [ app_begin ] --END-- [ RunTime:0.000631s ]
SQL: SHOW COLUMNS FROM `get_contents` [ RunTime:0.002006s ]
ERR: 1146:Table 'flash.get_contents' doesn't exist
 [ SQL语句 ] : SHOW COLUMNS FROM `get_contents`

[ 2014-05-12T22:16:51+08:00 ] 127.0.0.1 /flash/
INFO: [ app_begin ] --START--
INFO: ReadHtmlCache Behavior ::run [ RunTime:0.000574s ]
INFO: [ app_begin ] --END-- [ RunTime:0.000644s ]
SQL: SHOW COLUMNS FROM `get_contents` [ RunTime:0.002132s ]
ERR: 1146:Table 'flash.get_contents' doesn't exist
 [ SQL语句 ] : SHOW COLUMNS FROM `get_contents`

[ 2014-05-12T22:16:51+08:00 ] 127.0.0.1 /flash/
INFO: [ app_begin ] --START--
INFO: ReadHtmlCache Behavior ::run [ RunTime:0.000543s ]
INFO: [ app_begin ] --END-- [ RunTime:0.000615s ]
SQL: SHOW COLUMNS FROM `get_contents` [ RunTime:0.002493s ]
ERR: 1146:Table 'flash.get_contents' doesn't exist
 [ SQL语句 ] : SHOW COLUMNS FROM `get_contents`

[ 2014-05-12T22:16:55+08:00 ] 127.0.0.1 /flash/
INFO: [ app_begin ] --START--
INFO: ReadHtmlCache Behavior ::run [ RunTime:0.000435s ]
INFO: [ app_begin ] --END-- [ RunTime:0.000492s ]
SQL: SHOW COLUMNS FROM `get_contents` [ RunTime:0.003742s ]
ERR: 1146:Table 'flash.get_contents' doesn't exist
 [ SQL语句 ] : SHOW COLUMNS FROM `get_contents`

[ 2014-05-12T22:16:56+08:00 ] 127.0.0.1 /flash/
INFO: [ app_begin ] --START--
INFO: ReadHtmlCache Behavior ::run [ RunTime:0.002069s ]
INFO: [ app_begin ] --END-- [ RunTime:0.002174s ]
SQL: SHOW COLUMNS FROM `get_contents` [ RunTime:0.003874s ]
ERR: 1146:Table 'flash.get_contents' doesn't exist
 [ SQL语句 ] : SHOW COLUMNS FROM `get_contents`

[ 2014-05-12T22:19:40+08:00 ] 127.0.0.1 /flash/
INFO: [ app_begin ] --START--
INFO: ReadHtmlCache Behavior ::run [ RunTime:0.001083s ]
INFO: [ app_begin ] --END-- [ RunTime:0.001213s ]
SQL: SHOW COLUMNS FROM `get_contents` [ RunTime:0.002139s ]
ERR: 1146:Table 'flash.get_contents' doesn't exist
 [ SQL语句 ] : SHOW COLUMNS FROM `get_contents`

[ 2014-05-12T22:19:40+08:00 ] 127.0.0.1 /flash/
INFO: [ app_begin ] --START--
INFO: ReadHtmlCache Behavior ::run [ RunTime:0.000816s ]
INFO: [ app_begin ] --END-- [ RunTime:0.000921s ]
SQL: SHOW COLUMNS FROM `get_contents` [ RunTime:0.003595s ]
ERR: 1146:Table 'flash.get_contents' doesn't exist
 [ SQL语句 ] : SHOW COLUMNS FROM `get_contents`

[ 2014-05-12T22:19:40+08:00 ] 127.0.0.1 /flash/
INFO: [ app_begin ] --START--
INFO: ReadHtmlCache Behavior ::run [ RunTime:0.000906s ]
INFO: [ app_begin ] --END-- [ RunTime:0.001019s ]
SQL: SHOW COLUMNS FROM `get_contents` [ RunTime:0.002792s ]
ERR: 1146:Table 'flash.get_contents' doesn't exist
 [ SQL语句 ] : SHOW COLUMNS FROM `get_contents`

[ 2014-05-12T22:19:41+08:00 ] 127.0.0.1 /flash/
INFO: [ app_begin ] --START--
INFO: ReadHtmlCache Behavior ::run [ RunTime:0.001479s ]
INFO: [ app_begin ] --END-- [ RunTime:0.001657s ]
SQL: SHOW COLUMNS FROM `get_contents` [ RunTime:0.003110s ]
ERR: 1146:Table 'flash.get_contents' doesn't exist
 [ SQL语句 ] : SHOW COLUMNS FROM `get_contents`

[ 2014-05-12T22:19:41+08:00 ] 127.0.0.1 /flash/
INFO: [ app_begin ] --START--
INFO: ReadHtmlCache Behavior ::run [ RunTime:0.000475s ]
INFO: [ app_begin ] --END-- [ RunTime:0.000540s ]
SQL: SHOW COLUMNS FROM `get_contents` [ RunTime:0.004531s ]
ERR: 1146:Table 'flash.get_contents' doesn't exist
 [ SQL语句 ] : SHOW COLUMNS FROM `get_contents`

[ 2014-05-12T22:19:41+08:00 ] 127.0.0.1 /flash/
INFO: [ app_begin ] --START--
INFO: ReadHtmlCache Behavior ::run [ RunTime:0.000918s ]
INFO: [ app_begin ] --END-- [ RunTime:0.001040s ]
SQL: SHOW COLUMNS FROM `get_contents` [ RunTime:0.002652s ]
ERR: 1146:Table 'flash.get_contents' doesn't exist
 [ SQL语句 ] : SHOW COLUMNS FROM `get_contents`

[ 2014-05-12T22:19:41+08:00 ] 127.0.0.1 /flash/
INFO: [ app_begin ] --START--
INFO: ReadHtmlCache Behavior ::run [ RunTime:0.000403s ]
INFO: [ app_begin ] --END-- [ RunTime:0.000456s ]
SQL: SHOW COLUMNS FROM `get_contents` [ RunTime:0.002573s ]
ERR: 1146:Table 'flash.get_contents' doesn't exist
 [ SQL语句 ] : SHOW COLUMNS FROM `get_contents`

[ 2014-05-12T22:19:41+08:00 ] 127.0.0.1 /flash/
INFO: [ app_begin ] --START--
INFO: ReadHtmlCache Behavior ::run [ RunTime:0.000722s ]
INFO: [ app_begin ] --END-- [ RunTime:0.000818s ]
SQL: SHOW COLUMNS FROM `get_contents` [ RunTime:0.004076s ]
ERR: 1146:Table 'flash.get_contents' doesn't exist
 [ SQL语句 ] : SHOW COLUMNS FROM `get_contents`

[ 2014-05-12T22:19:41+08:00 ] 127.0.0.1 /flash/
INFO: [ app_begin ] --START--
INFO: ReadHtmlCache Behavior ::run [ RunTime:0.000348s ]
INFO: [ app_begin ] --END-- [ RunTime:0.000395s ]
SQL: SHOW COLUMNS FROM `get_contents` [ RunTime:0.001869s ]
ERR: 1146:Table 'flash.get_contents' doesn't exist
 [ SQL语句 ] : SHOW COLUMNS FROM `get_contents`

[ 2014-05-12T22:19:42+08:00 ] 127.0.0.1 /flash/
INFO: [ app_begin ] --START--
INFO: ReadHtmlCache Behavior ::run [ RunTime:0.000669s ]
INFO: [ app_begin ] --END-- [ RunTime:0.000763s ]
SQL: SHOW COLUMNS FROM `get_contents` [ RunTime:0.002586s ]
ERR: 1146:Table 'flash.get_contents' doesn't exist
 [ SQL语句 ] : SHOW COLUMNS FROM `get_contents`

[ 2014-05-12T22:19:42+08:00 ] 127.0.0.1 /flash/
INFO: [ app_begin ] --START--
INFO: ReadHtmlCache Behavior ::run [ RunTime:0.000373s ]
INFO: [ app_begin ] --END-- [ RunTime:0.000424s ]
SQL: SHOW COLUMNS FROM `get_contents` [ RunTime:0.002242s ]
ERR: 1146:Table 'flash.get_contents' doesn't exist
 [ SQL语句 ] : SHOW COLUMNS FROM `get_contents`

[ 2014-05-12T22:19:42+08:00 ] 127.0.0.1 /flash/
INFO: [ app_begin ] --START--
INFO: ReadHtmlCache Behavior ::run [ RunTime:0.000426s ]
INFO: [ app_begin ] --END-- [ RunTime:0.000471s ]
SQL: SHOW COLUMNS FROM `get_contents` [ RunTime:0.002870s ]
ERR: 1146:Table 'flash.get_contents' doesn't exist
 [ SQL语句 ] : SHOW COLUMNS FROM `get_contents`

[ 2014-05-12T22:19:42+08:00 ] 127.0.0.1 /flash/
INFO: [ app_begin ] --START--
INFO: ReadHtmlCache Behavior ::run [ RunTime:0.002095s ]
INFO: [ app_begin ] --END-- [ RunTime:0.002193s ]
SQL: SHOW COLUMNS FROM `get_contents` [ RunTime:0.003566s ]
ERR: 1146:Table 'flash.get_contents' doesn't exist
 [ SQL语句 ] : SHOW COLUMNS FROM `get_contents`

[ 2014-05-12T22:19:42+08:00 ] 127.0.0.1 /flash/
INFO: [ app_begin ] --START--
INFO: ReadHtmlCache Behavior ::run [ RunTime:0.000349s ]
INFO: [ app_begin ] --END-- [ RunTime:0.000399s ]
SQL: SHOW COLUMNS FROM `get_contents` [ RunTime:0.001999s ]
ERR: 1146:Table 'flash.get_contents' doesn't exist
 [ SQL语句 ] : SHOW COLUMNS FROM `get_contents`

[ 2014-05-12T22:19:42+08:00 ] 127.0.0.1 /flash/
INFO: [ app_begin ] --START--
INFO: ReadHtmlCache Behavior ::run [ RunTime:0.000661s ]
INFO: [ app_begin ] --END-- [ RunTime:0.000743s ]
SQL: SHOW COLUMNS FROM `get_contents` [ RunTime:0.004508s ]
ERR: 1146:Table 'flash.get_contents' doesn't exist
 [ SQL语句 ] : SHOW COLUMNS FROM `get_contents`

[ 2014-05-12T22:19:43+08:00 ] 127.0.0.1 /flash/
INFO: [ app_begin ] --START--
INFO: ReadHtmlCache Behavior ::run [ RunTime:0.000896s ]
INFO: [ app_begin ] --END-- [ RunTime:0.000999s ]
SQL: SHOW COLUMNS FROM `get_contents` [ RunTime:0.002132s ]
ERR: 1146:Table 'flash.get_contents' doesn't exist
 [ SQL语句 ] : SHOW COLUMNS FROM `get_contents`

[ 2014-05-12T22:19:43+08:00 ] 127.0.0.1 /flash/
INFO: [ app_begin ] --START--
INFO: ReadHtmlCache Behavior ::run [ RunTime:0.000401s ]
INFO: [ app_begin ] --END-- [ RunTime:0.000448s ]
SQL: SHOW COLUMNS FROM `get_contents` [ RunTime:0.002143s ]
ERR: 1146:Table 'flash.get_contents' doesn't exist
 [ SQL语句 ] : SHOW COLUMNS FROM `get_contents`

[ 2014-05-12T22:19:43+08:00 ] 127.0.0.1 /flash/
INFO: [ app_begin ] --START--
INFO: ReadHtmlCache Behavior ::run [ RunTime:0.000792s ]
INFO: [ app_begin ] --END-- [ RunTime:0.000892s ]
SQL: SHOW COLUMNS FROM `get_contents` [ RunTime:0.002135s ]
ERR: 1146:Table 'flash.get_contents' doesn't exist
 [ SQL语句 ] : SHOW COLUMNS FROM `get_contents`

[ 2014-05-12T22:19:43+08:00 ] 127.0.0.1 /flash/
INFO: [ app_begin ] --START--
INFO: ReadHtmlCache Behavior ::run [ RunTime:0.001201s ]
INFO: [ app_begin ] --END-- [ RunTime:0.001357s ]
SQL: SHOW COLUMNS FROM `get_contents` [ RunTime:0.002683s ]
ERR: 1146:Table 'flash.get_contents' doesn't exist
 [ SQL语句 ] : SHOW COLUMNS FROM `get_contents`

[ 2014-05-12T22:19:43+08:00 ] 127.0.0.1 /flash/
INFO: [ app_begin ] --START--
INFO: ReadHtmlCache Behavior ::run [ RunTime:0.000345s ]
INFO: [ app_begin ] --END-- [ RunTime:0.000393s ]
SQL: SHOW COLUMNS FROM `get_contents` [ RunTime:0.002548s ]
ERR: 1146:Table 'flash.get_contents' doesn't exist
 [ SQL语句 ] : SHOW COLUMNS FROM `get_contents`

[ 2014-05-12T22:19:44+08:00 ] 127.0.0.1 /flash/
INFO: [ app_begin ] --START--
INFO: ReadHtmlCache Behavior ::run [ RunTime:0.000566s ]
INFO: [ app_begin ] --END-- [ RunTime:0.000641s ]
SQL: SHOW COLUMNS FROM `get_contents` [ RunTime:0.003774s ]
ERR: 1146:Table 'flash.get_contents' doesn't exist
 [ SQL语句 ] : SHOW COLUMNS FROM `get_contents`

[ 2014-05-12T22:19:44+08:00 ] 127.0.0.1 /flash/
INFO: [ app_begin ] --START--
INFO: ReadHtmlCache Behavior ::run [ RunTime:0.000436s ]
INFO: [ app_begin ] --END-- [ RunTime:0.000494s ]
SQL: SHOW COLUMNS FROM `get_contents` [ RunTime:0.002083s ]
ERR: 1146:Table 'flash.get_contents' doesn't exist
 [ SQL语句 ] : SHOW COLUMNS FROM `get_contents`

[ 2014-05-12T22:19:44+08:00 ] 127.0.0.1 /flash/
INFO: [ app_begin ] --START--
INFO: ReadHtmlCache Behavior ::run [ RunTime:0.001379s ]
INFO: [ app_begin ] --END-- [ RunTime:0.001646s ]
SQL: SHOW COLUMNS FROM `get_contents` [ RunTime:0.002912s ]
ERR: 1146:Table 'flash.get_contents' doesn't exist
 [ SQL语句 ] : SHOW COLUMNS FROM `get_contents`

[ 2014-05-12T22:19:45+08:00 ] 127.0.0.1 /flash/
INFO: [ app_begin ] --START--
INFO: ReadHtmlCache Behavior ::run [ RunTime:0.000826s ]
INFO: [ app_begin ] --END-- [ RunTime:0.000947s ]
SQL: SHOW COLUMNS FROM `get_contents` [ RunTime:0.003304s ]
ERR: 1146:Table 'flash.get_contents' doesn't exist
 [ SQL语句 ] : SHOW COLUMNS FROM `get_contents`

[ 2014-05-12T22:19:45+08:00 ] 127.0.0.1 /flash/
INFO: [ app_begin ] --START--
INFO: ReadHtmlCache Behavior ::run [ RunTime:0.000929s ]
INFO: [ app_begin ] --END-- [ RunTime:0.001009s ]
SQL: SHOW COLUMNS FROM `get_contents` [ RunTime:0.003747s ]
ERR: 1146:Table 'flash.get_contents' doesn't exist
 [ SQL语句 ] : SHOW COLUMNS FROM `get_contents`

[ 2014-05-12T22:19:45+08:00 ] 127.0.0.1 /flash/
INFO: [ app_begin ] --START--
INFO: ReadHtmlCache Behavior ::run [ RunTime:0.001299s ]
INFO: [ app_begin ] --END-- [ RunTime:0.001458s ]
SQL: SHOW COLUMNS FROM `get_contents` [ RunTime:0.002924s ]
ERR: 1146:Table 'flash.get_contents' doesn't exist
 [ SQL语句 ] : SHOW COLUMNS FROM `get_contents`

[ 2014-05-12T22:19:45+08:00 ] 127.0.0.1 /flash/
INFO: [ app_begin ] --START--
INFO: ReadHtmlCache Behavior ::run [ RunTime:0.000623s ]
INFO: [ app_begin ] --END-- [ RunTime:0.000724s ]
SQL: SHOW COLUMNS FROM `get_contents` [ RunTime:0.002102s ]
ERR: 1146:Table 'flash.get_contents' doesn't exist
 [ SQL语句 ] : SHOW COLUMNS FROM `get_contents`

[ 2014-05-12T22:19:56+08:00 ] 127.0.0.1 /flash/
INFO: [ app_begin ] --START--
INFO: ReadHtmlCache Behavior ::run [ RunTime:0.000521s ]
INFO: [ app_begin ] --END-- [ RunTime:0.000589s ]
SQL: SHOW COLUMNS FROM `get_contents` [ RunTime:0.002042s ]
ERR: 1146:Table 'flash.get_contents' doesn't exist
 [ SQL语句 ] : SHOW COLUMNS FROM `get_contents`

[ 2014-05-12T22:20:06+08:00 ] 127.0.0.1 /flash/
INFO: [ app_begin ] --START--
INFO: ReadHtmlCache Behavior ::run [ RunTime:0.000674s ]
INFO: [ app_begin ] --END-- [ RunTime:0.000760s ]
SQL: SHOW COLUMNS FROM `get_contents` [ RunTime:0.003833s ]
ERR: 1146:Table 'flash.get_contents' doesn't exist
 [ SQL语句 ] : SHOW COLUMNS FROM `get_contents`

[ 2014-05-12T22:20:26+08:00 ] 127.0.0.1 /flash/
INFO: [ app_begin ] --START--
INFO: ReadHtmlCache Behavior ::run [ RunTime:0.001102s ]
INFO: [ app_begin ] --END-- [ RunTime:0.001227s ]
SQL: SHOW COLUMNS FROM `get_contents` [ RunTime:0.002019s ]
ERR: 1146:Table 'flash.get_contents' doesn't exist
 [ SQL语句 ] : SHOW COLUMNS FROM `get_contents`

[ 2014-05-12T22:20:26+08:00 ] 127.0.0.1 /flash/
INFO: [ app_begin ] --START--
INFO: ReadHtmlCache Behavior ::run [ RunTime:0.000675s ]
INFO: [ app_begin ] --END-- [ RunTime:0.001022s ]
SQL: SHOW COLUMNS FROM `get_contents` [ RunTime:0.003351s ]
ERR: 1146:Table 'flash.get_contents' doesn't exist
 [ SQL语句 ] : SHOW COLUMNS FROM `get_contents`

[ 2014-05-12T22:20:26+08:00 ] 127.0.0.1 /flash/
INFO: [ app_begin ] --START--
INFO: ReadHtmlCache Behavior ::run [ RunTime:0.000412s ]
INFO: [ app_begin ] --END-- [ RunTime:0.000460s ]
SQL: SHOW COLUMNS FROM `get_contents` [ RunTime:0.002008s ]
ERR: 1146:Table 'flash.get_contents' doesn't exist
 [ SQL语句 ] : SHOW COLUMNS FROM `get_contents`

[ 2014-05-12T22:20:27+08:00 ] 127.0.0.1 /flash/
INFO: [ app_begin ] --START--
INFO: ReadHtmlCache Behavior ::run [ RunTime:0.000575s ]
INFO: [ app_begin ] --END-- [ RunTime:0.000669s ]
SQL: SHOW COLUMNS FROM `get_contents` [ RunTime:0.003865s ]
ERR: 1146:Table 'flash.get_contents' doesn't exist
 [ SQL语句 ] : SHOW COLUMNS FROM `get_contents`

[ 2014-05-12T22:20:27+08:00 ] 127.0.0.1 /flash/
INFO: [ app_begin ] --START--
INFO: ReadHtmlCache Behavior ::run [ RunTime:0.000415s ]
INFO: [ app_begin ] --END-- [ RunTime:0.000465s ]
SQL: SHOW COLUMNS FROM `get_contents` [ RunTime:0.002060s ]
ERR: 1146:Table 'flash.get_contents' doesn't exist
 [ SQL语句 ] : SHOW COLUMNS FROM `get_contents`

[ 2014-05-12T22:20:27+08:00 ] 127.0.0.1 /flash/
INFO: [ app_begin ] --START--
INFO: ReadHtmlCache Behavior ::run [ RunTime:0.001223s ]
INFO: [ app_begin ] --END-- [ RunTime:0.001332s ]
SQL: SHOW COLUMNS FROM `get_contents` [ RunTime:0.002243s ]
ERR: 1146:Table 'flash.get_contents' doesn't exist
 [ SQL语句 ] : SHOW COLUMNS FROM `get_contents`

[ 2014-05-12T22:20:27+08:00 ] 127.0.0.1 /flash/
INFO: [ app_begin ] --START--
INFO: ReadHtmlCache Behavior ::run [ RunTime:0.000715s ]
INFO: [ app_begin ] --END-- [ RunTime:0.000809s ]
SQL: SHOW COLUMNS FROM `get_contents` [ RunTime:0.002822s ]
ERR: 1146:Table 'flash.get_contents' doesn't exist
 [ SQL语句 ] : SHOW COLUMNS FROM `get_contents`

[ 2014-05-12T22:21:00+08:00 ] 127.0.0.1 /flash/
INFO: [ app_begin ] --START--
INFO: ReadHtmlCache Behavior ::run [ RunTime:0.000501s ]
INFO: [ app_begin ] --END-- [ RunTime:0.000572s ]
SQL: SHOW COLUMNS FROM `get_contents` [ RunTime:0.003429s ]
ERR: 1146:Table 'flash.get_contents' doesn't exist
 [ SQL语句 ] : SHOW COLUMNS FROM `get_contents`

[ 2014-05-12T22:21:51+08:00 ] 127.0.0.1 /flash/
INFO: [ app_begin ] --START--
INFO: ReadHtmlCache Behavior ::run [ RunTime:0.000717s ]
INFO: [ app_begin ] --END-- [ RunTime:0.000800s ]
SQL: SHOW COLUMNS FROM `get_contents` [ RunTime:0.004902s ]
ERR: 1146:Table 'flash.get_contents' doesn't exist
 [ SQL语句 ] : SHOW COLUMNS FROM `get_contents`

[ 2014-05-12T22:21:56+08:00 ] 127.0.0.1 /flash/
INFO: [ app_begin ] --START--
INFO: ReadHtmlCache Behavior ::run [ RunTime:0.000779s ]
INFO: [ app_begin ] --END-- [ RunTime:0.000871s ]
SQL: SHOW COLUMNS FROM `get_contents` [ RunTime:0.002052s ]
ERR: 1146:Table 'flash.get_contents' doesn't exist
 [ SQL语句 ] : SHOW COLUMNS FROM `get_contents`

[ 2014-05-12T22:21:57+08:00 ] 127.0.0.1 /flash/
INFO: [ app_begin ] --START--
INFO: ReadHtmlCache Behavior ::run [ RunTime:0.001254s ]
INFO: [ app_begin ] --END-- [ RunTime:0.001340s ]
SQL: SHOW COLUMNS FROM `get_contents` [ RunTime:0.003503s ]
ERR: 1146:Table 'flash.get_contents' doesn't exist
 [ SQL语句 ] : SHOW COLUMNS FROM `get_contents`

[ 2014-05-12T22:22:33+08:00 ] 127.0.0.1 /flash/
INFO: [ app_begin ] --START--
INFO: ReadHtmlCache Behavior ::run [ RunTime:0.000596s ]
INFO: [ app_begin ] --END-- [ RunTime:0.000692s ]
SQL: SHOW COLUMNS FROM `get_contents` [ RunTime:0.002777s ]
ERR: 1146:Table 'flash.get_contents' doesn't exist
 [ SQL语句 ] : SHOW COLUMNS FROM `get_contents`

[ 2014-05-12T22:24:04+08:00 ] 127.0.0.1 /flash/
INFO: [ app_begin ] --START--
INFO: ReadHtmlCache Behavior ::run [ RunTime:0.000911s ]
INFO: [ app_begin ] --END-- [ RunTime:0.001012s ]
SQL: SHOW COLUMNS FROM `get_contents` [ RunTime:0.001802s ]
ERR: 1146:Table 'flash.get_contents' doesn't exist
 [ SQL语句 ] : SHOW COLUMNS FROM `get_contents`

[ 2014-05-12T22:24:04+08:00 ] 127.0.0.1 /flash/
INFO: [ app_begin ] --START--
INFO: ReadHtmlCache Behavior ::run [ RunTime:0.000690s ]
INFO: [ app_begin ] --END-- [ RunTime:0.000798s ]
SQL: SHOW COLUMNS FROM `get_contents` [ RunTime:0.004386s ]
ERR: 1146:Table 'flash.get_contents' doesn't exist
 [ SQL语句 ] : SHOW COLUMNS FROM `get_contents`

[ 2014-05-12T22:24:04+08:00 ] 127.0.0.1 /flash/
INFO: [ app_begin ] --START--
INFO: ReadHtmlCache Behavior ::run [ RunTime:0.000689s ]
INFO: [ app_begin ] --END-- [ RunTime:0.000767s ]
SQL: SHOW COLUMNS FROM `get_contents` [ RunTime:0.002886s ]
ERR: 1146:Table 'flash.get_contents' doesn't exist
 [ SQL语句 ] : SHOW COLUMNS FROM `get_contents`

[ 2014-05-12T22:24:05+08:00 ] 127.0.0.1 /flash/
INFO: [ app_begin ] --START--
INFO: ReadHtmlCache Behavior ::run [ RunTime:0.000396s ]
INFO: [ app_begin ] --END-- [ RunTime:0.000448s ]
SQL: SHOW COLUMNS FROM `get_contents` [ RunTime:0.001786s ]
ERR: 1146:Table 'flash.get_contents' doesn't exist
 [ SQL语句 ] : SHOW COLUMNS FROM `get_contents`

[ 2014-05-12T22:24:05+08:00 ] 127.0.0.1 /flash/
INFO: [ app_begin ] --START--
INFO: ReadHtmlCache Behavior ::run [ RunTime:0.000523s ]
INFO: [ app_begin ] --END-- [ RunTime:0.000600s ]
SQL: SHOW COLUMNS FROM `get_contents` [ RunTime:0.001970s ]
ERR: 1146:Table 'flash.get_contents' doesn't exist
 [ SQL语句 ] : SHOW COLUMNS FROM `get_contents`

[ 2014-05-12T22:24:05+08:00 ] 127.0.0.1 /flash/
INFO: [ app_begin ] --START--
INFO: ReadHtmlCache Behavior ::run [ RunTime:0.000458s ]
INFO: [ app_begin ] --END-- [ RunTime:0.000530s ]
SQL: SHOW COLUMNS FROM `get_contents` [ RunTime:0.001809s ]
ERR: 1146:Table 'flash.get_contents' doesn't exist
 [ SQL语句 ] : SHOW COLUMNS FROM `get_contents`

[ 2014-05-12T22:24:05+08:00 ] 127.0.0.1 /flash/
INFO: [ app_begin ] --START--
INFO: ReadHtmlCache Behavior ::run [ RunTime:0.000510s ]
INFO: [ app_begin ] --END-- [ RunTime:0.000604s ]
SQL: SHOW COLUMNS FROM `get_contents` [ RunTime:0.003421s ]
ERR: 1146:Table 'flash.get_contents' doesn't exist
 [ SQL语句 ] : SHOW COLUMNS FROM `get_contents`

[ 2014-05-12T22:24:59+08:00 ] 127.0.0.1 /flash/
INFO: [ app_begin ] --START--
INFO: ReadHtmlCache Behavior ::run [ RunTime:0.000592s ]
INFO: [ app_begin ] --END-- [ RunTime:0.000677s ]
SQL: SHOW COLUMNS FROM `get_contents` [ RunTime:0.003718s ]
ERR: 1146:Table 'flash.get_contents' doesn't exist
 [ SQL语句 ] : SHOW COLUMNS FROM `get_contents`

[ 2014-05-12T22:26:19+08:00 ] 127.0.0.1 /flash/
INFO: [ app_begin ] --START--
INFO: ReadHtmlCache Behavior ::run [ RunTime:0.000556s ]
INFO: [ app_begin ] --END-- [ RunTime:0.000618s ]
SQL: SHOW COLUMNS FROM `get_contents` [ RunTime:0.002300s ]
ERR: 1146:Table 'flash.get_contents' doesn't exist
 [ SQL语句 ] : SHOW COLUMNS FROM `get_contents`

[ 2014-05-12T22:26:20+08:00 ] 127.0.0.1 /flash/
INFO: [ app_begin ] --START--
INFO: ReadHtmlCache Behavior ::run [ RunTime:0.001647s ]
INFO: [ app_begin ] --END-- [ RunTime:0.001999s ]
SQL: SHOW COLUMNS FROM `get_contents` [ RunTime:0.002225s ]
ERR: 1146:Table 'flash.get_contents' doesn't exist
 [ SQL语句 ] : SHOW COLUMNS FROM `get_contents`

[ 2014-05-12T22:26:20+08:00 ] 127.0.0.1 /flash/
INFO: [ app_begin ] --START--
INFO: ReadHtmlCache Behavior ::run [ RunTime:0.000480s ]
INFO: [ app_begin ] --END-- [ RunTime:0.000548s ]
SQL: SHOW COLUMNS FROM `get_contents` [ RunTime:0.002029s ]
ERR: 1146:Table 'flash.get_contents' doesn't exist
 [ SQL语句 ] : SHOW COLUMNS FROM `get_contents`

[ 2014-05-12T22:26:20+08:00 ] 127.0.0.1 /flash/
INFO: [ app_begin ] --START--
INFO: ReadHtmlCache Behavior ::run [ RunTime:0.000410s ]
INFO: [ app_begin ] --END-- [ RunTime:0.000471s ]
SQL: SHOW COLUMNS FROM `get_contents` [ RunTime:0.002487s ]
ERR: 1146:Table 'flash.get_contents' doesn't exist
 [ SQL语句 ] : SHOW COLUMNS FROM `get_contents`

[ 2014-05-12T22:26:20+08:00 ] 127.0.0.1 /flash/
INFO: [ app_begin ] --START--
INFO: ReadHtmlCache Behavior ::run [ RunTime:0.000419s ]
INFO: [ app_begin ] --END-- [ RunTime:0.000477s ]
SQL: SHOW COLUMNS FROM `get_contents` [ RunTime:0.002382s ]
ERR: 1146:Table 'flash.get_contents' doesn't exist
 [ SQL语句 ] : SHOW COLUMNS FROM `get_contents`

[ 2014-05-12T22:26:20+08:00 ] 127.0.0.1 /flash/
INFO: [ app_begin ] --START--
INFO: ReadHtmlCache Behavior ::run [ RunTime:0.001169s ]
INFO: [ app_begin ] --END-- [ RunTime:0.001314s ]
SQL: SHOW COLUMNS FROM `get_contents` [ RunTime:0.002357s ]
ERR: 1146:Table 'flash.get_contents' doesn't exist
 [ SQL语句 ] : SHOW COLUMNS FROM `get_contents`

[ 2014-05-12T22:26:21+08:00 ] 127.0.0.1 /flash/
INFO: [ app_begin ] --START--
INFO: ReadHtmlCache Behavior ::run [ RunTime:0.001370s ]
INFO: [ app_begin ] --END-- [ RunTime:0.001486s ]
SQL: SHOW COLUMNS FROM `get_contents` [ RunTime:0.002550s ]
ERR: 1146:Table 'flash.get_contents' doesn't exist
 [ SQL语句 ] : SHOW COLUMNS FROM `get_contents`

[ 2014-05-12T22:26:21+08:00 ] 127.0.0.1 /flash/
INFO: [ app_begin ] --START--
INFO: ReadHtmlCache Behavior ::run [ RunTime:0.000523s ]
INFO: [ app_begin ] --END-- [ RunTime:0.000592s ]
SQL: SHOW COLUMNS FROM `get_contents` [ RunTime:0.003086s ]
ERR: 1146:Table 'flash.get_contents' doesn't exist
 [ SQL语句 ] : SHOW COLUMNS FROM `get_contents`

[ 2014-05-12T22:26:21+08:00 ] 127.0.0.1 /flash/
INFO: [ app_begin ] --START--
INFO: ReadHtmlCache Behavior ::run [ RunTime:0.000532s ]
INFO: [ app_begin ] --END-- [ RunTime:0.000622s ]
SQL: SHOW COLUMNS FROM `get_contents` [ RunTime:0.003234s ]
ERR: 1146:Table 'flash.get_contents' doesn't exist
 [ SQL语句 ] : SHOW COLUMNS FROM `get_contents`

[ 2014-05-12T22:26:21+08:00 ] 127.0.0.1 /flash/
INFO: [ app_begin ] --START--
INFO: ReadHtmlCache Behavior ::run [ RunTime:0.000718s ]
INFO: [ app_begin ] --END-- [ RunTime:0.000815s ]
SQL: SHOW COLUMNS FROM `get_contents` [ RunTime:0.003690s ]
ERR: 1146:Table 'flash.get_contents' doesn't exist
 [ SQL语句 ] : SHOW COLUMNS FROM `get_contents`

[ 2014-05-12T22:27:05+08:00 ] 127.0.0.1 /flash/
INFO: [ app_begin ] --START--
INFO: ReadHtmlCache Behavior ::run [ RunTime:0.000694s ]
INFO: [ app_begin ] --END-- [ RunTime:0.000785s ]
SQL: SHOW COLUMNS FROM `get_contents` [ RunTime:0.003301s ]
ERR: 1146:Table 'flash.get_contents' doesn't exist
 [ SQL语句 ] : SHOW COLUMNS FROM `get_contents`

[ 2014-05-12T22:27:06+08:00 ] 127.0.0.1 /flash/
INFO: [ app_begin ] --START--
INFO: ReadHtmlCache Behavior ::run [ RunTime:0.001941s ]
INFO: [ app_begin ] --END-- [ RunTime:0.002030s ]
SQL: SHOW COLUMNS FROM `get_contents` [ RunTime:0.002756s ]
ERR: 1146:Table 'flash.get_contents' doesn't exist
 [ SQL语句 ] : SHOW COLUMNS FROM `get_contents`

[ 2014-05-12T22:27:06+08:00 ] 127.0.0.1 /flash/
INFO: [ app_begin ] --START--
INFO: ReadHtmlCache Behavior ::run [ RunTime:0.000768s ]
INFO: [ app_begin ] --END-- [ RunTime:0.000852s ]
SQL: SHOW COLUMNS FROM `get_contents` [ RunTime:0.003398s ]
ERR: 1146:Table 'flash.get_contents' doesn't exist
 [ SQL语句 ] : SHOW COLUMNS FROM `get_contents`

[ 2014-05-12T22:27:06+08:00 ] 127.0.0.1 /flash/
INFO: [ app_begin ] --START--
INFO: ReadHtmlCache Behavior ::run [ RunTime:0.000863s ]
INFO: [ app_begin ] --END-- [ RunTime:0.000966s ]
SQL: SHOW COLUMNS FROM `get_contents` [ RunTime:0.002164s ]
ERR: 1146:Table 'flash.get_contents' doesn't exist
 [ SQL语句 ] : SHOW COLUMNS FROM `get_contents`

[ 2014-05-12T22:27:47+08:00 ] 127.0.0.1 /flash/
INFO: [ app_begin ] --START--
INFO: ReadHtmlCache Behavior ::run [ RunTime:0.000937s ]
INFO: [ app_begin ] --END-- [ RunTime:0.001054s ]
SQL: SHOW COLUMNS FROM `get_contents` [ RunTime:0.002070s ]
ERR: 1146:Table 'flash.get_contents' doesn't exist
 [ SQL语句 ] : SHOW COLUMNS FROM `get_contents`

[ 2014-05-12T22:29:28+08:00 ] 127.0.0.1 /flash/
INFO: [ app_begin ] --START--
INFO: ReadHtmlCache Behavior ::run [ RunTime:0.000788s ]
INFO: [ app_begin ] --END-- [ RunTime:0.000909s ]
SQL: SHOW COLUMNS FROM `get_contents` [ RunTime:0.002347s ]
ERR: 1146:Table 'flash.get_contents' doesn't exist
 [ SQL语句 ] : SHOW COLUMNS FROM `get_contents`

[ 2014-05-12T22:29:47+08:00 ] 127.0.0.1 /flash/
INFO: [ app_begin ] --START--
INFO: ReadHtmlCache Behavior ::run [ RunTime:0.000496s ]
INFO: [ app_begin ] --END-- [ RunTime:0.000566s ]
SQL: SHOW COLUMNS FROM `get_contents` [ RunTime:0.003209s ]
ERR: 1146:Table 'flash.get_contents' doesn't exist
 [ SQL语句 ] : SHOW COLUMNS FROM `get_contents`

[ 2014-05-12T22:30:45+08:00 ] 127.0.0.1 /flash/
INFO: [ app_begin ] --START--
INFO: ReadHtmlCache Behavior ::run [ RunTime:0.000785s ]
INFO: [ app_begin ] --END-- [ RunTime:0.000876s ]
SQL: SHOW COLUMNS FROM `get_contents` [ RunTime:0.003233s ]
ERR: 1146:Table 'flash.get_contents' doesn't exist
 [ SQL语句 ] : SHOW COLUMNS FROM `get_contents`

[ 2014-05-12T22:31:55+08:00 ] 127.0.0.1 /flash/
INFO: [ app_begin ] --START--
INFO: ReadHtmlCache Behavior ::run [ RunTime:0.000850s ]
INFO: [ app_begin ] --END-- [ RunTime:0.000950s ]
SQL: SHOW COLUMNS FROM `get_contents` [ RunTime:0.003362s ]
ERR: 1146:Table 'flash.get_contents' doesn't exist
 [ SQL语句 ] : SHOW COLUMNS FROM `get_contents`

[ 2014-05-12T22:33:12+08:00 ] 127.0.0.1 /flash/index.php
INFO: [ app_begin ] --START--
INFO: ReadHtmlCache Behavior ::run [ RunTime:0.000679s ]
INFO: [ app_begin ] --END-- [ RunTime:0.000765s ]
SQL: SHOW COLUMNS FROM `get_contents` [ RunTime:0.003320s ]
ERR: 1146:Table 'flash.get_contents' doesn't exist
 [ SQL语句 ] : SHOW COLUMNS FROM `get_contents`

[ 2014-05-12T22:33:47+08:00 ] 127.0.0.1 /flash/index.php
INFO: [ app_begin ] --START--
INFO: ReadHtmlCache Behavior ::run [ RunTime:0.000900s ]
INFO: [ app_begin ] --END-- [ RunTime:0.001008s ]
SQL: SHOW COLUMNS FROM `get_contents` [ RunTime:0.001952s ]
ERR: 1146:Table 'flash.get_contents' doesn't exist
 [ SQL语句 ] : SHOW COLUMNS FROM `get_contents`

[ 2014-05-12T22:33:49+08:00 ] 127.0.0.1 /flash/index.php
INFO: [ app_begin ] --START--
INFO: ReadHtmlCache Behavior ::run [ RunTime:0.000716s ]
INFO: [ app_begin ] --END-- [ RunTime:0.000808s ]
SQL: SHOW COLUMNS FROM `get_contents` [ RunTime:0.002994s ]
ERR: 1146:Table 'flash.get_contents' doesn't exist
 [ SQL语句 ] : SHOW COLUMNS FROM `get_contents`

[ 2014-05-12T22:33:49+08:00 ] 127.0.0.1 /flash/index.php
INFO: [ app_begin ] --START--
INFO: ReadHtmlCache Behavior ::run [ RunTime:0.001035s ]
INFO: [ app_begin ] --END-- [ RunTime:0.001173s ]
SQL: SHOW COLUMNS FROM `get_contents` [ RunTime:0.002018s ]
ERR: 1146:Table 'flash.get_contents' doesn't exist
 [ SQL语句 ] : SHOW COLUMNS FROM `get_contents`

[ 2014-05-12T22:33:49+08:00 ] 127.0.0.1 /flash/index.php
INFO: [ app_begin ] --START--
INFO: ReadHtmlCache Behavior ::run [ RunTime:0.000711s ]
INFO: [ app_begin ] --END-- [ RunTime:0.000805s ]
SQL: SHOW COLUMNS FROM `get_contents` [ RunTime:0.003377s ]
ERR: 1146:Table 'flash.get_contents' doesn't exist
 [ SQL语句 ] : SHOW COLUMNS FROM `get_contents`

[ 2014-05-12T22:33:49+08:00 ] 127.0.0.1 /flash/index.php
INFO: [ app_begin ] --START--
INFO: ReadHtmlCache Behavior ::run [ RunTime:0.001295s ]
INFO: [ app_begin ] --END-- [ RunTime:0.001448s ]
SQL: SHOW COLUMNS FROM `get_contents` [ RunTime:0.002301s ]
ERR: 1146:Table 'flash.get_contents' doesn't exist
 [ SQL语句 ] : SHOW COLUMNS FROM `get_contents`

[ 2014-05-12T22:33:50+08:00 ] 127.0.0.1 /flash/index.php
INFO: [ app_begin ] --START--
INFO: ReadHtmlCache Behavior ::run [ RunTime:0.000800s ]
INFO: [ app_begin ] --END-- [ RunTime:0.000910s ]
SQL: SHOW COLUMNS FROM `get_contents` [ RunTime:0.002228s ]
ERR: 1146:Table 'flash.get_contents' doesn't exist
 [ SQL语句 ] : SHOW COLUMNS FROM `get_contents`

[ 2014-05-12T22:33:50+08:00 ] 127.0.0.1 /flash/index.php
INFO: [ app_begin ] --START--
INFO: ReadHtmlCache Behavior ::run [ RunTime:0.000615s ]
INFO: [ app_begin ] --END-- [ RunTime:0.000702s ]
SQL: SHOW COLUMNS FROM `get_contents` [ RunTime:0.003358s ]
ERR: 1146:Table 'flash.get_contents' doesn't exist
 [ SQL语句 ] : SHOW COLUMNS FROM `get_contents`

[ 2014-05-12T22:33:50+08:00 ] 127.0.0.1 /flash/index.php
INFO: [ app_begin ] --START--
INFO: ReadHtmlCache Behavior ::run [ RunTime:0.000857s ]
INFO: [ app_begin ] --END-- [ RunTime:0.000979s ]
SQL: SHOW COLUMNS FROM `get_contents` [ RunTime:0.003199s ]
ERR: 1146:Table 'flash.get_contents' doesn't exist
 [ SQL语句 ] : SHOW COLUMNS FROM `get_contents`

[ 2014-05-12T22:33:56+08:00 ] 127.0.0.1 /flash/index.php
INFO: [ app_begin ] --START--
INFO: ReadHtmlCache Behavior ::run [ RunTime:0.000503s ]
INFO: [ app_begin ] --END-- [ RunTime:0.000564s ]
SQL: SHOW COLUMNS FROM `get_contents` [ RunTime:0.003149s ]
ERR: 1146:Table 'flash.get_contents' doesn't exist
 [ SQL语句 ] : SHOW COLUMNS FROM `get_contents`

[ 2014-05-12T22:35:30+08:00 ] 127.0.0.1 /flash/index.php
INFO: [ app_begin ] --START--
INFO: ReadHtmlCache Behavior ::run [ RunTime:0.001014s ]
INFO: [ app_begin ] --END-- [ RunTime:0.001140s ]
SQL: SHOW COLUMNS FROM `get_contents` [ RunTime:0.002305s ]
ERR: 1146:Table 'flash.get_contents' doesn't exist
 [ SQL语句 ] : SHOW COLUMNS FROM `get_contents`

[ 2014-05-12T22:36:12+08:00 ] 127.0.0.1 /flash/index.php
INFO: [ app_begin ] --START--
INFO: ReadHtmlCache Behavior ::run [ RunTime:0.000731s ]
INFO: [ app_begin ] --END-- [ RunTime:0.000818s ]
SQL: SHOW COLUMNS FROM `get_contents` [ RunTime:0.002997s ]
ERR: 1146:Table 'flash.get_contents' doesn't exist
 [ SQL语句 ] : SHOW COLUMNS FROM `get_contents`

[ 2014-05-12T22:36:13+08:00 ] 127.0.0.1 /flash/index.php
INFO: [ app_begin ] --START--
INFO: ReadHtmlCache Behavior ::run [ RunTime:0.001019s ]
INFO: [ app_begin ] --END-- [ RunTime:0.001142s ]
SQL: SHOW COLUMNS FROM `get_contents` [ RunTime:0.002451s ]
ERR: 1146:Table 'flash.get_contents' doesn't exist
 [ SQL语句 ] : SHOW COLUMNS FROM `get_contents`

[ 2014-05-12T22:36:13+08:00 ] 127.0.0.1 /flash/index.php
INFO: [ app_begin ] --START--
INFO: ReadHtmlCache Behavior ::run [ RunTime:0.000449s ]
INFO: [ app_begin ] --END-- [ RunTime:0.000508s ]
SQL: SHOW COLUMNS FROM `get_contents` [ RunTime:0.002213s ]
ERR: 1146:Table 'flash.get_contents' doesn't exist
 [ SQL语句 ] : SHOW COLUMNS FROM `get_contents`

[ 2014-05-12T22:36:13+08:00 ] 127.0.0.1 /flash/index.php
INFO: [ app_begin ] --START--
INFO: ReadHtmlCache Behavior ::run [ RunTime:0.001266s ]
INFO: [ app_begin ] --END-- [ RunTime:0.001428s ]
SQL: SHOW COLUMNS FROM `get_contents` [ RunTime:0.003794s ]
ERR: 1146:Table 'flash.get_contents' doesn't exist
 [ SQL语句 ] : SHOW COLUMNS FROM `get_contents`

[ 2014-05-12T22:36:13+08:00 ] 127.0.0.1 /flash/index.php
INFO: [ app_begin ] --START--
INFO: ReadHtmlCache Behavior ::run [ RunTime:0.000697s ]
INFO: [ app_begin ] --END-- [ RunTime:0.000790s ]
SQL: SHOW COLUMNS FROM `get_contents` [ RunTime:0.003401s ]
ERR: 1146:Table 'flash.get_contents' doesn't exist
 [ SQL语句 ] : SHOW COLUMNS FROM `get_contents`

[ 2014-05-12T22:36:13+08:00 ] 127.0.0.1 /flash/index.php
INFO: [ app_begin ] --START--
INFO: ReadHtmlCache Behavior ::run [ RunTime:0.000534s ]
INFO: [ app_begin ] --END-- [ RunTime:0.000593s ]
SQL: SHOW COLUMNS FROM `get_contents` [ RunTime:0.002668s ]
ERR: 1146:Table 'flash.get_contents' doesn't exist
 [ SQL语句 ] : SHOW COLUMNS FROM `get_contents`

[ 2014-05-12T22:36:14+08:00 ] 127.0.0.1 /flash/index.php
INFO: [ app_begin ] --START--
INFO: ReadHtmlCache Behavior ::run [ RunTime:0.000518s ]
INFO: [ app_begin ] --END-- [ RunTime:0.000581s ]
SQL: SHOW COLUMNS FROM `get_contents` [ RunTime:0.003074s ]
ERR: 1146:Table 'flash.get_contents' doesn't exist
 [ SQL语句 ] : SHOW COLUMNS FROM `get_contents`

[ 2014-05-12T22:36:14+08:00 ] 127.0.0.1 /flash/index.php
INFO: [ app_begin ] --START--
INFO: ReadHtmlCache Behavior ::run [ RunTime:0.000792s ]
INFO: [ app_begin ] --END-- [ RunTime:0.000888s ]
SQL: SHOW COLUMNS FROM `get_contents` [ RunTime:0.002911s ]
ERR: 1146:Table 'flash.get_contents' doesn't exist
 [ SQL语句 ] : SHOW COLUMNS FROM `get_contents`

[ 2014-05-12T22:36:44+08:00 ] 127.0.0.1 /flash/index.php
INFO: [ app_begin ] --START--
INFO: ReadHtmlCache Behavior ::run [ RunTime:0.001018s ]
INFO: [ app_begin ] --END-- [ RunTime:0.001226s ]
SQL: SHOW COLUMNS FROM `get_contents` [ RunTime:0.002194s ]
ERR: 1146:Table 'flash.get_contents' doesn't exist
 [ SQL语句 ] : SHOW COLUMNS FROM `get_contents`

[ 2014-05-12T22:36:45+08:00 ] 127.0.0.1 /flash/index.php
INFO: [ app_begin ] --START--
INFO: ReadHtmlCache Behavior ::run [ RunTime:0.001051s ]
INFO: [ app_begin ] --END-- [ RunTime:0.001185s ]
SQL: SHOW COLUMNS FROM `get_contents` [ RunTime:0.002312s ]
ERR: 1146:Table 'flash.get_contents' doesn't exist
 [ SQL语句 ] : SHOW COLUMNS FROM `get_contents`

[ 2014-05-12T22:36:45+08:00 ] 127.0.0.1 /flash/index.php
INFO: [ app_begin ] --START--
INFO: ReadHtmlCache Behavior ::run [ RunTime:0.000769s ]
INFO: [ app_begin ] --END-- [ RunTime:0.000912s ]
SQL: SHOW COLUMNS FROM `get_contents` [ RunTime:0.003820s ]
ERR: 1146:Table 'flash.get_contents' doesn't exist
 [ SQL语句 ] : SHOW COLUMNS FROM `get_contents`

[ 2014-05-12T22:36:45+08:00 ] 127.0.0.1 /flash/index.php
INFO: [ app_begin ] --START--
INFO: ReadHtmlCache Behavior ::run [ RunTime:0.000645s ]
INFO: [ app_begin ] --END-- [ RunTime:0.000736s ]
SQL: SHOW COLUMNS FROM `get_contents` [ RunTime:0.003618s ]
ERR: 1146:Table 'flash.get_contents' doesn't exist
 [ SQL语句 ] : SHOW COLUMNS FROM `get_contents`

[ 2014-05-12T22:36:45+08:00 ] 127.0.0.1 /flash/index.php
INFO: [ app_begin ] --START--
INFO: ReadHtmlCache Behavior ::run [ RunTime:0.000801s ]
INFO: [ app_begin ] --END-- [ RunTime:0.000906s ]
SQL: SHOW COLUMNS FROM `get_contents` [ RunTime:0.002299s ]
ERR: 1146:Table 'flash.get_contents' doesn't exist
 [ SQL语句 ] : SHOW COLUMNS FROM `get_contents`

[ 2014-05-12T22:36:45+08:00 ] 127.0.0.1 /flash/index.php
INFO: [ app_begin ] --START--
INFO: ReadHtmlCache Behavior ::run [ RunTime:0.000906s ]
INFO: [ app_begin ] --END-- [ RunTime:0.001012s ]
SQL: SHOW COLUMNS FROM `get_contents` [ RunTime:0.002604s ]
ERR: 1146:Table 'flash.get_contents' doesn't exist
 [ SQL语句 ] : SHOW COLUMNS FROM `get_contents`

[ 2014-05-12T22:36:58+08:00 ] 127.0.0.1 /flash/index.php
INFO: [ app_begin ] --START--
INFO: ReadHtmlCache Behavior ::run [ RunTime:0.000622s ]
INFO: [ app_begin ] --END-- [ RunTime:0.000705s ]
SQL: SHOW COLUMNS FROM `get_contents` [ RunTime:0.004179s ]
ERR: 1146:Table 'flash.get_contents' doesn't exist
 [ SQL语句 ] : SHOW COLUMNS FROM `get_contents`

[ 2014-05-12T22:36:59+08:00 ] 127.0.0.1 /flash/index.php
INFO: [ app_begin ] --START--
INFO: ReadHtmlCache Behavior ::run [ RunTime:0.000700s ]
INFO: [ app_begin ] --END-- [ RunTime:0.000794s ]
SQL: SHOW COLUMNS FROM `get_contents` [ RunTime:0.003700s ]
ERR: 1146:Table 'flash.get_contents' doesn't exist
 [ SQL语句 ] : SHOW COLUMNS FROM `get_contents`

[ 2014-05-12T22:36:59+08:00 ] 127.0.0.1 /flash/index.php
INFO: [ app_begin ] --START--
INFO: ReadHtmlCache Behavior ::run [ RunTime:0.000570s ]
INFO: [ app_begin ] --END-- [ RunTime:0.000646s ]
SQL: SHOW COLUMNS FROM `get_contents` [ RunTime:0.002771s ]
ERR: 1146:Table 'flash.get_contents' doesn't exist
 [ SQL语句 ] : SHOW COLUMNS FROM `get_contents`

[ 2014-05-12T22:38:03+08:00 ] 127.0.0.1 /flash/index.php
INFO: [ app_begin ] --START--
INFO: ReadHtmlCache Behavior ::run [ RunTime:0.000436s ]
INFO: [ app_begin ] --END-- [ RunTime:0.000496s ]
SQL: SHOW COLUMNS FROM `get_contents` [ RunTime:0.003270s ]
ERR: 1146:Table 'flash.get_contents' doesn't exist
 [ SQL语句 ] : SHOW COLUMNS FROM `get_contents`

[ 2014-05-12T22:38:22+08:00 ] 127.0.0.1 /flash/index.php
INFO: [ app_begin ] --START--
INFO: ReadHtmlCache Behavior ::run [ RunTime:0.000600s ]
INFO: [ app_begin ] --END-- [ RunTime:0.000675s ]
SQL: SHOW COLUMNS FROM `get_contents` [ RunTime:0.002625s ]
ERR: 1146:Table 'flash.get_contents' doesn't exist
 [ SQL语句 ] : SHOW COLUMNS FROM `get_contents`

[ 2014-05-12T22:38:23+08:00 ] 127.0.0.1 /flash/index.php
INFO: [ app_begin ] --START--
INFO: ReadHtmlCache Behavior ::run [ RunTime:0.000685s ]
INFO: [ app_begin ] --END-- [ RunTime:0.000768s ]
SQL: SHOW COLUMNS FROM `get_contents` [ RunTime:0.003314s ]
ERR: 1146:Table 'flash.get_contents' doesn't exist
 [ SQL语句 ] : SHOW COLUMNS FROM `get_contents`

[ 2014-05-12T22:38:23+08:00 ] 127.0.0.1 /flash/index.php
INFO: [ app_begin ] --START--
INFO: ReadHtmlCache Behavior ::run [ RunTime:0.001004s ]
INFO: [ app_begin ] --END-- [ RunTime:0.001134s ]
SQL: SHOW COLUMNS FROM `get_contents` [ RunTime:0.002232s ]
ERR: 1146:Table 'flash.get_contents' doesn't exist
 [ SQL语句 ] : SHOW COLUMNS FROM `get_contents`

[ 2014-05-12T22:38:24+08:00 ] 127.0.0.1 /flash/index.php
INFO: [ app_begin ] --START--
INFO: ReadHtmlCache Behavior ::run [ RunTime:0.001029s ]
INFO: [ app_begin ] --END-- [ RunTime:0.001159s ]
SQL: SHOW COLUMNS FROM `get_contents` [ RunTime:0.002815s ]
ERR: 1146:Table 'flash.get_contents' doesn't exist
 [ SQL语句 ] : SHOW COLUMNS FROM `get_contents`

[ 2014-05-12T22:38:40+08:00 ] 127.0.0.1 /flash/index.php
INFO: [ app_begin ] --START--
INFO: ReadHtmlCache Behavior ::run [ RunTime:0.000746s ]
INFO: [ app_begin ] --END-- [ RunTime:0.000843s ]
SQL: SHOW COLUMNS FROM `get_contents` [ RunTime:0.003216s ]
ERR: 1146:Table 'flash.get_contents' doesn't exist
 [ SQL语句 ] : SHOW COLUMNS FROM `get_contents`

[ 2014-05-12T22:38:41+08:00 ] 127.0.0.1 /flash/index.php
INFO: [ app_begin ] --START--
INFO: ReadHtmlCache Behavior ::run [ RunTime:0.001080s ]
INFO: [ app_begin ] --END-- [ RunTime:0.001217s ]
SQL: SHOW COLUMNS FROM `get_contents` [ RunTime:0.002236s ]
ERR: 1146:Table 'flash.get_contents' doesn't exist
 [ SQL语句 ] : SHOW COLUMNS FROM `get_contents`

[ 2014-05-12T22:38:41+08:00 ] 127.0.0.1 /flash/index.php
INFO: [ app_begin ] --START--
INFO: ReadHtmlCache Behavior ::run [ RunTime:0.000600s ]
INFO: [ app_begin ] --END-- [ RunTime:0.000686s ]
SQL: SHOW COLUMNS FROM `get_contents` [ RunTime:0.002474s ]
ERR: 1146:Table 'flash.get_contents' doesn't exist
 [ SQL语句 ] : SHOW COLUMNS FROM `get_contents`

[ 2014-05-12T22:38:41+08:00 ] 127.0.0.1 /flash/index.php
INFO: [ app_begin ] --START--
INFO: ReadHtmlCache Behavior ::run [ RunTime:0.000548s ]
INFO: [ app_begin ] --END-- [ RunTime:0.000613s ]
SQL: SHOW COLUMNS FROM `get_contents` [ RunTime:0.002931s ]
ERR: 1146:Table 'flash.get_contents' doesn't exist
 [ SQL语句 ] : SHOW COLUMNS FROM `get_contents`

[ 2014-05-12T22:38:47+08:00 ] 127.0.0.1 /flash/index.php
INFO: [ app_begin ] --START--
INFO: ReadHtmlCache Behavior ::run [ RunTime:0.000864s ]
INFO: [ app_begin ] --END-- [ RunTime:0.000983s ]
SQL: SHOW COLUMNS FROM `get_contents` [ RunTime:0.004430s ]
ERR: 1146:Table 'flash.get_contents' doesn't exist
 [ SQL语句 ] : SHOW COLUMNS FROM `get_contents`

[ 2014-05-12T22:38:47+08:00 ] 127.0.0.1 /flash/index.php
INFO: [ app_begin ] --START--
INFO: ReadHtmlCache Behavior ::run [ RunTime:0.000739s ]
INFO: [ app_begin ] --END-- [ RunTime:0.000837s ]
SQL: SHOW COLUMNS FROM `get_contents` [ RunTime:0.004404s ]
ERR: 1146:Table 'flash.get_contents' doesn't exist
 [ SQL语句 ] : SHOW COLUMNS FROM `get_contents`

[ 2014-05-12T22:38:48+08:00 ] 127.0.0.1 /flash/index.php
INFO: [ app_begin ] --START--
INFO: ReadHtmlCache Behavior ::run [ RunTime:0.000840s ]
INFO: [ app_begin ] --END-- [ RunTime:0.000946s ]
SQL: SHOW COLUMNS FROM `get_contents` [ RunTime:0.004507s ]
ERR: 1146:Table 'flash.get_contents' doesn't exist
 [ SQL语句 ] : SHOW COLUMNS FROM `get_contents`

[ 2014-05-12T22:38:48+08:00 ] 127.0.0.1 /flash/index.php
INFO: [ app_begin ] --START--
INFO: ReadHtmlCache Behavior ::run [ RunTime:0.000886s ]
INFO: [ app_begin ] --END-- [ RunTime:0.001047s ]
SQL: SHOW COLUMNS FROM `get_contents` [ RunTime:0.002331s ]
ERR: 1146:Table 'flash.get_contents' doesn't exist
 [ SQL语句 ] : SHOW COLUMNS FROM `get_contents`

[ 2014-05-12T22:38:48+08:00 ] 127.0.0.1 /flash/index.php
INFO: [ app_begin ] --START--
INFO: ReadHtmlCache Behavior ::run [ RunTime:0.001171s ]
INFO: [ app_begin ] --END-- [ RunTime:0.001308s ]
SQL: SHOW COLUMNS FROM `get_contents` [ RunTime:0.002444s ]
ERR: 1146:Table 'flash.get_contents' doesn't exist
 [ SQL语句 ] : SHOW COLUMNS FROM `get_contents`

[ 2014-05-12T22:38:48+08:00 ] 127.0.0.1 /flash/index.php
INFO: [ app_begin ] --START--
INFO: ReadHtmlCache Behavior ::run [ RunTime:0.000806s ]
INFO: [ app_begin ] --END-- [ RunTime:0.000915s ]
SQL: SHOW COLUMNS FROM `get_contents` [ RunTime:0.002280s ]
ERR: 1146:Table 'flash.get_contents' doesn't exist
 [ SQL语句 ] : SHOW COLUMNS FROM `get_contents`

[ 2014-05-12T22:38:48+08:00 ] 127.0.0.1 /flash/index.php
INFO: [ app_begin ] --START--
INFO: ReadHtmlCache Behavior ::run [ RunTime:0.000777s ]
INFO: [ app_begin ] --END-- [ RunTime:0.000870s ]
SQL: SHOW COLUMNS FROM `get_contents` [ RunTime:0.004591s ]
ERR: 1146:Table 'flash.get_contents' doesn't exist
 [ SQL语句 ] : SHOW COLUMNS FROM `get_contents`

[ 2014-05-12T22:39:14+08:00 ] 127.0.0.1 /flash/index.php
INFO: [ app_begin ] --START--
INFO: ReadHtmlCache Behavior ::run [ RunTime:0.000646s ]
INFO: [ app_begin ] --END-- [ RunTime:0.000719s ]
SQL: SHOW COLUMNS FROM `get_contents` [ RunTime:0.003066s ]
ERR: 1146:Table 'flash.get_contents' doesn't exist
 [ SQL语句 ] : SHOW COLUMNS FROM `get_contents`

[ 2014-05-12T22:39:58+08:00 ] 127.0.0.1 /flash/index.php
INFO: [ app_begin ] --START--
INFO: ReadHtmlCache Behavior ::run [ RunTime:0.000636s ]
INFO: [ app_begin ] --END-- [ RunTime:0.000725s ]
SQL: SHOW COLUMNS FROM `get_contents` [ RunTime:0.002313s ]
ERR: 1146:Table 'flash.get_contents' doesn't exist
 [ SQL语句 ] : SHOW COLUMNS FROM `get_contents`

[ 2014-05-12T22:39:58+08:00 ] 127.0.0.1 /flash/index.php
INFO: [ app_begin ] --START--
INFO: ReadHtmlCache Behavior ::run [ RunTime:0.000957s ]
INFO: [ app_begin ] --END-- [ RunTime:0.001068s ]
SQL: SHOW COLUMNS FROM `get_contents` [ RunTime:0.003941s ]
ERR: 1146:Table 'flash.get_contents' doesn't exist
 [ SQL语句 ] : SHOW COLUMNS FROM `get_contents`

[ 2014-05-12T22:39:58+08:00 ] 127.0.0.1 /flash/index.php
INFO: [ app_begin ] --START--
INFO: ReadHtmlCache Behavior ::run [ RunTime:0.000696s ]
INFO: [ app_begin ] --END-- [ RunTime:0.000796s ]
SQL: SHOW COLUMNS FROM `get_contents` [ RunTime:0.003010s ]
ERR: 1146:Table 'flash.get_contents' doesn't exist
 [ SQL语句 ] : SHOW COLUMNS FROM `get_contents`

[ 2014-05-12T22:39:59+08:00 ] 127.0.0.1 /flash/index.php
INFO: [ app_begin ] --START--
INFO: ReadHtmlCache Behavior ::run [ RunTime:0.000962s ]
INFO: [ app_begin ] --END-- [ RunTime:0.001072s ]
SQL: SHOW COLUMNS FROM `get_contents` [ RunTime:0.002389s ]
ERR: 1146:Table 'flash.get_contents' doesn't exist
 [ SQL语句 ] : SHOW COLUMNS FROM `get_contents`

[ 2014-05-12T22:40:33+08:00 ] 127.0.0.1 /flash/index.php
INFO: [ app_begin ] --START--
INFO: ReadHtmlCache Behavior ::run [ RunTime:0.001208s ]
INFO: [ app_begin ] --END-- [ RunTime:0.001335s ]
SQL: SHOW COLUMNS FROM `get_contents` [ RunTime:0.002357s ]
ERR: 1146:Table 'flash.get_contents' doesn't exist
 [ SQL语句 ] : SHOW COLUMNS FROM `get_contents`

[ 2014-05-12T22:40:56+08:00 ] 127.0.0.1 /flash/index.php
INFO: [ app_begin ] --START--
INFO: ReadHtmlCache Behavior ::run [ RunTime:0.000893s ]
INFO: [ app_begin ] --END-- [ RunTime:0.001003s ]
SQL: SHOW COLUMNS FROM `get_contents` [ RunTime:0.002206s ]
ERR: 1146:Table 'flash.get_contents' doesn't exist
 [ SQL语句 ] : SHOW COLUMNS FROM `get_contents`

[ 2014-05-12T22:40:57+08:00 ] 127.0.0.1 /flash/index.php
INFO: [ app_begin ] --START--
INFO: ReadHtmlCache Behavior ::run [ RunTime:0.000789s ]
INFO: [ app_begin ] --END-- [ RunTime:0.000886s ]
SQL: SHOW COLUMNS FROM `get_contents` [ RunTime:0.003876s ]
ERR: 1146:Table 'flash.get_contents' doesn't exist
 [ SQL语句 ] : SHOW COLUMNS FROM `get_contents`

[ 2014-05-12T22:40:58+08:00 ] 127.0.0.1 /flash/index.php
INFO: [ app_begin ] --START--
INFO: ReadHtmlCache Behavior ::run [ RunTime:0.003330s ]
INFO: [ app_begin ] --END-- [ RunTime:0.003484s ]
SQL: SHOW COLUMNS FROM `get_contents` [ RunTime:0.002330s ]
ERR: 1146:Table 'flash.get_contents' doesn't exist
 [ SQL语句 ] : SHOW COLUMNS FROM `get_contents`

[ 2014-05-12T22:40:58+08:00 ] 127.0.0.1 /flash/index.php
INFO: [ app_begin ] --START--
INFO: ReadHtmlCache Behavior ::run [ RunTime:0.001431s ]
INFO: [ app_begin ] --END-- [ RunTime:0.001596s ]
SQL: SHOW COLUMNS FROM `get_contents` [ RunTime:0.003068s ]
ERR: 1146:Table 'flash.get_contents' doesn't exist
 [ SQL语句 ] : SHOW COLUMNS FROM `get_contents`

[ 2014-05-12T22:40:58+08:00 ] 127.0.0.1 /flash/index.php
INFO: [ app_begin ] --START--
INFO: ReadHtmlCache Behavior ::run [ RunTime:0.000442s ]
INFO: [ app_begin ] --END-- [ RunTime:0.000498s ]
SQL: SHOW COLUMNS FROM `get_contents` [ RunTime:0.002531s ]
ERR: 1146:Table 'flash.get_contents' doesn't exist
 [ SQL语句 ] : SHOW COLUMNS FROM `get_contents`

[ 2014-05-12T22:40:58+08:00 ] 127.0.0.1 /flash/index.php
INFO: [ app_begin ] --START--
INFO: ReadHtmlCache Behavior ::run [ RunTime:0.000550s ]
INFO: [ app_begin ] --END-- [ RunTime:0.000621s ]
SQL: SHOW COLUMNS FROM `get_contents` [ RunTime:0.002996s ]
ERR: 1146:Table 'flash.get_contents' doesn't exist
 [ SQL语句 ] : SHOW COLUMNS FROM `get_contents`

[ 2014-05-12T22:40:59+08:00 ] 127.0.0.1 /flash/index.php
INFO: [ app_begin ] --START--
INFO: ReadHtmlCache Behavior ::run [ RunTime:0.000559s ]
INFO: [ app_begin ] --END-- [ RunTime:0.000633s ]
SQL: SHOW COLUMNS FROM `get_contents` [ RunTime:0.004682s ]
ERR: 1146:Table 'flash.get_contents' doesn't exist
 [ SQL语句 ] : SHOW COLUMNS FROM `get_contents`

[ 2014-05-12T22:43:09+08:00 ] 127.0.0.1 /flash/index.php
INFO: [ app_begin ] --START--
INFO: ReadHtmlCache Behavior ::run [ RunTime:0.001075s ]
INFO: [ app_begin ] --END-- [ RunTime:0.001196s ]
SQL: SHOW COLUMNS FROM `get_contents` [ RunTime:0.002831s ]
ERR: 1146:Table 'flash.get_contents' doesn't exist
 [ SQL语句 ] : SHOW COLUMNS FROM `get_contents`

[ 2014-05-12T22:43:56+08:00 ] 127.0.0.1 /flash/index.php
INFO: [ app_begin ] --START--
INFO: ReadHtmlCache Behavior ::run [ RunTime:0.000902s ]
INFO: [ app_begin ] --END-- [ RunTime:0.001025s ]
SQL: SHOW COLUMNS FROM `get_contents` [ RunTime:0.002408s ]
ERR: 1146:Table 'flash.get_contents' doesn't exist
 [ SQL语句 ] : SHOW COLUMNS FROM `get_contents`

[ 2014-05-12T22:43:57+08:00 ] 127.0.0.1 /flash/index.php
INFO: [ app_begin ] --START--
INFO: ReadHtmlCache Behavior ::run [ RunTime:0.000690s ]
INFO: [ app_begin ] --END-- [ RunTime:0.000775s ]
SQL: SHOW COLUMNS FROM `get_contents` [ RunTime:0.003325s ]
ERR: 1146:Table 'flash.get_contents' doesn't exist
 [ SQL语句 ] : SHOW COLUMNS FROM `get_contents`

[ 2014-05-12T22:43:57+08:00 ] 127.0.0.1 /flash/index.php
INFO: [ app_begin ] --START--
INFO: ReadHtmlCache Behavior ::run [ RunTime:0.001421s ]
INFO: [ app_begin ] --END-- [ RunTime:0.001581s ]
SQL: SHOW COLUMNS FROM `get_contents` [ RunTime:0.003519s ]
ERR: 1146:Table 'flash.get_contents' doesn't exist
 [ SQL语句 ] : SHOW COLUMNS FROM `get_contents`

[ 2014-05-12T22:43:57+08:00 ] 127.0.0.1 /flash/index.php
INFO: [ app_begin ] --START--
INFO: ReadHtmlCache Behavior ::run [ RunTime:0.001182s ]
INFO: [ app_begin ] --END-- [ RunTime:0.001289s ]
SQL: SHOW COLUMNS FROM `get_contents` [ RunTime:0.003684s ]
ERR: 1146:Table 'flash.get_contents' doesn't exist
 [ SQL语句 ] : SHOW COLUMNS FROM `get_contents`

[ 2014-05-12T22:43:57+08:00 ] 127.0.0.1 /flash/index.php
INFO: [ app_begin ] --START--
INFO: ReadHtmlCache Behavior ::run [ RunTime:0.000677s ]
INFO: [ app_begin ] --END-- [ RunTime:0.000761s ]
SQL: SHOW COLUMNS FROM `get_contents` [ RunTime:0.004170s ]
ERR: 1146:Table 'flash.get_contents' doesn't exist
 [ SQL语句 ] : SHOW COLUMNS FROM `get_contents`

[ 2014-05-12T22:43:57+08:00 ] 127.0.0.1 /flash/index.php
INFO: [ app_begin ] --START--
INFO: ReadHtmlCache Behavior ::run [ RunTime:0.000730s ]
INFO: [ app_begin ] --END-- [ RunTime:0.000823s ]
SQL: SHOW COLUMNS FROM `get_contents` [ RunTime:0.005519s ]
ERR: 1146:Table 'flash.get_contents' doesn't exist
 [ SQL语句 ] : SHOW COLUMNS FROM `get_contents`

[ 2014-05-12T22:43:57+08:00 ] 127.0.0.1 /flash/index.php
INFO: [ app_begin ] --START--
INFO: ReadHtmlCache Behavior ::run [ RunTime:0.001406s ]
INFO: [ app_begin ] --END-- [ RunTime:0.001586s ]
SQL: SHOW COLUMNS FROM `get_contents` [ RunTime:0.001996s ]
ERR: 1146:Table 'flash.get_contents' doesn't exist
 [ SQL语句 ] : SHOW COLUMNS FROM `get_contents`

[ 2014-05-12T22:43:57+08:00 ] 127.0.0.1 /flash/index.php
INFO: [ app_begin ] --START--
INFO: ReadHtmlCache Behavior ::run [ RunTime:0.000797s ]
INFO: [ app_begin ] --END-- [ RunTime:0.000896s ]
SQL: SHOW COLUMNS FROM `get_contents` [ RunTime:0.002123s ]
ERR: 1146:Table 'flash.get_contents' doesn't exist
 [ SQL语句 ] : SHOW COLUMNS FROM `get_contents`

[ 2014-05-12T22:43:58+08:00 ] 127.0.0.1 /flash/index.php
INFO: [ app_begin ] --START--
INFO: ReadHtmlCache Behavior ::run [ RunTime:0.000686s ]
INFO: [ app_begin ] --END-- [ RunTime:0.000753s ]
SQL: SHOW COLUMNS FROM `get_contents` [ RunTime:0.002770s ]
ERR: 1146:Table 'flash.get_contents' doesn't exist
 [ SQL语句 ] : SHOW COLUMNS FROM `get_contents`

[ 2014-05-12T22:43:58+08:00 ] 127.0.0.1 /flash/index.php
INFO: [ app_begin ] --START--
INFO: ReadHtmlCache Behavior ::run [ RunTime:0.000897s ]
INFO: [ app_begin ] --END-- [ RunTime:0.001016s ]
SQL: SHOW COLUMNS FROM `get_contents` [ RunTime:0.002573s ]
ERR: 1146:Table 'flash.get_contents' doesn't exist
 [ SQL语句 ] : SHOW COLUMNS FROM `get_contents`

[ 2014-05-12T22:43:58+08:00 ] 127.0.0.1 /flash/index.php
INFO: [ app_begin ] --START--
INFO: ReadHtmlCache Behavior ::run [ RunTime:0.000671s ]
INFO: [ app_begin ] --END-- [ RunTime:0.000759s ]
SQL: SHOW COLUMNS FROM `get_contents` [ RunTime:0.003823s ]
ERR: 1146:Table 'flash.get_contents' doesn't exist
 [ SQL语句 ] : SHOW COLUMNS FROM `get_contents`

[ 2014-05-12T22:43:58+08:00 ] 127.0.0.1 /flash/index.php
INFO: [ app_begin ] --START--
INFO: ReadHtmlCache Behavior ::run [ RunTime:0.000763s ]
INFO: [ app_begin ] --END-- [ RunTime:0.000854s ]
SQL: SHOW COLUMNS FROM `get_contents` [ RunTime:0.002843s ]
ERR: 1146:Table 'flash.get_contents' doesn't exist
 [ SQL语句 ] : SHOW COLUMNS FROM `get_contents`

[ 2014-05-12T22:43:58+08:00 ] 127.0.0.1 /flash/index.php
INFO: [ app_begin ] --START--
INFO: ReadHtmlCache Behavior ::run [ RunTime:0.000755s ]
INFO: [ app_begin ] --END-- [ RunTime:0.000852s ]
SQL: SHOW COLUMNS FROM `get_contents` [ RunTime:0.002531s ]
ERR: 1146:Table 'flash.get_contents' doesn't exist
 [ SQL语句 ] : SHOW COLUMNS FROM `get_contents`

[ 2014-05-12T22:47:05+08:00 ] 127.0.0.1 /flash/index.php
INFO: [ app_begin ] --START--
INFO: ReadHtmlCache Behavior ::run [ RunTime:0.001080s ]
INFO: [ app_begin ] --END-- [ RunTime:0.001201s ]
INFO: [ view_parse ] --START--
INFO: ParseTemplate Behavior ::run [ RunTime:0.032072s ]
INFO: [ view_parse ] --END-- [ RunTime:0.032228s ]
INFO: [ view_filter ] --START--
INFO: ContentReplace Behavior ::run [ RunTime:0.000721s ]
INFO: TokenBuild Behavior ::run [ RunTime:0.000691s ]
INFO: WriteHtmlCache Behavior ::run [ RunTime:0.000546s ]
INFO: ShowRuntime Behavior ::run [ RunTime:0.000793s ]
INFO: [ view_filter ] --END-- [ RunTime:0.002970s ]
INFO: [ view_end ] --START--
INFO: ShowPageTrace Behavior ::run [ RunTime:0.000947s ]
INFO: [ view_end ] --END-- [ RunTime:0.001017s ]

[ 2014-05-12T22:49:17+08:00 ] 127.0.0.1 /flash/index.php
INFO: [ app_begin ] --START--
INFO: ReadHtmlCache Behavior ::run [ RunTime:0.000591s ]
INFO: [ app_begin ] --END-- [ RunTime:0.000651s ]
INFO: [ view_parse ] --START--
INFO: ParseTemplate Behavior ::run [ RunTime:0.009858s ]
INFO: [ view_parse ] --END-- [ RunTime:0.009923s ]
INFO: [ view_filter ] --START--
INFO: ContentReplace Behavior ::run [ RunTime:0.000325s ]
INFO: TokenBuild Behavior ::run [ RunTime:0.000605s ]
INFO: WriteHtmlCache Behavior ::run [ RunTime:0.000291s ]
INFO: ShowRuntime Behavior ::run [ RunTime:0.000360s ]
INFO: [ view_filter ] --END-- [ RunTime:0.001691s ]
INFO: [ view_end ] --START--
INFO: ShowPageTrace Behavior ::run [ RunTime:0.000480s ]
INFO: [ view_end ] --END-- [ RunTime:0.000520s ]

[ 2014-05-12T22:50:00+08:00 ] 127.0.0.1 /flash/index.php
INFO: [ app_begin ] --START--
INFO: ReadHtmlCache Behavior ::run [ RunTime:0.000713s ]
INFO: [ app_begin ] --END-- [ RunTime:0.000798s ]
INFO: [ view_parse ] --START--
INFO: ParseTemplate Behavior ::run [ RunTime:0.013353s ]
INFO: [ view_parse ] --END-- [ RunTime:0.013472s ]
INFO: [ view_filter ] --START--
INFO: ContentReplace Behavior ::run [ RunTime:0.000509s ]
INFO: TokenBuild Behavior ::run [ RunTime:0.000394s ]
INFO: WriteHtmlCache Behavior ::run [ RunTime:0.000268s ]
INFO: ShowRuntime Behavior ::run [ RunTime:0.000452s ]
INFO: [ view_filter ] --END-- [ RunTime:0.001777s ]
INFO: [ view_end ] --START--
INFO: ShowPageTrace Behavior ::run [ RunTime:0.000577s ]
INFO: [ view_end ] --END-- [ RunTime:0.000626s ]

[ 2014-05-12T22:50:47+08:00 ] 127.0.0.1 /flash/index.php
INFO: [ app_begin ] --START--
INFO: ReadHtmlCache Behavior ::run [ RunTime:0.000831s ]
INFO: [ app_begin ] --END-- [ RunTime:0.000929s ]
INFO: [ view_parse ] --START--
INFO: ParseTemplate Behavior ::run [ RunTime:0.014454s ]
INFO: [ view_parse ] --END-- [ RunTime:0.014587s ]
INFO: [ view_filter ] --START--
INFO: ContentReplace Behavior ::run [ RunTime:0.000853s ]
INFO: TokenBuild Behavior ::run [ RunTime:0.000659s ]
INFO: WriteHtmlCache Behavior ::run [ RunTime:0.000398s ]
INFO: ShowRuntime Behavior ::run [ RunTime:0.000588s ]
INFO: [ view_filter ] --END-- [ RunTime:0.002693s ]
INFO: [ view_end ] --START--
INFO: ShowPageTrace Behavior ::run [ RunTime:0.000702s ]
INFO: [ view_end ] --END-- [ RunTime:0.000753s ]

[ 2014-05-12T22:50:49+08:00 ] 127.0.0.1 /flash/index.php
INFO: [ app_begin ] --START--
INFO: ReadHtmlCache Behavior ::run [ RunTime:0.001127s ]
INFO: [ app_begin ] --END-- [ RunTime:0.001194s ]
INFO: [ view_parse ] --START--
INFO: ParseTemplate Behavior ::run [ RunTime:0.020858s ]
INFO: [ view_parse ] --END-- [ RunTime:0.020981s ]
INFO: [ view_filter ] --START--
INFO: ContentReplace Behavior ::run [ RunTime:0.000766s ]
INFO: TokenBuild Behavior ::run [ RunTime:0.000653s ]
INFO: WriteHtmlCache Behavior ::run [ RunTime:0.000290s ]
INFO: ShowRuntime Behavior ::run [ RunTime:0.000398s ]
INFO: [ view_filter ] --END-- [ RunTime:0.003390s ]
INFO: [ view_end ] --START--
INFO: ShowPageTrace Behavior ::run [ RunTime:0.000490s ]
INFO: [ view_end ] --END-- [ RunTime:0.000529s ]

[ 2014-05-12T22:51:22+08:00 ] 127.0.0.1 /flash/index.php
INFO: [ app_begin ] --START--
INFO: ReadHtmlCache Behavior ::run [ RunTime:0.000813s ]
INFO: [ app_begin ] --END-- [ RunTime:0.000923s ]
INFO: [ view_parse ] --START--
INFO: ParseTemplate Behavior ::run [ RunTime:0.007711s ]
INFO: [ view_parse ] --END-- [ RunTime:0.007793s ]
INFO: [ view_filter ] --START--
INFO: ContentReplace Behavior ::run [ RunTime:0.000462s ]
INFO: TokenBuild Behavior ::run [ RunTime:0.000465s ]
INFO: WriteHtmlCache Behavior ::run [ RunTime:0.000413s ]
INFO: ShowRuntime Behavior ::run [ RunTime:0.000502s ]
INFO: [ view_filter ] --END-- [ RunTime:0.002004s ]
INFO: [ view_end ] --START--
INFO: ShowPageTrace Behavior ::run [ RunTime:0.000593s ]
INFO: [ view_end ] --END-- [ RunTime:0.000643s ]

[ 2014-05-12T22:51:35+08:00 ] 127.0.0.1 /flash/index.php
INFO: [ app_begin ] --START--
INFO: ReadHtmlCache Behavior ::run [ RunTime:0.000831s ]
INFO: [ app_begin ] --END-- [ RunTime:0.000935s ]
INFO: [ view_parse ] --START--
INFO: ParseTemplate Behavior ::run [ RunTime:0.022140s ]
INFO: [ view_parse ] --END-- [ RunTime:0.022303s ]
INFO: [ view_filter ] --START--
INFO: ContentReplace Behavior ::run [ RunTime:0.000939s ]
INFO: TokenBuild Behavior ::run [ RunTime:0.000861s ]
INFO: WriteHtmlCache Behavior ::run [ RunTime:0.000678s ]
INFO: ShowRuntime Behavior ::run [ RunTime:0.001009s ]
INFO: [ view_filter ] --END-- [ RunTime:0.003761s ]
INFO: [ view_end ] --START--
INFO: ShowPageTrace Behavior ::run [ RunTime:0.001263s ]
INFO: [ view_end ] --END-- [ RunTime:0.001355s ]

