[ 2014-09-04T11:10:24+08:00 ] 127.0.0.1 /myblog/
INFO: [ app_begin ] --START--
INFO: ReadHtmlCache Behavior ::run [ RunTime:0.000512s ]
INFO: [ app_begin ] --END-- [ RunTime:0.000560s ]
SQL: SHOW COLUMNS FROM `blog_index_config` [ RunTime:0.025914s ]
SQL: SELECT `value` FROM `blog_index_config` WHERE ( type='index_bgimg' and uid =1 and display = 1 ) LIMIT 1   [ RunTime:0.000397s ]
SQL: SELECT * FROM `blog_index_config` WHERE ( type='index_bgmusic' and uid =1 and display = 1 )  [ RunTime:0.000364s ]
INFO: [ view_parse ] --START--
NOTIC: [8] Undefined index: index D:\myweb\myblog\flash\home\Runtime\Cache\8a60bc00bb0f3a8e4f280ed2c1b4fc86.php 第 27 行.
INFO: ParseTemplate Behavior ::run [ RunTime:0.015788s ]
INFO: [ view_parse ] --END-- [ RunTime:0.015849s ]
INFO: [ view_filter ] --START--
INFO: ContentReplace Behavior ::run [ RunTime:0.000474s ]
INFO: TokenBuild Behavior ::run [ RunTime:0.000382s ]
INFO: WriteHtmlCache Behavior ::run [ RunTime:0.000366s ]
INFO: ShowRuntime Behavior ::run [ RunTime:0.000493s ]
INFO: [ view_filter ] --END-- [ RunTime:0.001829s ]
INFO: [ view_end ] --START--
INFO: ShowPageTrace Behavior ::run [ RunTime:0.000596s ]
INFO: [ view_end ] --END-- [ RunTime:0.000634s ]

