[ 2014-09-17T21:43:14+08:00 ] 127.0.0.1 /myblog/
INFO: [ app_begin ] --START--
INFO: ReadHtmlCache Behavior ::run [ RunTime:0.000499s ]
INFO: [ app_begin ] --END-- [ RunTime:0.000564s ]
SQL: SHOW COLUMNS FROM `blog_index_config` [ RunTime:0.063687s ]
SQL: SELECT `value` FROM `blog_index_config` WHERE ( type='index_bgimg' and uid =1 and display = 1 ) LIMIT 1   [ RunTime:0.010903s ]
SQL: SELECT * FROM `blog_index_config` WHERE ( type='index_bgmusic' and uid =1 and display = 1 )  [ RunTime:0.000760s ]
SQL: SHOW COLUMNS FROM `blog_article` [ RunTime:0.037869s ]
SQL: SELECT * FROM `blog_article`  [ RunTime:0.000329s ]
INFO: [ view_parse ] --START--
NOTIC: [8] Undefined index: index D:\myweb\myblog\flash\home\Runtime\Cache\8a60bc00bb0f3a8e4f280ed2c1b4fc86.php 第 36 行.
INFO: ParseTemplate Behavior ::run [ RunTime:0.099252s ]
INFO: [ view_parse ] --END-- [ RunTime:0.099408s ]
INFO: [ view_filter ] --START--
INFO: ContentReplace Behavior ::run [ RunTime:0.024041s ]
INFO: TokenBuild Behavior ::run [ RunTime:0.008257s ]
INFO: WriteHtmlCache Behavior ::run [ RunTime:0.000707s ]
INFO: ShowRuntime Behavior ::run [ RunTime:0.000982s ]
INFO: [ view_filter ] --END-- [ RunTime:0.034219s ]
INFO: [ view_end ] --START--
INFO: ShowPageTrace Behavior ::run [ RunTime:0.001184s ]
INFO: [ view_end ] --END-- [ RunTime:0.001262s ]

[ 2014-09-17T21:43:18+08:00 ] 127.0.0.1 /myblog/index.php/Mainajax/getArticle
INFO: [ route_check ] --START--
INFO: CheckRoute Behavior ::run [ RunTime:0.001735s ]
INFO: [ route_check ] --END-- [ RunTime:0.001859s ]
INFO: [ app_begin ] --START--
INFO: ReadHtmlCache Behavior ::run [ RunTime:0.000528s ]
INFO: [ app_begin ] --END-- [ RunTime:0.000580s ]
SQL: SHOW COLUMNS FROM `blog_article` [ RunTime:0.003804s ]
SQL: SELECT * FROM `blog_article` WHERE ( id =120 ) LIMIT 1   [ RunTime:0.000420s ]

[ 2014-09-17T21:44:24+08:00 ] 127.0.0.1 /myblog/index.php/Mainajax/addArticle
INFO: [ route_check ] --START--
INFO: CheckRoute Behavior ::run [ RunTime:0.001040s ]
INFO: [ route_check ] --END-- [ RunTime:0.001132s ]
INFO: [ app_begin ] --START--
INFO: ReadHtmlCache Behavior ::run [ RunTime:0.000794s ]
INFO: [ app_begin ] --END-- [ RunTime:0.000856s ]
NOTIC: [8] Undefined index: subject D:\myweb\myblog\flash\home\Lib\Action\MainajaxAction.class.php 第 18 行.
NOTIC: [8] Undefined index: author D:\myweb\myblog\flash\home\Lib\Action\MainajaxAction.class.php 第 21 行.
SQL: SHOW COLUMNS FROM `blog_article` [ RunTime:0.027140s ]
SQL: INSERT INTO `blog_article` (`subject`,`content`,`weather`,`time`,`author`) VALUES ('2014-09-17 21:44:23日记','今天加班到8点20，回到家9点40，开车开了1个小时左右，很快，没时间改网站了。<br>\n\n        ','多云.22℃.东北风微风',1410961463,'匿名') [ RunTime:0.065842s ]

[ 2014-09-17T21:44:30+08:00 ] 127.0.0.1 /myblog/index.php/Mainajax/getArticle
INFO: [ route_check ] --START--
INFO: CheckRoute Behavior ::run [ RunTime:0.000936s ]
INFO: [ route_check ] --END-- [ RunTime:0.001017s ]
INFO: [ app_begin ] --START--
INFO: ReadHtmlCache Behavior ::run [ RunTime:0.000665s ]
INFO: [ app_begin ] --END-- [ RunTime:0.000719s ]
SQL: SHOW COLUMNS FROM `blog_article` [ RunTime:0.002758s ]
SQL: SELECT * FROM `blog_article` WHERE ( id =120 ) LIMIT 1   [ RunTime:0.000300s ]

[ 2014-09-17T21:46:15+08:00 ] 127.0.0.1 /myblog/index.php/Index/test
INFO: [ route_check ] --START--
INFO: CheckRoute Behavior ::run [ RunTime:0.000663s ]
INFO: [ route_check ] --END-- [ RunTime:0.000722s ]
INFO: [ app_begin ] --START--
INFO: ReadHtmlCache Behavior ::run [ RunTime:0.000390s ]
INFO: [ app_begin ] --END-- [ RunTime:0.000427s ]
NOTIC: [8] Undefined index: simple-editor D:\myweb\myblog\flash\home\Lib\Action\IndexAction.class.php 第 55 行.

[ 2014-09-17T21:46:39+08:00 ] 127.0.0.1 /myblog/index.php/Index/test
INFO: [ route_check ] --START--
INFO: CheckRoute Behavior ::run [ RunTime:0.001830s ]
INFO: [ route_check ] --END-- [ RunTime:0.001994s ]
INFO: [ app_begin ] --START--
INFO: ReadHtmlCache Behavior ::run [ RunTime:0.000949s ]
INFO: [ app_begin ] --END-- [ RunTime:0.001045s ]
NOTIC: [8] Undefined index: simple-editor D:\myweb\myblog\flash\home\Lib\Action\IndexAction.class.php 第 55 行.

[ 2014-09-17T21:46:51+08:00 ] 127.0.0.1 /myblog/index.php/Index/test
INFO: [ route_check ] --START--
INFO: CheckRoute Behavior ::run [ RunTime:0.000513s ]
INFO: [ route_check ] --END-- [ RunTime:0.000565s ]
INFO: [ app_begin ] --START--
INFO: ReadHtmlCache Behavior ::run [ RunTime:0.000464s ]
INFO: [ app_begin ] --END-- [ RunTime:0.000513s ]
NOTIC: [8] Undefined index: simple-editor D:\myweb\myblog\flash\home\Lib\Action\IndexAction.class.php 第 55 行.

[ 2014-09-17T21:46:56+08:00 ] 127.0.0.1 /myblog/
INFO: [ app_begin ] --START--
INFO: ReadHtmlCache Behavior ::run [ RunTime:0.000444s ]
INFO: [ app_begin ] --END-- [ RunTime:0.000498s ]
SQL: SHOW COLUMNS FROM `blog_index_config` [ RunTime:0.004244s ]
SQL: SELECT `value` FROM `blog_index_config` WHERE ( type='index_bgimg' and uid =1 and display = 1 ) LIMIT 1   [ RunTime:0.000412s ]
SQL: SELECT * FROM `blog_index_config` WHERE ( type='index_bgmusic' and uid =1 and display = 1 )  [ RunTime:0.000353s ]
SQL: SHOW COLUMNS FROM `blog_article` [ RunTime:0.004265s ]
SQL: SELECT * FROM `blog_article`  [ RunTime:0.000338s ]
INFO: [ view_parse ] --START--
NOTIC: [8] Undefined index: index D:\myweb\myblog\flash\home\Runtime\Cache\8a60bc00bb0f3a8e4f280ed2c1b4fc86.php 第 36 行.
INFO: ParseTemplate Behavior ::run [ RunTime:0.022668s ]
INFO: [ view_parse ] --END-- [ RunTime:0.022752s ]
INFO: [ view_filter ] --START--
INFO: ContentReplace Behavior ::run [ RunTime:0.000709s ]
INFO: TokenBuild Behavior ::run [ RunTime:0.000623s ]
INFO: WriteHtmlCache Behavior ::run [ RunTime:0.000494s ]
INFO: ShowRuntime Behavior ::run [ RunTime:0.000809s ]
INFO: [ view_filter ] --END-- [ RunTime:0.002836s ]
INFO: [ view_end ] --START--
INFO: ShowPageTrace Behavior ::run [ RunTime:0.000943s ]
INFO: [ view_end ] --END-- [ RunTime:0.001018s ]

[ 2014-09-17T21:47:03+08:00 ] 127.0.0.1 /myblog/index.php/Mainajax/getArticle
INFO: [ route_check ] --START--
INFO: CheckRoute Behavior ::run [ RunTime:0.000614s ]
INFO: [ route_check ] --END-- [ RunTime:0.000663s ]
INFO: [ app_begin ] --START--
INFO: ReadHtmlCache Behavior ::run [ RunTime:0.000447s ]
INFO: [ app_begin ] --END-- [ RunTime:0.000482s ]
SQL: SHOW COLUMNS FROM `blog_article` [ RunTime:0.002227s ]
SQL: SELECT * FROM `blog_article` WHERE ( id =121 ) LIMIT 1   [ RunTime:0.000252s ]

[ 2014-09-17T21:47:18+08:00 ] 127.0.0.1 /myblog/index.php/Mainajax/getArticle
INFO: [ route_check ] --START--
INFO: CheckRoute Behavior ::run [ RunTime:0.001083s ]
INFO: [ route_check ] --END-- [ RunTime:0.001178s ]
INFO: [ app_begin ] --START--
INFO: ReadHtmlCache Behavior ::run [ RunTime:0.000760s ]
INFO: [ app_begin ] --END-- [ RunTime:0.000825s ]
SQL: SHOW COLUMNS FROM `blog_article` [ RunTime:0.002356s ]
SQL: SELECT * FROM `blog_article` WHERE ( id =121 ) LIMIT 1   [ RunTime:0.000260s ]

[ 2014-09-17T21:47:21+08:00 ] 127.0.0.1 /myblog/index.php/Mainajax/getArticle
INFO: [ route_check ] --START--
INFO: CheckRoute Behavior ::run [ RunTime:0.000626s ]
INFO: [ route_check ] --END-- [ RunTime:0.000684s ]
INFO: [ app_begin ] --START--
INFO: ReadHtmlCache Behavior ::run [ RunTime:0.000447s ]
INFO: [ app_begin ] --END-- [ RunTime:0.000483s ]
SQL: SHOW COLUMNS FROM `blog_article` [ RunTime:0.002345s ]
SQL: SELECT * FROM `blog_article` WHERE ( id =120 ) LIMIT 1   [ RunTime:0.000226s ]

[ 2014-09-17T21:47:22+08:00 ] 127.0.0.1 /myblog/index.php/Mainajax/getArticle
INFO: [ route_check ] --START--
INFO: CheckRoute Behavior ::run [ RunTime:0.000583s ]
INFO: [ route_check ] --END-- [ RunTime:0.000637s ]
INFO: [ app_begin ] --START--
INFO: ReadHtmlCache Behavior ::run [ RunTime:0.000395s ]
INFO: [ app_begin ] --END-- [ RunTime:0.000430s ]
SQL: SHOW COLUMNS FROM `blog_article` [ RunTime:0.002164s ]
SQL: SELECT * FROM `blog_article` WHERE ( id =121 ) LIMIT 1   [ RunTime:0.000270s ]

[ 2014-09-17T21:47:22+08:00 ] 127.0.0.1 /myblog/index.php/Mainajax/getArticle
INFO: [ route_check ] --START--
INFO: CheckRoute Behavior ::run [ RunTime:0.000677s ]
INFO: [ route_check ] --END-- [ RunTime:0.000743s ]
INFO: [ app_begin ] --START--
INFO: ReadHtmlCache Behavior ::run [ RunTime:0.000402s ]
INFO: [ app_begin ] --END-- [ RunTime:0.000439s ]
SQL: SHOW COLUMNS FROM `blog_article` [ RunTime:0.002597s ]
SQL: SELECT * FROM `blog_article` WHERE ( id =120 ) LIMIT 1   [ RunTime:0.000242s ]

[ 2014-09-17T21:47:23+08:00 ] 127.0.0.1 /myblog/index.php/Mainajax/getArticle
INFO: [ route_check ] --START--
INFO: CheckRoute Behavior ::run [ RunTime:0.001006s ]
INFO: [ route_check ] --END-- [ RunTime:0.001088s ]
INFO: [ app_begin ] --START--
INFO: ReadHtmlCache Behavior ::run [ RunTime:0.000672s ]
INFO: [ app_begin ] --END-- [ RunTime:0.000727s ]
SQL: SHOW COLUMNS FROM `blog_article` [ RunTime:0.003623s ]
SQL: SELECT * FROM `blog_article` WHERE ( id =121 ) LIMIT 1   [ RunTime:0.000334s ]

[ 2014-09-17T21:47:23+08:00 ] 127.0.0.1 /myblog/index.php/Mainajax/getArticle
INFO: [ route_check ] --START--
INFO: CheckRoute Behavior ::run [ RunTime:0.000728s ]
INFO: [ route_check ] --END-- [ RunTime:0.000796s ]
INFO: [ app_begin ] --START--
INFO: ReadHtmlCache Behavior ::run [ RunTime:0.000524s ]
INFO: [ app_begin ] --END-- [ RunTime:0.000565s ]
SQL: SHOW COLUMNS FROM `blog_article` [ RunTime:0.002851s ]
SQL: SELECT * FROM `blog_article` WHERE ( id =120 ) LIMIT 1   [ RunTime:0.000281s ]

[ 2014-09-17T21:47:23+08:00 ] 127.0.0.1 /myblog/index.php/Mainajax/getArticle
INFO: [ route_check ] --START--
INFO: CheckRoute Behavior ::run [ RunTime:0.000655s ]
INFO: [ route_check ] --END-- [ RunTime:0.000712s ]
INFO: [ app_begin ] --START--
INFO: ReadHtmlCache Behavior ::run [ RunTime:0.000454s ]
INFO: [ app_begin ] --END-- [ RunTime:0.000489s ]
SQL: SHOW COLUMNS FROM `blog_article` [ RunTime:0.002513s ]
SQL: SELECT * FROM `blog_article` WHERE ( id =120 ) LIMIT 1   [ RunTime:0.000321s ]

[ 2014-09-17T21:47:24+08:00 ] 127.0.0.1 /myblog/index.php/Mainajax/getArticle
INFO: [ route_check ] --START--
INFO: CheckRoute Behavior ::run [ RunTime:0.001408s ]
INFO: [ route_check ] --END-- [ RunTime:0.001534s ]
INFO: [ app_begin ] --START--
INFO: ReadHtmlCache Behavior ::run [ RunTime:0.000944s ]
INFO: [ app_begin ] --END-- [ RunTime:0.001029s ]
SQL: SHOW COLUMNS FROM `blog_article` [ RunTime:0.003086s ]
SQL: SELECT * FROM `blog_article` WHERE ( id =121 ) LIMIT 1   [ RunTime:0.000268s ]

[ 2014-09-17T21:47:24+08:00 ] 127.0.0.1 /myblog/index.php/Mainajax/getArticle
INFO: [ route_check ] --START--
INFO: CheckRoute Behavior ::run [ RunTime:0.000590s ]
INFO: [ route_check ] --END-- [ RunTime:0.000641s ]
INFO: [ app_begin ] --START--
INFO: ReadHtmlCache Behavior ::run [ RunTime:0.000347s ]
INFO: [ app_begin ] --END-- [ RunTime:0.000381s ]
SQL: SHOW COLUMNS FROM `blog_article` [ RunTime:0.002280s ]
SQL: SELECT * FROM `blog_article` WHERE ( id =120 ) LIMIT 1   [ RunTime:0.000235s ]

[ 2014-09-17T21:47:24+08:00 ] 127.0.0.1 /myblog/index.php/Mainajax/getArticle
INFO: [ route_check ] --START--
INFO: CheckRoute Behavior ::run [ RunTime:0.000799s ]
INFO: [ route_check ] --END-- [ RunTime:0.000883s ]
INFO: [ app_begin ] --START--
INFO: ReadHtmlCache Behavior ::run [ RunTime:0.000532s ]
INFO: [ app_begin ] --END-- [ RunTime:0.000600s ]
SQL: SHOW COLUMNS FROM `blog_article` [ RunTime:0.002186s ]
SQL: SELECT * FROM `blog_article` WHERE ( id =121 ) LIMIT 1   [ RunTime:0.000194s ]

[ 2014-09-17T21:47:25+08:00 ] 127.0.0.1 /myblog/index.php/Mainajax/getArticle
INFO: [ route_check ] --START--
INFO: CheckRoute Behavior ::run [ RunTime:0.000877s ]
INFO: [ route_check ] --END-- [ RunTime:0.000951s ]
INFO: [ app_begin ] --START--
INFO: ReadHtmlCache Behavior ::run [ RunTime:0.000602s ]
INFO: [ app_begin ] --END-- [ RunTime:0.000652s ]
SQL: SHOW COLUMNS FROM `blog_article` [ RunTime:0.004731s ]
SQL: SELECT * FROM `blog_article` WHERE ( id =120 ) LIMIT 1   [ RunTime:0.000406s ]

[ 2014-09-17T21:47:25+08:00 ] 127.0.0.1 /myblog/index.php/Mainajax/getArticle
INFO: [ route_check ] --START--
INFO: CheckRoute Behavior ::run [ RunTime:0.000762s ]
INFO: [ route_check ] --END-- [ RunTime:0.000831s ]
INFO: [ app_begin ] --START--
INFO: ReadHtmlCache Behavior ::run [ RunTime:0.000544s ]
INFO: [ app_begin ] --END-- [ RunTime:0.000588s ]
SQL: SHOW COLUMNS FROM `blog_article` [ RunTime:0.002229s ]
SQL: SELECT * FROM `blog_article` WHERE ( id =121 ) LIMIT 1   [ RunTime:0.000258s ]

[ 2014-09-17T21:47:26+08:00 ] 127.0.0.1 /myblog/index.php/Mainajax/getArticle
INFO: [ route_check ] --START--
INFO: CheckRoute Behavior ::run [ RunTime:0.000675s ]
INFO: [ route_check ] --END-- [ RunTime:0.000733s ]
INFO: [ app_begin ] --START--
INFO: ReadHtmlCache Behavior ::run [ RunTime:0.000479s ]
INFO: [ app_begin ] --END-- [ RunTime:0.000518s ]
SQL: SHOW COLUMNS FROM `blog_article` [ RunTime:0.002641s ]
SQL: SELECT * FROM `blog_article` WHERE ( id =120 ) LIMIT 1   [ RunTime:0.000281s ]

[ 2014-09-17T21:47:26+08:00 ] 127.0.0.1 /myblog/index.php/Mainajax/getArticle
INFO: [ route_check ] --START--
INFO: CheckRoute Behavior ::run [ RunTime:0.000991s ]
INFO: [ route_check ] --END-- [ RunTime:0.001075s ]
INFO: [ app_begin ] --START--
INFO: ReadHtmlCache Behavior ::run [ RunTime:0.000656s ]
INFO: [ app_begin ] --END-- [ RunTime:0.000713s ]
SQL: SHOW COLUMNS FROM `blog_article` [ RunTime:0.002201s ]
SQL: SELECT * FROM `blog_article` WHERE ( id =121 ) LIMIT 1   [ RunTime:0.000230s ]

[ 2014-09-17T21:47:27+08:00 ] 127.0.0.1 /myblog/index.php/Mainajax/getArticle
INFO: [ route_check ] --START--
INFO: CheckRoute Behavior ::run [ RunTime:0.000490s ]
INFO: [ route_check ] --END-- [ RunTime:0.000538s ]
INFO: [ app_begin ] --START--
INFO: ReadHtmlCache Behavior ::run [ RunTime:0.000334s ]
INFO: [ app_begin ] --END-- [ RunTime:0.000364s ]
SQL: SHOW COLUMNS FROM `blog_article` [ RunTime:0.142284s ]
SQL: SELECT * FROM `blog_article` WHERE ( id =121 ) LIMIT 1   [ RunTime:0.000369s ]

[ 2014-09-17T21:47:27+08:00 ] 127.0.0.1 /myblog/index.php/Mainajax/getArticle
INFO: [ route_check ] --START--
INFO: CheckRoute Behavior ::run [ RunTime:0.000596s ]
INFO: [ route_check ] --END-- [ RunTime:0.000651s ]
INFO: [ app_begin ] --START--
INFO: ReadHtmlCache Behavior ::run [ RunTime:0.000363s ]
INFO: [ app_begin ] --END-- [ RunTime:0.000395s ]
SQL: SHOW COLUMNS FROM `blog_article` [ RunTime:0.003460s ]
SQL: SELECT * FROM `blog_article` WHERE ( id =120 ) LIMIT 1   [ RunTime:0.000429s ]

[ 2014-09-17T21:47:28+08:00 ] 127.0.0.1 /myblog/index.php/Mainajax/getArticle
INFO: [ route_check ] --START--
INFO: CheckRoute Behavior ::run [ RunTime:0.000671s ]
INFO: [ route_check ] --END-- [ RunTime:0.000735s ]
INFO: [ app_begin ] --START--
INFO: ReadHtmlCache Behavior ::run [ RunTime:0.000503s ]
INFO: [ app_begin ] --END-- [ RunTime:0.000543s ]
SQL: SHOW COLUMNS FROM `blog_article` [ RunTime:0.002805s ]
SQL: SELECT * FROM `blog_article` WHERE ( id =121 ) LIMIT 1   [ RunTime:0.000272s ]

[ 2014-09-17T21:47:28+08:00 ] 127.0.0.1 /myblog/index.php/Mainajax/getArticle
INFO: [ route_check ] --START--
INFO: CheckRoute Behavior ::run [ RunTime:0.000514s ]
INFO: [ route_check ] --END-- [ RunTime:0.000607s ]
INFO: [ app_begin ] --START--
INFO: ReadHtmlCache Behavior ::run [ RunTime:0.000346s ]
INFO: [ app_begin ] --END-- [ RunTime:0.000377s ]
SQL: SHOW COLUMNS FROM `blog_article` [ RunTime:0.002480s ]
SQL: SELECT * FROM `blog_article` WHERE ( id =120 ) LIMIT 1   [ RunTime:0.000195s ]

[ 2014-09-17T21:47:29+08:00 ] 127.0.0.1 /myblog/index.php/Mainajax/getArticle
INFO: [ route_check ] --START--
INFO: CheckRoute Behavior ::run [ RunTime:0.000501s ]
INFO: [ route_check ] --END-- [ RunTime:0.000552s ]
INFO: [ app_begin ] --START--
INFO: ReadHtmlCache Behavior ::run [ RunTime:0.000331s ]
INFO: [ app_begin ] --END-- [ RunTime:0.000360s ]
SQL: SHOW COLUMNS FROM `blog_article` [ RunTime:0.002578s ]
SQL: SELECT * FROM `blog_article` WHERE ( id =121 ) LIMIT 1   [ RunTime:0.000193s ]

[ 2014-09-17T21:47:29+08:00 ] 127.0.0.1 /myblog/index.php/Mainajax/getArticle
INFO: [ route_check ] --START--
INFO: CheckRoute Behavior ::run [ RunTime:0.000599s ]
INFO: [ route_check ] --END-- [ RunTime:0.000654s ]
INFO: [ app_begin ] --START--
INFO: ReadHtmlCache Behavior ::run [ RunTime:0.000417s ]
INFO: [ app_begin ] --END-- [ RunTime:0.000452s ]
SQL: SHOW COLUMNS FROM `blog_article` [ RunTime:0.002184s ]
SQL: SELECT * FROM `blog_article` WHERE ( id =120 ) LIMIT 1   [ RunTime:0.000235s ]

[ 2014-09-17T21:47:31+08:00 ] 127.0.0.1 /myblog/index.php/Mainajax/getArticle
INFO: [ route_check ] --START--
INFO: CheckRoute Behavior ::run [ RunTime:0.000492s ]
INFO: [ route_check ] --END-- [ RunTime:0.000540s ]
INFO: [ app_begin ] --START--
INFO: ReadHtmlCache Behavior ::run [ RunTime:0.000335s ]
INFO: [ app_begin ] --END-- [ RunTime:0.000366s ]
SQL: SHOW COLUMNS FROM `blog_article` [ RunTime:0.003443s ]
SQL: SELECT * FROM `blog_article` WHERE ( id =121 ) LIMIT 1   [ RunTime:0.000368s ]

[ 2014-09-17T21:47:32+08:00 ] 127.0.0.1 /myblog/index.php/Mainajax/getArticle
INFO: [ route_check ] --START--
INFO: CheckRoute Behavior ::run [ RunTime:0.000795s ]
INFO: [ route_check ] --END-- [ RunTime:0.000874s ]
INFO: [ app_begin ] --START--
INFO: ReadHtmlCache Behavior ::run [ RunTime:0.000530s ]
INFO: [ app_begin ] --END-- [ RunTime:0.000585s ]
SQL: SHOW COLUMNS FROM `blog_article` [ RunTime:0.003044s ]
SQL: SELECT * FROM `blog_article` WHERE ( id =120 ) LIMIT 1   [ RunTime:0.000264s ]

[ 2014-09-17T21:47:33+08:00 ] 127.0.0.1 /myblog/index.php/Mainajax/getArticle
INFO: [ route_check ] --START--
INFO: CheckRoute Behavior ::run [ RunTime:0.000767s ]
INFO: [ route_check ] --END-- [ RunTime:0.000839s ]
INFO: [ app_begin ] --START--
INFO: ReadHtmlCache Behavior ::run [ RunTime:0.000505s ]
INFO: [ app_begin ] --END-- [ RunTime:0.000550s ]
SQL: SHOW COLUMNS FROM `blog_article` [ RunTime:0.003546s ]
SQL: SELECT * FROM `blog_article` WHERE ( id =121 ) LIMIT 1   [ RunTime:0.000560s ]

[ 2014-09-17T21:47:34+08:00 ] 127.0.0.1 /myblog/index.php/Mainajax/getArticle
INFO: [ route_check ] --START--
INFO: CheckRoute Behavior ::run [ RunTime:0.000498s ]
INFO: [ route_check ] --END-- [ RunTime:0.000550s ]
INFO: [ app_begin ] --START--
INFO: ReadHtmlCache Behavior ::run [ RunTime:0.000687s ]
INFO: [ app_begin ] --END-- [ RunTime:0.000731s ]
SQL: SHOW COLUMNS FROM `blog_article` [ RunTime:0.002894s ]
SQL: SELECT * FROM `blog_article` WHERE ( id =120 ) LIMIT 1   [ RunTime:0.000210s ]

[ 2014-09-17T21:47:35+08:00 ] 127.0.0.1 /myblog/index.php/Mainajax/getArticle
INFO: [ route_check ] --START--
INFO: CheckRoute Behavior ::run [ RunTime:0.001028s ]
INFO: [ route_check ] --END-- [ RunTime:0.001114s ]
INFO: [ app_begin ] --START--
INFO: ReadHtmlCache Behavior ::run [ RunTime:0.000673s ]
INFO: [ app_begin ] --END-- [ RunTime:0.000731s ]
SQL: SHOW COLUMNS FROM `blog_article` [ RunTime:0.002305s ]
SQL: SELECT * FROM `blog_article` WHERE ( id =121 ) LIMIT 1   [ RunTime:0.000262s ]

[ 2014-09-17T21:47:36+08:00 ] 127.0.0.1 /myblog/index.php/Mainajax/getArticle
INFO: [ route_check ] --START--
INFO: CheckRoute Behavior ::run [ RunTime:0.000581s ]
INFO: [ route_check ] --END-- [ RunTime:0.000633s ]
INFO: [ app_begin ] --START--
INFO: ReadHtmlCache Behavior ::run [ RunTime:0.000413s ]
INFO: [ app_begin ] --END-- [ RunTime:0.000446s ]
SQL: SHOW COLUMNS FROM `blog_article` [ RunTime:0.002126s ]
SQL: SELECT * FROM `blog_article` WHERE ( id =120 ) LIMIT 1   [ RunTime:0.000219s ]

[ 2014-09-17T21:47:38+08:00 ] 127.0.0.1 /myblog/index.php/Mainajax/getArticle
INFO: [ route_check ] --START--
INFO: CheckRoute Behavior ::run [ RunTime:0.001185s ]
INFO: [ route_check ] --END-- [ RunTime:0.001294s ]
INFO: [ app_begin ] --START--
INFO: ReadHtmlCache Behavior ::run [ RunTime:0.000945s ]
INFO: [ app_begin ] --END-- [ RunTime:0.001023s ]
SQL: SHOW COLUMNS FROM `blog_article` [ RunTime:0.004795s ]
SQL: SELECT * FROM `blog_article` WHERE ( id =121 ) LIMIT 1   [ RunTime:0.000422s ]

[ 2014-09-17T21:47:38+08:00 ] 127.0.0.1 /myblog/index.php/Mainajax/getArticle
INFO: [ route_check ] --START--
INFO: CheckRoute Behavior ::run [ RunTime:0.000755s ]
INFO: [ route_check ] --END-- [ RunTime:0.000902s ]
INFO: [ app_begin ] --START--
INFO: ReadHtmlCache Behavior ::run [ RunTime:0.000517s ]
INFO: [ app_begin ] --END-- [ RunTime:0.000564s ]
SQL: SHOW COLUMNS FROM `blog_article` [ RunTime:0.003057s ]
SQL: SELECT * FROM `blog_article` WHERE ( id =120 ) LIMIT 1   [ RunTime:0.000288s ]

[ 2014-09-17T21:47:39+08:00 ] 127.0.0.1 /myblog/index.php/Mainajax/getArticle
INFO: [ route_check ] --START--
INFO: CheckRoute Behavior ::run [ RunTime:0.001272s ]
INFO: [ route_check ] --END-- [ RunTime:0.001378s ]
INFO: [ app_begin ] --START--
INFO: ReadHtmlCache Behavior ::run [ RunTime:0.000967s ]
INFO: [ app_begin ] --END-- [ RunTime:0.001045s ]
SQL: SHOW COLUMNS FROM `blog_article` [ RunTime:0.002791s ]
SQL: SELECT * FROM `blog_article` WHERE ( id =121 ) LIMIT 1   [ RunTime:0.000304s ]

[ 2014-09-17T21:47:40+08:00 ] 127.0.0.1 /myblog/index.php/Mainajax/getArticle
INFO: [ route_check ] --START--
INFO: CheckRoute Behavior ::run [ RunTime:0.000792s ]
INFO: [ route_check ] --END-- [ RunTime:0.000864s ]
INFO: [ app_begin ] --START--
INFO: ReadHtmlCache Behavior ::run [ RunTime:0.000563s ]
INFO: [ app_begin ] --END-- [ RunTime:0.000610s ]
SQL: SHOW COLUMNS FROM `blog_article` [ RunTime:0.002155s ]
SQL: SELECT * FROM `blog_article` WHERE ( id =120 ) LIMIT 1   [ RunTime:0.000211s ]

[ 2014-09-17T21:47:40+08:00 ] 127.0.0.1 /myblog/index.php/Mainajax/getArticle
INFO: [ route_check ] --START--
INFO: CheckRoute Behavior ::run [ RunTime:0.001137s ]
INFO: [ route_check ] --END-- [ RunTime:0.001235s ]
INFO: [ app_begin ] --START--
INFO: ReadHtmlCache Behavior ::run [ RunTime:0.000712s ]
INFO: [ app_begin ] --END-- [ RunTime:0.000779s ]
SQL: SHOW COLUMNS FROM `blog_article` [ RunTime:0.002306s ]
SQL: SELECT * FROM `blog_article` WHERE ( id =121 ) LIMIT 1   [ RunTime:0.000252s ]

[ 2014-09-17T21:47:40+08:00 ] 127.0.0.1 /myblog/index.php/Mainajax/getArticle
INFO: [ route_check ] --START--
INFO: CheckRoute Behavior ::run [ RunTime:0.000670s ]
INFO: [ route_check ] --END-- [ RunTime:0.000738s ]
INFO: [ app_begin ] --START--
INFO: ReadHtmlCache Behavior ::run [ RunTime:0.000505s ]
INFO: [ app_begin ] --END-- [ RunTime:0.000550s ]
SQL: SHOW COLUMNS FROM `blog_article` [ RunTime:0.003002s ]
SQL: SELECT * FROM `blog_article` WHERE ( id =120 ) LIMIT 1   [ RunTime:0.000266s ]

[ 2014-09-17T21:47:40+08:00 ] 127.0.0.1 /myblog/index.php/Mainajax/getArticle
INFO: [ route_check ] --START--
INFO: CheckRoute Behavior ::run [ RunTime:0.000996s ]
INFO: [ route_check ] --END-- [ RunTime:0.001091s ]
INFO: [ app_begin ] --START--
INFO: ReadHtmlCache Behavior ::run [ RunTime:0.000692s ]
INFO: [ app_begin ] --END-- [ RunTime:0.000755s ]
SQL: SHOW COLUMNS FROM `blog_article` [ RunTime:0.002529s ]
SQL: SELECT * FROM `blog_article` WHERE ( id =120 ) LIMIT 1   [ RunTime:0.000236s ]

[ 2014-09-17T21:47:42+08:00 ] 127.0.0.1 /myblog/index.php/Mainajax/getArticle
INFO: [ route_check ] --START--
INFO: CheckRoute Behavior ::run [ RunTime:0.001026s ]
INFO: [ route_check ] --END-- [ RunTime:0.001116s ]
INFO: [ app_begin ] --START--
INFO: ReadHtmlCache Behavior ::run [ RunTime:0.000725s ]
INFO: [ app_begin ] --END-- [ RunTime:0.000799s ]
SQL: SHOW COLUMNS FROM `blog_article` [ RunTime:0.003999s ]
SQL: SELECT * FROM `blog_article` WHERE ( id =121 ) LIMIT 1   [ RunTime:0.000343s ]

[ 2014-09-17T21:47:42+08:00 ] 127.0.0.1 /myblog/index.php/Mainajax/getArticle
INFO: [ route_check ] --START--
INFO: CheckRoute Behavior ::run [ RunTime:0.000551s ]
INFO: [ route_check ] --END-- [ RunTime:0.000604s ]
INFO: [ app_begin ] --START--
INFO: ReadHtmlCache Behavior ::run [ RunTime:0.000418s ]
INFO: [ app_begin ] --END-- [ RunTime:0.000450s ]
SQL: SHOW COLUMNS FROM `blog_article` [ RunTime:0.002161s ]
SQL: SELECT * FROM `blog_article` WHERE ( id =121 ) LIMIT 1   [ RunTime:0.000204s ]

[ 2014-09-17T21:47:42+08:00 ] 127.0.0.1 /myblog/index.php/Mainajax/getArticle
INFO: [ route_check ] --START--
INFO: CheckRoute Behavior ::run [ RunTime:0.001260s ]
INFO: [ route_check ] --END-- [ RunTime:0.001383s ]
INFO: [ app_begin ] --START--
INFO: ReadHtmlCache Behavior ::run [ RunTime:0.000800s ]
INFO: [ app_begin ] --END-- [ RunTime:0.000881s ]
SQL: SHOW COLUMNS FROM `blog_article` [ RunTime:0.002302s ]
SQL: SELECT * FROM `blog_article` WHERE ( id =121 ) LIMIT 1   [ RunTime:0.000267s ]

[ 2014-09-17T21:47:43+08:00 ] 127.0.0.1 /myblog/index.php/Mainajax/getArticle
INFO: [ route_check ] --START--
INFO: CheckRoute Behavior ::run [ RunTime:0.001217s ]
INFO: [ route_check ] --END-- [ RunTime:0.001324s ]
INFO: [ app_begin ] --START--
INFO: ReadHtmlCache Behavior ::run [ RunTime:0.000839s ]
INFO: [ app_begin ] --END-- [ RunTime:0.000914s ]
SQL: SHOW COLUMNS FROM `blog_article` [ RunTime:0.002558s ]
SQL: SELECT * FROM `blog_article` WHERE ( id =121 ) LIMIT 1   [ RunTime:0.000240s ]

[ 2014-09-17T21:47:43+08:00 ] 127.0.0.1 /myblog/index.php/Mainajax/getArticle
INFO: [ route_check ] --START--
INFO: CheckRoute Behavior ::run [ RunTime:0.000762s ]
INFO: [ route_check ] --END-- [ RunTime:0.000854s ]
INFO: [ app_begin ] --START--
INFO: ReadHtmlCache Behavior ::run [ RunTime:0.000538s ]
INFO: [ app_begin ] --END-- [ RunTime:0.000582s ]
SQL: SHOW COLUMNS FROM `blog_article` [ RunTime:0.003817s ]
SQL: SELECT * FROM `blog_article` WHERE ( id =121 ) LIMIT 1   [ RunTime:0.000377s ]

[ 2014-09-17T21:47:43+08:00 ] 127.0.0.1 /myblog/index.php/Mainajax/getArticle
INFO: [ route_check ] --START--
INFO: CheckRoute Behavior ::run [ RunTime:0.000945s ]
INFO: [ route_check ] --END-- [ RunTime:0.001032s ]
INFO: [ app_begin ] --START--
INFO: ReadHtmlCache Behavior ::run [ RunTime:0.000679s ]
INFO: [ app_begin ] --END-- [ RunTime:0.000741s ]
SQL: SHOW COLUMNS FROM `blog_article` [ RunTime:0.003011s ]
SQL: SELECT * FROM `blog_article` WHERE ( id =121 ) LIMIT 1   [ RunTime:0.000267s ]

[ 2014-09-17T21:47:45+08:00 ] 127.0.0.1 /myblog/index.php/Mainajax/getArticle
INFO: [ route_check ] --START--
INFO: CheckRoute Behavior ::run [ RunTime:0.001027s ]
INFO: [ route_check ] --END-- [ RunTime:0.001121s ]
INFO: [ app_begin ] --START--
INFO: ReadHtmlCache Behavior ::run [ RunTime:0.000746s ]
INFO: [ app_begin ] --END-- [ RunTime:0.000810s ]
SQL: SHOW COLUMNS FROM `blog_article` [ RunTime:0.002378s ]
SQL: SELECT * FROM `blog_article` WHERE ( id =121 ) LIMIT 1   [ RunTime:0.000234s ]

[ 2014-09-17T21:47:45+08:00 ] 127.0.0.1 /myblog/index.php/Mainajax/getArticle
INFO: [ route_check ] --START--
INFO: CheckRoute Behavior ::run [ RunTime:0.000878s ]
INFO: [ route_check ] --END-- [ RunTime:0.000958s ]
INFO: [ app_begin ] --START--
INFO: ReadHtmlCache Behavior ::run [ RunTime:0.000614s ]
INFO: [ app_begin ] --END-- [ RunTime:0.000665s ]
SQL: SHOW COLUMNS FROM `blog_article` [ RunTime:0.003232s ]
SQL: SELECT * FROM `blog_article` WHERE ( id =121 ) LIMIT 1   [ RunTime:0.000308s ]

[ 2014-09-17T21:47:47+08:00 ] 127.0.0.1 /myblog/index.php/Mainajax/getArticle
INFO: [ route_check ] --START--
INFO: CheckRoute Behavior ::run [ RunTime:0.000599s ]
INFO: [ route_check ] --END-- [ RunTime:0.000654s ]
INFO: [ app_begin ] --START--
INFO: ReadHtmlCache Behavior ::run [ RunTime:0.000418s ]
INFO: [ app_begin ] --END-- [ RunTime:0.000453s ]
SQL: SHOW COLUMNS FROM `blog_article` [ RunTime:0.002249s ]
SQL: SELECT * FROM `blog_article` WHERE ( id =121 ) LIMIT 1   [ RunTime:0.000227s ]

[ 2014-09-17T21:47:47+08:00 ] 127.0.0.1 /myblog/index.php/Mainajax/getArticle
INFO: [ route_check ] --START--
INFO: CheckRoute Behavior ::run [ RunTime:0.001134s ]
INFO: [ route_check ] --END-- [ RunTime:0.001247s ]
INFO: [ app_begin ] --START--
INFO: ReadHtmlCache Behavior ::run [ RunTime:0.000798s ]
INFO: [ app_begin ] --END-- [ RunTime:0.000871s ]
SQL: SHOW COLUMNS FROM `blog_article` [ RunTime:0.002213s ]
SQL: SELECT * FROM `blog_article` WHERE ( id =121 ) LIMIT 1   [ RunTime:0.000233s ]

[ 2014-09-17T21:49:41+08:00 ] 192.168.1.102 /myblog/
INFO: [ app_begin ] --START--
INFO: ReadHtmlCache Behavior ::run [ RunTime:0.001565s ]
INFO: [ app_begin ] --END-- [ RunTime:0.001718s ]
SQL: SHOW COLUMNS FROM `blog_index_config` [ RunTime:0.008139s ]
SQL: SELECT `value` FROM `blog_index_config` WHERE ( type='index_bgimg' and uid =1 and display = 1 ) LIMIT 1   [ RunTime:0.000762s ]
SQL: SELECT * FROM `blog_index_config` WHERE ( type='index_bgmusic' and uid =1 and display = 1 )  [ RunTime:0.000734s ]
SQL: SHOW COLUMNS FROM `blog_article` [ RunTime:0.005135s ]
SQL: SELECT * FROM `blog_article`  [ RunTime:0.000318s ]
INFO: [ view_parse ] --START--
NOTIC: [8] Undefined index: index D:\myweb\myblog\flash\home\Runtime\Cache\8a60bc00bb0f3a8e4f280ed2c1b4fc86.php 第 36 行.
INFO: ParseTemplate Behavior ::run [ RunTime:0.014121s ]
INFO: [ view_parse ] --END-- [ RunTime:0.014202s ]
INFO: [ view_filter ] --START--
INFO: ContentReplace Behavior ::run [ RunTime:0.000695s ]
INFO: TokenBuild Behavior ::run [ RunTime:0.000668s ]
INFO: WriteHtmlCache Behavior ::run [ RunTime:0.000537s ]
INFO: ShowRuntime Behavior ::run [ RunTime:0.000784s ]
INFO: [ view_filter ] --END-- [ RunTime:0.002885s ]
INFO: [ view_end ] --START--
INFO: ShowPageTrace Behavior ::run [ RunTime:0.000932s ]
INFO: [ view_end ] --END-- [ RunTime:0.001001s ]

[ 2014-09-17T21:49:51+08:00 ] 192.168.1.102 /myblog/
INFO: [ app_begin ] --START--
INFO: ReadHtmlCache Behavior ::run [ RunTime:0.000660s ]
INFO: [ app_begin ] --END-- [ RunTime:0.000735s ]
SQL: SHOW COLUMNS FROM `blog_index_config` [ RunTime:0.002868s ]
SQL: SELECT `value` FROM `blog_index_config` WHERE ( type='index_bgimg' and uid =1 and display = 1 ) LIMIT 1   [ RunTime:0.000298s ]
SQL: SELECT * FROM `blog_index_config` WHERE ( type='index_bgmusic' and uid =1 and display = 1 )  [ RunTime:0.000251s ]
SQL: SHOW COLUMNS FROM `blog_article` [ RunTime:0.002665s ]
SQL: SELECT * FROM `blog_article`  [ RunTime:0.000211s ]
INFO: [ view_parse ] --START--
NOTIC: [8] Undefined index: index D:\myweb\myblog\flash\home\Runtime\Cache\8a60bc00bb0f3a8e4f280ed2c1b4fc86.php 第 36 行.
INFO: ParseTemplate Behavior ::run [ RunTime:0.007779s ]
INFO: [ view_parse ] --END-- [ RunTime:0.007831s ]
INFO: [ view_filter ] --START--
INFO: ContentReplace Behavior ::run [ RunTime:0.000315s ]
INFO: TokenBuild Behavior ::run [ RunTime:0.000298s ]
INFO: WriteHtmlCache Behavior ::run [ RunTime:0.000216s ]
INFO: ShowRuntime Behavior ::run [ RunTime:0.000350s ]
INFO: [ view_filter ] --END-- [ RunTime:0.001288s ]
INFO: [ view_end ] --START--
INFO: ShowPageTrace Behavior ::run [ RunTime:0.000441s ]
INFO: [ view_end ] --END-- [ RunTime:0.000478s ]

[ 2014-09-17T21:52:56+08:00 ] 127.0.0.1 /myblog/
INFO: [ app_begin ] --START--
INFO: ReadHtmlCache Behavior ::run [ RunTime:0.000524s ]
INFO: [ app_begin ] --END-- [ RunTime:0.000598s ]
SQL: SHOW COLUMNS FROM `blog_index_config` [ RunTime:0.009670s ]
SQL: SELECT `value` FROM `blog_index_config` WHERE ( type='index_bgimg' and uid =1 and display = 1 ) LIMIT 1   [ RunTime:0.000749s ]
SQL: SELECT * FROM `blog_index_config` WHERE ( type='index_bgmusic' and uid =1 and display = 1 )  [ RunTime:0.000689s ]
SQL: SHOW COLUMNS FROM `blog_article` [ RunTime:0.008942s ]
SQL: SELECT * FROM `blog_article`  [ RunTime:0.000673s ]
INFO: [ view_parse ] --START--
NOTIC: [8] Undefined index: index D:\myweb\myblog\flash\home\Runtime\Cache\8a60bc00bb0f3a8e4f280ed2c1b4fc86.php 第 36 行.
INFO: ParseTemplate Behavior ::run [ RunTime:0.017780s ]
INFO: [ view_parse ] --END-- [ RunTime:0.017900s ]
INFO: [ view_filter ] --START--
INFO: ContentReplace Behavior ::run [ RunTime:0.000759s ]
INFO: TokenBuild Behavior ::run [ RunTime:0.000673s ]
INFO: WriteHtmlCache Behavior ::run [ RunTime:0.000540s ]
INFO: ShowRuntime Behavior ::run [ RunTime:0.000776s ]
INFO: [ view_filter ] --END-- [ RunTime:0.002951s ]
INFO: [ view_end ] --START--
INFO: ShowPageTrace Behavior ::run [ RunTime:0.000926s ]
INFO: [ view_end ] --END-- [ RunTime:0.000993s ]

[ 2014-09-17T21:53:20+08:00 ] 127.0.0.1 /myblog/index.php/Mainajax/getArticle
INFO: [ route_check ] --START--
INFO: CheckRoute Behavior ::run [ RunTime:0.000645s ]
INFO: [ route_check ] --END-- [ RunTime:0.000700s ]
INFO: [ app_begin ] --START--
INFO: ReadHtmlCache Behavior ::run [ RunTime:0.000416s ]
INFO: [ app_begin ] --END-- [ RunTime:0.000452s ]
SQL: SHOW COLUMNS FROM `blog_article` [ RunTime:0.002345s ]
SQL: SELECT * FROM `blog_article` WHERE ( id =121 ) LIMIT 1   [ RunTime:0.000248s ]

[ 2014-09-17T21:53:24+08:00 ] 127.0.0.1 /myblog/index.php/Mainajax/getArticle
INFO: [ route_check ] --START--
INFO: CheckRoute Behavior ::run [ RunTime:0.000969s ]
INFO: [ route_check ] --END-- [ RunTime:0.001060s ]
INFO: [ app_begin ] --START--
INFO: ReadHtmlCache Behavior ::run [ RunTime:0.000658s ]
INFO: [ app_begin ] --END-- [ RunTime:0.000719s ]
SQL: SHOW COLUMNS FROM `blog_article` [ RunTime:0.004169s ]
SQL: SELECT * FROM `blog_article` WHERE ( id =120 ) LIMIT 1   [ RunTime:0.000388s ]

[ 2014-09-17T21:54:37+08:00 ] 127.0.0.1 /myblog/index.php/Mainajax/addArticle
INFO: [ route_check ] --START--
INFO: CheckRoute Behavior ::run [ RunTime:0.001089s ]
INFO: [ route_check ] --END-- [ RunTime:0.001184s ]
INFO: [ app_begin ] --START--
INFO: ReadHtmlCache Behavior ::run [ RunTime:0.000762s ]
INFO: [ app_begin ] --END-- [ RunTime:0.000825s ]
NOTIC: [8] Undefined index: subject D:\myweb\myblog\flash\home\Lib\Action\MainajaxAction.class.php 第 18 行.
NOTIC: [8] Undefined index: author D:\myweb\myblog\flash\home\Lib\Action\MainajaxAction.class.php 第 21 行.
SQL: SHOW COLUMNS FROM `blog_article` [ RunTime:0.004310s ]
SQL: INSERT INTO `blog_article` (`subject`,`content`,`weather`,`time`,`author`) VALUES ('2014-09-17 21:54:37日记','<ul><li>今天是个好日子来啊来</li><li>到底是个什么号日子</li><li>你猜啊猜</li><li>\n\n        <br></li></ul>','多云.22℃.东北风微风',1410962077,'匿名') [ RunTime:0.072993s ]

[ 2014-09-17T21:54:41+08:00 ] 127.0.0.1 /myblog/index.php/Mainajax/getArticle
INFO: [ route_check ] --START--
INFO: CheckRoute Behavior ::run [ RunTime:0.002153s ]
INFO: [ route_check ] --END-- [ RunTime:0.002371s ]
INFO: [ app_begin ] --START--
INFO: ReadHtmlCache Behavior ::run [ RunTime:0.000830s ]
INFO: [ app_begin ] --END-- [ RunTime:0.000923s ]
SQL: SHOW COLUMNS FROM `blog_article` [ RunTime:0.004271s ]
SQL: SELECT * FROM `blog_article` WHERE ( id =122 ) LIMIT 1   [ RunTime:0.000376s ]

[ 2014-09-17T21:54:47+08:00 ] 127.0.0.1 /myblog/index.php/Mainajax/getArticle
INFO: [ route_check ] --START--
INFO: CheckRoute Behavior ::run [ RunTime:0.001075s ]
INFO: [ route_check ] --END-- [ RunTime:0.001172s ]
INFO: [ app_begin ] --START--
INFO: ReadHtmlCache Behavior ::run [ RunTime:0.000757s ]
INFO: [ app_begin ] --END-- [ RunTime:0.000821s ]
SQL: SHOW COLUMNS FROM `blog_article` [ RunTime:0.004512s ]
SQL: SELECT * FROM `blog_article` WHERE ( id =121 ) LIMIT 1   [ RunTime:0.000373s ]

[ 2014-09-17T21:54:49+08:00 ] 127.0.0.1 /myblog/index.php/Mainajax/getArticle
INFO: [ route_check ] --START--
INFO: CheckRoute Behavior ::run [ RunTime:0.001298s ]
INFO: [ route_check ] --END-- [ RunTime:0.001410s ]
INFO: [ app_begin ] --START--
INFO: ReadHtmlCache Behavior ::run [ RunTime:0.001031s ]
INFO: [ app_begin ] --END-- [ RunTime:0.001113s ]
SQL: SHOW COLUMNS FROM `blog_article` [ RunTime:0.003744s ]
SQL: SELECT * FROM `blog_article` WHERE ( id =120 ) LIMIT 1   [ RunTime:0.000306s ]

[ 2014-09-17T21:54:50+08:00 ] 127.0.0.1 /myblog/index.php/Mainajax/getArticle
INFO: [ route_check ] --START--
INFO: CheckRoute Behavior ::run [ RunTime:0.001800s ]
INFO: [ route_check ] --END-- [ RunTime:0.001950s ]
INFO: [ app_begin ] --START--
INFO: ReadHtmlCache Behavior ::run [ RunTime:0.001248s ]
INFO: [ app_begin ] --END-- [ RunTime:0.001356s ]
SQL: SHOW COLUMNS FROM `blog_article` [ RunTime:0.004183s ]
SQL: SELECT * FROM `blog_article` WHERE ( id =122 ) LIMIT 1   [ RunTime:0.000393s ]

[ 2014-09-17T21:54:54+08:00 ] 127.0.0.1 /myblog/index.php/Mainajax/getArticle
INFO: [ route_check ] --START--
INFO: CheckRoute Behavior ::run [ RunTime:0.001242s ]
INFO: [ route_check ] --END-- [ RunTime:0.001345s ]
INFO: [ app_begin ] --START--
INFO: ReadHtmlCache Behavior ::run [ RunTime:0.000879s ]
INFO: [ app_begin ] --END-- [ RunTime:0.000949s ]
SQL: SHOW COLUMNS FROM `blog_article` [ RunTime:0.005057s ]
SQL: SELECT * FROM `blog_article` WHERE ( id =121 ) LIMIT 1   [ RunTime:0.000407s ]

[ 2014-09-17T21:54:55+08:00 ] 127.0.0.1 /myblog/index.php/Mainajax/getArticle
INFO: [ route_check ] --START--
INFO: CheckRoute Behavior ::run [ RunTime:0.000929s ]
INFO: [ route_check ] --END-- [ RunTime:0.001016s ]
INFO: [ app_begin ] --START--
INFO: ReadHtmlCache Behavior ::run [ RunTime:0.000677s ]
INFO: [ app_begin ] --END-- [ RunTime:0.000735s ]
SQL: SHOW COLUMNS FROM `blog_article` [ RunTime:0.003898s ]
SQL: SELECT * FROM `blog_article` WHERE ( id =122 ) LIMIT 1   [ RunTime:0.000361s ]

[ 2014-09-17T21:55:05+08:00 ] 127.0.0.1 /myblog/index.php/Mainajax/addArticle
INFO: [ route_check ] --START--
INFO: CheckRoute Behavior ::run [ RunTime:0.000976s ]
INFO: [ route_check ] --END-- [ RunTime:0.001057s ]
INFO: [ app_begin ] --START--
INFO: ReadHtmlCache Behavior ::run [ RunTime:0.000653s ]
INFO: [ app_begin ] --END-- [ RunTime:0.000708s ]
NOTIC: [8] Undefined index: subject D:\myweb\myblog\flash\home\Lib\Action\MainajaxAction.class.php 第 18 行.
NOTIC: [8] Undefined index: author D:\myweb\myblog\flash\home\Lib\Action\MainajaxAction.class.php 第 21 行.
SQL: SHOW COLUMNS FROM `blog_article` [ RunTime:0.003737s ]
SQL: INSERT INTO `blog_article` (`subject`,`content`,`weather`,`time`,`author`) VALUES ('2014-09-17 21:55:05日记','发送报告哈哈拍几个空房间隔壁','多云.22℃.东北风微风',1410962105,'匿名') [ RunTime:0.066263s ]

[ 2014-09-17T21:55:07+08:00 ] 127.0.0.1 /myblog/index.php/Mainajax/getArticle
INFO: [ route_check ] --START--
INFO: CheckRoute Behavior ::run [ RunTime:0.001392s ]
INFO: [ route_check ] --END-- [ RunTime:0.001512s ]
INFO: [ app_begin ] --START--
INFO: ReadHtmlCache Behavior ::run [ RunTime:0.001091s ]
INFO: [ app_begin ] --END-- [ RunTime:0.001181s ]
SQL: SHOW COLUMNS FROM `blog_article` [ RunTime:0.005471s ]
SQL: SELECT * FROM `blog_article` WHERE ( id =123 ) LIMIT 1   [ RunTime:0.000298s ]

[ 2014-09-17T21:55:32+08:00 ] 127.0.0.1 /myblog/index.php/Mainajax/getArticle
INFO: [ route_check ] --START--
INFO: CheckRoute Behavior ::run [ RunTime:0.001162s ]
INFO: [ route_check ] --END-- [ RunTime:0.001257s ]
INFO: [ app_begin ] --START--
INFO: ReadHtmlCache Behavior ::run [ RunTime:0.000830s ]
INFO: [ app_begin ] --END-- [ RunTime:0.000900s ]
SQL: SHOW COLUMNS FROM `blog_article` [ RunTime:0.004127s ]
SQL: SELECT * FROM `blog_article` WHERE ( id =123 ) LIMIT 1   [ RunTime:0.000247s ]

[ 2014-09-17T21:55:34+08:00 ] 127.0.0.1 /myblog/index.php/Mainajax/getArticle
INFO: [ route_check ] --START--
INFO: CheckRoute Behavior ::run [ RunTime:0.001071s ]
INFO: [ route_check ] --END-- [ RunTime:0.001162s ]
INFO: [ app_begin ] --START--
INFO: ReadHtmlCache Behavior ::run [ RunTime:0.000748s ]
INFO: [ app_begin ] --END-- [ RunTime:0.000813s ]
SQL: SHOW COLUMNS FROM `blog_article` [ RunTime:0.004125s ]
SQL: SELECT * FROM `blog_article` WHERE ( id =122 ) LIMIT 1   [ RunTime:0.000370s ]

[ 2014-09-17T21:55:35+08:00 ] 127.0.0.1 /myblog/index.php/Mainajax/getArticle
INFO: [ route_check ] --START--
INFO: CheckRoute Behavior ::run [ RunTime:0.001123s ]
INFO: [ route_check ] --END-- [ RunTime:0.001228s ]
INFO: [ app_begin ] --START--
INFO: ReadHtmlCache Behavior ::run [ RunTime:0.000759s ]
INFO: [ app_begin ] --END-- [ RunTime:0.000831s ]
SQL: SHOW COLUMNS FROM `blog_article` [ RunTime:0.003214s ]
SQL: SELECT * FROM `blog_article` WHERE ( id =123 ) LIMIT 1   [ RunTime:0.000234s ]

[ 2014-09-17T21:55:55+08:00 ] 127.0.0.1 /myblog/index.php/Mainajax/getArticle
INFO: [ route_check ] --START--
INFO: CheckRoute Behavior ::run [ RunTime:0.001350s ]
INFO: [ route_check ] --END-- [ RunTime:0.001473s ]
INFO: [ app_begin ] --START--
INFO: ReadHtmlCache Behavior ::run [ RunTime:0.000995s ]
INFO: [ app_begin ] --END-- [ RunTime:0.001079s ]
SQL: SHOW COLUMNS FROM `blog_article` [ RunTime:0.003223s ]
SQL: SELECT * FROM `blog_article` WHERE ( id =123 ) LIMIT 1   [ RunTime:0.000290s ]

[ 2014-09-17T21:55:58+08:00 ] 127.0.0.1 /myblog/index.php/Mainajax/getArticle
INFO: [ route_check ] --START--
INFO: CheckRoute Behavior ::run [ RunTime:0.001357s ]
INFO: [ route_check ] --END-- [ RunTime:0.001476s ]
INFO: [ app_begin ] --START--
INFO: ReadHtmlCache Behavior ::run [ RunTime:0.000970s ]
INFO: [ app_begin ] --END-- [ RunTime:0.001054s ]
SQL: SHOW COLUMNS FROM `blog_article` [ RunTime:0.002904s ]
SQL: SELECT * FROM `blog_article` WHERE ( id =122 ) LIMIT 1   [ RunTime:0.000259s ]

[ 2014-09-17T21:55:59+08:00 ] 127.0.0.1 /myblog/index.php/Mainajax/getArticle
INFO: [ route_check ] --START--
INFO: CheckRoute Behavior ::run [ RunTime:0.000764s ]
INFO: [ route_check ] --END-- [ RunTime:0.000838s ]
INFO: [ app_begin ] --START--
INFO: ReadHtmlCache Behavior ::run [ RunTime:0.000597s ]
INFO: [ app_begin ] --END-- [ RunTime:0.000647s ]
SQL: SHOW COLUMNS FROM `blog_article` [ RunTime:0.003497s ]
SQL: SELECT * FROM `blog_article` WHERE ( id =120 ) LIMIT 1   [ RunTime:0.000348s ]

[ 2014-09-17T21:56:05+08:00 ] 127.0.0.1 /myblog/index.php/Mainajax/getArticle
INFO: [ route_check ] --START--
INFO: CheckRoute Behavior ::run [ RunTime:0.001199s ]
INFO: [ route_check ] --END-- [ RunTime:0.001301s ]
INFO: [ app_begin ] --START--
INFO: ReadHtmlCache Behavior ::run [ RunTime:0.000849s ]
INFO: [ app_begin ] --END-- [ RunTime:0.000923s ]
SQL: SHOW COLUMNS FROM `blog_article` [ RunTime:0.004785s ]
SQL: SELECT * FROM `blog_article` WHERE ( id =123 ) LIMIT 1   [ RunTime:0.000428s ]

[ 2014-09-17T21:56:07+08:00 ] 127.0.0.1 /myblog/index.php/Mainajax/getArticle
INFO: [ route_check ] --START--
INFO: CheckRoute Behavior ::run [ RunTime:0.000574s ]
INFO: [ route_check ] --END-- [ RunTime:0.000623s ]
INFO: [ app_begin ] --START--
INFO: ReadHtmlCache Behavior ::run [ RunTime:0.000416s ]
INFO: [ app_begin ] --END-- [ RunTime:0.000449s ]
SQL: SHOW COLUMNS FROM `blog_article` [ RunTime:0.002111s ]
SQL: SELECT * FROM `blog_article` WHERE ( id =123 ) LIMIT 1   [ RunTime:0.000197s ]

[ 2014-09-17T21:56:08+08:00 ] 127.0.0.1 /myblog/index.php/Mainajax/getArticle
INFO: [ route_check ] --START--
INFO: CheckRoute Behavior ::run [ RunTime:0.001088s ]
INFO: [ route_check ] --END-- [ RunTime:0.001178s ]
INFO: [ app_begin ] --START--
INFO: ReadHtmlCache Behavior ::run [ RunTime:0.000759s ]
INFO: [ app_begin ] --END-- [ RunTime:0.000823s ]
SQL: SHOW COLUMNS FROM `blog_article` [ RunTime:0.004154s ]
SQL: SELECT * FROM `blog_article` WHERE ( id =123 ) LIMIT 1   [ RunTime:0.000391s ]

[ 2014-09-17T21:57:15+08:00 ] 127.0.0.1 /myblog/
INFO: [ app_begin ] --START--
INFO: ReadHtmlCache Behavior ::run [ RunTime:0.000658s ]
INFO: [ app_begin ] --END-- [ RunTime:0.000738s ]
SQL: SHOW COLUMNS FROM `blog_index_config` [ RunTime:0.003488s ]
SQL: SELECT `value` FROM `blog_index_config` WHERE ( type='index_bgimg' and uid =1 and display = 1 ) LIMIT 1   [ RunTime:0.000317s ]
SQL: SELECT * FROM `blog_index_config` WHERE ( type='index_bgmusic' and uid =1 and display = 1 )  [ RunTime:0.000240s ]
SQL: SHOW COLUMNS FROM `blog_article` [ RunTime:0.002829s ]
SQL: SELECT * FROM `blog_article`  [ RunTime:0.000239s ]
INFO: [ view_parse ] --START--
NOTIC: [8] Undefined index: index D:\myweb\myblog\flash\home\Runtime\Cache\8a60bc00bb0f3a8e4f280ed2c1b4fc86.php 第 36 行.
INFO: ParseTemplate Behavior ::run [ RunTime:0.010249s ]
INFO: [ view_parse ] --END-- [ RunTime:0.010312s ]
INFO: [ view_filter ] --START--
INFO: ContentReplace Behavior ::run [ RunTime:0.000556s ]
INFO: TokenBuild Behavior ::run [ RunTime:0.000530s ]
INFO: WriteHtmlCache Behavior ::run [ RunTime:0.000380s ]
INFO: ShowRuntime Behavior ::run [ RunTime:0.000596s ]
INFO: [ view_filter ] --END-- [ RunTime:0.002202s ]
INFO: [ view_end ] --START--
INFO: ShowPageTrace Behavior ::run [ RunTime:0.000748s ]
INFO: [ view_end ] --END-- [ RunTime:0.000813s ]

[ 2014-09-17T22:05:21+08:00 ] 127.0.0.1 /myblog/index.php/Mainajax/getArticle
INFO: [ route_check ] --START--
INFO: CheckRoute Behavior ::run [ RunTime:0.001091s ]
INFO: [ route_check ] --END-- [ RunTime:0.001176s ]
INFO: [ app_begin ] --START--
INFO: ReadHtmlCache Behavior ::run [ RunTime:0.000720s ]
INFO: [ app_begin ] --END-- [ RunTime:0.000778s ]
SQL: SHOW COLUMNS FROM `blog_article` [ RunTime:0.002844s ]
SQL: SELECT * FROM `blog_article` WHERE ( id =123 ) LIMIT 1   [ RunTime:0.000249s ]

[ 2014-09-17T22:05:22+08:00 ] 127.0.0.1 /myblog/index.php/Mainajax/getArticle
INFO: [ route_check ] --START--
INFO: CheckRoute Behavior ::run [ RunTime:0.000666s ]
INFO: [ route_check ] --END-- [ RunTime:0.000723s ]
INFO: [ app_begin ] --START--
INFO: ReadHtmlCache Behavior ::run [ RunTime:0.000433s ]
INFO: [ app_begin ] --END-- [ RunTime:0.000478s ]
SQL: SHOW COLUMNS FROM `blog_article` [ RunTime:0.002351s ]
SQL: SELECT * FROM `blog_article` WHERE ( id =122 ) LIMIT 1   [ RunTime:0.000212s ]

[ 2014-09-17T22:05:24+08:00 ] 127.0.0.1 /myblog/index.php/Mainajax/getArticle
INFO: [ route_check ] --START--
INFO: CheckRoute Behavior ::run [ RunTime:0.001238s ]
INFO: [ route_check ] --END-- [ RunTime:0.001287s ]
INFO: [ app_begin ] --START--
INFO: ReadHtmlCache Behavior ::run [ RunTime:0.000333s ]
INFO: [ app_begin ] --END-- [ RunTime:0.000364s ]
SQL: SHOW COLUMNS FROM `blog_article` [ RunTime:0.002739s ]
SQL: SELECT * FROM `blog_article` WHERE ( id =123 ) LIMIT 1   [ RunTime:0.000223s ]

[ 2014-09-17T22:05:25+08:00 ] 127.0.0.1 /myblog/index.php/Mainajax/getArticle
INFO: [ route_check ] --START--
INFO: CheckRoute Behavior ::run [ RunTime:0.000663s ]
INFO: [ route_check ] --END-- [ RunTime:0.000725s ]
INFO: [ app_begin ] --START--
INFO: ReadHtmlCache Behavior ::run [ RunTime:0.000492s ]
INFO: [ app_begin ] --END-- [ RunTime:0.000533s ]
SQL: SHOW COLUMNS FROM `blog_article` [ RunTime:0.002802s ]
SQL: SELECT * FROM `blog_article` WHERE ( id =122 ) LIMIT 1   [ RunTime:0.000237s ]

[ 2014-09-17T22:05:26+08:00 ] 127.0.0.1 /myblog/index.php/Mainajax/getArticle
INFO: [ route_check ] --START--
INFO: CheckRoute Behavior ::run [ RunTime:0.000609s ]
INFO: [ route_check ] --END-- [ RunTime:0.000671s ]
INFO: [ app_begin ] --START--
INFO: ReadHtmlCache Behavior ::run [ RunTime:0.000417s ]
INFO: [ app_begin ] --END-- [ RunTime:0.000458s ]
SQL: SHOW COLUMNS FROM `blog_article` [ RunTime:0.002722s ]
SQL: SELECT * FROM `blog_article` WHERE ( id =123 ) LIMIT 1   [ RunTime:0.000237s ]

[ 2014-09-17T22:05:27+08:00 ] 127.0.0.1 /myblog/index.php/Mainajax/getArticle
INFO: [ route_check ] --START--
INFO: CheckRoute Behavior ::run [ RunTime:0.000564s ]
INFO: [ route_check ] --END-- [ RunTime:0.000621s ]
INFO: [ app_begin ] --START--
INFO: ReadHtmlCache Behavior ::run [ RunTime:0.000367s ]
INFO: [ app_begin ] --END-- [ RunTime:0.000400s ]
SQL: SHOW COLUMNS FROM `blog_article` [ RunTime:0.002413s ]
SQL: SELECT * FROM `blog_article` WHERE ( id =122 ) LIMIT 1   [ RunTime:0.000223s ]

[ 2014-09-17T22:05:27+08:00 ] 127.0.0.1 /myblog/index.php/Mainajax/getArticle
INFO: [ route_check ] --START--
INFO: CheckRoute Behavior ::run [ RunTime:0.000752s ]
INFO: [ route_check ] --END-- [ RunTime:0.000802s ]
INFO: [ app_begin ] --START--
INFO: ReadHtmlCache Behavior ::run [ RunTime:0.000334s ]
INFO: [ app_begin ] --END-- [ RunTime:0.000365s ]
SQL: SHOW COLUMNS FROM `blog_article` [ RunTime:0.002264s ]
SQL: SELECT * FROM `blog_article` WHERE ( id =123 ) LIMIT 1   [ RunTime:0.000228s ]

[ 2014-09-17T22:05:30+08:00 ] 127.0.0.1 /myblog/index.php/Mainajax/getArticle
INFO: [ route_check ] --START--
INFO: CheckRoute Behavior ::run [ RunTime:0.000490s ]
INFO: [ route_check ] --END-- [ RunTime:0.000536s ]
INFO: [ app_begin ] --START--
INFO: ReadHtmlCache Behavior ::run [ RunTime:0.000338s ]
INFO: [ app_begin ] --END-- [ RunTime:0.000370s ]
SQL: SHOW COLUMNS FROM `blog_article` [ RunTime:0.002484s ]
SQL: SELECT * FROM `blog_article` WHERE ( id =122 ) LIMIT 1   [ RunTime:0.000208s ]

[ 2014-09-17T22:05:34+08:00 ] 127.0.0.1 /myblog/index.php/Mainajax/getArticle
INFO: [ route_check ] --START--
INFO: CheckRoute Behavior ::run [ RunTime:0.000561s ]
INFO: [ route_check ] --END-- [ RunTime:0.000610s ]
INFO: [ app_begin ] --START--
INFO: ReadHtmlCache Behavior ::run [ RunTime:0.000382s ]
INFO: [ app_begin ] --END-- [ RunTime:0.000413s ]
SQL: SHOW COLUMNS FROM `blog_article` [ RunTime:0.002371s ]
SQL: SELECT * FROM `blog_article` WHERE ( id =120 ) LIMIT 1   [ RunTime:0.000211s ]

[ 2014-09-17T22:05:35+08:00 ] 127.0.0.1 /myblog/index.php/Mainajax/getArticle
INFO: [ route_check ] --START--
INFO: CheckRoute Behavior ::run [ RunTime:0.000615s ]
INFO: [ route_check ] --END-- [ RunTime:0.000681s ]
INFO: [ app_begin ] --START--
INFO: ReadHtmlCache Behavior ::run [ RunTime:0.000410s ]
INFO: [ app_begin ] --END-- [ RunTime:0.000450s ]
SQL: SHOW COLUMNS FROM `blog_article` [ RunTime:0.002358s ]
SQL: SELECT * FROM `blog_article` WHERE ( id =121 ) LIMIT 1   [ RunTime:0.000210s ]

[ 2014-09-17T22:05:36+08:00 ] 127.0.0.1 /myblog/index.php/Mainajax/getArticle
INFO: [ route_check ] --START--
INFO: CheckRoute Behavior ::run [ RunTime:0.000587s ]
INFO: [ route_check ] --END-- [ RunTime:0.000644s ]
INFO: [ app_begin ] --START--
INFO: ReadHtmlCache Behavior ::run [ RunTime:0.000387s ]
INFO: [ app_begin ] --END-- [ RunTime:0.000421s ]
SQL: SHOW COLUMNS FROM `blog_article` [ RunTime:0.002388s ]
SQL: SELECT * FROM `blog_article` WHERE ( id =122 ) LIMIT 1   [ RunTime:0.000272s ]

