[ 2014-09-21T15:13:00+08:00 ] 127.0.0.1 /yanandyan/
INFO: [ app_begin ] --START--
INFO: ReadHtmlCache Behavior ::run [ RunTime:0.001075s ]
INFO: [ app_begin ] --END-- [ RunTime:0.001169s ]
SQL: SHOW COLUMNS FROM `blog_index_config` [ RunTime:0.014856s ]
SQL: SELECT `value` FROM `blog_index_config` WHERE ( type='index_bgimg' and uid =1 and display = 1 ) LIMIT 1   [ RunTime:0.000374s ]
SQL: SELECT * FROM `blog_index_config` WHERE ( type='index_bgmusic' and uid =1 and display = 1 )  [ RunTime:0.000374s ]
SQL: SHOW COLUMNS FROM `blog_article` [ RunTime:0.004320s ]
SQL: SELECT * FROM `blog_article`  [ RunTime:0.000357s ]
INFO: [ view_parse ] --START--
INFO: ParseTemplate Behavior ::run [ RunTime:0.018633s ]
INFO: [ view_parse ] --END-- [ RunTime:0.018735s ]
INFO: [ view_filter ] --START--
INFO: ContentReplace Behavior ::run [ RunTime:0.000733s ]
INFO: TokenBuild Behavior ::run [ RunTime:0.000876s ]
INFO: WriteHtmlCache Behavior ::run [ RunTime:0.000696s ]
INFO: ShowRuntime Behavior ::run [ RunTime:0.000835s ]
INFO: [ view_filter ] --END-- [ RunTime:0.003374s ]
INFO: [ view_end ] --START--
INFO: ShowPageTrace Behavior ::run [ RunTime:0.001005s ]
INFO: [ view_end ] --END-- [ RunTime:0.001074s ]

[ 2014-09-21T15:16:17+08:00 ] 127.0.0.1 /yanandyan/
INFO: [ app_begin ] --START--
INFO: ReadHtmlCache Behavior ::run [ RunTime:0.000638s ]
INFO: [ app_begin ] --END-- [ RunTime:0.000712s ]
SQL: SHOW COLUMNS FROM `blog_index_config` [ RunTime:0.005306s ]
SQL: SELECT `value` FROM `blog_index_config` WHERE ( type='index_bgimg' and uid =1 and display = 1 ) LIMIT 1   [ RunTime:0.000436s ]
SQL: SELECT * FROM `blog_index_config` WHERE ( type='index_bgmusic' and uid =1 and display = 1 )  [ RunTime:0.000425s ]
SQL: SHOW COLUMNS FROM `blog_article` [ RunTime:0.005032s ]
SQL: SELECT * FROM `blog_article`  [ RunTime:0.000413s ]
INFO: [ view_parse ] --START--
INFO: ParseTemplate Behavior ::run [ RunTime:0.010453s ]
INFO: [ view_parse ] --END-- [ RunTime:0.010547s ]
INFO: [ view_filter ] --START--
INFO: ContentReplace Behavior ::run [ RunTime:0.000507s ]
INFO: TokenBuild Behavior ::run [ RunTime:0.000431s ]
INFO: WriteHtmlCache Behavior ::run [ RunTime:0.000438s ]
INFO: ShowRuntime Behavior ::run [ RunTime:0.000474s ]
INFO: [ view_filter ] --END-- [ RunTime:0.002003s ]
INFO: [ view_end ] --START--
INFO: ShowPageTrace Behavior ::run [ RunTime:0.000706s ]
INFO: [ view_end ] --END-- [ RunTime:0.000756s ]

[ 2014-09-21T15:16:19+08:00 ] 127.0.0.1 /yanandyan/
INFO: [ app_begin ] --START--
INFO: ReadHtmlCache Behavior ::run [ RunTime:0.000872s ]
INFO: [ app_begin ] --END-- [ RunTime:0.000964s ]
SQL: SHOW COLUMNS FROM `blog_index_config` [ RunTime:0.002263s ]
SQL: SELECT `value` FROM `blog_index_config` WHERE ( type='index_bgimg' and uid =1 and display = 1 ) LIMIT 1   [ RunTime:0.000208s ]
SQL: SELECT * FROM `blog_index_config` WHERE ( type='index_bgmusic' and uid =1 and display = 1 )  [ RunTime:0.000156s ]
SQL: SHOW COLUMNS FROM `blog_article` [ RunTime:0.002300s ]
SQL: SELECT * FROM `blog_article`  [ RunTime:0.000183s ]
INFO: [ view_parse ] --START--
INFO: ParseTemplate Behavior ::run [ RunTime:0.004648s ]
INFO: [ view_parse ] --END-- [ RunTime:0.004703s ]
INFO: [ view_filter ] --START--
INFO: ContentReplace Behavior ::run [ RunTime:0.000228s ]
INFO: TokenBuild Behavior ::run [ RunTime:0.000232s ]
INFO: WriteHtmlCache Behavior ::run [ RunTime:0.000184s ]
INFO: ShowRuntime Behavior ::run [ RunTime:0.000283s ]
INFO: [ view_filter ] --END-- [ RunTime:0.001027s ]
INFO: [ view_end ] --START--
INFO: ShowPageTrace Behavior ::run [ RunTime:0.000381s ]
INFO: [ view_end ] --END-- [ RunTime:0.000414s ]

[ 2014-09-21T15:16:19+08:00 ] 127.0.0.1 /yanandyan/
INFO: [ app_begin ] --START--
INFO: ReadHtmlCache Behavior ::run [ RunTime:0.000567s ]
INFO: [ app_begin ] --END-- [ RunTime:0.000639s ]
SQL: SHOW COLUMNS FROM `blog_index_config` [ RunTime:0.004234s ]
SQL: SELECT `value` FROM `blog_index_config` WHERE ( type='index_bgimg' and uid =1 and display = 1 ) LIMIT 1   [ RunTime:0.000358s ]
SQL: SELECT * FROM `blog_index_config` WHERE ( type='index_bgmusic' and uid =1 and display = 1 )  [ RunTime:0.000271s ]
SQL: SHOW COLUMNS FROM `blog_article` [ RunTime:0.003877s ]
SQL: SELECT * FROM `blog_article`  [ RunTime:0.000285s ]
INFO: [ view_parse ] --START--
INFO: ParseTemplate Behavior ::run [ RunTime:0.008226s ]
INFO: [ view_parse ] --END-- [ RunTime:0.008317s ]
INFO: [ view_filter ] --START--
INFO: ContentReplace Behavior ::run [ RunTime:0.000490s ]
INFO: TokenBuild Behavior ::run [ RunTime:0.000536s ]
INFO: WriteHtmlCache Behavior ::run [ RunTime:0.000395s ]
INFO: ShowRuntime Behavior ::run [ RunTime:0.000638s ]
INFO: [ view_filter ] --END-- [ RunTime:0.002224s ]
INFO: [ view_end ] --START--
INFO: ShowPageTrace Behavior ::run [ RunTime:0.000785s ]
INFO: [ view_end ] --END-- [ RunTime:0.000842s ]

[ 2014-09-21T15:16:19+08:00 ] 127.0.0.1 /yanandyan/
INFO: [ app_begin ] --START--
INFO: ReadHtmlCache Behavior ::run [ RunTime:0.001023s ]
INFO: [ app_begin ] --END-- [ RunTime:0.001155s ]
SQL: SHOW COLUMNS FROM `blog_index_config` [ RunTime:0.007015s ]
SQL: SELECT `value` FROM `blog_index_config` WHERE ( type='index_bgimg' and uid =1 and display = 1 ) LIMIT 1   [ RunTime:0.000626s ]
SQL: SELECT * FROM `blog_index_config` WHERE ( type='index_bgmusic' and uid =1 and display = 1 )  [ RunTime:0.000450s ]
SQL: SHOW COLUMNS FROM `blog_article` [ RunTime:0.002953s ]
SQL: SELECT * FROM `blog_article`  [ RunTime:0.000279s ]
INFO: [ view_parse ] --START--
INFO: ParseTemplate Behavior ::run [ RunTime:0.007376s ]
INFO: [ view_parse ] --END-- [ RunTime:0.007455s ]
INFO: [ view_filter ] --START--
INFO: ContentReplace Behavior ::run [ RunTime:0.000341s ]
INFO: TokenBuild Behavior ::run [ RunTime:0.000408s ]
INFO: WriteHtmlCache Behavior ::run [ RunTime:0.000337s ]
INFO: ShowRuntime Behavior ::run [ RunTime:0.000494s ]
INFO: [ view_filter ] --END-- [ RunTime:0.001721s ]
INFO: [ view_end ] --START--
INFO: ShowPageTrace Behavior ::run [ RunTime:0.000605s ]
INFO: [ view_end ] --END-- [ RunTime:0.000651s ]

[ 2014-09-21T15:16:19+08:00 ] 127.0.0.1 /yanandyan/
INFO: [ app_begin ] --START--
INFO: ReadHtmlCache Behavior ::run [ RunTime:0.000353s ]
INFO: [ app_begin ] --END-- [ RunTime:0.000404s ]
SQL: SHOW COLUMNS FROM `blog_index_config` [ RunTime:0.005293s ]
SQL: SELECT `value` FROM `blog_index_config` WHERE ( type='index_bgimg' and uid =1 and display = 1 ) LIMIT 1   [ RunTime:0.000479s ]
SQL: SELECT * FROM `blog_index_config` WHERE ( type='index_bgmusic' and uid =1 and display = 1 )  [ RunTime:0.000421s ]
SQL: SHOW COLUMNS FROM `blog_article` [ RunTime:0.004873s ]
SQL: SELECT * FROM `blog_article`  [ RunTime:0.000476s ]
INFO: [ view_parse ] --START--
INFO: ParseTemplate Behavior ::run [ RunTime:0.010728s ]
INFO: [ view_parse ] --END-- [ RunTime:0.010846s ]
INFO: [ view_filter ] --START--
INFO: ContentReplace Behavior ::run [ RunTime:0.000651s ]
INFO: TokenBuild Behavior ::run [ RunTime:0.000742s ]
INFO: WriteHtmlCache Behavior ::run [ RunTime:0.000433s ]
INFO: ShowRuntime Behavior ::run [ RunTime:0.000748s ]
INFO: [ view_filter ] --END-- [ RunTime:0.002859s ]
INFO: [ view_end ] --START--
INFO: ShowPageTrace Behavior ::run [ RunTime:0.000986s ]
INFO: [ view_end ] --END-- [ RunTime:0.001063s ]

[ 2014-09-21T15:16:33+08:00 ] 127.0.0.1 /yanandyan/
INFO: [ app_begin ] --START--
INFO: ReadHtmlCache Behavior ::run [ RunTime:0.000863s ]
INFO: [ app_begin ] --END-- [ RunTime:0.000953s ]
SQL: SHOW COLUMNS FROM `blog_index_config` [ RunTime:0.010007s ]
SQL: SELECT `value` FROM `blog_index_config` WHERE ( type='index_bgimg' and uid =1 and display = 1 ) LIMIT 1   [ RunTime:0.000817s ]
SQL: SELECT * FROM `blog_index_config` WHERE ( type='index_bgmusic' and uid =1 and display = 1 )  [ RunTime:0.000838s ]
SQL: SHOW COLUMNS FROM `blog_article` [ RunTime:0.008611s ]
SQL: SELECT * FROM `blog_article`  [ RunTime:0.000454s ]
INFO: [ view_parse ] --START--
INFO: ParseTemplate Behavior ::run [ RunTime:0.013099s ]
INFO: [ view_parse ] --END-- [ RunTime:0.013236s ]
INFO: [ view_filter ] --START--
INFO: ContentReplace Behavior ::run [ RunTime:0.000784s ]
INFO: TokenBuild Behavior ::run [ RunTime:0.001001s ]
INFO: WriteHtmlCache Behavior ::run [ RunTime:0.000761s ]
INFO: ShowRuntime Behavior ::run [ RunTime:0.000987s ]
INFO: [ view_filter ] --END-- [ RunTime:0.003849s ]
INFO: [ view_end ] --START--
INFO: ShowPageTrace Behavior ::run [ RunTime:0.001263s ]
INFO: [ view_end ] --END-- [ RunTime:0.001355s ]

[ 2014-09-21T15:16:33+08:00 ] 127.0.0.1 /yanandyan/
INFO: [ app_begin ] --START--
INFO: ReadHtmlCache Behavior ::run [ RunTime:0.000704s ]
INFO: [ app_begin ] --END-- [ RunTime:0.000788s ]
SQL: SHOW COLUMNS FROM `blog_index_config` [ RunTime:0.004674s ]
SQL: SELECT `value` FROM `blog_index_config` WHERE ( type='index_bgimg' and uid =1 and display = 1 ) LIMIT 1   [ RunTime:0.000340s ]
SQL: SELECT * FROM `blog_index_config` WHERE ( type='index_bgmusic' and uid =1 and display = 1 )  [ RunTime:0.000217s ]
SQL: SHOW COLUMNS FROM `blog_article` [ RunTime:0.002556s ]
SQL: SELECT * FROM `blog_article`  [ RunTime:0.000230s ]
INFO: [ view_parse ] --START--
INFO: ParseTemplate Behavior ::run [ RunTime:0.005321s ]
INFO: [ view_parse ] --END-- [ RunTime:0.005384s ]
INFO: [ view_filter ] --START--
INFO: ContentReplace Behavior ::run [ RunTime:0.000339s ]
INFO: TokenBuild Behavior ::run [ RunTime:0.000366s ]
INFO: WriteHtmlCache Behavior ::run [ RunTime:0.000261s ]
INFO: ShowRuntime Behavior ::run [ RunTime:0.000444s ]
INFO: [ view_filter ] --END-- [ RunTime:0.001569s ]
INFO: [ view_end ] --START--
INFO: ShowPageTrace Behavior ::run [ RunTime:0.000503s ]
INFO: [ view_end ] --END-- [ RunTime:0.000542s ]

[ 2014-09-21T15:16:34+08:00 ] 127.0.0.1 /yanandyan/
INFO: [ app_begin ] --START--
INFO: ReadHtmlCache Behavior ::run [ RunTime:0.000659s ]
INFO: [ app_begin ] --END-- [ RunTime:0.000737s ]
SQL: SHOW COLUMNS FROM `blog_index_config` [ RunTime:0.006493s ]
SQL: SELECT `value` FROM `blog_index_config` WHERE ( type='index_bgimg' and uid =1 and display = 1 ) LIMIT 1   [ RunTime:0.000463s ]
SQL: SELECT * FROM `blog_index_config` WHERE ( type='index_bgmusic' and uid =1 and display = 1 )  [ RunTime:0.000490s ]
SQL: SHOW COLUMNS FROM `blog_article` [ RunTime:0.005720s ]
SQL: SELECT * FROM `blog_article`  [ RunTime:0.000492s ]
INFO: [ view_parse ] --START--
INFO: ParseTemplate Behavior ::run [ RunTime:0.010812s ]
INFO: [ view_parse ] --END-- [ RunTime:0.010910s ]
INFO: [ view_filter ] --START--
INFO: ContentReplace Behavior ::run [ RunTime:0.000436s ]
INFO: TokenBuild Behavior ::run [ RunTime:0.000423s ]
INFO: WriteHtmlCache Behavior ::run [ RunTime:0.000360s ]
INFO: ShowRuntime Behavior ::run [ RunTime:0.000492s ]
INFO: [ view_filter ] --END-- [ RunTime:0.001867s ]
INFO: [ view_end ] --START--
INFO: ShowPageTrace Behavior ::run [ RunTime:0.000701s ]
INFO: [ view_end ] --END-- [ RunTime:0.000753s ]

[ 2014-09-21T15:16:34+08:00 ] 127.0.0.1 /yanandyan/
INFO: [ app_begin ] --START--
INFO: ReadHtmlCache Behavior ::run [ RunTime:0.001001s ]
INFO: [ app_begin ] --END-- [ RunTime:0.001118s ]
SQL: SHOW COLUMNS FROM `blog_index_config` [ RunTime:0.006116s ]
SQL: SELECT `value` FROM `blog_index_config` WHERE ( type='index_bgimg' and uid =1 and display = 1 ) LIMIT 1   [ RunTime:0.000465s ]
SQL: SELECT * FROM `blog_index_config` WHERE ( type='index_bgmusic' and uid =1 and display = 1 )  [ RunTime:0.000476s ]
SQL: SHOW COLUMNS FROM `blog_article` [ RunTime:0.005676s ]
SQL: SELECT * FROM `blog_article`  [ RunTime:0.000583s ]
INFO: [ view_parse ] --START--
INFO: ParseTemplate Behavior ::run [ RunTime:0.007821s ]
INFO: [ view_parse ] --END-- [ RunTime:0.007920s ]
INFO: [ view_filter ] --START--
INFO: ContentReplace Behavior ::run [ RunTime:0.000432s ]
INFO: TokenBuild Behavior ::run [ RunTime:0.000423s ]
INFO: WriteHtmlCache Behavior ::run [ RunTime:0.000331s ]
INFO: ShowRuntime Behavior ::run [ RunTime:0.000465s ]
INFO: [ view_filter ] --END-- [ RunTime:0.001801s ]
INFO: [ view_end ] --START--
INFO: ShowPageTrace Behavior ::run [ RunTime:0.000627s ]
INFO: [ view_end ] --END-- [ RunTime:0.000676s ]

[ 2014-09-21T15:16:34+08:00 ] 127.0.0.1 /yanandyan/
INFO: [ app_begin ] --START--
INFO: ReadHtmlCache Behavior ::run [ RunTime:0.000563s ]
INFO: [ app_begin ] --END-- [ RunTime:0.000630s ]
SQL: SHOW COLUMNS FROM `blog_index_config` [ RunTime:0.005778s ]
SQL: SELECT `value` FROM `blog_index_config` WHERE ( type='index_bgimg' and uid =1 and display = 1 ) LIMIT 1   [ RunTime:0.000501s ]
SQL: SELECT * FROM `blog_index_config` WHERE ( type='index_bgmusic' and uid =1 and display = 1 )  [ RunTime:0.000479s ]
SQL: SHOW COLUMNS FROM `blog_article` [ RunTime:0.005024s ]
SQL: SELECT * FROM `blog_article`  [ RunTime:0.000298s ]
INFO: [ view_parse ] --START--
INFO: ParseTemplate Behavior ::run [ RunTime:0.007637s ]
INFO: [ view_parse ] --END-- [ RunTime:0.007721s ]
INFO: [ view_filter ] --START--
INFO: ContentReplace Behavior ::run [ RunTime:0.000448s ]
INFO: TokenBuild Behavior ::run [ RunTime:0.000457s ]
INFO: WriteHtmlCache Behavior ::run [ RunTime:0.000359s ]
INFO: ShowRuntime Behavior ::run [ RunTime:0.000476s ]
INFO: [ view_filter ] --END-- [ RunTime:0.001941s ]
INFO: [ view_end ] --START--
INFO: ShowPageTrace Behavior ::run [ RunTime:0.000684s ]
INFO: [ view_end ] --END-- [ RunTime:0.000736s ]

[ 2014-09-21T15:16:48+08:00 ] 127.0.0.1 /yanandyan/
INFO: [ app_begin ] --START--
INFO: ReadHtmlCache Behavior ::run [ RunTime:0.000372s ]
INFO: [ app_begin ] --END-- [ RunTime:0.000425s ]
SQL: SHOW COLUMNS FROM `blog_index_config` [ RunTime:0.007439s ]
SQL: SELECT `value` FROM `blog_index_config` WHERE ( type='index_bgimg' and uid =1 and display = 1 ) LIMIT 1   [ RunTime:0.000389s ]
SQL: SELECT * FROM `blog_index_config` WHERE ( type='index_bgmusic' and uid =1 and display = 1 )  [ RunTime:0.000357s ]
SQL: SHOW COLUMNS FROM `blog_article` [ RunTime:0.003993s ]
SQL: SELECT * FROM `blog_article`  [ RunTime:0.000319s ]
INFO: [ view_parse ] --START--
INFO: ParseTemplate Behavior ::run [ RunTime:0.008541s ]
INFO: [ view_parse ] --END-- [ RunTime:0.008629s ]
INFO: [ view_filter ] --START--
INFO: ContentReplace Behavior ::run [ RunTime:0.000441s ]
INFO: TokenBuild Behavior ::run [ RunTime:0.000418s ]
INFO: WriteHtmlCache Behavior ::run [ RunTime:0.000288s ]
INFO: ShowRuntime Behavior ::run [ RunTime:0.000491s ]
INFO: [ view_filter ] --END-- [ RunTime:0.001810s ]
INFO: [ view_end ] --START--
INFO: ShowPageTrace Behavior ::run [ RunTime:0.000646s ]
INFO: [ view_end ] --END-- [ RunTime:0.000700s ]

[ 2014-09-21T15:18:30+08:00 ] 127.0.0.1 /yanandyan/
INFO: [ app_begin ] --START--
INFO: ReadHtmlCache Behavior ::run [ RunTime:0.000676s ]
INFO: [ app_begin ] --END-- [ RunTime:0.000756s ]
SQL: SHOW COLUMNS FROM `blog_index_config` [ RunTime:0.003016s ]
SQL: SELECT `value` FROM `blog_index_config` WHERE ( type='index_bgimg' and uid =1 and display = 1 ) LIMIT 1   [ RunTime:0.000288s ]
SQL: SELECT * FROM `blog_index_config` WHERE ( type='index_bgmusic' and uid =1 and display = 1 )  [ RunTime:0.000801s ]
SQL: SHOW COLUMNS FROM `blog_article` [ RunTime:0.003099s ]
SQL: SELECT * FROM `blog_article`  [ RunTime:0.000320s ]
INFO: [ view_parse ] --START--
INFO: ParseTemplate Behavior ::run [ RunTime:0.006927s ]
INFO: [ view_parse ] --END-- [ RunTime:0.007010s ]
INFO: [ view_filter ] --START--
INFO: ContentReplace Behavior ::run [ RunTime:0.000304s ]
INFO: TokenBuild Behavior ::run [ RunTime:0.000281s ]
INFO: WriteHtmlCache Behavior ::run [ RunTime:0.000212s ]
INFO: ShowRuntime Behavior ::run [ RunTime:0.000325s ]
INFO: [ view_filter ] --END-- [ RunTime:0.001223s ]
INFO: [ view_end ] --START--
INFO: ShowPageTrace Behavior ::run [ RunTime:0.000453s ]
INFO: [ view_end ] --END-- [ RunTime:0.000488s ]

[ 2014-09-21T16:25:04+08:00 ] 127.0.0.1 /yanandyan/
INFO: [ app_begin ] --START--
INFO: ReadHtmlCache Behavior ::run [ RunTime:0.000488s ]
INFO: [ app_begin ] --END-- [ RunTime:0.000544s ]
SQL: SHOW COLUMNS FROM `blog_index_config` [ RunTime:0.002421s ]
SQL: SELECT `value` FROM `blog_index_config` WHERE ( type='index_bgimg' and uid =1 and display = 1 ) LIMIT 1   [ RunTime:0.000218s ]
SQL: SELECT * FROM `blog_index_config` WHERE ( type='index_bgmusic' and uid =1 and display = 1 )  [ RunTime:0.000165s ]
SQL: SHOW COLUMNS FROM `blog_article` [ RunTime:0.002283s ]
SQL: SELECT * FROM `blog_article`  [ RunTime:0.000177s ]
INFO: [ view_parse ] --START--
INFO: ParseTemplate Behavior ::run [ RunTime:0.010143s ]
INFO: [ view_parse ] --END-- [ RunTime:0.010208s ]
INFO: [ view_filter ] --START--
INFO: ContentReplace Behavior ::run [ RunTime:0.000324s ]
INFO: TokenBuild Behavior ::run [ RunTime:0.000300s ]
INFO: WriteHtmlCache Behavior ::run [ RunTime:0.000231s ]
INFO: ShowRuntime Behavior ::run [ RunTime:0.000343s ]
INFO: [ view_filter ] --END-- [ RunTime:0.001304s ]
INFO: [ view_end ] --START--
INFO: ShowPageTrace Behavior ::run [ RunTime:0.000449s ]
INFO: [ view_end ] --END-- [ RunTime:0.000483s ]

[ 2014-09-21T16:25:26+08:00 ] 127.0.0.1 /yanandyan/
INFO: [ app_begin ] --START--
INFO: ReadHtmlCache Behavior ::run [ RunTime:0.000421s ]
INFO: [ app_begin ] --END-- [ RunTime:0.000472s ]
SQL: SHOW COLUMNS FROM `blog_index_config` [ RunTime:0.002529s ]
SQL: SELECT `value` FROM `blog_index_config` WHERE ( type='index_bgimg' and uid =1 and display = 1 ) LIMIT 1   [ RunTime:0.000241s ]
SQL: SELECT * FROM `blog_index_config` WHERE ( type='index_bgmusic' and uid =1 and display = 1 )  [ RunTime:0.000206s ]
SQL: SHOW COLUMNS FROM `blog_article` [ RunTime:0.002217s ]
SQL: SELECT * FROM `blog_article`  [ RunTime:0.000227s ]
INFO: [ view_parse ] --START--
INFO: ParseTemplate Behavior ::run [ RunTime:0.006202s ]
INFO: [ view_parse ] --END-- [ RunTime:0.006271s ]
INFO: [ view_filter ] --START--
INFO: ContentReplace Behavior ::run [ RunTime:0.000364s ]
INFO: TokenBuild Behavior ::run [ RunTime:0.000310s ]
INFO: WriteHtmlCache Behavior ::run [ RunTime:0.000262s ]
INFO: ShowRuntime Behavior ::run [ RunTime:0.000376s ]
INFO: [ view_filter ] --END-- [ RunTime:0.001416s ]
INFO: [ view_end ] --START--
INFO: ShowPageTrace Behavior ::run [ RunTime:0.000477s ]
INFO: [ view_end ] --END-- [ RunTime:0.000512s ]

[ 2014-09-21T16:25:28+08:00 ] 127.0.0.1 /yanandyan/
INFO: [ app_begin ] --START--
INFO: ReadHtmlCache Behavior ::run [ RunTime:0.000364s ]
INFO: [ app_begin ] --END-- [ RunTime:0.000415s ]
SQL: SHOW COLUMNS FROM `blog_index_config` [ RunTime:0.006317s ]
SQL: SELECT `value` FROM `blog_index_config` WHERE ( type='index_bgimg' and uid =1 and display = 1 ) LIMIT 1   [ RunTime:0.001262s ]
SQL: SELECT * FROM `blog_index_config` WHERE ( type='index_bgmusic' and uid =1 and display = 1 )  [ RunTime:0.000639s ]
SQL: SHOW COLUMNS FROM `blog_article` [ RunTime:0.003325s ]
SQL: SELECT * FROM `blog_article`  [ RunTime:0.000279s ]
INFO: [ view_parse ] --START--
INFO: ParseTemplate Behavior ::run [ RunTime:0.009312s ]
INFO: [ view_parse ] --END-- [ RunTime:0.009399s ]
INFO: [ view_filter ] --START--
INFO: ContentReplace Behavior ::run [ RunTime:0.000622s ]
INFO: TokenBuild Behavior ::run [ RunTime:0.000529s ]
INFO: WriteHtmlCache Behavior ::run [ RunTime:0.000469s ]
INFO: ShowRuntime Behavior ::run [ RunTime:0.000615s ]
INFO: [ view_filter ] --END-- [ RunTime:0.002401s ]
INFO: [ view_end ] --START--
INFO: ShowPageTrace Behavior ::run [ RunTime:0.000757s ]
INFO: [ view_end ] --END-- [ RunTime:0.000821s ]

[ 2014-09-21T16:25:29+08:00 ] 127.0.0.1 /yanandyan/
INFO: [ app_begin ] --START--
INFO: ReadHtmlCache Behavior ::run [ RunTime:0.000411s ]
INFO: [ app_begin ] --END-- [ RunTime:0.000469s ]
SQL: SHOW COLUMNS FROM `blog_index_config` [ RunTime:0.005392s ]
SQL: SELECT `value` FROM `blog_index_config` WHERE ( type='index_bgimg' and uid =1 and display = 1 ) LIMIT 1   [ RunTime:0.000417s ]
SQL: SELECT * FROM `blog_index_config` WHERE ( type='index_bgmusic' and uid =1 and display = 1 )  [ RunTime:0.000437s ]
SQL: SHOW COLUMNS FROM `blog_article` [ RunTime:0.004548s ]
SQL: SELECT * FROM `blog_article`  [ RunTime:0.000519s ]
INFO: [ view_parse ] --START--
INFO: ParseTemplate Behavior ::run [ RunTime:0.009924s ]
INFO: [ view_parse ] --END-- [ RunTime:0.010016s ]
INFO: [ view_filter ] --START--
INFO: ContentReplace Behavior ::run [ RunTime:0.000523s ]
INFO: TokenBuild Behavior ::run [ RunTime:0.000446s ]
INFO: WriteHtmlCache Behavior ::run [ RunTime:0.000458s ]
INFO: ShowRuntime Behavior ::run [ RunTime:0.000605s ]
INFO: [ view_filter ] --END-- [ RunTime:0.002185s ]
INFO: [ view_end ] --START--
INFO: ShowPageTrace Behavior ::run [ RunTime:0.000874s ]
INFO: [ view_end ] --END-- [ RunTime:0.000944s ]

[ 2014-09-21T16:25:47+08:00 ] 127.0.0.1 /yanandyan/
INFO: [ app_begin ] --START--
INFO: ReadHtmlCache Behavior ::run [ RunTime:0.000354s ]
INFO: [ app_begin ] --END-- [ RunTime:0.000405s ]
SQL: SHOW COLUMNS FROM `blog_index_config` [ RunTime:0.003089s ]
SQL: SELECT `value` FROM `blog_index_config` WHERE ( type='index_bgimg' and uid =1 and display = 1 ) LIMIT 1   [ RunTime:0.000308s ]
SQL: SELECT * FROM `blog_index_config` WHERE ( type='index_bgmusic' and uid =1 and display = 1 )  [ RunTime:0.000296s ]
SQL: SHOW COLUMNS FROM `blog_article` [ RunTime:0.003274s ]
SQL: SELECT * FROM `blog_article`  [ RunTime:0.000292s ]
INFO: [ view_parse ] --START--
INFO: ParseTemplate Behavior ::run [ RunTime:0.008900s ]
INFO: [ view_parse ] --END-- [ RunTime:0.008968s ]
INFO: [ view_filter ] --START--
INFO: ContentReplace Behavior ::run [ RunTime:0.000390s ]
INFO: TokenBuild Behavior ::run [ RunTime:0.000342s ]
INFO: WriteHtmlCache Behavior ::run [ RunTime:0.000327s ]
INFO: ShowRuntime Behavior ::run [ RunTime:0.000437s ]
INFO: [ view_filter ] --END-- [ RunTime:0.001598s ]
INFO: [ view_end ] --START--
INFO: ShowPageTrace Behavior ::run [ RunTime:0.000505s ]
INFO: [ view_end ] --END-- [ RunTime:0.000540s ]

[ 2014-09-21T16:26:10+08:00 ] 127.0.0.1 /yanandyan/
INFO: [ app_begin ] --START--
INFO: ReadHtmlCache Behavior ::run [ RunTime:0.000512s ]
INFO: [ app_begin ] --END-- [ RunTime:0.000583s ]
SQL: SHOW COLUMNS FROM `blog_index_config` [ RunTime:0.003573s ]
SQL: SELECT `value` FROM `blog_index_config` WHERE ( type='index_bgimg' and uid =1 and display = 1 ) LIMIT 1   [ RunTime:0.000334s ]
SQL: SELECT * FROM `blog_index_config` WHERE ( type='index_bgmusic' and uid =1 and display = 1 )  [ RunTime:0.000321s ]
SQL: SHOW COLUMNS FROM `blog_article` [ RunTime:0.003557s ]
SQL: SELECT * FROM `blog_article`  [ RunTime:0.000335s ]
INFO: [ view_parse ] --START--
INFO: ParseTemplate Behavior ::run [ RunTime:0.009937s ]
INFO: [ view_parse ] --END-- [ RunTime:0.010026s ]
INFO: [ view_filter ] --START--
INFO: ContentReplace Behavior ::run [ RunTime:0.000616s ]
INFO: TokenBuild Behavior ::run [ RunTime:0.000546s ]
INFO: WriteHtmlCache Behavior ::run [ RunTime:0.000511s ]
INFO: ShowRuntime Behavior ::run [ RunTime:0.000699s ]
INFO: [ view_filter ] --END-- [ RunTime:0.002547s ]
INFO: [ view_end ] --START--
INFO: ShowPageTrace Behavior ::run [ RunTime:0.000848s ]
INFO: [ view_end ] --END-- [ RunTime:0.000906s ]

[ 2014-09-21T16:26:18+08:00 ] 127.0.0.1 /yanandyan/
INFO: [ app_begin ] --START--
INFO: ReadHtmlCache Behavior ::run [ RunTime:0.000482s ]
INFO: [ app_begin ] --END-- [ RunTime:0.000537s ]
SQL: SHOW COLUMNS FROM `blog_index_config` [ RunTime:0.007307s ]
SQL: SELECT `value` FROM `blog_index_config` WHERE ( type='index_bgimg' and uid =1 and display = 1 ) LIMIT 1   [ RunTime:0.000570s ]
SQL: SELECT * FROM `blog_index_config` WHERE ( type='index_bgmusic' and uid =1 and display = 1 )  [ RunTime:0.000327s ]
SQL: SHOW COLUMNS FROM `blog_article` [ RunTime:0.003632s ]
SQL: SELECT * FROM `blog_article`  [ RunTime:0.000319s ]
INFO: [ view_parse ] --START--
INFO: ParseTemplate Behavior ::run [ RunTime:0.010745s ]
INFO: [ view_parse ] --END-- [ RunTime:0.010861s ]
INFO: [ view_filter ] --START--
INFO: ContentReplace Behavior ::run [ RunTime:0.000576s ]
INFO: TokenBuild Behavior ::run [ RunTime:0.000508s ]
INFO: WriteHtmlCache Behavior ::run [ RunTime:0.000428s ]
INFO: ShowRuntime Behavior ::run [ RunTime:0.000692s ]
INFO: [ view_filter ] --END-- [ RunTime:0.002386s ]
INFO: [ view_end ] --START--
INFO: ShowPageTrace Behavior ::run [ RunTime:0.000916s ]
INFO: [ view_end ] --END-- [ RunTime:0.001921s ]

[ 2014-09-21T16:26:26+08:00 ] 127.0.0.1 /yanandyan/
INFO: [ app_begin ] --START--
INFO: ReadHtmlCache Behavior ::run [ RunTime:0.001489s ]
INFO: [ app_begin ] --END-- [ RunTime:0.001590s ]
SQL: SHOW COLUMNS FROM `blog_index_config` [ RunTime:0.002751s ]
SQL: SELECT `value` FROM `blog_index_config` WHERE ( type='index_bgimg' and uid =1 and display = 1 ) LIMIT 1   [ RunTime:0.000266s ]
SQL: SELECT * FROM `blog_index_config` WHERE ( type='index_bgmusic' and uid =1 and display = 1 )  [ RunTime:0.000248s ]
SQL: SHOW COLUMNS FROM `blog_article` [ RunTime:0.002399s ]
SQL: SELECT * FROM `blog_article`  [ RunTime:0.000233s ]
INFO: [ view_parse ] --START--
INFO: ParseTemplate Behavior ::run [ RunTime:0.006142s ]
INFO: [ view_parse ] --END-- [ RunTime:0.006210s ]
INFO: [ view_filter ] --START--
INFO: ContentReplace Behavior ::run [ RunTime:0.000311s ]
INFO: TokenBuild Behavior ::run [ RunTime:0.000365s ]
INFO: WriteHtmlCache Behavior ::run [ RunTime:0.000286s ]
INFO: ShowRuntime Behavior ::run [ RunTime:0.000602s ]
INFO: [ view_filter ] --END-- [ RunTime:0.001713s ]
INFO: [ view_end ] --START--
INFO: ShowPageTrace Behavior ::run [ RunTime:0.000706s ]
INFO: [ view_end ] --END-- [ RunTime:0.000775s ]

[ 2014-09-21T16:45:25+08:00 ] 127.0.0.1 /yanandyan/
INFO: [ app_begin ] --START--
INFO: ReadHtmlCache Behavior ::run [ RunTime:0.000731s ]
INFO: [ app_begin ] --END-- [ RunTime:0.000810s ]
SQL: SHOW COLUMNS FROM `blog_index_config` [ RunTime:0.008491s ]
SQL: SELECT `value` FROM `blog_index_config` WHERE ( type='index_bgimg' and uid =1 and display = 1 ) LIMIT 1   [ RunTime:0.000425s ]
SQL: SELECT * FROM `blog_index_config` WHERE ( type='index_bgmusic' and uid =1 and display = 1 )  [ RunTime:0.000361s ]
SQL: SHOW COLUMNS FROM `blog_article` [ RunTime:0.003792s ]
SQL: SELECT * FROM `blog_article`  [ RunTime:0.000370s ]
INFO: [ view_parse ] --START--
INFO: ParseTemplate Behavior ::run [ RunTime:0.010450s ]
INFO: [ view_parse ] --END-- [ RunTime:0.010542s ]
INFO: [ view_filter ] --START--
INFO: ContentReplace Behavior ::run [ RunTime:0.000660s ]
INFO: TokenBuild Behavior ::run [ RunTime:0.000630s ]
INFO: WriteHtmlCache Behavior ::run [ RunTime:0.000514s ]
INFO: ShowRuntime Behavior ::run [ RunTime:0.000785s ]
INFO: [ view_filter ] --END-- [ RunTime:0.002810s ]
INFO: [ view_end ] --START--
INFO: ShowPageTrace Behavior ::run [ RunTime:0.000983s ]
INFO: [ view_end ] --END-- [ RunTime:0.001048s ]

[ 2014-09-21T16:47:59+08:00 ] 127.0.0.1 /yanandyan/
INFO: [ app_begin ] --START--
INFO: ReadHtmlCache Behavior ::run [ RunTime:0.000931s ]
INFO: [ app_begin ] --END-- [ RunTime:0.001025s ]
SQL: SHOW COLUMNS FROM `blog_index_config` [ RunTime:0.007509s ]
SQL: SELECT `value` FROM `blog_index_config` WHERE ( type='index_bgimg' and uid =1 and display = 1 ) LIMIT 1   [ RunTime:0.000750s ]
SQL: SELECT * FROM `blog_index_config` WHERE ( type='index_bgmusic' and uid =1 and display = 1 )  [ RunTime:0.000659s ]
SQL: SHOW COLUMNS FROM `blog_article` [ RunTime:0.007176s ]
SQL: SELECT * FROM `blog_article`  [ RunTime:0.001169s ]
INFO: [ view_parse ] --START--
INFO: ParseTemplate Behavior ::run [ RunTime:0.016065s ]
INFO: [ view_parse ] --END-- [ RunTime:0.016168s ]
INFO: [ view_filter ] --START--
INFO: ContentReplace Behavior ::run [ RunTime:0.000571s ]
INFO: TokenBuild Behavior ::run [ RunTime:0.000532s ]
INFO: WriteHtmlCache Behavior ::run [ RunTime:0.000458s ]
INFO: ShowRuntime Behavior ::run [ RunTime:0.000693s ]
INFO: [ view_filter ] --END-- [ RunTime:0.002426s ]
INFO: [ view_end ] --START--
INFO: ShowPageTrace Behavior ::run [ RunTime:0.000887s ]
INFO: [ view_end ] --END-- [ RunTime:0.000947s ]

[ 2014-09-21T16:48:11+08:00 ] 127.0.0.1 /yanandyan/
INFO: [ app_begin ] --START--
INFO: ReadHtmlCache Behavior ::run [ RunTime:0.000825s ]
INFO: [ app_begin ] --END-- [ RunTime:0.000906s ]
SQL: SHOW COLUMNS FROM `blog_index_config` [ RunTime:0.004985s ]
SQL: SELECT `value` FROM `blog_index_config` WHERE ( type='index_bgimg' and uid =1 and display = 1 ) LIMIT 1   [ RunTime:0.000399s ]
SQL: SELECT * FROM `blog_index_config` WHERE ( type='index_bgmusic' and uid =1 and display = 1 )  [ RunTime:0.000372s ]
SQL: SHOW COLUMNS FROM `blog_article` [ RunTime:0.004279s ]
SQL: SELECT * FROM `blog_article`  [ RunTime:0.000358s ]
INFO: [ view_parse ] --START--
INFO: ParseTemplate Behavior ::run [ RunTime:0.018529s ]
INFO: [ view_parse ] --END-- [ RunTime:0.018607s ]
INFO: [ view_filter ] --START--
INFO: ContentReplace Behavior ::run [ RunTime:0.000403s ]
INFO: TokenBuild Behavior ::run [ RunTime:0.000411s ]
INFO: WriteHtmlCache Behavior ::run [ RunTime:0.000325s ]
INFO: ShowRuntime Behavior ::run [ RunTime:0.000493s ]
INFO: [ view_filter ] --END-- [ RunTime:0.001744s ]
INFO: [ view_end ] --START--
INFO: ShowPageTrace Behavior ::run [ RunTime:0.000473s ]
INFO: [ view_end ] --END-- [ RunTime:0.000520s ]

[ 2014-09-21T16:48:27+08:00 ] 127.0.0.1 /yanandyan/
INFO: [ app_begin ] --START--
INFO: ReadHtmlCache Behavior ::run [ RunTime:0.000864s ]
INFO: [ app_begin ] --END-- [ RunTime:0.000960s ]
SQL: SHOW COLUMNS FROM `blog_index_config` [ RunTime:0.006639s ]
SQL: SELECT `value` FROM `blog_index_config` WHERE ( type='index_bgimg' and uid =1 and display = 1 ) LIMIT 1   [ RunTime:0.000588s ]
SQL: SELECT * FROM `blog_index_config` WHERE ( type='index_bgmusic' and uid =1 and display = 1 )  [ RunTime:0.000603s ]
SQL: SHOW COLUMNS FROM `blog_article` [ RunTime:0.006920s ]
SQL: SELECT * FROM `blog_article`  [ RunTime:0.000332s ]
INFO: [ view_parse ] --START--
INFO: ParseTemplate Behavior ::run [ RunTime:0.009727s ]
INFO: [ view_parse ] --END-- [ RunTime:0.009816s ]
INFO: [ view_filter ] --START--
INFO: ContentReplace Behavior ::run [ RunTime:0.000531s ]
INFO: TokenBuild Behavior ::run [ RunTime:0.000482s ]
INFO: WriteHtmlCache Behavior ::run [ RunTime:0.000490s ]
INFO: ShowRuntime Behavior ::run [ RunTime:0.000725s ]
INFO: [ view_filter ] --END-- [ RunTime:0.002399s ]
INFO: [ view_end ] --START--
INFO: ShowPageTrace Behavior ::run [ RunTime:0.000752s ]
INFO: [ view_end ] --END-- [ RunTime:0.000810s ]

[ 2014-09-21T18:29:04+08:00 ] 127.0.0.1 /yanandyan/
INFO: [ app_begin ] --START--
INFO: ReadHtmlCache Behavior ::run [ RunTime:0.000461s ]
INFO: [ app_begin ] --END-- [ RunTime:0.000532s ]
SQL: SHOW COLUMNS FROM `blog_index_config` [ RunTime:0.002500s ]
SQL: SELECT `value` FROM `blog_index_config` WHERE ( type='index_bgimg' and uid =1 and display = 1 ) LIMIT 1   [ RunTime:0.000262s ]
SQL: SELECT * FROM `blog_index_config` WHERE ( type='index_bgmusic' and uid =1 and display = 1 )  [ RunTime:0.000279s ]
SQL: SHOW COLUMNS FROM `blog_article` [ RunTime:0.002552s ]
SQL: SELECT * FROM `blog_article`  [ RunTime:0.000215s ]
INFO: [ view_parse ] --START--
INFO: ParseTemplate Behavior ::run [ RunTime:0.005502s ]
INFO: [ view_parse ] --END-- [ RunTime:0.005558s ]
INFO: [ view_filter ] --START--
INFO: ContentReplace Behavior ::run [ RunTime:0.000289s ]
INFO: TokenBuild Behavior ::run [ RunTime:0.000293s ]
INFO: WriteHtmlCache Behavior ::run [ RunTime:0.000219s ]
INFO: ShowRuntime Behavior ::run [ RunTime:0.000329s ]
INFO: [ view_filter ] --END-- [ RunTime:0.001229s ]
INFO: [ view_end ] --START--
INFO: ShowPageTrace Behavior ::run [ RunTime:0.000452s ]
INFO: [ view_end ] --END-- [ RunTime:0.000489s ]

[ 2014-09-21T18:30:40+08:00 ] 127.0.0.1 /yanandyan/
INFO: [ app_begin ] --START--
INFO: ReadHtmlCache Behavior ::run [ RunTime:0.000592s ]
INFO: [ app_begin ] --END-- [ RunTime:0.000666s ]
SQL: SHOW COLUMNS FROM `blog_index_config` [ RunTime:0.007711s ]
SQL: SELECT `value` FROM `blog_index_config` WHERE ( type='index_bgimg' and uid =1 and display = 1 ) LIMIT 1   [ RunTime:0.000658s ]
SQL: SELECT * FROM `blog_index_config` WHERE ( type='index_bgmusic' and uid =1 and display = 1 )  [ RunTime:0.000620s ]
SQL: SHOW COLUMNS FROM `blog_article` [ RunTime:0.005340s ]
SQL: SELECT * FROM `blog_article`  [ RunTime:0.000309s ]
INFO: [ view_parse ] --START--
INFO: ParseTemplate Behavior ::run [ RunTime:0.008152s ]
INFO: [ view_parse ] --END-- [ RunTime:0.008234s ]
INFO: [ view_filter ] --START--
INFO: ContentReplace Behavior ::run [ RunTime:0.000589s ]
INFO: TokenBuild Behavior ::run [ RunTime:0.000563s ]
INFO: WriteHtmlCache Behavior ::run [ RunTime:0.000417s ]
INFO: ShowRuntime Behavior ::run [ RunTime:0.000699s ]
INFO: [ view_filter ] --END-- [ RunTime:0.002446s ]
INFO: [ view_end ] --START--
INFO: ShowPageTrace Behavior ::run [ RunTime:0.000804s ]
INFO: [ view_end ] --END-- [ RunTime:0.000858s ]

[ 2014-09-21T18:32:32+08:00 ] 127.0.0.1 /yanandyan/
INFO: [ app_begin ] --START--
INFO: ReadHtmlCache Behavior ::run [ RunTime:0.000497s ]
INFO: [ app_begin ] --END-- [ RunTime:0.000550s ]
SQL: SHOW COLUMNS FROM `blog_index_config` [ RunTime:0.005381s ]
SQL: SELECT `value` FROM `blog_index_config` WHERE ( type='index_bgimg' and uid =1 and display = 1 ) LIMIT 1   [ RunTime:0.000454s ]
SQL: SELECT * FROM `blog_index_config` WHERE ( type='index_bgmusic' and uid =1 and display = 1 )  [ RunTime:0.000415s ]
SQL: SHOW COLUMNS FROM `blog_article` [ RunTime:0.005005s ]
SQL: SELECT * FROM `blog_article`  [ RunTime:0.000395s ]
INFO: [ view_parse ] --START--
INFO: ParseTemplate Behavior ::run [ RunTime:0.011886s ]
INFO: [ view_parse ] --END-- [ RunTime:0.012004s ]
INFO: [ view_filter ] --START--
INFO: ContentReplace Behavior ::run [ RunTime:0.000783s ]
INFO: TokenBuild Behavior ::run [ RunTime:0.000975s ]
INFO: WriteHtmlCache Behavior ::run [ RunTime:0.000601s ]
INFO: ShowRuntime Behavior ::run [ RunTime:0.000887s ]
INFO: [ view_filter ] --END-- [ RunTime:0.003495s ]
INFO: [ view_end ] --START--
INFO: ShowPageTrace Behavior ::run [ RunTime:0.001116s ]
INFO: [ view_end ] --END-- [ RunTime:0.001197s ]

[ 2014-09-21T18:32:33+08:00 ] 127.0.0.1 /yanandyan/
INFO: [ app_begin ] --START--
INFO: ReadHtmlCache Behavior ::run [ RunTime:0.000569s ]
INFO: [ app_begin ] --END-- [ RunTime:0.000648s ]
SQL: SHOW COLUMNS FROM `blog_index_config` [ RunTime:0.004900s ]
SQL: SELECT `value` FROM `blog_index_config` WHERE ( type='index_bgimg' and uid =1 and display = 1 ) LIMIT 1   [ RunTime:0.000418s ]
SQL: SELECT * FROM `blog_index_config` WHERE ( type='index_bgmusic' and uid =1 and display = 1 )  [ RunTime:0.000419s ]
SQL: SHOW COLUMNS FROM `blog_article` [ RunTime:0.004827s ]
SQL: SELECT * FROM `blog_article`  [ RunTime:0.000538s ]
INFO: [ view_parse ] --START--
INFO: ParseTemplate Behavior ::run [ RunTime:0.011616s ]
INFO: [ view_parse ] --END-- [ RunTime:0.011731s ]
INFO: [ view_filter ] --START--
INFO: ContentReplace Behavior ::run [ RunTime:0.000652s ]
INFO: TokenBuild Behavior ::run [ RunTime:0.000686s ]
INFO: WriteHtmlCache Behavior ::run [ RunTime:0.000496s ]
INFO: ShowRuntime Behavior ::run [ RunTime:0.000775s ]
INFO: [ view_filter ] --END-- [ RunTime:0.002839s ]
INFO: [ view_end ] --START--
INFO: ShowPageTrace Behavior ::run [ RunTime:0.000996s ]
INFO: [ view_end ] --END-- [ RunTime:0.001073s ]

[ 2014-09-21T18:32:55+08:00 ] 127.0.0.1 /yanandyan/
INFO: [ app_begin ] --START--
INFO: ReadHtmlCache Behavior ::run [ RunTime:0.000675s ]
INFO: [ app_begin ] --END-- [ RunTime:0.000756s ]
SQL: SHOW COLUMNS FROM `blog_index_config` [ RunTime:0.009721s ]
SQL: SELECT `value` FROM `blog_index_config` WHERE ( type='index_bgimg' and uid =1 and display = 1 ) LIMIT 1   [ RunTime:0.000795s ]
SQL: SELECT * FROM `blog_index_config` WHERE ( type='index_bgmusic' and uid =1 and display = 1 )  [ RunTime:0.001660s ]
SQL: SHOW COLUMNS FROM `blog_article` [ RunTime:0.007355s ]
SQL: SELECT * FROM `blog_article`  [ RunTime:0.000348s ]
INFO: [ view_parse ] --START--
INFO: ParseTemplate Behavior ::run [ RunTime:0.009572s ]
INFO: [ view_parse ] --END-- [ RunTime:0.009670s ]
INFO: [ view_filter ] --START--
INFO: ContentReplace Behavior ::run [ RunTime:0.000601s ]
INFO: TokenBuild Behavior ::run [ RunTime:0.000545s ]
INFO: WriteHtmlCache Behavior ::run [ RunTime:0.000444s ]
INFO: ShowRuntime Behavior ::run [ RunTime:0.000650s ]
INFO: [ view_filter ] --END-- [ RunTime:0.002441s ]
INFO: [ view_end ] --START--
INFO: ShowPageTrace Behavior ::run [ RunTime:0.000815s ]
INFO: [ view_end ] --END-- [ RunTime:0.000915s ]

[ 2014-09-21T18:33:55+08:00 ] 127.0.0.1 /yanandyan/
INFO: [ app_begin ] --START--
INFO: ReadHtmlCache Behavior ::run [ RunTime:0.000346s ]
INFO: [ app_begin ] --END-- [ RunTime:0.000394s ]
SQL: SHOW COLUMNS FROM `blog_index_config` [ RunTime:0.005661s ]
SQL: SELECT `value` FROM `blog_index_config` WHERE ( type='index_bgimg' and uid =1 and display = 1 ) LIMIT 1   [ RunTime:0.000465s ]
SQL: SELECT * FROM `blog_index_config` WHERE ( type='index_bgmusic' and uid =1 and display = 1 )  [ RunTime:0.000476s ]
SQL: SHOW COLUMNS FROM `blog_article` [ RunTime:0.005714s ]
SQL: SELECT * FROM `blog_article`  [ RunTime:0.000481s ]
INFO: [ view_parse ] --START--
INFO: ParseTemplate Behavior ::run [ RunTime:0.012491s ]
INFO: [ view_parse ] --END-- [ RunTime:0.012635s ]
INFO: [ view_filter ] --START--
INFO: ContentReplace Behavior ::run [ RunTime:0.000709s ]
INFO: TokenBuild Behavior ::run [ RunTime:0.000666s ]
INFO: WriteHtmlCache Behavior ::run [ RunTime:0.000577s ]
INFO: ShowRuntime Behavior ::run [ RunTime:0.000992s ]
INFO: [ view_filter ] --END-- [ RunTime:0.003225s ]
INFO: [ view_end ] --START--
INFO: ShowPageTrace Behavior ::run [ RunTime:0.001059s ]
INFO: [ view_end ] --END-- [ RunTime:0.001145s ]

[ 2014-09-21T18:34:12+08:00 ] 127.0.0.1 /yanandyan/
INFO: [ app_begin ] --START--
INFO: ReadHtmlCache Behavior ::run [ RunTime:0.000708s ]
INFO: [ app_begin ] --END-- [ RunTime:0.000790s ]
SQL: SHOW COLUMNS FROM `blog_index_config` [ RunTime:0.007359s ]
SQL: SELECT `value` FROM `blog_index_config` WHERE ( type='index_bgimg' and uid =1 and display = 1 ) LIMIT 1   [ RunTime:0.000603s ]
SQL: SELECT * FROM `blog_index_config` WHERE ( type='index_bgmusic' and uid =1 and display = 1 )  [ RunTime:0.000724s ]
SQL: SHOW COLUMNS FROM `blog_article` [ RunTime:0.005912s ]
SQL: SELECT * FROM `blog_article`  [ RunTime:0.000352s ]
INFO: [ view_parse ] --START--
INFO: ParseTemplate Behavior ::run [ RunTime:0.010107s ]
INFO: [ view_parse ] --END-- [ RunTime:0.010213s ]
INFO: [ view_filter ] --START--
INFO: ContentReplace Behavior ::run [ RunTime:0.000717s ]
INFO: TokenBuild Behavior ::run [ RunTime:0.000654s ]
INFO: WriteHtmlCache Behavior ::run [ RunTime:0.000557s ]
INFO: ShowRuntime Behavior ::run [ RunTime:0.000812s ]
INFO: [ view_filter ] --END-- [ RunTime:0.002954s ]
INFO: [ view_end ] --START--
INFO: ShowPageTrace Behavior ::run [ RunTime:0.000859s ]
INFO: [ view_end ] --END-- [ RunTime:0.000926s ]

[ 2014-09-21T19:55:47+08:00 ] 127.0.0.1 /yanandyan/
INFO: [ app_begin ] --START--
INFO: ReadHtmlCache Behavior ::run [ RunTime:0.000614s ]
INFO: [ app_begin ] --END-- [ RunTime:0.000684s ]
SQL: SHOW COLUMNS FROM `blog_index_config` [ RunTime:0.002374s ]
SQL: SELECT `value` FROM `blog_index_config` WHERE ( type='index_bgimg' and uid =1 and display = 1 ) LIMIT 1   [ RunTime:0.000260s ]
SQL: SELECT * FROM `blog_index_config` WHERE ( type='index_bgmusic' and uid =1 and display = 1 )  [ RunTime:0.000198s ]
SQL: SHOW COLUMNS FROM `blog_article` [ RunTime:0.002117s ]
SQL: SELECT * FROM `blog_article`  [ RunTime:0.000214s ]
INFO: [ view_parse ] --START--
INFO: ParseTemplate Behavior ::run [ RunTime:0.005693s ]
INFO: [ view_parse ] --END-- [ RunTime:0.005755s ]
INFO: [ view_filter ] --START--
INFO: ContentReplace Behavior ::run [ RunTime:0.000333s ]
INFO: TokenBuild Behavior ::run [ RunTime:0.000315s ]
INFO: WriteHtmlCache Behavior ::run [ RunTime:0.000267s ]
INFO: ShowRuntime Behavior ::run [ RunTime:0.000410s ]
INFO: [ view_filter ] --END-- [ RunTime:0.001439s ]
INFO: [ view_end ] --START--
INFO: ShowPageTrace Behavior ::run [ RunTime:0.000446s ]
INFO: [ view_end ] --END-- [ RunTime:0.000479s ]

[ 2014-09-21T19:56:02+08:00 ] 127.0.0.1 /yanandyan/
INFO: [ app_begin ] --START--
INFO: ReadHtmlCache Behavior ::run [ RunTime:0.000567s ]
INFO: [ app_begin ] --END-- [ RunTime:0.000620s ]
SQL: SHOW COLUMNS FROM `blog_index_config` [ RunTime:0.002131s ]
SQL: SELECT `value` FROM `blog_index_config` WHERE ( type='index_bgimg' and uid =1 and display = 1 ) LIMIT 1   [ RunTime:0.000249s ]
SQL: SELECT * FROM `blog_index_config` WHERE ( type='index_bgmusic' and uid =1 and display = 1 )  [ RunTime:0.000184s ]
SQL: SHOW COLUMNS FROM `blog_article` [ RunTime:0.002066s ]
SQL: SELECT * FROM `blog_article`  [ RunTime:0.000190s ]
INFO: [ view_parse ] --START--
INFO: ParseTemplate Behavior ::run [ RunTime:0.005601s ]
INFO: [ view_parse ] --END-- [ RunTime:0.005659s ]
INFO: [ view_filter ] --START--
INFO: ContentReplace Behavior ::run [ RunTime:0.000361s ]
INFO: TokenBuild Behavior ::run [ RunTime:0.000403s ]
INFO: WriteHtmlCache Behavior ::run [ RunTime:0.000230s ]
INFO: ShowRuntime Behavior ::run [ RunTime:0.000406s ]
INFO: [ view_filter ] --END-- [ RunTime:0.001507s ]
INFO: [ view_end ] --START--
INFO: ShowPageTrace Behavior ::run [ RunTime:0.000433s ]
INFO: [ view_end ] --END-- [ RunTime:0.000466s ]

[ 2014-09-21T19:56:28+08:00 ] 127.0.0.1 /yanandyan/
INFO: [ app_begin ] --START--
INFO: ReadHtmlCache Behavior ::run [ RunTime:0.000687s ]
INFO: [ app_begin ] --END-- [ RunTime:0.000778s ]
SQL: SHOW COLUMNS FROM `blog_index_config` [ RunTime:0.004649s ]
SQL: SELECT `value` FROM `blog_index_config` WHERE ( type='index_bgimg' and uid =1 and display = 1 ) LIMIT 1   [ RunTime:0.000427s ]
SQL: SELECT * FROM `blog_index_config` WHERE ( type='index_bgmusic' and uid =1 and display = 1 )  [ RunTime:0.000418s ]
SQL: SHOW COLUMNS FROM `blog_article` [ RunTime:0.004490s ]
SQL: SELECT * FROM `blog_article`  [ RunTime:0.000417s ]
INFO: [ view_parse ] --START--
INFO: ParseTemplate Behavior ::run [ RunTime:0.010853s ]
INFO: [ view_parse ] --END-- [ RunTime:0.010964s ]
INFO: [ view_filter ] --START--
INFO: ContentReplace Behavior ::run [ RunTime:0.000634s ]
INFO: TokenBuild Behavior ::run [ RunTime:0.000639s ]
INFO: WriteHtmlCache Behavior ::run [ RunTime:0.000562s ]
INFO: ShowRuntime Behavior ::run [ RunTime:0.000810s ]
INFO: [ view_filter ] --END-- [ RunTime:0.002888s ]
INFO: [ view_end ] --START--
INFO: ShowPageTrace Behavior ::run [ RunTime:0.001014s ]
INFO: [ view_end ] --END-- [ RunTime:0.001092s ]

[ 2014-09-21T19:57:42+08:00 ] 127.0.0.1 /yanandyan/
INFO: [ app_begin ] --START--
INFO: ReadHtmlCache Behavior ::run [ RunTime:0.000452s ]
INFO: [ app_begin ] --END-- [ RunTime:0.000530s ]
SQL: SHOW COLUMNS FROM `blog_index_config` [ RunTime:0.004188s ]
SQL: SELECT `value` FROM `blog_index_config` WHERE ( type='index_bgimg' and uid =1 and display = 1 ) LIMIT 1   [ RunTime:0.000440s ]
SQL: SELECT * FROM `blog_index_config` WHERE ( type='index_bgmusic' and uid =1 and display = 1 )  [ RunTime:0.000344s ]
SQL: SHOW COLUMNS FROM `blog_article` [ RunTime:0.003580s ]
SQL: SELECT * FROM `blog_article`  [ RunTime:0.000321s ]
INFO: [ view_parse ] --START--
INFO: ParseTemplate Behavior ::run [ RunTime:0.008691s ]
INFO: [ view_parse ] --END-- [ RunTime:0.008777s ]
INFO: [ view_filter ] --START--
INFO: ContentReplace Behavior ::run [ RunTime:0.000487s ]
INFO: TokenBuild Behavior ::run [ RunTime:0.000451s ]
INFO: WriteHtmlCache Behavior ::run [ RunTime:0.000369s ]
INFO: ShowRuntime Behavior ::run [ RunTime:0.000585s ]
INFO: [ view_filter ] --END-- [ RunTime:0.002088s ]
INFO: [ view_end ] --START--
INFO: ShowPageTrace Behavior ::run [ RunTime:0.000753s ]
INFO: [ view_end ] --END-- [ RunTime:0.000831s ]

[ 2014-09-21T19:57:44+08:00 ] 127.0.0.1 /yanandyan/
INFO: [ app_begin ] --START--
INFO: ReadHtmlCache Behavior ::run [ RunTime:0.000687s ]
INFO: [ app_begin ] --END-- [ RunTime:0.000769s ]
SQL: SHOW COLUMNS FROM `blog_index_config` [ RunTime:0.006521s ]
SQL: SELECT `value` FROM `blog_index_config` WHERE ( type='index_bgimg' and uid =1 and display = 1 ) LIMIT 1   [ RunTime:0.000320s ]
SQL: SELECT * FROM `blog_index_config` WHERE ( type='index_bgmusic' and uid =1 and display = 1 )  [ RunTime:0.000316s ]
SQL: SHOW COLUMNS FROM `blog_article` [ RunTime:0.003426s ]
SQL: SELECT * FROM `blog_article`  [ RunTime:0.000314s ]
INFO: [ view_parse ] --START--
INFO: ParseTemplate Behavior ::run [ RunTime:0.008734s ]
INFO: [ view_parse ] --END-- [ RunTime:0.008832s ]
INFO: [ view_filter ] --START--
INFO: ContentReplace Behavior ::run [ RunTime:0.000538s ]
INFO: TokenBuild Behavior ::run [ RunTime:0.000534s ]
INFO: WriteHtmlCache Behavior ::run [ RunTime:0.000396s ]
INFO: ShowRuntime Behavior ::run [ RunTime:0.000660s ]
INFO: [ view_filter ] --END-- [ RunTime:0.002331s ]
INFO: [ view_end ] --START--
INFO: ShowPageTrace Behavior ::run [ RunTime:0.000862s ]
INFO: [ view_end ] --END-- [ RunTime:0.000958s ]

[ 2014-09-21T19:57:52+08:00 ] 127.0.0.1 /yanandyan/
INFO: [ app_begin ] --START--
INFO: ReadHtmlCache Behavior ::run [ RunTime:0.000359s ]
INFO: [ app_begin ] --END-- [ RunTime:0.000408s ]
SQL: SHOW COLUMNS FROM `blog_index_config` [ RunTime:0.005917s ]
SQL: SELECT `value` FROM `blog_index_config` WHERE ( type='index_bgimg' and uid =1 and display = 1 ) LIMIT 1   [ RunTime:0.000433s ]
SQL: SELECT * FROM `blog_index_config` WHERE ( type='index_bgmusic' and uid =1 and display = 1 )  [ RunTime:0.000391s ]
SQL: SHOW COLUMNS FROM `blog_article` [ RunTime:0.004252s ]
SQL: SELECT * FROM `blog_article`  [ RunTime:0.000317s ]
INFO: [ view_parse ] --START--
INFO: ParseTemplate Behavior ::run [ RunTime:0.010187s ]
INFO: [ view_parse ] --END-- [ RunTime:0.010289s ]
INFO: [ view_filter ] --START--
INFO: ContentReplace Behavior ::run [ RunTime:0.000557s ]
INFO: TokenBuild Behavior ::run [ RunTime:0.000513s ]
INFO: WriteHtmlCache Behavior ::run [ RunTime:0.000380s ]
INFO: ShowRuntime Behavior ::run [ RunTime:0.000615s ]
INFO: [ view_filter ] --END-- [ RunTime:0.002282s ]
INFO: [ view_end ] --START--
INFO: ShowPageTrace Behavior ::run [ RunTime:0.000799s ]
INFO: [ view_end ] --END-- [ RunTime:0.000867s ]

[ 2014-09-21T19:58:07+08:00 ] 127.0.0.1 /yanandyan/
INFO: [ app_begin ] --START--
INFO: ReadHtmlCache Behavior ::run [ RunTime:0.000576s ]
INFO: [ app_begin ] --END-- [ RunTime:0.000635s ]
SQL: SHOW COLUMNS FROM `blog_index_config` [ RunTime:0.005501s ]
SQL: SELECT `value` FROM `blog_index_config` WHERE ( type='index_bgimg' and uid =1 and display = 1 ) LIMIT 1   [ RunTime:0.000472s ]
SQL: SELECT * FROM `blog_index_config` WHERE ( type='index_bgmusic' and uid =1 and display = 1 )  [ RunTime:0.000459s ]
SQL: SHOW COLUMNS FROM `blog_article` [ RunTime:0.005010s ]
SQL: SELECT * FROM `blog_article`  [ RunTime:0.000433s ]
INFO: [ view_parse ] --START--
INFO: ParseTemplate Behavior ::run [ RunTime:0.019776s ]
INFO: [ view_parse ] --END-- [ RunTime:0.019875s ]
INFO: [ view_filter ] --START--
INFO: ContentReplace Behavior ::run [ RunTime:0.000493s ]
INFO: TokenBuild Behavior ::run [ RunTime:0.000464s ]
INFO: WriteHtmlCache Behavior ::run [ RunTime:0.000414s ]
INFO: ShowRuntime Behavior ::run [ RunTime:0.000613s ]
INFO: [ view_filter ] --END-- [ RunTime:0.002141s ]
INFO: [ view_end ] --START--
INFO: ShowPageTrace Behavior ::run [ RunTime:0.000765s ]
INFO: [ view_end ] --END-- [ RunTime:0.000824s ]

[ 2014-09-21T19:58:17+08:00 ] 127.0.0.1 /yanandyan/
INFO: [ app_begin ] --START--
INFO: ReadHtmlCache Behavior ::run [ RunTime:0.000407s ]
INFO: [ app_begin ] --END-- [ RunTime:0.000463s ]
SQL: SHOW COLUMNS FROM `blog_index_config` [ RunTime:0.002458s ]
SQL: SELECT `value` FROM `blog_index_config` WHERE ( type='index_bgimg' and uid =1 and display = 1 ) LIMIT 1   [ RunTime:0.000276s ]
SQL: SELECT * FROM `blog_index_config` WHERE ( type='index_bgmusic' and uid =1 and display = 1 )  [ RunTime:0.000242s ]
SQL: SHOW COLUMNS FROM `blog_article` [ RunTime:0.002375s ]
SQL: SELECT * FROM `blog_article`  [ RunTime:0.000242s ]
INFO: [ view_parse ] --START--
INFO: ParseTemplate Behavior ::run [ RunTime:0.005898s ]
INFO: [ view_parse ] --END-- [ RunTime:0.005970s ]
INFO: [ view_filter ] --START--
INFO: ContentReplace Behavior ::run [ RunTime:0.000369s ]
INFO: TokenBuild Behavior ::run [ RunTime:0.000359s ]
INFO: WriteHtmlCache Behavior ::run [ RunTime:0.000287s ]
INFO: ShowRuntime Behavior ::run [ RunTime:0.000409s ]
INFO: [ view_filter ] --END-- [ RunTime:0.001545s ]
INFO: [ view_end ] --START--
INFO: ShowPageTrace Behavior ::run [ RunTime:0.000500s ]
INFO: [ view_end ] --END-- [ RunTime:0.000538s ]

[ 2014-09-21T19:58:17+08:00 ] 127.0.0.1 /yanandyan/
INFO: [ app_begin ] --START--
INFO: ReadHtmlCache Behavior ::run [ RunTime:0.000911s ]
INFO: [ app_begin ] --END-- [ RunTime:0.001006s ]
SQL: SHOW COLUMNS FROM `blog_index_config` [ RunTime:0.006299s ]
SQL: SELECT `value` FROM `blog_index_config` WHERE ( type='index_bgimg' and uid =1 and display = 1 ) LIMIT 1   [ RunTime:0.000542s ]
SQL: SELECT * FROM `blog_index_config` WHERE ( type='index_bgmusic' and uid =1 and display = 1 )  [ RunTime:0.000563s ]
SQL: SHOW COLUMNS FROM `blog_article` [ RunTime:0.005991s ]
SQL: SELECT * FROM `blog_article`  [ RunTime:0.000537s ]
INFO: [ view_parse ] --START--
INFO: ParseTemplate Behavior ::run [ RunTime:0.010392s ]
INFO: [ view_parse ] --END-- [ RunTime:0.010527s ]
INFO: [ view_filter ] --START--
INFO: ContentReplace Behavior ::run [ RunTime:0.000516s ]
INFO: TokenBuild Behavior ::run [ RunTime:0.000556s ]
INFO: WriteHtmlCache Behavior ::run [ RunTime:0.000390s ]
INFO: ShowRuntime Behavior ::run [ RunTime:0.000604s ]
INFO: [ view_filter ] --END-- [ RunTime:0.002255s ]
INFO: [ view_end ] --START--
INFO: ShowPageTrace Behavior ::run [ RunTime:0.000769s ]
INFO: [ view_end ] --END-- [ RunTime:0.000822s ]

[ 2014-09-21T19:58:18+08:00 ] 127.0.0.1 /yanandyan/
INFO: [ app_begin ] --START--
INFO: ReadHtmlCache Behavior ::run [ RunTime:0.000605s ]
INFO: [ app_begin ] --END-- [ RunTime:0.000678s ]
SQL: SHOW COLUMNS FROM `blog_index_config` [ RunTime:0.006282s ]
SQL: SELECT `value` FROM `blog_index_config` WHERE ( type='index_bgimg' and uid =1 and display = 1 ) LIMIT 1   [ RunTime:0.000426s ]
SQL: SELECT * FROM `blog_index_config` WHERE ( type='index_bgmusic' and uid =1 and display = 1 )  [ RunTime:0.000435s ]
SQL: SHOW COLUMNS FROM `blog_article` [ RunTime:0.005074s ]
SQL: SELECT * FROM `blog_article`  [ RunTime:0.000443s ]
INFO: [ view_parse ] --START--
INFO: ParseTemplate Behavior ::run [ RunTime:0.011199s ]
INFO: [ view_parse ] --END-- [ RunTime:0.011311s ]
INFO: [ view_filter ] --START--
INFO: ContentReplace Behavior ::run [ RunTime:0.000594s ]
INFO: TokenBuild Behavior ::run [ RunTime:0.000715s ]
INFO: WriteHtmlCache Behavior ::run [ RunTime:0.000589s ]
INFO: ShowRuntime Behavior ::run [ RunTime:0.000819s ]
INFO: [ view_filter ] --END-- [ RunTime:0.002945s ]
INFO: [ view_end ] --START--
INFO: ShowPageTrace Behavior ::run [ RunTime:0.001004s ]
INFO: [ view_end ] --END-- [ RunTime:0.001083s ]

[ 2014-09-21T19:59:17+08:00 ] 127.0.0.1 /yanandyan/
INFO: [ app_begin ] --START--
INFO: ReadHtmlCache Behavior ::run [ RunTime:0.000577s ]
INFO: [ app_begin ] --END-- [ RunTime:0.000651s ]
SQL: SHOW COLUMNS FROM `blog_index_config` [ RunTime:0.009448s ]
SQL: SELECT `value` FROM `blog_index_config` WHERE ( type='index_bgimg' and uid =1 and display = 1 ) LIMIT 1   [ RunTime:0.000872s ]
SQL: SELECT * FROM `blog_index_config` WHERE ( type='index_bgmusic' and uid =1 and display = 1 )  [ RunTime:0.000820s ]
SQL: SHOW COLUMNS FROM `blog_article` [ RunTime:0.006696s ]
SQL: SELECT * FROM `blog_article`  [ RunTime:0.000413s ]
INFO: [ view_parse ] --START--
INFO: ParseTemplate Behavior ::run [ RunTime:0.012446s ]
INFO: [ view_parse ] --END-- [ RunTime:0.012574s ]
INFO: [ view_filter ] --START--
INFO: ContentReplace Behavior ::run [ RunTime:0.000538s ]
INFO: TokenBuild Behavior ::run [ RunTime:0.000590s ]
INFO: WriteHtmlCache Behavior ::run [ RunTime:0.000433s ]
INFO: ShowRuntime Behavior ::run [ RunTime:0.000721s ]
INFO: [ view_filter ] --END-- [ RunTime:0.002513s ]
INFO: [ view_end ] --START--
INFO: ShowPageTrace Behavior ::run [ RunTime:0.000905s ]
INFO: [ view_end ] --END-- [ RunTime:0.000979s ]

[ 2014-09-21T19:59:18+08:00 ] 127.0.0.1 /yanandyan/
INFO: [ app_begin ] --START--
INFO: ReadHtmlCache Behavior ::run [ RunTime:0.000649s ]
INFO: [ app_begin ] --END-- [ RunTime:0.000739s ]
SQL: SHOW COLUMNS FROM `blog_index_config` [ RunTime:0.006481s ]
SQL: SELECT `value` FROM `blog_index_config` WHERE ( type='index_bgimg' and uid =1 and display = 1 ) LIMIT 1   [ RunTime:0.000637s ]
SQL: SELECT * FROM `blog_index_config` WHERE ( type='index_bgmusic' and uid =1 and display = 1 )  [ RunTime:0.000565s ]
SQL: SHOW COLUMNS FROM `blog_article` [ RunTime:0.004560s ]
SQL: SELECT * FROM `blog_article`  [ RunTime:0.000297s ]
INFO: [ view_parse ] --START--
INFO: ParseTemplate Behavior ::run [ RunTime:0.007780s ]
INFO: [ view_parse ] --END-- [ RunTime:0.007863s ]
INFO: [ view_filter ] --START--
INFO: ContentReplace Behavior ::run [ RunTime:0.000450s ]
INFO: TokenBuild Behavior ::run [ RunTime:0.000455s ]
INFO: WriteHtmlCache Behavior ::run [ RunTime:0.000369s ]
INFO: ShowRuntime Behavior ::run [ RunTime:0.000542s ]
INFO: [ view_filter ] --END-- [ RunTime:0.001983s ]
INFO: [ view_end ] --START--
INFO: ShowPageTrace Behavior ::run [ RunTime:0.000666s ]
INFO: [ view_end ] --END-- [ RunTime:0.000719s ]

[ 2014-09-21T20:04:28+08:00 ] 127.0.0.1 /yanandyan/
INFO: [ app_begin ] --START--
INFO: ReadHtmlCache Behavior ::run [ RunTime:0.000945s ]
INFO: [ app_begin ] --END-- [ RunTime:0.001044s ]
SQL: SHOW COLUMNS FROM `blog_index_config` [ RunTime:0.005225s ]
SQL: SELECT `value` FROM `blog_index_config` WHERE ( type='index_bgimg' and uid =1 and display = 1 ) LIMIT 1   [ RunTime:0.000534s ]
SQL: SELECT * FROM `blog_index_config` WHERE ( type='index_bgmusic' and uid =1 and display = 1 )  [ RunTime:0.000492s ]
SQL: SHOW COLUMNS FROM `blog_article` [ RunTime:0.002850s ]
SQL: SELECT * FROM `blog_article`  [ RunTime:0.000270s ]
INFO: [ view_parse ] --START--
INFO: ParseTemplate Behavior ::run [ RunTime:0.007549s ]
INFO: [ view_parse ] --END-- [ RunTime:0.007621s ]
INFO: [ view_filter ] --START--
INFO: ContentReplace Behavior ::run [ RunTime:0.000474s ]
INFO: TokenBuild Behavior ::run [ RunTime:0.000477s ]
INFO: WriteHtmlCache Behavior ::run [ RunTime:0.000384s ]
INFO: ShowRuntime Behavior ::run [ RunTime:0.000540s ]
INFO: [ view_filter ] --END-- [ RunTime:0.002016s ]
INFO: [ view_end ] --START--
INFO: ShowPageTrace Behavior ::run [ RunTime:0.000663s ]
INFO: [ view_end ] --END-- [ RunTime:0.000708s ]

[ 2014-09-21T20:09:25+08:00 ] 127.0.0.1 /yanandyan/
INFO: [ app_begin ] --START--
INFO: ReadHtmlCache Behavior ::run [ RunTime:0.000613s ]
INFO: [ app_begin ] --END-- [ RunTime:0.000676s ]
SQL: SHOW COLUMNS FROM `blog_index_config` [ RunTime:0.005022s ]
SQL: SELECT `value` FROM `blog_index_config` WHERE ( type='index_bgimg' and uid =1 and display = 1 ) LIMIT 1   [ RunTime:0.000449s ]
SQL: SELECT * FROM `blog_index_config` WHERE ( type='index_bgmusic' and uid =1 and display = 1 )  [ RunTime:0.000477s ]
SQL: SHOW COLUMNS FROM `blog_article` [ RunTime:0.005473s ]
SQL: SELECT * FROM `blog_article`  [ RunTime:0.000707s ]
INFO: [ view_parse ] --START--
INFO: ParseTemplate Behavior ::run [ RunTime:0.013583s ]
INFO: [ view_parse ] --END-- [ RunTime:0.013706s ]
INFO: [ view_filter ] --START--
INFO: ContentReplace Behavior ::run [ RunTime:0.000804s ]
INFO: TokenBuild Behavior ::run [ RunTime:0.000765s ]
INFO: WriteHtmlCache Behavior ::run [ RunTime:0.000259s ]
INFO: ShowRuntime Behavior ::run [ RunTime:0.000420s ]
INFO: [ view_filter ] --END-- [ RunTime:0.002627s ]
INFO: [ view_end ] --START--
INFO: ShowPageTrace Behavior ::run [ RunTime:0.000495s ]
INFO: [ view_end ] --END-- [ RunTime:0.000536s ]

[ 2014-09-21T21:04:58+08:00 ] 127.0.0.1 /yanandyan/
INFO: [ app_begin ] --START--
INFO: ReadHtmlCache Behavior ::run [ RunTime:0.000809s ]
INFO: [ app_begin ] --END-- [ RunTime:0.000895s ]
SQL: SHOW COLUMNS FROM `blog_index_config` [ RunTime:0.002796s ]
SQL: SELECT `value` FROM `blog_index_config` WHERE ( type='index_bgimg' and uid =1 and display = 1 ) LIMIT 1   [ RunTime:0.000300s ]
SQL: SELECT * FROM `blog_index_config` WHERE ( type='index_bgmusic' and uid =1 and display = 1 )  [ RunTime:0.000186s ]
SQL: SHOW COLUMNS FROM `blog_article` [ RunTime:0.002230s ]
SQL: SELECT * FROM `blog_article`  [ RunTime:0.000202s ]
INFO: [ view_parse ] --START--
INFO: ParseTemplate Behavior ::run [ RunTime:0.005721s ]
INFO: [ view_parse ] --END-- [ RunTime:0.005812s ]
INFO: [ view_filter ] --START--
INFO: ContentReplace Behavior ::run [ RunTime:0.000315s ]
INFO: TokenBuild Behavior ::run [ RunTime:0.000358s ]
INFO: WriteHtmlCache Behavior ::run [ RunTime:0.000299s ]
INFO: ShowRuntime Behavior ::run [ RunTime:0.000337s ]
INFO: [ view_filter ] --END-- [ RunTime:0.001412s ]
INFO: [ view_end ] --START--
INFO: ShowPageTrace Behavior ::run [ RunTime:0.000493s ]
INFO: [ view_end ] --END-- [ RunTime:0.000528s ]

[ 2014-09-21T21:08:34+08:00 ] 127.0.0.1 /yanandyan/
INFO: [ app_begin ] --START--
INFO: ReadHtmlCache Behavior ::run [ RunTime:0.000484s ]
INFO: [ app_begin ] --END-- [ RunTime:0.000545s ]
SQL: SHOW COLUMNS FROM `blog_index_config` [ RunTime:0.004450s ]
SQL: SELECT `value` FROM `blog_index_config` WHERE ( type='index_bgimg' and uid =1 and display = 1 ) LIMIT 1   [ RunTime:0.000422s ]
SQL: SELECT * FROM `blog_index_config` WHERE ( type='index_bgmusic' and uid =1 and display = 1 )  [ RunTime:0.000374s ]
SQL: SHOW COLUMNS FROM `blog_article` [ RunTime:0.004532s ]
SQL: SELECT * FROM `blog_article`  [ RunTime:0.000472s ]
INFO: [ view_parse ] --START--
INFO: ParseTemplate Behavior ::run [ RunTime:0.012252s ]
INFO: [ view_parse ] --END-- [ RunTime:0.012465s ]
INFO: [ view_filter ] --START--
INFO: ContentReplace Behavior ::run [ RunTime:0.000677s ]
INFO: TokenBuild Behavior ::run [ RunTime:0.000718s ]
INFO: WriteHtmlCache Behavior ::run [ RunTime:0.000599s ]
INFO: ShowRuntime Behavior ::run [ RunTime:0.000820s ]
INFO: [ view_filter ] --END-- [ RunTime:0.003020s ]
INFO: [ view_end ] --START--
INFO: ShowPageTrace Behavior ::run [ RunTime:0.001038s ]
INFO: [ view_end ] --END-- [ RunTime:0.001106s ]

[ 2014-09-21T21:10:24+08:00 ] 127.0.0.1 /yanandyan/
INFO: [ app_begin ] --START--
INFO: ReadHtmlCache Behavior ::run [ RunTime:0.000648s ]
INFO: [ app_begin ] --END-- [ RunTime:0.000716s ]
SQL: SHOW COLUMNS FROM `blog_index_config` [ RunTime:0.007434s ]
SQL: SELECT `value` FROM `blog_index_config` WHERE ( type='index_bgimg' and uid =1 and display = 1 ) LIMIT 1   [ RunTime:0.000737s ]
SQL: SELECT * FROM `blog_index_config` WHERE ( type='index_bgmusic' and uid =1 and display = 1 )  [ RunTime:0.000683s ]
SQL: SHOW COLUMNS FROM `blog_article` [ RunTime:0.006784s ]
SQL: SELECT * FROM `blog_article`  [ RunTime:0.000581s ]
INFO: [ view_parse ] --START--
INFO: ParseTemplate Behavior ::run [ RunTime:0.008679s ]
INFO: [ view_parse ] --END-- [ RunTime:0.008787s ]
INFO: [ view_filter ] --START--
INFO: ContentReplace Behavior ::run [ RunTime:0.000515s ]
INFO: TokenBuild Behavior ::run [ RunTime:0.000485s ]
INFO: WriteHtmlCache Behavior ::run [ RunTime:0.000396s ]
INFO: ShowRuntime Behavior ::run [ RunTime:0.000562s ]
INFO: [ view_filter ] --END-- [ RunTime:0.002152s ]
INFO: [ view_end ] --START--
INFO: ShowPageTrace Behavior ::run [ RunTime:0.000702s ]
INFO: [ view_end ] --END-- [ RunTime:0.000750s ]

