[ 2014-06-29T12:04:16+08:00 ] 127.0.0.1 /war5/admin.php
INFO: [ app_begin ] --START--
INFO: ReadHtmlCache Behavior ::run [ RunTime:0.063133s ]
INFO: [ app_begin ] --END-- [ RunTime:0.063242s ]
INFO: [ view_parse ] --START--
INFO: ParseTemplate Behavior ::run [ RunTime:0.638985s ]
INFO: [ view_parse ] --END-- [ RunTime:0.639082s ]
INFO: [ view_filter ] --START--
INFO: ContentReplace Behavior ::run [ RunTime:0.048765s ]
INFO: TokenBuild Behavior ::run [ RunTime:0.033167s ]
INFO: WriteHtmlCache Behavior ::run [ RunTime:0.033054s ]
INFO: ShowRuntime Behavior ::run [ RunTime:0.031265s ]
INFO: [ view_filter ] --END-- [ RunTime:0.146502s ]
INFO: [ view_end ] --START--
INFO: ShowPageTrace Behavior ::run [ RunTime:0.010704s ]
INFO: [ view_end ] --END-- [ RunTime:0.010784s ]

[ 2014-06-29T12:04:17+08:00 ] 127.0.0.1 /war5/admin.php/Index/yanzhengma
INFO: [ route_check ] --START--
INFO: CheckRoute Behavior ::run [ RunTime:0.026485s ]
INFO: [ route_check ] --END-- [ RunTime:0.026547s ]
INFO: [ app_begin ] --START--
INFO: ReadHtmlCache Behavior ::run [ RunTime:0.000426s ]
INFO: [ app_begin ] --END-- [ RunTime:0.000464s ]

[ 2014-06-29T12:04:26+08:00 ] 127.0.0.1 /war5/admin.php/Index/login
INFO: [ route_check ] --START--
INFO: CheckRoute Behavior ::run [ RunTime:0.001103s ]
INFO: [ route_check ] --END-- [ RunTime:0.001190s ]
INFO: [ app_begin ] --START--
INFO: ReadHtmlCache Behavior ::run [ RunTime:0.000708s ]
INFO: [ app_begin ] --END-- [ RunTime:0.000788s ]
SQL: SHOW COLUMNS FROM `blog_users` [ RunTime:0.098966s ]
SQL: SELECT `password`,`username`,`uid` FROM `blog_users` WHERE ( username ="admin" ) LIMIT 1   [ RunTime:0.041492s ]
INFO: [ view_parse ] --START--
INFO: ParseTemplate Behavior ::run [ RunTime:0.055238s ]
INFO: [ view_parse ] --END-- [ RunTime:0.055345s ]
INFO: [ view_filter ] --START--
INFO: ContentReplace Behavior ::run [ RunTime:0.000565s ]
INFO: TokenBuild Behavior ::run [ RunTime:0.000489s ]
INFO: WriteHtmlCache Behavior ::run [ RunTime:0.000454s ]
INFO: ShowRuntime Behavior ::run [ RunTime:0.000593s ]
INFO: [ view_filter ] --END-- [ RunTime:0.002241s ]
INFO: [ view_end ] --START--
INFO: ShowPageTrace Behavior ::run [ RunTime:0.000688s ]
INFO: [ view_end ] --END-- [ RunTime:0.000735s ]

[ 2014-06-29T12:04:28+08:00 ] 127.0.0.1 /war5/admin.php/Main/main
INFO: [ route_check ] --START--
INFO: CheckRoute Behavior ::run [ RunTime:0.000767s ]
INFO: [ route_check ] --END-- [ RunTime:0.000837s ]
INFO: [ app_begin ] --START--
INFO: ReadHtmlCache Behavior ::run [ RunTime:0.000520s ]
INFO: [ app_begin ] --END-- [ RunTime:0.000569s ]
SQL: SHOW COLUMNS FROM `blog_leftmenu` [ RunTime:0.035466s ]
SQL: SELECT * FROM `blog_leftmenu` WHERE ( parent_id=0 and display=1 ) ORDER BY list_order  [ RunTime:0.009680s ]
SQL: SELECT * FROM `blog_leftmenu` WHERE ( parent_id=130 and display=1 ) ORDER BY list_order  [ RunTime:0.000715s ]
SQL: SELECT * FROM `blog_leftmenu` WHERE ( parent_id=137 and display=1 ) ORDER BY list_order  [ RunTime:0.000474s ]
NOTIC: [2] Invalid argument supplied for foreach() D:\myweb\war5\flash\admin\Lib\Model\MenuModel.class.php 第 20 行.
SQL: SELECT * FROM `blog_leftmenu` WHERE ( parent_id=187 and display=1 ) ORDER BY list_order  [ RunTime:0.000481s ]
NOTIC: [2] Invalid argument supplied for foreach() D:\myweb\war5\flash\admin\Lib\Model\MenuModel.class.php 第 20 行.
SQL: SELECT * FROM `blog_leftmenu` WHERE ( parent_id=131 and display=1 ) ORDER BY list_order  [ RunTime:0.000458s ]
NOTIC: [2] Invalid argument supplied for foreach() D:\myweb\war5\flash\admin\Lib\Model\MenuModel.class.php 第 20 行.
SQL: SELECT * FROM `blog_leftmenu` WHERE ( parent_id=189 and display=1 ) ORDER BY list_order  [ RunTime:0.000442s ]
NOTIC: [2] Invalid argument supplied for foreach() D:\myweb\war5\flash\admin\Lib\Model\MenuModel.class.php 第 20 行.
INFO: [ view_parse ] --START--
INFO: ParseTemplate Behavior ::run [ RunTime:0.111820s ]
INFO: [ view_parse ] --END-- [ RunTime:0.111959s ]
INFO: [ view_filter ] --START--
INFO: ContentReplace Behavior ::run [ RunTime:0.000792s ]
INFO: TokenBuild Behavior ::run [ RunTime:0.000603s ]
INFO: WriteHtmlCache Behavior ::run [ RunTime:0.000505s ]
INFO: ShowRuntime Behavior ::run [ RunTime:0.000768s ]
INFO: [ view_filter ] --END-- [ RunTime:0.002921s ]
INFO: [ view_end ] --START--
INFO: ShowPageTrace Behavior ::run [ RunTime:0.001032s ]
INFO: [ view_end ] --END-- [ RunTime:0.001110s ]

[ 2014-06-29T12:04:35+08:00 ] 127.0.0.1 /war5/admin.php/Main/webstyle
INFO: [ route_check ] --START--
INFO: CheckRoute Behavior ::run [ RunTime:0.000865s ]
INFO: [ route_check ] --END-- [ RunTime:0.000942s ]
INFO: [ app_begin ] --START--
INFO: ReadHtmlCache Behavior ::run [ RunTime:0.000651s ]
INFO: [ app_begin ] --END-- [ RunTime:0.000706s ]
ERR: 非法操作:webstyle

[ 2014-06-29T12:04:39+08:00 ] 127.0.0.1 /war5/admin.php/Main/webset
INFO: [ route_check ] --START--
INFO: CheckRoute Behavior ::run [ RunTime:0.000611s ]
INFO: [ route_check ] --END-- [ RunTime:0.000670s ]
INFO: [ app_begin ] --START--
INFO: ReadHtmlCache Behavior ::run [ RunTime:0.000389s ]
INFO: [ app_begin ] --END-- [ RunTime:0.000424s ]
INFO: [ view_parse ] --START--
INFO: ParseTemplate Behavior ::run [ RunTime:0.056146s ]
INFO: [ view_parse ] --END-- [ RunTime:0.056276s ]
INFO: [ view_filter ] --START--
INFO: ContentReplace Behavior ::run [ RunTime:0.000889s ]
INFO: TokenBuild Behavior ::run [ RunTime:0.001034s ]
INFO: WriteHtmlCache Behavior ::run [ RunTime:0.000671s ]
INFO: ShowRuntime Behavior ::run [ RunTime:0.001014s ]
INFO: [ view_filter ] --END-- [ RunTime:0.003893s ]
INFO: [ view_end ] --START--
INFO: ShowPageTrace Behavior ::run [ RunTime:0.005662s ]
INFO: [ view_end ] --END-- [ RunTime:0.005771s ]

[ 2014-06-29T12:04:40+08:00 ] 127.0.0.1 /war5/admin.php/Main/webstyle
INFO: [ route_check ] --START--
INFO: CheckRoute Behavior ::run [ RunTime:0.000813s ]
INFO: [ route_check ] --END-- [ RunTime:0.000892s ]
INFO: [ app_begin ] --START--
INFO: ReadHtmlCache Behavior ::run [ RunTime:0.000569s ]
INFO: [ app_begin ] --END-- [ RunTime:0.000615s ]
ERR: 非法操作:webstyle

[ 2014-06-29T12:04:42+08:00 ] 127.0.0.1 /war5/admin.php/Main/setleftmenu
INFO: [ route_check ] --START--
INFO: CheckRoute Behavior ::run [ RunTime:0.000853s ]
INFO: [ route_check ] --END-- [ RunTime:0.000928s ]
INFO: [ app_begin ] --START--
INFO: ReadHtmlCache Behavior ::run [ RunTime:0.000572s ]
INFO: [ app_begin ] --END-- [ RunTime:0.000625s ]
SQL: SHOW COLUMNS FROM `blog_leftmenu` [ RunTime:0.002190s ]
SQL: SELECT * FROM `blog_leftmenu` WHERE ( parent_id=0 and display=1 ) ORDER BY list_order  [ RunTime:0.000255s ]
SQL: SELECT * FROM `blog_leftmenu` WHERE ( parent_id=130 and display=1 ) ORDER BY list_order  [ RunTime:0.000203s ]
SQL: SELECT * FROM `blog_leftmenu` WHERE ( parent_id=137 and display=1 ) ORDER BY list_order  [ RunTime:0.000180s ]
NOTIC: [2] Invalid argument supplied for foreach() D:\myweb\war5\flash\admin\Lib\Model\MenuModel.class.php 第 20 行.
SQL: SELECT * FROM `blog_leftmenu` WHERE ( parent_id=187 and display=1 ) ORDER BY list_order  [ RunTime:0.000181s ]
NOTIC: [2] Invalid argument supplied for foreach() D:\myweb\war5\flash\admin\Lib\Model\MenuModel.class.php 第 20 行.
SQL: SELECT * FROM `blog_leftmenu` WHERE ( parent_id=131 and display=1 ) ORDER BY list_order  [ RunTime:0.000179s ]
NOTIC: [2] Invalid argument supplied for foreach() D:\myweb\war5\flash\admin\Lib\Model\MenuModel.class.php 第 20 行.
SQL: SELECT * FROM `blog_leftmenu` WHERE ( parent_id=189 and display=1 ) ORDER BY list_order  [ RunTime:0.000179s ]
NOTIC: [2] Invalid argument supplied for foreach() D:\myweb\war5\flash\admin\Lib\Model\MenuModel.class.php 第 20 行.
NOTIC: [8] Undefined variable: class D:\myweb\war5\flash\admin\Lib\Model\MenuModel.class.php 第 56 行.
NOTIC: [8] Undefined variable: class D:\myweb\war5\flash\admin\Lib\Model\MenuModel.class.php 第 56 行.
NOTIC: [8] Undefined variable: class D:\myweb\war5\flash\admin\Lib\Model\MenuModel.class.php 第 56 行.
INFO: [ view_parse ] --START--
INFO: ParseTemplate Behavior ::run [ RunTime:0.045901s ]
INFO: [ view_parse ] --END-- [ RunTime:0.045950s ]
INFO: [ view_filter ] --START--
INFO: ContentReplace Behavior ::run [ RunTime:0.000347s ]
INFO: TokenBuild Behavior ::run [ RunTime:0.000249s ]
INFO: WriteHtmlCache Behavior ::run [ RunTime:0.000174s ]
INFO: ShowRuntime Behavior ::run [ RunTime:0.000367s ]
INFO: [ view_filter ] --END-- [ RunTime:0.001227s ]
INFO: [ view_end ] --START--
INFO: ShowPageTrace Behavior ::run [ RunTime:0.000455s ]
INFO: [ view_end ] --END-- [ RunTime:0.000486s ]

[ 2014-06-29T12:04:43+08:00 ] 127.0.0.1 /war5/admin.php/Main/webset
INFO: [ route_check ] --START--
INFO: CheckRoute Behavior ::run [ RunTime:0.000799s ]
INFO: [ route_check ] --END-- [ RunTime:0.000879s ]
INFO: [ app_begin ] --START--
INFO: ReadHtmlCache Behavior ::run [ RunTime:0.000546s ]
INFO: [ app_begin ] --END-- [ RunTime:0.000599s ]
INFO: [ view_parse ] --START--
INFO: ParseTemplate Behavior ::run [ RunTime:0.005224s ]
INFO: [ view_parse ] --END-- [ RunTime:0.005291s ]
INFO: [ view_filter ] --START--
INFO: ContentReplace Behavior ::run [ RunTime:0.000254s ]
INFO: TokenBuild Behavior ::run [ RunTime:0.000257s ]
INFO: WriteHtmlCache Behavior ::run [ RunTime:0.000184s ]
INFO: ShowRuntime Behavior ::run [ RunTime:0.000291s ]
INFO: [ view_filter ] --END-- [ RunTime:0.001072s ]
INFO: [ view_end ] --START--
INFO: ShowPageTrace Behavior ::run [ RunTime:0.000387s ]
INFO: [ view_end ] --END-- [ RunTime:0.000415s ]

[ 2014-06-29T12:04:44+08:00 ] 127.0.0.1 /war5/admin.php/Main/setleftmenu
INFO: [ route_check ] --START--
INFO: CheckRoute Behavior ::run [ RunTime:0.000645s ]
INFO: [ route_check ] --END-- [ RunTime:0.000708s ]
INFO: [ app_begin ] --START--
INFO: ReadHtmlCache Behavior ::run [ RunTime:0.000459s ]
INFO: [ app_begin ] --END-- [ RunTime:0.000502s ]
SQL: SHOW COLUMNS FROM `blog_leftmenu` [ RunTime:0.019639s ]
SQL: SELECT * FROM `blog_leftmenu` WHERE ( parent_id=0 and display=1 ) ORDER BY list_order  [ RunTime:0.000219s ]
SQL: SELECT * FROM `blog_leftmenu` WHERE ( parent_id=130 and display=1 ) ORDER BY list_order  [ RunTime:0.000160s ]
SQL: SELECT * FROM `blog_leftmenu` WHERE ( parent_id=137 and display=1 ) ORDER BY list_order  [ RunTime:0.000128s ]
NOTIC: [2] Invalid argument supplied for foreach() D:\myweb\war5\flash\admin\Lib\Model\MenuModel.class.php 第 20 行.
SQL: SELECT * FROM `blog_leftmenu` WHERE ( parent_id=187 and display=1 ) ORDER BY list_order  [ RunTime:0.000136s ]
NOTIC: [2] Invalid argument supplied for foreach() D:\myweb\war5\flash\admin\Lib\Model\MenuModel.class.php 第 20 行.
SQL: SELECT * FROM `blog_leftmenu` WHERE ( parent_id=131 and display=1 ) ORDER BY list_order  [ RunTime:0.000122s ]
NOTIC: [2] Invalid argument supplied for foreach() D:\myweb\war5\flash\admin\Lib\Model\MenuModel.class.php 第 20 行.
SQL: SELECT * FROM `blog_leftmenu` WHERE ( parent_id=189 and display=1 ) ORDER BY list_order  [ RunTime:0.000121s ]
NOTIC: [2] Invalid argument supplied for foreach() D:\myweb\war5\flash\admin\Lib\Model\MenuModel.class.php 第 20 行.
NOTIC: [8] Undefined variable: class D:\myweb\war5\flash\admin\Lib\Model\MenuModel.class.php 第 56 行.
NOTIC: [8] Undefined variable: class D:\myweb\war5\flash\admin\Lib\Model\MenuModel.class.php 第 56 行.
NOTIC: [8] Undefined variable: class D:\myweb\war5\flash\admin\Lib\Model\MenuModel.class.php 第 56 行.
INFO: [ view_parse ] --START--
INFO: ParseTemplate Behavior ::run [ RunTime:0.004694s ]
INFO: [ view_parse ] --END-- [ RunTime:0.004740s ]
INFO: [ view_filter ] --START--
INFO: ContentReplace Behavior ::run [ RunTime:0.000260s ]
INFO: TokenBuild Behavior ::run [ RunTime:0.000241s ]
INFO: WriteHtmlCache Behavior ::run [ RunTime:0.000177s ]
INFO: ShowRuntime Behavior ::run [ RunTime:0.000280s ]
INFO: [ view_filter ] --END-- [ RunTime:0.001046s ]
INFO: [ view_end ] --START--
INFO: ShowPageTrace Behavior ::run [ RunTime:0.000365s ]
INFO: [ view_end ] --END-- [ RunTime:0.000394s ]

[ 2014-06-29T12:04:45+08:00 ] 127.0.0.1 /war5/admin.php/Main/webstyle
INFO: [ route_check ] --START--
INFO: CheckRoute Behavior ::run [ RunTime:0.001007s ]
INFO: [ route_check ] --END-- [ RunTime:0.001090s ]
INFO: [ app_begin ] --START--
INFO: ReadHtmlCache Behavior ::run [ RunTime:0.004640s ]
INFO: [ app_begin ] --END-- [ RunTime:0.004708s ]
ERR: 非法操作:webstyle

[ 2014-06-29T12:04:46+08:00 ] 127.0.0.1 /war5/admin.php/Main/webset
INFO: [ route_check ] --START--
INFO: CheckRoute Behavior ::run [ RunTime:0.000710s ]
INFO: [ route_check ] --END-- [ RunTime:0.000773s ]
INFO: [ app_begin ] --START--
INFO: ReadHtmlCache Behavior ::run [ RunTime:0.000511s ]
INFO: [ app_begin ] --END-- [ RunTime:0.000553s ]
INFO: [ view_parse ] --START--
INFO: ParseTemplate Behavior ::run [ RunTime:0.005620s ]
INFO: [ view_parse ] --END-- [ RunTime:0.005679s ]
INFO: [ view_filter ] --START--
INFO: ContentReplace Behavior ::run [ RunTime:0.000309s ]
INFO: TokenBuild Behavior ::run [ RunTime:0.000374s ]
INFO: WriteHtmlCache Behavior ::run [ RunTime:0.000245s ]
INFO: ShowRuntime Behavior ::run [ RunTime:0.000451s ]
INFO: [ view_filter ] --END-- [ RunTime:0.001493s ]
INFO: [ view_end ] --START--
INFO: ShowPageTrace Behavior ::run [ RunTime:0.000576s ]
INFO: [ view_end ] --END-- [ RunTime:0.000617s ]

[ 2014-06-29T12:04:47+08:00 ] 127.0.0.1 /war5/admin.php/Main/webstyle
INFO: [ route_check ] --START--
INFO: CheckRoute Behavior ::run [ RunTime:0.001394s ]
INFO: [ route_check ] --END-- [ RunTime:0.001518s ]
INFO: [ app_begin ] --START--
INFO: ReadHtmlCache Behavior ::run [ RunTime:0.000840s ]
INFO: [ app_begin ] --END-- [ RunTime:0.000896s ]
ERR: 非法操作:webstyle

[ 2014-06-29T12:04:47+08:00 ] 127.0.0.1 /war5/admin.php/Main/setleftmenu
INFO: [ route_check ] --START--
INFO: CheckRoute Behavior ::run [ RunTime:0.000885s ]
INFO: [ route_check ] --END-- [ RunTime:0.000965s ]
INFO: [ app_begin ] --START--
INFO: ReadHtmlCache Behavior ::run [ RunTime:0.000485s ]
INFO: [ app_begin ] --END-- [ RunTime:0.000524s ]
SQL: SHOW COLUMNS FROM `blog_leftmenu` [ RunTime:0.002313s ]
SQL: SELECT * FROM `blog_leftmenu` WHERE ( parent_id=0 and display=1 ) ORDER BY list_order  [ RunTime:0.000256s ]
SQL: SELECT * FROM `blog_leftmenu` WHERE ( parent_id=130 and display=1 ) ORDER BY list_order  [ RunTime:0.000212s ]
SQL: SELECT * FROM `blog_leftmenu` WHERE ( parent_id=137 and display=1 ) ORDER BY list_order  [ RunTime:0.000183s ]
NOTIC: [2] Invalid argument supplied for foreach() D:\myweb\war5\flash\admin\Lib\Model\MenuModel.class.php 第 20 行.
SQL: SELECT * FROM `blog_leftmenu` WHERE ( parent_id=187 and display=1 ) ORDER BY list_order  [ RunTime:0.000184s ]
NOTIC: [2] Invalid argument supplied for foreach() D:\myweb\war5\flash\admin\Lib\Model\MenuModel.class.php 第 20 行.
SQL: SELECT * FROM `blog_leftmenu` WHERE ( parent_id=131 and display=1 ) ORDER BY list_order  [ RunTime:0.000181s ]
NOTIC: [2] Invalid argument supplied for foreach() D:\myweb\war5\flash\admin\Lib\Model\MenuModel.class.php 第 20 行.
SQL: SELECT * FROM `blog_leftmenu` WHERE ( parent_id=189 and display=1 ) ORDER BY list_order  [ RunTime:0.000182s ]
NOTIC: [2] Invalid argument supplied for foreach() D:\myweb\war5\flash\admin\Lib\Model\MenuModel.class.php 第 20 行.
NOTIC: [8] Undefined variable: class D:\myweb\war5\flash\admin\Lib\Model\MenuModel.class.php 第 56 行.
NOTIC: [8] Undefined variable: class D:\myweb\war5\flash\admin\Lib\Model\MenuModel.class.php 第 56 行.
NOTIC: [8] Undefined variable: class D:\myweb\war5\flash\admin\Lib\Model\MenuModel.class.php 第 56 行.
INFO: [ view_parse ] --START--
INFO: ParseTemplate Behavior ::run [ RunTime:0.005466s ]
INFO: [ view_parse ] --END-- [ RunTime:0.005626s ]
INFO: [ view_filter ] --START--
INFO: ContentReplace Behavior ::run [ RunTime:0.000436s ]
INFO: TokenBuild Behavior ::run [ RunTime:0.000407s ]
INFO: WriteHtmlCache Behavior ::run [ RunTime:0.000257s ]
INFO: ShowRuntime Behavior ::run [ RunTime:0.000322s ]
INFO: [ view_filter ] --END-- [ RunTime:0.001557s ]
INFO: [ view_end ] --START--
INFO: ShowPageTrace Behavior ::run [ RunTime:0.000394s ]
INFO: [ view_end ] --END-- [ RunTime:0.000424s ]

[ 2014-06-29T15:56:19+08:00 ] 127.0.0.1 /war5/admin.php/Main/main
INFO: [ route_check ] --START--
INFO: CheckRoute Behavior ::run [ RunTime:0.000621s ]
INFO: [ route_check ] --END-- [ RunTime:0.000675s ]
INFO: [ app_begin ] --START--
INFO: ReadHtmlCache Behavior ::run [ RunTime:0.000484s ]
INFO: [ app_begin ] --END-- [ RunTime:0.000522s ]
NOTIC: [8] Undefined index: admin_username D:\myweb\war5\flash\admin\Lib\Action\MainAction.class.php 第 3 行.

[ 2014-06-29T15:56:19+08:00 ] 127.0.0.1 /war5/admin.php
INFO: [ app_begin ] --START--
INFO: ReadHtmlCache Behavior ::run [ RunTime:0.000506s ]
INFO: [ app_begin ] --END-- [ RunTime:0.000564s ]
INFO: [ view_parse ] --START--
INFO: ParseTemplate Behavior ::run [ RunTime:0.005487s ]
INFO: [ view_parse ] --END-- [ RunTime:0.005552s ]
INFO: [ view_filter ] --START--
INFO: ContentReplace Behavior ::run [ RunTime:0.000338s ]
INFO: TokenBuild Behavior ::run [ RunTime:0.000383s ]
INFO: WriteHtmlCache Behavior ::run [ RunTime:0.000217s ]
INFO: ShowRuntime Behavior ::run [ RunTime:0.000337s ]
INFO: [ view_filter ] --END-- [ RunTime:0.001379s ]
INFO: [ view_end ] --START--
INFO: ShowPageTrace Behavior ::run [ RunTime:0.000427s ]
INFO: [ view_end ] --END-- [ RunTime:0.000461s ]

[ 2014-06-29T15:56:19+08:00 ] 127.0.0.1 /war5/admin.php/Index/yanzhengma
INFO: [ route_check ] --START--
INFO: CheckRoute Behavior ::run [ RunTime:0.000654s ]
INFO: [ route_check ] --END-- [ RunTime:0.000711s ]
INFO: [ app_begin ] --START--
INFO: ReadHtmlCache Behavior ::run [ RunTime:0.000364s ]
INFO: [ app_begin ] --END-- [ RunTime:0.000401s ]

[ 2014-06-29T15:56:32+08:00 ] 127.0.0.1 /war5/admin.php/Index/login
INFO: [ route_check ] --START--
INFO: CheckRoute Behavior ::run [ RunTime:0.000683s ]
INFO: [ route_check ] --END-- [ RunTime:0.000739s ]
INFO: [ app_begin ] --START--
INFO: ReadHtmlCache Behavior ::run [ RunTime:0.000413s ]
INFO: [ app_begin ] --END-- [ RunTime:0.000452s ]
INFO: [ view_parse ] --START--
INFO: ParseTemplate Behavior ::run [ RunTime:0.009071s ]
INFO: [ view_parse ] --END-- [ RunTime:0.009134s ]
INFO: [ view_filter ] --START--
INFO: ContentReplace Behavior ::run [ RunTime:0.000310s ]
INFO: TokenBuild Behavior ::run [ RunTime:0.000295s ]
INFO: WriteHtmlCache Behavior ::run [ RunTime:0.001049s ]
INFO: ShowRuntime Behavior ::run [ RunTime:0.000368s ]
INFO: [ view_filter ] --END-- [ RunTime:0.002221s ]
INFO: [ view_end ] --START--
INFO: ShowPageTrace Behavior ::run [ RunTime:0.000512s ]
INFO: [ view_end ] --END-- [ RunTime:0.000553s ]

[ 2014-06-29T15:56:34+08:00 ] 127.0.0.1 /war5/admin.php
INFO: [ app_begin ] --START--
INFO: ReadHtmlCache Behavior ::run [ RunTime:0.000502s ]
INFO: [ app_begin ] --END-- [ RunTime:0.000586s ]
INFO: [ view_parse ] --START--
INFO: ParseTemplate Behavior ::run [ RunTime:0.005681s ]
INFO: [ view_parse ] --END-- [ RunTime:0.005747s ]
INFO: [ view_filter ] --START--
INFO: ContentReplace Behavior ::run [ RunTime:0.000407s ]
INFO: TokenBuild Behavior ::run [ RunTime:0.000385s ]
INFO: WriteHtmlCache Behavior ::run [ RunTime:0.000246s ]
INFO: ShowRuntime Behavior ::run [ RunTime:0.000469s ]
INFO: [ view_filter ] --END-- [ RunTime:0.001641s ]
INFO: [ view_end ] --START--
INFO: ShowPageTrace Behavior ::run [ RunTime:0.000537s ]
INFO: [ view_end ] --END-- [ RunTime:0.000579s ]

[ 2014-06-29T15:56:34+08:00 ] 127.0.0.1 /war5/admin.php/Index/yanzhengma
INFO: [ route_check ] --START--
INFO: CheckRoute Behavior ::run [ RunTime:0.000494s ]
INFO: [ route_check ] --END-- [ RunTime:0.000545s ]
INFO: [ app_begin ] --START--
INFO: ReadHtmlCache Behavior ::run [ RunTime:0.000373s ]
INFO: [ app_begin ] --END-- [ RunTime:0.000410s ]

[ 2014-06-29T15:56:43+08:00 ] 127.0.0.1 /war5/admin.php/Index/login
INFO: [ route_check ] --START--
INFO: CheckRoute Behavior ::run [ RunTime:0.000767s ]
INFO: [ route_check ] --END-- [ RunTime:0.000826s ]
INFO: [ app_begin ] --START--
INFO: ReadHtmlCache Behavior ::run [ RunTime:0.000418s ]
INFO: [ app_begin ] --END-- [ RunTime:0.000458s ]
SQL: SHOW COLUMNS FROM `blog_users` [ RunTime:0.003723s ]
SQL: SELECT `password`,`username`,`uid` FROM `blog_users` WHERE ( username ="admin" ) LIMIT 1   [ RunTime:0.000261s ]
INFO: [ view_parse ] --START--
INFO: ParseTemplate Behavior ::run [ RunTime:0.004915s ]
INFO: [ view_parse ] --END-- [ RunTime:0.004974s ]
INFO: [ view_filter ] --START--
INFO: ContentReplace Behavior ::run [ RunTime:0.000273s ]
INFO: TokenBuild Behavior ::run [ RunTime:0.000362s ]
INFO: WriteHtmlCache Behavior ::run [ RunTime:0.000279s ]
INFO: ShowRuntime Behavior ::run [ RunTime:0.000411s ]
INFO: [ view_filter ] --END-- [ RunTime:0.001458s ]
INFO: [ view_end ] --START--
INFO: ShowPageTrace Behavior ::run [ RunTime:0.000451s ]
INFO: [ view_end ] --END-- [ RunTime:0.000487s ]

[ 2014-06-29T15:56:45+08:00 ] 127.0.0.1 /war5/admin.php/Main/main
INFO: [ route_check ] --START--
INFO: CheckRoute Behavior ::run [ RunTime:0.000773s ]
INFO: [ route_check ] --END-- [ RunTime:0.000851s ]
INFO: [ app_begin ] --START--
INFO: ReadHtmlCache Behavior ::run [ RunTime:0.000564s ]
INFO: [ app_begin ] --END-- [ RunTime:0.000625s ]
SQL: SHOW COLUMNS FROM `blog_leftmenu` [ RunTime:0.002480s ]
SQL: SELECT * FROM `blog_leftmenu` WHERE ( parent_id=0 and display=1 ) ORDER BY list_order  [ RunTime:0.000342s ]
SQL: SELECT * FROM `blog_leftmenu` WHERE ( parent_id=130 and display=1 ) ORDER BY list_order  [ RunTime:0.000215s ]
SQL: SELECT * FROM `blog_leftmenu` WHERE ( parent_id=137 and display=1 ) ORDER BY list_order  [ RunTime:0.000177s ]
NOTIC: [2] Invalid argument supplied for foreach() D:\myweb\war5\flash\admin\Lib\Model\MenuModel.class.php 第 20 行.
SQL: SELECT * FROM `blog_leftmenu` WHERE ( parent_id=187 and display=1 ) ORDER BY list_order  [ RunTime:0.000170s ]
NOTIC: [2] Invalid argument supplied for foreach() D:\myweb\war5\flash\admin\Lib\Model\MenuModel.class.php 第 20 行.
SQL: SELECT * FROM `blog_leftmenu` WHERE ( parent_id=131 and display=1 ) ORDER BY list_order  [ RunTime:0.000189s ]
NOTIC: [2] Invalid argument supplied for foreach() D:\myweb\war5\flash\admin\Lib\Model\MenuModel.class.php 第 20 行.
SQL: SELECT * FROM `blog_leftmenu` WHERE ( parent_id=189 and display=1 ) ORDER BY list_order  [ RunTime:0.000181s ]
NOTIC: [2] Invalid argument supplied for foreach() D:\myweb\war5\flash\admin\Lib\Model\MenuModel.class.php 第 20 行.
INFO: [ view_parse ] --START--
INFO: ParseTemplate Behavior ::run [ RunTime:0.005669s ]
INFO: [ view_parse ] --END-- [ RunTime:0.005734s ]
INFO: [ view_filter ] --START--
INFO: ContentReplace Behavior ::run [ RunTime:0.000348s ]
INFO: TokenBuild Behavior ::run [ RunTime:0.000327s ]
INFO: WriteHtmlCache Behavior ::run [ RunTime:0.000194s ]
INFO: ShowRuntime Behavior ::run [ RunTime:0.000295s ]
INFO: [ view_filter ] --END-- [ RunTime:0.001273s ]
INFO: [ view_end ] --START--
INFO: ShowPageTrace Behavior ::run [ RunTime:0.000382s ]
INFO: [ view_end ] --END-- [ RunTime:0.000416s ]

[ 2014-06-29T15:56:49+08:00 ] 127.0.0.1 /war5/admin.php/Main/setleftmenu
INFO: [ route_check ] --START--
INFO: CheckRoute Behavior ::run [ RunTime:0.000671s ]
INFO: [ route_check ] --END-- [ RunTime:0.000738s ]
INFO: [ app_begin ] --START--
INFO: ReadHtmlCache Behavior ::run [ RunTime:0.000489s ]
INFO: [ app_begin ] --END-- [ RunTime:0.000531s ]
SQL: SHOW COLUMNS FROM `blog_leftmenu` [ RunTime:0.002657s ]
SQL: SELECT * FROM `blog_leftmenu` WHERE ( parent_id=0 and display=1 ) ORDER BY list_order  [ RunTime:0.000306s ]
SQL: SELECT * FROM `blog_leftmenu` WHERE ( parent_id=130 and display=1 ) ORDER BY list_order  [ RunTime:0.000233s ]
SQL: SELECT * FROM `blog_leftmenu` WHERE ( parent_id=137 and display=1 ) ORDER BY list_order  [ RunTime:0.000222s ]
NOTIC: [2] Invalid argument supplied for foreach() D:\myweb\war5\flash\admin\Lib\Model\MenuModel.class.php 第 20 行.
SQL: SELECT * FROM `blog_leftmenu` WHERE ( parent_id=187 and display=1 ) ORDER BY list_order  [ RunTime:0.000188s ]
NOTIC: [2] Invalid argument supplied for foreach() D:\myweb\war5\flash\admin\Lib\Model\MenuModel.class.php 第 20 行.
SQL: SELECT * FROM `blog_leftmenu` WHERE ( parent_id=131 and display=1 ) ORDER BY list_order  [ RunTime:0.000184s ]
NOTIC: [2] Invalid argument supplied for foreach() D:\myweb\war5\flash\admin\Lib\Model\MenuModel.class.php 第 20 行.
SQL: SELECT * FROM `blog_leftmenu` WHERE ( parent_id=189 and display=1 ) ORDER BY list_order  [ RunTime:0.000190s ]
NOTIC: [2] Invalid argument supplied for foreach() D:\myweb\war5\flash\admin\Lib\Model\MenuModel.class.php 第 20 行.
NOTIC: [8] Undefined variable: class D:\myweb\war5\flash\admin\Lib\Model\MenuModel.class.php 第 56 行.
NOTIC: [8] Undefined variable: class D:\myweb\war5\flash\admin\Lib\Model\MenuModel.class.php 第 56 行.
NOTIC: [8] Undefined variable: class D:\myweb\war5\flash\admin\Lib\Model\MenuModel.class.php 第 56 行.
INFO: [ view_parse ] --START--
INFO: ParseTemplate Behavior ::run [ RunTime:0.005402s ]
INFO: [ view_parse ] --END-- [ RunTime:0.005466s ]
INFO: [ view_filter ] --START--
INFO: ContentReplace Behavior ::run [ RunTime:0.000362s ]
INFO: TokenBuild Behavior ::run [ RunTime:0.000346s ]
INFO: WriteHtmlCache Behavior ::run [ RunTime:0.000274s ]
INFO: ShowRuntime Behavior ::run [ RunTime:0.000365s ]
INFO: [ view_filter ] --END-- [ RunTime:0.001462s ]
INFO: [ view_end ] --START--
INFO: ShowPageTrace Behavior ::run [ RunTime:0.000454s ]
INFO: [ view_end ] --END-- [ RunTime:0.000486s ]

[ 2014-06-29T15:56:53+08:00 ] 127.0.0.1 /war5/admin.php/Mainajax/setleftmenu
INFO: [ route_check ] --START--
INFO: CheckRoute Behavior ::run [ RunTime:0.000808s ]
INFO: [ route_check ] --END-- [ RunTime:0.000881s ]
INFO: [ app_begin ] --START--
INFO: ReadHtmlCache Behavior ::run [ RunTime:0.000556s ]
INFO: [ app_begin ] --END-- [ RunTime:0.000603s ]
SQL: SHOW COLUMNS FROM `blog_leftmenu` [ RunTime:0.003134s ]
SQL: INSERT INTO `blog_leftmenu` (`menu_name`,`parent_id`,`link`) VALUES ('123',137,'123') [ RunTime:0.050446s ]
SQL: UPDATE `blog_leftmenu` SET `list_order`=190 WHERE ( menu_id=190 ) [ RunTime:0.004103s ]

[ 2014-06-29T15:56:53+08:00 ] 127.0.0.1 /war5/admin.php/Main/setleftmenu
INFO: [ route_check ] --START--
INFO: CheckRoute Behavior ::run [ RunTime:0.000575s ]
INFO: [ route_check ] --END-- [ RunTime:0.000626s ]
INFO: [ app_begin ] --START--
INFO: ReadHtmlCache Behavior ::run [ RunTime:0.000417s ]
INFO: [ app_begin ] --END-- [ RunTime:0.000450s ]
SQL: SHOW COLUMNS FROM `blog_leftmenu` [ RunTime:0.002276s ]
SQL: SELECT * FROM `blog_leftmenu` WHERE ( parent_id=0 and display=1 ) ORDER BY list_order  [ RunTime:0.000245s ]
SQL: SELECT * FROM `blog_leftmenu` WHERE ( parent_id=130 and display=1 ) ORDER BY list_order  [ RunTime:0.000191s ]
SQL: SELECT * FROM `blog_leftmenu` WHERE ( parent_id=137 and display=1 ) ORDER BY list_order  [ RunTime:0.000186s ]
SQL: SELECT * FROM `blog_leftmenu` WHERE ( parent_id=190 and display=1 ) ORDER BY list_order  [ RunTime:0.000181s ]
NOTIC: [2] Invalid argument supplied for foreach() D:\myweb\war5\flash\admin\Lib\Model\MenuModel.class.php 第 20 行.
SQL: SELECT * FROM `blog_leftmenu` WHERE ( parent_id=187 and display=1 ) ORDER BY list_order  [ RunTime:0.000182s ]
NOTIC: [2] Invalid argument supplied for foreach() D:\myweb\war5\flash\admin\Lib\Model\MenuModel.class.php 第 20 行.
SQL: SELECT * FROM `blog_leftmenu` WHERE ( parent_id=131 and display=1 ) ORDER BY list_order  [ RunTime:0.000209s ]
NOTIC: [2] Invalid argument supplied for foreach() D:\myweb\war5\flash\admin\Lib\Model\MenuModel.class.php 第 20 行.
SQL: SELECT * FROM `blog_leftmenu` WHERE ( parent_id=189 and display=1 ) ORDER BY list_order  [ RunTime:0.000220s ]
NOTIC: [2] Invalid argument supplied for foreach() D:\myweb\war5\flash\admin\Lib\Model\MenuModel.class.php 第 20 行.
NOTIC: [8] Undefined variable: class D:\myweb\war5\flash\admin\Lib\Model\MenuModel.class.php 第 56 行.
NOTIC: [8] Undefined variable: class D:\myweb\war5\flash\admin\Lib\Model\MenuModel.class.php 第 56 行.
NOTIC: [8] Undefined variable: class D:\myweb\war5\flash\admin\Lib\Model\MenuModel.class.php 第 56 行.
NOTIC: [8] Undefined variable: class D:\myweb\war5\flash\admin\Lib\Model\MenuModel.class.php 第 56 行.
INFO: [ view_parse ] --START--
INFO: ParseTemplate Behavior ::run [ RunTime:0.005436s ]
INFO: [ view_parse ] --END-- [ RunTime:0.005487s ]
INFO: [ view_filter ] --START--
INFO: ContentReplace Behavior ::run [ RunTime:0.000360s ]
INFO: TokenBuild Behavior ::run [ RunTime:0.000249s ]
INFO: WriteHtmlCache Behavior ::run [ RunTime:0.000238s ]
INFO: ShowRuntime Behavior ::run [ RunTime:0.000291s ]
INFO: [ view_filter ] --END-- [ RunTime:0.001228s ]
INFO: [ view_end ] --START--
INFO: ShowPageTrace Behavior ::run [ RunTime:0.000452s ]
INFO: [ view_end ] --END-- [ RunTime:0.000485s ]

[ 2014-06-29T15:56:57+08:00 ] 127.0.0.1 /war5/admin.php/Main/main
INFO: [ route_check ] --START--
INFO: CheckRoute Behavior ::run [ RunTime:0.000804s ]
INFO: [ route_check ] --END-- [ RunTime:0.000874s ]
INFO: [ app_begin ] --START--
INFO: ReadHtmlCache Behavior ::run [ RunTime:0.000538s ]
INFO: [ app_begin ] --END-- [ RunTime:0.000598s ]
SQL: SHOW COLUMNS FROM `blog_leftmenu` [ RunTime:0.003498s ]
SQL: SELECT * FROM `blog_leftmenu` WHERE ( parent_id=0 and display=1 ) ORDER BY list_order  [ RunTime:0.000682s ]
SQL: SELECT * FROM `blog_leftmenu` WHERE ( parent_id=130 and display=1 ) ORDER BY list_order  [ RunTime:0.000328s ]
SQL: SELECT * FROM `blog_leftmenu` WHERE ( parent_id=137 and display=1 ) ORDER BY list_order  [ RunTime:0.000255s ]
SQL: SELECT * FROM `blog_leftmenu` WHERE ( parent_id=190 and display=1 ) ORDER BY list_order  [ RunTime:0.000263s ]
NOTIC: [2] Invalid argument supplied for foreach() D:\myweb\war5\flash\admin\Lib\Model\MenuModel.class.php 第 20 行.
SQL: SELECT * FROM `blog_leftmenu` WHERE ( parent_id=187 and display=1 ) ORDER BY list_order  [ RunTime:0.000250s ]
NOTIC: [2] Invalid argument supplied for foreach() D:\myweb\war5\flash\admin\Lib\Model\MenuModel.class.php 第 20 行.
SQL: SELECT * FROM `blog_leftmenu` WHERE ( parent_id=131 and display=1 ) ORDER BY list_order  [ RunTime:0.000250s ]
NOTIC: [2] Invalid argument supplied for foreach() D:\myweb\war5\flash\admin\Lib\Model\MenuModel.class.php 第 20 行.
SQL: SELECT * FROM `blog_leftmenu` WHERE ( parent_id=189 and display=1 ) ORDER BY list_order  [ RunTime:0.000249s ]
NOTIC: [2] Invalid argument supplied for foreach() D:\myweb\war5\flash\admin\Lib\Model\MenuModel.class.php 第 20 行.
INFO: [ view_parse ] --START--
INFO: ParseTemplate Behavior ::run [ RunTime:0.006911s ]
INFO: [ view_parse ] --END-- [ RunTime:0.006978s ]
INFO: [ view_filter ] --START--
INFO: ContentReplace Behavior ::run [ RunTime:0.000366s ]
INFO: TokenBuild Behavior ::run [ RunTime:0.000341s ]
INFO: WriteHtmlCache Behavior ::run [ RunTime:0.000252s ]
INFO: ShowRuntime Behavior ::run [ RunTime:0.000384s ]
INFO: [ view_filter ] --END-- [ RunTime:0.001446s ]
INFO: [ view_end ] --START--
INFO: ShowPageTrace Behavior ::run [ RunTime:0.000454s ]
INFO: [ view_end ] --END-- [ RunTime:0.000489s ]

[ 2014-06-29T15:57:02+08:00 ] 127.0.0.1 /war5/admin.php/Main/main
INFO: [ route_check ] --START--
INFO: CheckRoute Behavior ::run [ RunTime:0.000631s ]
INFO: [ route_check ] --END-- [ RunTime:0.000690s ]
INFO: [ app_begin ] --START--
INFO: ReadHtmlCache Behavior ::run [ RunTime:0.000442s ]
INFO: [ app_begin ] --END-- [ RunTime:0.000482s ]
SQL: SHOW COLUMNS FROM `blog_leftmenu` [ RunTime:0.002541s ]
SQL: SELECT * FROM `blog_leftmenu` WHERE ( parent_id=0 and display=1 ) ORDER BY list_order  [ RunTime:0.000265s ]
SQL: SELECT * FROM `blog_leftmenu` WHERE ( parent_id=130 and display=1 ) ORDER BY list_order  [ RunTime:0.000208s ]
SQL: SELECT * FROM `blog_leftmenu` WHERE ( parent_id=137 and display=1 ) ORDER BY list_order  [ RunTime:0.000196s ]
SQL: SELECT * FROM `blog_leftmenu` WHERE ( parent_id=190 and display=1 ) ORDER BY list_order  [ RunTime:0.000183s ]
NOTIC: [2] Invalid argument supplied for foreach() D:\myweb\war5\flash\admin\Lib\Model\MenuModel.class.php 第 20 行.
SQL: SELECT * FROM `blog_leftmenu` WHERE ( parent_id=187 and display=1 ) ORDER BY list_order  [ RunTime:0.000466s ]
NOTIC: [2] Invalid argument supplied for foreach() D:\myweb\war5\flash\admin\Lib\Model\MenuModel.class.php 第 20 行.
SQL: SELECT * FROM `blog_leftmenu` WHERE ( parent_id=131 and display=1 ) ORDER BY list_order  [ RunTime:0.000554s ]
NOTIC: [2] Invalid argument supplied for foreach() D:\myweb\war5\flash\admin\Lib\Model\MenuModel.class.php 第 20 行.
SQL: SELECT * FROM `blog_leftmenu` WHERE ( parent_id=189 and display=1 ) ORDER BY list_order  [ RunTime:0.000429s ]
NOTIC: [2] Invalid argument supplied for foreach() D:\myweb\war5\flash\admin\Lib\Model\MenuModel.class.php 第 20 行.
INFO: [ view_parse ] --START--
INFO: ParseTemplate Behavior ::run [ RunTime:0.005251s ]
INFO: [ view_parse ] --END-- [ RunTime:0.005309s ]
INFO: [ view_filter ] --START--
INFO: ContentReplace Behavior ::run [ RunTime:0.000255s ]
INFO: TokenBuild Behavior ::run [ RunTime:0.000239s ]
INFO: WriteHtmlCache Behavior ::run [ RunTime:0.000178s ]
INFO: ShowRuntime Behavior ::run [ RunTime:0.000357s ]
INFO: [ view_filter ] --END-- [ RunTime:0.001136s ]
INFO: [ view_end ] --START--
INFO: ShowPageTrace Behavior ::run [ RunTime:0.000461s ]
INFO: [ view_end ] --END-- [ RunTime:0.000501s ]

[ 2014-06-29T15:58:02+08:00 ] 127.0.0.1 /war5/admin.php/Main/webset
INFO: [ route_check ] --START--
INFO: CheckRoute Behavior ::run [ RunTime:0.000531s ]
INFO: [ route_check ] --END-- [ RunTime:0.000583s ]
INFO: [ app_begin ] --START--
INFO: ReadHtmlCache Behavior ::run [ RunTime:0.000368s ]
INFO: [ app_begin ] --END-- [ RunTime:0.000402s ]
INFO: [ view_parse ] --START--
INFO: ParseTemplate Behavior ::run [ RunTime:0.005236s ]
INFO: [ view_parse ] --END-- [ RunTime:0.005290s ]
INFO: [ view_filter ] --START--
INFO: ContentReplace Behavior ::run [ RunTime:0.000283s ]
INFO: TokenBuild Behavior ::run [ RunTime:0.000266s ]
INFO: WriteHtmlCache Behavior ::run [ RunTime:0.000179s ]
INFO: ShowRuntime Behavior ::run [ RunTime:0.000367s ]
INFO: [ view_filter ] --END-- [ RunTime:0.001262s ]
INFO: [ view_end ] --START--
INFO: ShowPageTrace Behavior ::run [ RunTime:0.000417s ]
INFO: [ view_end ] --END-- [ RunTime:0.000450s ]

[ 2014-06-29T16:13:50+08:00 ] 127.0.0.1 /war5/admin.php/Main/webstyle
INFO: [ route_check ] --START--
INFO: CheckRoute Behavior ::run [ RunTime:0.000936s ]
INFO: [ route_check ] --END-- [ RunTime:0.000997s ]
INFO: [ app_begin ] --START--
INFO: ReadHtmlCache Behavior ::run [ RunTime:0.000458s ]
INFO: [ app_begin ] --END-- [ RunTime:0.000494s ]
ERR: 非法操作:webstyle

[ 2014-06-29T16:13:50+08:00 ] 127.0.0.1 /war5/admin.php/Main/webset
INFO: [ route_check ] --START--
INFO: CheckRoute Behavior ::run [ RunTime:0.000647s ]
INFO: [ route_check ] --END-- [ RunTime:0.000700s ]
INFO: [ app_begin ] --START--
INFO: ReadHtmlCache Behavior ::run [ RunTime:0.000356s ]
INFO: [ app_begin ] --END-- [ RunTime:0.000387s ]
INFO: [ view_parse ] --START--
INFO: ParseTemplate Behavior ::run [ RunTime:0.005142s ]
INFO: [ view_parse ] --END-- [ RunTime:0.005200s ]
INFO: [ view_filter ] --START--
INFO: ContentReplace Behavior ::run [ RunTime:0.000321s ]
INFO: TokenBuild Behavior ::run [ RunTime:0.000349s ]
INFO: WriteHtmlCache Behavior ::run [ RunTime:0.000303s ]
INFO: ShowRuntime Behavior ::run [ RunTime:0.000433s ]
INFO: [ view_filter ] --END-- [ RunTime:0.001505s ]
INFO: [ view_end ] --START--
INFO: ShowPageTrace Behavior ::run [ RunTime:0.000508s ]
INFO: [ view_end ] --END-- [ RunTime:0.000540s ]

[ 2014-06-29T16:13:53+08:00 ] 127.0.0.1 /war5/admin.php/Main/webstyle
INFO: [ route_check ] --START--
INFO: CheckRoute Behavior ::run [ RunTime:0.000593s ]
INFO: [ route_check ] --END-- [ RunTime:0.000675s ]
INFO: [ app_begin ] --START--
INFO: ReadHtmlCache Behavior ::run [ RunTime:0.000520s ]
INFO: [ app_begin ] --END-- [ RunTime:0.000555s ]
ERR: 非法操作:webstyle

[ 2014-06-29T16:14:46+08:00 ] 127.0.0.1 /war5/admin.php/Main/main
INFO: [ route_check ] --START--
INFO: CheckRoute Behavior ::run [ RunTime:0.000669s ]
INFO: [ route_check ] --END-- [ RunTime:0.000729s ]
INFO: [ app_begin ] --START--
INFO: ReadHtmlCache Behavior ::run [ RunTime:0.000749s ]
INFO: [ app_begin ] --END-- [ RunTime:0.000792s ]
SQL: SHOW COLUMNS FROM `blog_leftmenu` [ RunTime:0.002585s ]
SQL: SELECT * FROM `blog_leftmenu` WHERE ( parent_id=0 and display=1 ) ORDER BY list_order  [ RunTime:0.000267s ]
SQL: SELECT * FROM `blog_leftmenu` WHERE ( parent_id=130 and display=1 ) ORDER BY list_order  [ RunTime:0.000211s ]
SQL: SELECT * FROM `blog_leftmenu` WHERE ( parent_id=137 and display=1 ) ORDER BY list_order  [ RunTime:0.000184s ]
NOTIC: [2] Invalid argument supplied for foreach() D:\myweb\war5\flash\admin\Lib\Model\MenuModel.class.php 第 20 行.
SQL: SELECT * FROM `blog_leftmenu` WHERE ( parent_id=187 and display=1 ) ORDER BY list_order  [ RunTime:0.000194s ]
NOTIC: [2] Invalid argument supplied for foreach() D:\myweb\war5\flash\admin\Lib\Model\MenuModel.class.php 第 20 行.
SQL: SELECT * FROM `blog_leftmenu` WHERE ( parent_id=131 and display=1 ) ORDER BY list_order  [ RunTime:0.000244s ]
NOTIC: [2] Invalid argument supplied for foreach() D:\myweb\war5\flash\admin\Lib\Model\MenuModel.class.php 第 20 行.
SQL: SELECT * FROM `blog_leftmenu` WHERE ( parent_id=189 and display=1 ) ORDER BY list_order  [ RunTime:0.000210s ]
NOTIC: [2] Invalid argument supplied for foreach() D:\myweb\war5\flash\admin\Lib\Model\MenuModel.class.php 第 20 行.
INFO: [ view_parse ] --START--
INFO: ParseTemplate Behavior ::run [ RunTime:0.006229s ]
INFO: [ view_parse ] --END-- [ RunTime:0.006330s ]
INFO: [ view_filter ] --START--
INFO: ContentReplace Behavior ::run [ RunTime:0.000359s ]
INFO: TokenBuild Behavior ::run [ RunTime:0.000276s ]
INFO: WriteHtmlCache Behavior ::run [ RunTime:0.000187s ]
INFO: ShowRuntime Behavior ::run [ RunTime:0.000413s ]
INFO: [ view_filter ] --END-- [ RunTime:0.001363s ]
INFO: [ view_end ] --START--
INFO: ShowPageTrace Behavior ::run [ RunTime:0.000429s ]
INFO: [ view_end ] --END-- [ RunTime:0.000478s ]

[ 2014-06-29T16:14:48+08:00 ] 127.0.0.1 /war5/admin.php/Main/setleftmenu
INFO: [ route_check ] --START--
INFO: CheckRoute Behavior ::run [ RunTime:0.000513s ]
INFO: [ route_check ] --END-- [ RunTime:0.000565s ]
INFO: [ app_begin ] --START--
INFO: ReadHtmlCache Behavior ::run [ RunTime:0.000515s ]
INFO: [ app_begin ] --END-- [ RunTime:0.000553s ]
SQL: SHOW COLUMNS FROM `blog_leftmenu` [ RunTime:0.003494s ]
SQL: SELECT * FROM `blog_leftmenu` WHERE ( parent_id=0 and display=1 ) ORDER BY list_order  [ RunTime:0.000324s ]
SQL: SELECT * FROM `blog_leftmenu` WHERE ( parent_id=130 and display=1 ) ORDER BY list_order  [ RunTime:0.000209s ]
SQL: SELECT * FROM `blog_leftmenu` WHERE ( parent_id=137 and display=1 ) ORDER BY list_order  [ RunTime:0.000263s ]
NOTIC: [2] Invalid argument supplied for foreach() D:\myweb\war5\flash\admin\Lib\Model\MenuModel.class.php 第 20 行.
SQL: SELECT * FROM `blog_leftmenu` WHERE ( parent_id=187 and display=1 ) ORDER BY list_order  [ RunTime:0.000200s ]
NOTIC: [2] Invalid argument supplied for foreach() D:\myweb\war5\flash\admin\Lib\Model\MenuModel.class.php 第 20 行.
SQL: SELECT * FROM `blog_leftmenu` WHERE ( parent_id=131 and display=1 ) ORDER BY list_order  [ RunTime:0.000185s ]
NOTIC: [2] Invalid argument supplied for foreach() D:\myweb\war5\flash\admin\Lib\Model\MenuModel.class.php 第 20 行.
SQL: SELECT * FROM `blog_leftmenu` WHERE ( parent_id=189 and display=1 ) ORDER BY list_order  [ RunTime:0.000193s ]
NOTIC: [2] Invalid argument supplied for foreach() D:\myweb\war5\flash\admin\Lib\Model\MenuModel.class.php 第 20 行.
NOTIC: [8] Undefined variable: class D:\myweb\war5\flash\admin\Lib\Model\MenuModel.class.php 第 56 行.
NOTIC: [8] Undefined variable: class D:\myweb\war5\flash\admin\Lib\Model\MenuModel.class.php 第 56 行.
NOTIC: [8] Undefined variable: class D:\myweb\war5\flash\admin\Lib\Model\MenuModel.class.php 第 56 行.
INFO: [ view_parse ] --START--
INFO: ParseTemplate Behavior ::run [ RunTime:0.005552s ]
INFO: [ view_parse ] --END-- [ RunTime:0.005609s ]
INFO: [ view_filter ] --START--
INFO: ContentReplace Behavior ::run [ RunTime:0.000343s ]
INFO: TokenBuild Behavior ::run [ RunTime:0.000331s ]
INFO: WriteHtmlCache Behavior ::run [ RunTime:0.000260s ]
INFO: ShowRuntime Behavior ::run [ RunTime:0.000379s ]
INFO: [ view_filter ] --END-- [ RunTime:0.001406s ]
INFO: [ view_end ] --START--
INFO: ShowPageTrace Behavior ::run [ RunTime:0.000459s ]
INFO: [ view_end ] --END-- [ RunTime:0.000496s ]

[ 2014-06-29T16:14:51+08:00 ] 127.0.0.1 /war5/admin.php/Mainajax/setleftmenu
INFO: [ route_check ] --START--
INFO: CheckRoute Behavior ::run [ RunTime:0.000560s ]
INFO: [ route_check ] --END-- [ RunTime:0.000618s ]
INFO: [ app_begin ] --START--
INFO: ReadHtmlCache Behavior ::run [ RunTime:0.000420s ]
INFO: [ app_begin ] --END-- [ RunTime:0.000455s ]
SQL: SHOW COLUMNS FROM `blog_leftmenu` [ RunTime:0.002430s ]
SQL: UPDATE `blog_leftmenu` SET `display`=0 WHERE ( menu_id=189 ) [ RunTime:0.000768s ]

[ 2014-06-29T16:14:51+08:00 ] 127.0.0.1 /war5/admin.php/Main/setleftmenu
INFO: [ route_check ] --START--
INFO: CheckRoute Behavior ::run [ RunTime:0.000577s ]
INFO: [ route_check ] --END-- [ RunTime:0.000630s ]
INFO: [ app_begin ] --START--
INFO: ReadHtmlCache Behavior ::run [ RunTime:0.000445s ]
INFO: [ app_begin ] --END-- [ RunTime:0.000480s ]
SQL: SHOW COLUMNS FROM `blog_leftmenu` [ RunTime:0.002639s ]
SQL: SELECT * FROM `blog_leftmenu` WHERE ( parent_id=0 and display=1 ) ORDER BY list_order  [ RunTime:0.000234s ]
SQL: SELECT * FROM `blog_leftmenu` WHERE ( parent_id=130 and display=1 ) ORDER BY list_order  [ RunTime:0.000195s ]
SQL: SELECT * FROM `blog_leftmenu` WHERE ( parent_id=137 and display=1 ) ORDER BY list_order  [ RunTime:0.000164s ]
NOTIC: [2] Invalid argument supplied for foreach() D:\myweb\war5\flash\admin\Lib\Model\MenuModel.class.php 第 20 行.
SQL: SELECT * FROM `blog_leftmenu` WHERE ( parent_id=187 and display=1 ) ORDER BY list_order  [ RunTime:0.000159s ]
NOTIC: [2] Invalid argument supplied for foreach() D:\myweb\war5\flash\admin\Lib\Model\MenuModel.class.php 第 20 行.
SQL: SELECT * FROM `blog_leftmenu` WHERE ( parent_id=131 and display=1 ) ORDER BY list_order  [ RunTime:0.000157s ]
NOTIC: [2] Invalid argument supplied for foreach() D:\myweb\war5\flash\admin\Lib\Model\MenuModel.class.php 第 20 行.
NOTIC: [8] Undefined variable: class D:\myweb\war5\flash\admin\Lib\Model\MenuModel.class.php 第 56 行.
NOTIC: [8] Undefined variable: class D:\myweb\war5\flash\admin\Lib\Model\MenuModel.class.php 第 56 行.
NOTIC: [8] Undefined variable: class D:\myweb\war5\flash\admin\Lib\Model\MenuModel.class.php 第 56 行.
INFO: [ view_parse ] --START--
INFO: ParseTemplate Behavior ::run [ RunTime:0.004848s ]
INFO: [ view_parse ] --END-- [ RunTime:0.004979s ]
INFO: [ view_filter ] --START--
INFO: ContentReplace Behavior ::run [ RunTime:0.000501s ]
INFO: TokenBuild Behavior ::run [ RunTime:0.000270s ]
INFO: WriteHtmlCache Behavior ::run [ RunTime:0.000307s ]
INFO: ShowRuntime Behavior ::run [ RunTime:0.000312s ]
INFO: [ view_filter ] --END-- [ RunTime:0.001486s ]
INFO: [ view_end ] --START--
INFO: ShowPageTrace Behavior ::run [ RunTime:0.000448s ]
INFO: [ view_end ] --END-- [ RunTime:0.000481s ]

[ 2014-06-29T16:14:57+08:00 ] 127.0.0.1 /war5/admin.php/Main/main
INFO: [ route_check ] --START--
INFO: CheckRoute Behavior ::run [ RunTime:0.000515s ]
INFO: [ route_check ] --END-- [ RunTime:0.000573s ]
INFO: [ app_begin ] --START--
INFO: ReadHtmlCache Behavior ::run [ RunTime:0.000708s ]
INFO: [ app_begin ] --END-- [ RunTime:0.000752s ]
SQL: SHOW COLUMNS FROM `blog_leftmenu` [ RunTime:0.003250s ]
SQL: SELECT * FROM `blog_leftmenu` WHERE ( parent_id=0 and display=1 ) ORDER BY list_order  [ RunTime:0.000388s ]
SQL: SELECT * FROM `blog_leftmenu` WHERE ( parent_id=130 and display=1 ) ORDER BY list_order  [ RunTime:0.000224s ]
SQL: SELECT * FROM `blog_leftmenu` WHERE ( parent_id=137 and display=1 ) ORDER BY list_order  [ RunTime:0.000193s ]
NOTIC: [2] Invalid argument supplied for foreach() D:\myweb\war5\flash\admin\Lib\Model\MenuModel.class.php 第 20 行.
SQL: SELECT * FROM `blog_leftmenu` WHERE ( parent_id=187 and display=1 ) ORDER BY list_order  [ RunTime:0.000208s ]
NOTIC: [2] Invalid argument supplied for foreach() D:\myweb\war5\flash\admin\Lib\Model\MenuModel.class.php 第 20 行.
SQL: SELECT * FROM `blog_leftmenu` WHERE ( parent_id=131 and display=1 ) ORDER BY list_order  [ RunTime:0.000258s ]
NOTIC: [2] Invalid argument supplied for foreach() D:\myweb\war5\flash\admin\Lib\Model\MenuModel.class.php 第 20 行.
INFO: [ view_parse ] --START--
INFO: ParseTemplate Behavior ::run [ RunTime:0.008024s ]
INFO: [ view_parse ] --END-- [ RunTime:0.008103s ]
INFO: [ view_filter ] --START--
INFO: ContentReplace Behavior ::run [ RunTime:0.000417s ]
INFO: TokenBuild Behavior ::run [ RunTime:0.000394s ]
INFO: WriteHtmlCache Behavior ::run [ RunTime:0.000285s ]
INFO: ShowRuntime Behavior ::run [ RunTime:0.000462s ]
INFO: [ view_filter ] --END-- [ RunTime:0.001727s ]
INFO: [ view_end ] --START--
INFO: ShowPageTrace Behavior ::run [ RunTime:0.000634s ]
INFO: [ view_end ] --END-- [ RunTime:0.000696s ]

[ 2014-06-29T16:14:58+08:00 ] 127.0.0.1 /war5/admin.php/Main/main
INFO: [ route_check ] --START--
INFO: CheckRoute Behavior ::run [ RunTime:0.000590s ]
INFO: [ route_check ] --END-- [ RunTime:0.000650s ]
INFO: [ app_begin ] --START--
INFO: ReadHtmlCache Behavior ::run [ RunTime:0.000402s ]
INFO: [ app_begin ] --END-- [ RunTime:0.000438s ]
SQL: SHOW COLUMNS FROM `blog_leftmenu` [ RunTime:0.004927s ]
SQL: SELECT * FROM `blog_leftmenu` WHERE ( parent_id=0 and display=1 ) ORDER BY list_order  [ RunTime:0.000292s ]
SQL: SELECT * FROM `blog_leftmenu` WHERE ( parent_id=130 and display=1 ) ORDER BY list_order  [ RunTime:0.000252s ]
SQL: SELECT * FROM `blog_leftmenu` WHERE ( parent_id=137 and display=1 ) ORDER BY list_order  [ RunTime:0.000204s ]
NOTIC: [2] Invalid argument supplied for foreach() D:\myweb\war5\flash\admin\Lib\Model\MenuModel.class.php 第 20 行.
SQL: SELECT * FROM `blog_leftmenu` WHERE ( parent_id=187 and display=1 ) ORDER BY list_order  [ RunTime:0.002053s ]
NOTIC: [2] Invalid argument supplied for foreach() D:\myweb\war5\flash\admin\Lib\Model\MenuModel.class.php 第 20 行.
SQL: SELECT * FROM `blog_leftmenu` WHERE ( parent_id=131 and display=1 ) ORDER BY list_order  [ RunTime:0.000283s ]
NOTIC: [2] Invalid argument supplied for foreach() D:\myweb\war5\flash\admin\Lib\Model\MenuModel.class.php 第 20 行.
INFO: [ view_parse ] --START--
INFO: ParseTemplate Behavior ::run [ RunTime:0.005748s ]
INFO: [ view_parse ] --END-- [ RunTime:0.005806s ]
INFO: [ view_filter ] --START--
INFO: ContentReplace Behavior ::run [ RunTime:0.000308s ]
INFO: TokenBuild Behavior ::run [ RunTime:0.000258s ]
INFO: WriteHtmlCache Behavior ::run [ RunTime:0.000175s ]
INFO: ShowRuntime Behavior ::run [ RunTime:0.000281s ]
INFO: [ view_filter ] --END-- [ RunTime:0.001113s ]
INFO: [ view_end ] --START--
INFO: ShowPageTrace Behavior ::run [ RunTime:0.000376s ]
INFO: [ view_end ] --END-- [ RunTime:0.000408s ]

[ 2014-06-29T16:14:59+08:00 ] 127.0.0.1 /war5/admin.php/Main/webset
INFO: [ route_check ] --START--
INFO: CheckRoute Behavior ::run [ RunTime:0.001712s ]
INFO: [ route_check ] --END-- [ RunTime:0.001788s ]
INFO: [ app_begin ] --START--
INFO: ReadHtmlCache Behavior ::run [ RunTime:0.000506s ]
INFO: [ app_begin ] --END-- [ RunTime:0.000565s ]
INFO: [ view_parse ] --START--
INFO: ParseTemplate Behavior ::run [ RunTime:0.005745s ]
INFO: [ view_parse ] --END-- [ RunTime:0.005810s ]
INFO: [ view_filter ] --START--
INFO: ContentReplace Behavior ::run [ RunTime:0.000308s ]
INFO: TokenBuild Behavior ::run [ RunTime:0.000410s ]
INFO: WriteHtmlCache Behavior ::run [ RunTime:0.000415s ]
INFO: ShowRuntime Behavior ::run [ RunTime:0.000691s ]
INFO: [ view_filter ] --END-- [ RunTime:0.001959s ]
INFO: [ view_end ] --START--
INFO: ShowPageTrace Behavior ::run [ RunTime:0.000689s ]
INFO: [ view_end ] --END-- [ RunTime:0.000751s ]

[ 2014-06-29T16:15:00+08:00 ] 127.0.0.1 /war5/admin.php/Main/webstyle
INFO: [ route_check ] --START--
INFO: CheckRoute Behavior ::run [ RunTime:0.000579s ]
INFO: [ route_check ] --END-- [ RunTime:0.000631s ]
INFO: [ app_begin ] --START--
INFO: ReadHtmlCache Behavior ::run [ RunTime:0.000466s ]
INFO: [ app_begin ] --END-- [ RunTime:0.000509s ]
ERR: 非法操作:webstyle

[ 2014-06-29T16:15:02+08:00 ] 127.0.0.1 /war5/admin.php/Main/webset
INFO: [ route_check ] --START--
INFO: CheckRoute Behavior ::run [ RunTime:0.000682s ]
INFO: [ route_check ] --END-- [ RunTime:0.000767s ]
INFO: [ app_begin ] --START--
INFO: ReadHtmlCache Behavior ::run [ RunTime:0.000727s ]
INFO: [ app_begin ] --END-- [ RunTime:0.000765s ]
INFO: [ view_parse ] --START--
INFO: ParseTemplate Behavior ::run [ RunTime:0.005248s ]
INFO: [ view_parse ] --END-- [ RunTime:0.005303s ]
INFO: [ view_filter ] --START--
INFO: ContentReplace Behavior ::run [ RunTime:0.000226s ]
INFO: TokenBuild Behavior ::run [ RunTime:0.000246s ]
INFO: WriteHtmlCache Behavior ::run [ RunTime:0.000193s ]
INFO: ShowRuntime Behavior ::run [ RunTime:0.000360s ]
INFO: [ view_filter ] --END-- [ RunTime:0.001115s ]
INFO: [ view_end ] --START--
INFO: ShowPageTrace Behavior ::run [ RunTime:0.000385s ]
INFO: [ view_end ] --END-- [ RunTime:0.000415s ]

[ 2014-06-29T16:15:47+08:00 ] 127.0.0.1 /war5/admin.php/Main/webstyle
INFO: [ route_check ] --START--
INFO: CheckRoute Behavior ::run [ RunTime:0.000513s ]
INFO: [ route_check ] --END-- [ RunTime:0.000585s ]
INFO: [ app_begin ] --START--
INFO: ReadHtmlCache Behavior ::run [ RunTime:0.000370s ]
INFO: [ app_begin ] --END-- [ RunTime:0.000404s ]
ERR: 非法操作:webstyle

[ 2014-06-29T16:15:48+08:00 ] 127.0.0.1 /war5/admin.php/Main/setleftmenu
INFO: [ route_check ] --START--
INFO: CheckRoute Behavior ::run [ RunTime:0.000742s ]
INFO: [ route_check ] --END-- [ RunTime:0.000883s ]
INFO: [ app_begin ] --START--
INFO: ReadHtmlCache Behavior ::run [ RunTime:0.000402s ]
INFO: [ app_begin ] --END-- [ RunTime:0.000445s ]
SQL: SHOW COLUMNS FROM `blog_leftmenu` [ RunTime:0.002342s ]
SQL: SELECT * FROM `blog_leftmenu` WHERE ( parent_id=0 and display=1 ) ORDER BY list_order  [ RunTime:0.000700s ]
SQL: SELECT * FROM `blog_leftmenu` WHERE ( parent_id=130 and display=1 ) ORDER BY list_order  [ RunTime:0.000390s ]
SQL: SELECT * FROM `blog_leftmenu` WHERE ( parent_id=137 and display=1 ) ORDER BY list_order  [ RunTime:0.000252s ]
NOTIC: [2] Invalid argument supplied for foreach() D:\myweb\war5\flash\admin\Lib\Model\MenuModel.class.php 第 20 行.
SQL: SELECT * FROM `blog_leftmenu` WHERE ( parent_id=187 and display=1 ) ORDER BY list_order  [ RunTime:0.000226s ]
NOTIC: [2] Invalid argument supplied for foreach() D:\myweb\war5\flash\admin\Lib\Model\MenuModel.class.php 第 20 行.
SQL: SELECT * FROM `blog_leftmenu` WHERE ( parent_id=131 and display=1 ) ORDER BY list_order  [ RunTime:0.000143s ]
NOTIC: [2] Invalid argument supplied for foreach() D:\myweb\war5\flash\admin\Lib\Model\MenuModel.class.php 第 20 行.
NOTIC: [8] Undefined variable: class D:\myweb\war5\flash\admin\Lib\Model\MenuModel.class.php 第 56 行.
NOTIC: [8] Undefined variable: class D:\myweb\war5\flash\admin\Lib\Model\MenuModel.class.php 第 56 行.
NOTIC: [8] Undefined variable: class D:\myweb\war5\flash\admin\Lib\Model\MenuModel.class.php 第 56 行.
INFO: [ view_parse ] --START--
INFO: ParseTemplate Behavior ::run [ RunTime:0.005380s ]
INFO: [ view_parse ] --END-- [ RunTime:0.005430s ]
INFO: [ view_filter ] --START--
INFO: ContentReplace Behavior ::run [ RunTime:0.000288s ]
INFO: TokenBuild Behavior ::run [ RunTime:0.000271s ]
INFO: WriteHtmlCache Behavior ::run [ RunTime:0.000176s ]
INFO: ShowRuntime Behavior ::run [ RunTime:0.000436s ]
INFO: [ view_filter ] --END-- [ RunTime:0.001266s ]
INFO: [ view_end ] --START--
INFO: ShowPageTrace Behavior ::run [ RunTime:0.000487s ]
INFO: [ view_end ] --END-- [ RunTime:0.000518s ]

[ 2014-06-29T16:15:49+08:00 ] 127.0.0.1 /war5/admin.php/Main/webstyle
INFO: [ route_check ] --START--
INFO: CheckRoute Behavior ::run [ RunTime:0.000626s ]
INFO: [ route_check ] --END-- [ RunTime:0.000683s ]
INFO: [ app_begin ] --START--
INFO: ReadHtmlCache Behavior ::run [ RunTime:0.000365s ]
INFO: [ app_begin ] --END-- [ RunTime:0.000402s ]
ERR: 非法操作:webstyle

[ 2014-06-29T16:15:49+08:00 ] 127.0.0.1 /war5/admin.php/Main/setleftmenu
INFO: [ route_check ] --START--
INFO: CheckRoute Behavior ::run [ RunTime:0.000580s ]
INFO: [ route_check ] --END-- [ RunTime:0.000635s ]
INFO: [ app_begin ] --START--
INFO: ReadHtmlCache Behavior ::run [ RunTime:0.000350s ]
INFO: [ app_begin ] --END-- [ RunTime:0.000381s ]
SQL: SHOW COLUMNS FROM `blog_leftmenu` [ RunTime:0.002466s ]
SQL: SELECT * FROM `blog_leftmenu` WHERE ( parent_id=0 and display=1 ) ORDER BY list_order  [ RunTime:0.000281s ]
SQL: SELECT * FROM `blog_leftmenu` WHERE ( parent_id=130 and display=1 ) ORDER BY list_order  [ RunTime:0.000397s ]
SQL: SELECT * FROM `blog_leftmenu` WHERE ( parent_id=137 and display=1 ) ORDER BY list_order  [ RunTime:0.000192s ]
NOTIC: [2] Invalid argument supplied for foreach() D:\myweb\war5\flash\admin\Lib\Model\MenuModel.class.php 第 20 行.
SQL: SELECT * FROM `blog_leftmenu` WHERE ( parent_id=187 and display=1 ) ORDER BY list_order  [ RunTime:0.000168s ]
NOTIC: [2] Invalid argument supplied for foreach() D:\myweb\war5\flash\admin\Lib\Model\MenuModel.class.php 第 20 行.
SQL: SELECT * FROM `blog_leftmenu` WHERE ( parent_id=131 and display=1 ) ORDER BY list_order  [ RunTime:0.000201s ]
NOTIC: [2] Invalid argument supplied for foreach() D:\myweb\war5\flash\admin\Lib\Model\MenuModel.class.php 第 20 行.
NOTIC: [8] Undefined variable: class D:\myweb\war5\flash\admin\Lib\Model\MenuModel.class.php 第 56 行.
NOTIC: [8] Undefined variable: class D:\myweb\war5\flash\admin\Lib\Model\MenuModel.class.php 第 56 行.
NOTIC: [8] Undefined variable: class D:\myweb\war5\flash\admin\Lib\Model\MenuModel.class.php 第 56 行.
INFO: [ view_parse ] --START--
INFO: ParseTemplate Behavior ::run [ RunTime:0.005407s ]
INFO: [ view_parse ] --END-- [ RunTime:0.005461s ]
INFO: [ view_filter ] --START--
INFO: ContentReplace Behavior ::run [ RunTime:0.000364s ]
INFO: TokenBuild Behavior ::run [ RunTime:0.000331s ]
INFO: WriteHtmlCache Behavior ::run [ RunTime:0.000210s ]
INFO: ShowRuntime Behavior ::run [ RunTime:0.000378s ]
INFO: [ view_filter ] --END-- [ RunTime:0.001376s ]
INFO: [ view_end ] --START--
INFO: ShowPageTrace Behavior ::run [ RunTime:0.000407s ]
INFO: [ view_end ] --END-- [ RunTime:0.000439s ]

[ 2014-06-29T16:15:51+08:00 ] 127.0.0.1 /war5/admin.php/Mainajax/setleftmenu
INFO: [ route_check ] --START--
INFO: CheckRoute Behavior ::run [ RunTime:0.000829s ]
INFO: [ route_check ] --END-- [ RunTime:0.000892s ]
INFO: [ app_begin ] --START--
INFO: ReadHtmlCache Behavior ::run [ RunTime:0.000488s ]
INFO: [ app_begin ] --END-- [ RunTime:0.000532s ]
SQL: SHOW COLUMNS FROM `blog_leftmenu` [ RunTime:0.003017s ]
SQL: UPDATE `blog_leftmenu` SET `display`=0 WHERE ( menu_id=187 ) [ RunTime:0.000265s ]

[ 2014-06-29T16:15:51+08:00 ] 127.0.0.1 /war5/admin.php/Main/setleftmenu
INFO: [ route_check ] --START--
INFO: CheckRoute Behavior ::run [ RunTime:0.000519s ]
INFO: [ route_check ] --END-- [ RunTime:0.000573s ]
INFO: [ app_begin ] --START--
INFO: ReadHtmlCache Behavior ::run [ RunTime:0.000337s ]
INFO: [ app_begin ] --END-- [ RunTime:0.000368s ]
SQL: SHOW COLUMNS FROM `blog_leftmenu` [ RunTime:0.002694s ]
SQL: SELECT * FROM `blog_leftmenu` WHERE ( parent_id=0 and display=1 ) ORDER BY list_order  [ RunTime:0.000214s ]
SQL: SELECT * FROM `blog_leftmenu` WHERE ( parent_id=130 and display=1 ) ORDER BY list_order  [ RunTime:0.000190s ]
SQL: SELECT * FROM `blog_leftmenu` WHERE ( parent_id=137 and display=1 ) ORDER BY list_order  [ RunTime:0.000167s ]
NOTIC: [2] Invalid argument supplied for foreach() D:\myweb\war5\flash\admin\Lib\Model\MenuModel.class.php 第 20 行.
SQL: SELECT * FROM `blog_leftmenu` WHERE ( parent_id=131 and display=1 ) ORDER BY list_order  [ RunTime:0.000133s ]
NOTIC: [2] Invalid argument supplied for foreach() D:\myweb\war5\flash\admin\Lib\Model\MenuModel.class.php 第 20 行.
NOTIC: [8] Undefined variable: class D:\myweb\war5\flash\admin\Lib\Model\MenuModel.class.php 第 56 行.
NOTIC: [8] Undefined variable: class D:\myweb\war5\flash\admin\Lib\Model\MenuModel.class.php 第 56 行.
INFO: [ view_parse ] --START--
INFO: ParseTemplate Behavior ::run [ RunTime:0.005842s ]
INFO: [ view_parse ] --END-- [ RunTime:0.005892s ]
INFO: [ view_filter ] --START--
INFO: ContentReplace Behavior ::run [ RunTime:0.000308s ]
INFO: TokenBuild Behavior ::run [ RunTime:0.000278s ]
INFO: WriteHtmlCache Behavior ::run [ RunTime:0.000204s ]
INFO: ShowRuntime Behavior ::run [ RunTime:0.000314s ]
INFO: [ view_filter ] --END-- [ RunTime:0.001186s ]
INFO: [ view_end ] --START--
INFO: ShowPageTrace Behavior ::run [ RunTime:0.000405s ]
INFO: [ view_end ] --END-- [ RunTime:0.000434s ]

[ 2014-06-29T16:15:53+08:00 ] 127.0.0.1 /war5/admin.php/Main/main
INFO: [ route_check ] --START--
INFO: CheckRoute Behavior ::run [ RunTime:0.000521s ]
INFO: [ route_check ] --END-- [ RunTime:0.000574s ]
INFO: [ app_begin ] --START--
INFO: ReadHtmlCache Behavior ::run [ RunTime:0.000412s ]
INFO: [ app_begin ] --END-- [ RunTime:0.000447s ]
SQL: SHOW COLUMNS FROM `blog_leftmenu` [ RunTime:0.002540s ]
SQL: SELECT * FROM `blog_leftmenu` WHERE ( parent_id=0 and display=1 ) ORDER BY list_order  [ RunTime:0.000266s ]
SQL: SELECT * FROM `blog_leftmenu` WHERE ( parent_id=130 and display=1 ) ORDER BY list_order  [ RunTime:0.000230s ]
SQL: SELECT * FROM `blog_leftmenu` WHERE ( parent_id=137 and display=1 ) ORDER BY list_order  [ RunTime:0.000198s ]
NOTIC: [2] Invalid argument supplied for foreach() D:\myweb\war5\flash\admin\Lib\Model\MenuModel.class.php 第 20 行.
SQL: SELECT * FROM `blog_leftmenu` WHERE ( parent_id=131 and display=1 ) ORDER BY list_order  [ RunTime:0.000196s ]
NOTIC: [2] Invalid argument supplied for foreach() D:\myweb\war5\flash\admin\Lib\Model\MenuModel.class.php 第 20 行.
INFO: [ view_parse ] --START--
INFO: ParseTemplate Behavior ::run [ RunTime:0.005825s ]
INFO: [ view_parse ] --END-- [ RunTime:0.005883s ]
INFO: [ view_filter ] --START--
INFO: ContentReplace Behavior ::run [ RunTime:0.000440s ]
INFO: TokenBuild Behavior ::run [ RunTime:0.000277s ]
INFO: WriteHtmlCache Behavior ::run [ RunTime:0.000177s ]
INFO: ShowRuntime Behavior ::run [ RunTime:0.000334s ]
INFO: [ view_filter ] --END-- [ RunTime:0.001363s ]
INFO: [ view_end ] --START--
INFO: ShowPageTrace Behavior ::run [ RunTime:0.000461s ]
INFO: [ view_end ] --END-- [ RunTime:0.000496s ]

[ 2014-06-29T16:15:55+08:00 ] 127.0.0.1 /war5/admin.php/Main/webset
INFO: [ route_check ] --START--
INFO: CheckRoute Behavior ::run [ RunTime:0.000514s ]
INFO: [ route_check ] --END-- [ RunTime:0.000569s ]
INFO: [ app_begin ] --START--
INFO: ReadHtmlCache Behavior ::run [ RunTime:0.000418s ]
INFO: [ app_begin ] --END-- [ RunTime:0.000451s ]
INFO: [ view_parse ] --START--
INFO: ParseTemplate Behavior ::run [ RunTime:0.004563s ]
INFO: [ view_parse ] --END-- [ RunTime:0.004612s ]
INFO: [ view_filter ] --START--
INFO: ContentReplace Behavior ::run [ RunTime:0.000318s ]
INFO: TokenBuild Behavior ::run [ RunTime:0.000319s ]
INFO: WriteHtmlCache Behavior ::run [ RunTime:0.000252s ]
INFO: ShowRuntime Behavior ::run [ RunTime:0.000395s ]
INFO: [ view_filter ] --END-- [ RunTime:0.001378s ]
INFO: [ view_end ] --START--
INFO: ShowPageTrace Behavior ::run [ RunTime:0.000428s ]
INFO: [ view_end ] --END-- [ RunTime:0.000462s ]

[ 2014-06-29T16:15:55+08:00 ] 127.0.0.1 /war5/admin.php/Main/setleftmenu
INFO: [ route_check ] --START--
INFO: CheckRoute Behavior ::run [ RunTime:0.000564s ]
INFO: [ route_check ] --END-- [ RunTime:0.000626s ]
INFO: [ app_begin ] --START--
INFO: ReadHtmlCache Behavior ::run [ RunTime:0.000401s ]
INFO: [ app_begin ] --END-- [ RunTime:0.000438s ]
SQL: SHOW COLUMNS FROM `blog_leftmenu` [ RunTime:0.002306s ]
SQL: SELECT * FROM `blog_leftmenu` WHERE ( parent_id=0 and display=1 ) ORDER BY list_order  [ RunTime:0.000230s ]
SQL: SELECT * FROM `blog_leftmenu` WHERE ( parent_id=130 and display=1 ) ORDER BY list_order  [ RunTime:0.000181s ]
SQL: SELECT * FROM `blog_leftmenu` WHERE ( parent_id=137 and display=1 ) ORDER BY list_order  [ RunTime:0.000159s ]
NOTIC: [2] Invalid argument supplied for foreach() D:\myweb\war5\flash\admin\Lib\Model\MenuModel.class.php 第 20 行.
SQL: SELECT * FROM `blog_leftmenu` WHERE ( parent_id=131 and display=1 ) ORDER BY list_order  [ RunTime:0.000157s ]
NOTIC: [2] Invalid argument supplied for foreach() D:\myweb\war5\flash\admin\Lib\Model\MenuModel.class.php 第 20 行.
NOTIC: [8] Undefined variable: class D:\myweb\war5\flash\admin\Lib\Model\MenuModel.class.php 第 56 行.
NOTIC: [8] Undefined variable: class D:\myweb\war5\flash\admin\Lib\Model\MenuModel.class.php 第 56 行.
INFO: [ view_parse ] --START--
INFO: ParseTemplate Behavior ::run [ RunTime:0.004867s ]
INFO: [ view_parse ] --END-- [ RunTime:0.004916s ]
INFO: [ view_filter ] --START--
INFO: ContentReplace Behavior ::run [ RunTime:0.000354s ]
INFO: TokenBuild Behavior ::run [ RunTime:0.000251s ]
INFO: WriteHtmlCache Behavior ::run [ RunTime:0.000173s ]
INFO: ShowRuntime Behavior ::run [ RunTime:0.000310s ]
INFO: [ view_filter ] --END-- [ RunTime:0.001179s ]
INFO: [ view_end ] --START--
INFO: ShowPageTrace Behavior ::run [ RunTime:0.000377s ]
INFO: [ view_end ] --END-- [ RunTime:0.000406s ]

