[ 2014-09-17T21:56:10+08:00 ] 127.0.0.1 /myblog/admin.php/Main/main
INFO: [ route_check ] --START--
INFO: CheckRoute Behavior ::run [ RunTime:0.000514s ]
INFO: [ route_check ] --END-- [ RunTime:0.000570s ]
INFO: [ app_begin ] --START--
INFO: ReadHtmlCache Behavior ::run [ RunTime:0.000496s ]
INFO: [ app_begin ] --END-- [ RunTime:0.000539s ]
NOTIC: [8] Undefined index: admin_username D:\myweb\myblog\flash\admin\Lib\Action\MainAction.class.php 第 3 行.

[ 2014-09-17T21:56:10+08:00 ] 127.0.0.1 /myblog/admin.php
INFO: [ app_begin ] --START--
INFO: ReadHtmlCache Behavior ::run [ RunTime:0.000445s ]
INFO: [ app_begin ] --END-- [ RunTime:0.000500s ]
INFO: [ view_parse ] --START--
INFO: ParseTemplate Behavior ::run [ RunTime:0.018661s ]
INFO: [ view_parse ] --END-- [ RunTime:0.018721s ]
INFO: [ view_filter ] --START--
INFO: ContentReplace Behavior ::run [ RunTime:0.000316s ]
INFO: TokenBuild Behavior ::run [ RunTime:0.000311s ]
INFO: WriteHtmlCache Behavior ::run [ RunTime:0.000246s ]
INFO: ShowRuntime Behavior ::run [ RunTime:0.000357s ]
INFO: [ view_filter ] --END-- [ RunTime:0.001325s ]
INFO: [ view_end ] --START--
INFO: ShowPageTrace Behavior ::run [ RunTime:0.000456s ]
INFO: [ view_end ] --END-- [ RunTime:0.000487s ]

[ 2014-09-17T21:56:10+08:00 ] 127.0.0.1 /myblog/admin.php/Index/yanzhengma
INFO: [ route_check ] --START--
INFO: CheckRoute Behavior ::run [ RunTime:0.000570s ]
INFO: [ route_check ] --END-- [ RunTime:0.000628s ]
INFO: [ app_begin ] --START--
INFO: ReadHtmlCache Behavior ::run [ RunTime:0.000391s ]
INFO: [ app_begin ] --END-- [ RunTime:0.000432s ]

[ 2014-09-17T21:57:33+08:00 ] 127.0.0.1 /myblog/admin.php/Main/main
INFO: [ route_check ] --START--
INFO: CheckRoute Behavior ::run [ RunTime:0.000716s ]
INFO: [ route_check ] --END-- [ RunTime:0.000773s ]
INFO: [ app_begin ] --START--
INFO: ReadHtmlCache Behavior ::run [ RunTime:0.000506s ]
INFO: [ app_begin ] --END-- [ RunTime:0.000550s ]
NOTIC: [8] Undefined index: admin_username D:\myweb\myblog\flash\admin\Lib\Action\MainAction.class.php 第 3 行.

[ 2014-09-17T21:57:33+08:00 ] 127.0.0.1 /myblog/admin.php
INFO: [ app_begin ] --START--
INFO: ReadHtmlCache Behavior ::run [ RunTime:0.000533s ]
INFO: [ app_begin ] --END-- [ RunTime:0.000588s ]
INFO: [ view_parse ] --START--
INFO: ParseTemplate Behavior ::run [ RunTime:0.004873s ]
INFO: [ view_parse ] --END-- [ RunTime:0.004934s ]
INFO: [ view_filter ] --START--
INFO: ContentReplace Behavior ::run [ RunTime:0.000304s ]
INFO: TokenBuild Behavior ::run [ RunTime:0.000298s ]
INFO: WriteHtmlCache Behavior ::run [ RunTime:0.000230s ]
INFO: ShowRuntime Behavior ::run [ RunTime:0.000354s ]
INFO: [ view_filter ] --END-- [ RunTime:0.001282s ]
INFO: [ view_end ] --START--
INFO: ShowPageTrace Behavior ::run [ RunTime:0.000466s ]
INFO: [ view_end ] --END-- [ RunTime:0.000502s ]

[ 2014-09-17T21:57:33+08:00 ] 127.0.0.1 /myblog/admin.php/Index/yanzhengma
INFO: [ route_check ] --START--
INFO: CheckRoute Behavior ::run [ RunTime:0.000505s ]
INFO: [ route_check ] --END-- [ RunTime:0.000558s ]
INFO: [ app_begin ] --START--
INFO: ReadHtmlCache Behavior ::run [ RunTime:0.000385s ]
INFO: [ app_begin ] --END-- [ RunTime:0.000423s ]

[ 2014-09-17T21:57:52+08:00 ] 127.0.0.1 /myblog/admin.php/Index/login
INFO: [ route_check ] --START--
INFO: CheckRoute Behavior ::run [ RunTime:0.000499s ]
INFO: [ route_check ] --END-- [ RunTime:0.000550s ]
INFO: [ app_begin ] --START--
INFO: ReadHtmlCache Behavior ::run [ RunTime:0.000408s ]
INFO: [ app_begin ] --END-- [ RunTime:0.000443s ]
SQL: SHOW COLUMNS FROM `blog_users` [ RunTime:0.048142s ]
SQL: SELECT `password`,`username`,`uid` FROM `blog_users` WHERE ( username ="admin" ) LIMIT 1   [ RunTime:0.021066s ]
INFO: [ view_parse ] --START--
INFO: ParseTemplate Behavior ::run [ RunTime:0.018061s ]
INFO: [ view_parse ] --END-- [ RunTime:0.018118s ]
INFO: [ view_filter ] --START--
INFO: ContentReplace Behavior ::run [ RunTime:0.000369s ]
INFO: TokenBuild Behavior ::run [ RunTime:0.000461s ]
INFO: WriteHtmlCache Behavior ::run [ RunTime:0.000325s ]
INFO: ShowRuntime Behavior ::run [ RunTime:0.000453s ]
INFO: [ view_filter ] --END-- [ RunTime:0.001713s ]
INFO: [ view_end ] --START--
INFO: ShowPageTrace Behavior ::run [ RunTime:0.000530s ]
INFO: [ view_end ] --END-- [ RunTime:0.000564s ]

[ 2014-09-17T21:57:54+08:00 ] 127.0.0.1 /myblog/admin.php/Main/main
INFO: [ route_check ] --START--
INFO: CheckRoute Behavior ::run [ RunTime:0.001281s ]
INFO: [ route_check ] --END-- [ RunTime:0.001391s ]
INFO: [ app_begin ] --START--
INFO: ReadHtmlCache Behavior ::run [ RunTime:0.000846s ]
INFO: [ app_begin ] --END-- [ RunTime:0.000926s ]
SQL: SHOW COLUMNS FROM `blog_leftmenu` [ RunTime:0.024150s ]
SQL: SELECT * FROM `blog_leftmenu` WHERE ( parent_id=0 and display=1 ) ORDER BY list_order  [ RunTime:0.008646s ]
SQL: SELECT * FROM `blog_leftmenu` WHERE ( parent_id=130 and display=1 ) ORDER BY list_order  [ RunTime:0.000298s ]
SQL: SELECT * FROM `blog_leftmenu` WHERE ( parent_id=131 and display=1 ) ORDER BY list_order  [ RunTime:0.000223s ]
NOTIC: [2] Invalid argument supplied for foreach() D:\myweb\myblog\flash\admin\Lib\Model\MenuModel.class.php 第 20 行.
SQL: SELECT * FROM `blog_leftmenu` WHERE ( parent_id=137 and display=1 ) ORDER BY list_order  [ RunTime:0.000222s ]
NOTIC: [2] Invalid argument supplied for foreach() D:\myweb\myblog\flash\admin\Lib\Model\MenuModel.class.php 第 20 行.
SQL: SELECT * FROM `blog_leftmenu` WHERE ( parent_id=191 and display=1 ) ORDER BY list_order  [ RunTime:0.000233s ]
SQL: SELECT * FROM `blog_leftmenu` WHERE ( parent_id=192 and display=1 ) ORDER BY list_order  [ RunTime:0.000235s ]
NOTIC: [2] Invalid argument supplied for foreach() D:\myweb\myblog\flash\admin\Lib\Model\MenuModel.class.php 第 20 行.
SQL: SELECT * FROM `blog_leftmenu` WHERE ( parent_id=193 and display=1 ) ORDER BY list_order  [ RunTime:0.000222s ]
NOTIC: [2] Invalid argument supplied for foreach() D:\myweb\myblog\flash\admin\Lib\Model\MenuModel.class.php 第 20 行.
INFO: [ view_parse ] --START--
INFO: ParseTemplate Behavior ::run [ RunTime:0.029112s ]
INFO: [ view_parse ] --END-- [ RunTime:0.029185s ]
INFO: [ view_filter ] --START--
INFO: ContentReplace Behavior ::run [ RunTime:0.000509s ]
INFO: TokenBuild Behavior ::run [ RunTime:0.000520s ]
INFO: WriteHtmlCache Behavior ::run [ RunTime:0.000418s ]
INFO: ShowRuntime Behavior ::run [ RunTime:0.000575s ]
INFO: [ view_filter ] --END-- [ RunTime:0.002160s ]
INFO: [ view_end ] --START--
INFO: ShowPageTrace Behavior ::run [ RunTime:0.000709s ]
INFO: [ view_end ] --END-- [ RunTime:0.000755s ]

[ 2014-09-17T21:57:58+08:00 ] 127.0.0.1 /myblog/admin.php/Main/main
INFO: [ route_check ] --START--
INFO: CheckRoute Behavior ::run [ RunTime:0.000745s ]
INFO: [ route_check ] --END-- [ RunTime:0.000810s ]
INFO: [ app_begin ] --START--
INFO: ReadHtmlCache Behavior ::run [ RunTime:0.000765s ]
INFO: [ app_begin ] --END-- [ RunTime:0.000819s ]
SQL: SHOW COLUMNS FROM `blog_leftmenu` [ RunTime:0.002558s ]
SQL: SELECT * FROM `blog_leftmenu` WHERE ( parent_id=0 and display=1 ) ORDER BY list_order  [ RunTime:0.000256s ]
SQL: SELECT * FROM `blog_leftmenu` WHERE ( parent_id=130 and display=1 ) ORDER BY list_order  [ RunTime:0.000211s ]
SQL: SELECT * FROM `blog_leftmenu` WHERE ( parent_id=131 and display=1 ) ORDER BY list_order  [ RunTime:0.000158s ]
NOTIC: [2] Invalid argument supplied for foreach() D:\myweb\myblog\flash\admin\Lib\Model\MenuModel.class.php 第 20 行.
SQL: SELECT * FROM `blog_leftmenu` WHERE ( parent_id=137 and display=1 ) ORDER BY list_order  [ RunTime:0.000158s ]
NOTIC: [2] Invalid argument supplied for foreach() D:\myweb\myblog\flash\admin\Lib\Model\MenuModel.class.php 第 20 行.
SQL: SELECT * FROM `blog_leftmenu` WHERE ( parent_id=191 and display=1 ) ORDER BY list_order  [ RunTime:0.000167s ]
SQL: SELECT * FROM `blog_leftmenu` WHERE ( parent_id=192 and display=1 ) ORDER BY list_order  [ RunTime:0.000155s ]
NOTIC: [2] Invalid argument supplied for foreach() D:\myweb\myblog\flash\admin\Lib\Model\MenuModel.class.php 第 20 行.
SQL: SELECT * FROM `blog_leftmenu` WHERE ( parent_id=193 and display=1 ) ORDER BY list_order  [ RunTime:0.000179s ]
NOTIC: [2] Invalid argument supplied for foreach() D:\myweb\myblog\flash\admin\Lib\Model\MenuModel.class.php 第 20 行.
INFO: [ view_parse ] --START--
INFO: ParseTemplate Behavior ::run [ RunTime:0.010125s ]
INFO: [ view_parse ] --END-- [ RunTime:0.010187s ]
INFO: [ view_filter ] --START--
INFO: ContentReplace Behavior ::run [ RunTime:0.000439s ]
INFO: TokenBuild Behavior ::run [ RunTime:0.000455s ]
INFO: WriteHtmlCache Behavior ::run [ RunTime:0.000260s ]
INFO: ShowRuntime Behavior ::run [ RunTime:0.000401s ]
INFO: [ view_filter ] --END-- [ RunTime:0.001681s ]
INFO: [ view_end ] --START--
INFO: ShowPageTrace Behavior ::run [ RunTime:0.000434s ]
INFO: [ view_end ] --END-- [ RunTime:0.000467s ]

[ 2014-09-17T21:58:08+08:00 ] 127.0.0.1 /myblog/admin.php/Main/main
INFO: [ route_check ] --START--
INFO: CheckRoute Behavior ::run [ RunTime:0.000510s ]
INFO: [ route_check ] --END-- [ RunTime:0.000560s ]
INFO: [ app_begin ] --START--
INFO: ReadHtmlCache Behavior ::run [ RunTime:0.000373s ]
INFO: [ app_begin ] --END-- [ RunTime:0.000410s ]
SQL: SHOW COLUMNS FROM `blog_leftmenu` [ RunTime:0.002247s ]
SQL: SELECT * FROM `blog_leftmenu` WHERE ( parent_id=0 and display=1 ) ORDER BY list_order  [ RunTime:0.000228s ]
SQL: SELECT * FROM `blog_leftmenu` WHERE ( parent_id=130 and display=1 ) ORDER BY list_order  [ RunTime:0.000180s ]
SQL: SELECT * FROM `blog_leftmenu` WHERE ( parent_id=131 and display=1 ) ORDER BY list_order  [ RunTime:0.000157s ]
NOTIC: [2] Invalid argument supplied for foreach() D:\myweb\myblog\flash\admin\Lib\Model\MenuModel.class.php 第 20 行.
SQL: SELECT * FROM `blog_leftmenu` WHERE ( parent_id=137 and display=1 ) ORDER BY list_order  [ RunTime:0.000154s ]
NOTIC: [2] Invalid argument supplied for foreach() D:\myweb\myblog\flash\admin\Lib\Model\MenuModel.class.php 第 20 行.
SQL: SELECT * FROM `blog_leftmenu` WHERE ( parent_id=191 and display=1 ) ORDER BY list_order  [ RunTime:0.000169s ]
SQL: SELECT * FROM `blog_leftmenu` WHERE ( parent_id=192 and display=1 ) ORDER BY list_order  [ RunTime:0.000157s ]
NOTIC: [2] Invalid argument supplied for foreach() D:\myweb\myblog\flash\admin\Lib\Model\MenuModel.class.php 第 20 行.
SQL: SELECT * FROM `blog_leftmenu` WHERE ( parent_id=193 and display=1 ) ORDER BY list_order  [ RunTime:0.000156s ]
NOTIC: [2] Invalid argument supplied for foreach() D:\myweb\myblog\flash\admin\Lib\Model\MenuModel.class.php 第 20 行.
INFO: [ view_parse ] --START--
INFO: ParseTemplate Behavior ::run [ RunTime:0.005351s ]
INFO: [ view_parse ] --END-- [ RunTime:0.005411s ]
INFO: [ view_filter ] --START--
INFO: ContentReplace Behavior ::run [ RunTime:0.000255s ]
INFO: TokenBuild Behavior ::run [ RunTime:0.000241s ]
INFO: WriteHtmlCache Behavior ::run [ RunTime:0.000171s ]
INFO: ShowRuntime Behavior ::run [ RunTime:0.000279s ]
INFO: [ view_filter ] --END-- [ RunTime:0.001058s ]
INFO: [ view_end ] --START--
INFO: ShowPageTrace Behavior ::run [ RunTime:0.000518s ]
INFO: [ view_end ] --END-- [ RunTime:0.000555s ]

[ 2014-09-17T21:58:12+08:00 ] 127.0.0.1 /myblog/admin.php/Main/shouyebgmusic
INFO: [ route_check ] --START--
INFO: CheckRoute Behavior ::run [ RunTime:0.001143s ]
INFO: [ route_check ] --END-- [ RunTime:0.001250s ]
INFO: [ app_begin ] --START--
INFO: ReadHtmlCache Behavior ::run [ RunTime:0.000870s ]
INFO: [ app_begin ] --END-- [ RunTime:0.000955s ]
INFO: [ view_parse ] --START--
INFO: ParseTemplate Behavior ::run [ RunTime:0.005166s ]
INFO: [ view_parse ] --END-- [ RunTime:0.005244s ]
INFO: [ view_filter ] --START--
INFO: ContentReplace Behavior ::run [ RunTime:0.000316s ]
INFO: TokenBuild Behavior ::run [ RunTime:0.000320s ]
INFO: WriteHtmlCache Behavior ::run [ RunTime:0.000265s ]
INFO: ShowRuntime Behavior ::run [ RunTime:0.000365s ]
INFO: [ view_filter ] --END-- [ RunTime:0.001360s ]
INFO: [ view_end ] --START--
INFO: ShowPageTrace Behavior ::run [ RunTime:0.000459s ]
INFO: [ view_end ] --END-- [ RunTime:0.000490s ]

