[ 2014-09-21T15:13:31+08:00 ] 127.0.0.1 /yanandyan/admin.php
INFO: [ app_begin ] --START--
INFO: ReadHtmlCache Behavior ::run [ RunTime:0.000739s ]
INFO: [ app_begin ] --END-- [ RunTime:0.000822s ]
INFO: [ view_parse ] --START--
INFO: ParseTemplate Behavior ::run [ RunTime:0.015697s ]
INFO: [ view_parse ] --END-- [ RunTime:0.015766s ]
INFO: [ view_filter ] --START--
INFO: ContentReplace Behavior ::run [ RunTime:0.000296s ]
INFO: TokenBuild Behavior ::run [ RunTime:0.000307s ]
INFO: WriteHtmlCache Behavior ::run [ RunTime:0.000224s ]
INFO: ShowRuntime Behavior ::run [ RunTime:0.000328s ]
INFO: [ view_filter ] --END-- [ RunTime:0.001248s ]
INFO: [ view_end ] --START--
INFO: ShowPageTrace Behavior ::run [ RunTime:0.000437s ]
INFO: [ view_end ] --END-- [ RunTime:0.000470s ]

[ 2014-09-21T15:13:31+08:00 ] 127.0.0.1 /yanandyan/admin.php/Index/yanzhengma
INFO: [ route_check ] --START--
INFO: CheckRoute Behavior ::run [ RunTime:0.001588s ]
INFO: [ route_check ] --END-- [ RunTime:0.001716s ]
INFO: [ app_begin ] --START--
INFO: ReadHtmlCache Behavior ::run [ RunTime:0.000651s ]
INFO: [ app_begin ] --END-- [ RunTime:0.000723s ]

[ 2014-09-21T15:13:38+08:00 ] 127.0.0.1 /yanandyan/admin.php/Index/login
INFO: [ route_check ] --START--
INFO: CheckRoute Behavior ::run [ RunTime:0.001414s ]
INFO: [ route_check ] --END-- [ RunTime:0.001531s ]
INFO: [ app_begin ] --START--
INFO: ReadHtmlCache Behavior ::run [ RunTime:0.000660s ]
INFO: [ app_begin ] --END-- [ RunTime:0.000726s ]
INFO: [ view_parse ] --START--
INFO: ParseTemplate Behavior ::run [ RunTime:0.039843s ]
INFO: [ view_parse ] --END-- [ RunTime:0.039911s ]
INFO: [ view_filter ] --START--
INFO: ContentReplace Behavior ::run [ RunTime:0.000405s ]
INFO: TokenBuild Behavior ::run [ RunTime:0.000369s ]
INFO: WriteHtmlCache Behavior ::run [ RunTime:0.000243s ]
INFO: ShowRuntime Behavior ::run [ RunTime:0.000437s ]
INFO: [ view_filter ] --END-- [ RunTime:0.001570s ]
INFO: [ view_end ] --START--
INFO: ShowPageTrace Behavior ::run [ RunTime:0.000506s ]
INFO: [ view_end ] --END-- [ RunTime:0.000539s ]

[ 2014-09-21T15:13:40+08:00 ] 127.0.0.1 /yanandyan/admin.php
INFO: [ app_begin ] --START--
INFO: ReadHtmlCache Behavior ::run [ RunTime:0.001303s ]
INFO: [ app_begin ] --END-- [ RunTime:0.001456s ]
INFO: [ view_parse ] --START--
INFO: ParseTemplate Behavior ::run [ RunTime:0.008013s ]
INFO: [ view_parse ] --END-- [ RunTime:0.008130s ]
INFO: [ view_filter ] --START--
INFO: ContentReplace Behavior ::run [ RunTime:0.000381s ]
INFO: TokenBuild Behavior ::run [ RunTime:0.000394s ]
INFO: WriteHtmlCache Behavior ::run [ RunTime:0.000338s ]
INFO: ShowRuntime Behavior ::run [ RunTime:0.000523s ]
INFO: [ view_filter ] --END-- [ RunTime:0.001787s ]
INFO: [ view_end ] --START--
INFO: ShowPageTrace Behavior ::run [ RunTime:0.000629s ]
INFO: [ view_end ] --END-- [ RunTime:0.000678s ]

[ 2014-09-21T15:13:40+08:00 ] 127.0.0.1 /yanandyan/admin.php/Index/yanzhengma
INFO: [ route_check ] --START--
INFO: CheckRoute Behavior ::run [ RunTime:0.000495s ]
INFO: [ route_check ] --END-- [ RunTime:0.000543s ]
INFO: [ app_begin ] --START--
INFO: ReadHtmlCache Behavior ::run [ RunTime:0.000341s ]
INFO: [ app_begin ] --END-- [ RunTime:0.000377s ]

[ 2014-09-21T15:13:46+08:00 ] 127.0.0.1 /yanandyan/admin.php/Index/login
INFO: [ route_check ] --START--
INFO: CheckRoute Behavior ::run [ RunTime:0.000533s ]
INFO: [ route_check ] --END-- [ RunTime:0.000586s ]
INFO: [ app_begin ] --START--
INFO: ReadHtmlCache Behavior ::run [ RunTime:0.000345s ]
INFO: [ app_begin ] --END-- [ RunTime:0.000379s ]
INFO: [ view_parse ] --START--
INFO: ParseTemplate Behavior ::run [ RunTime:0.004973s ]
INFO: [ view_parse ] --END-- [ RunTime:0.005025s ]
INFO: [ view_filter ] --START--
INFO: ContentReplace Behavior ::run [ RunTime:0.000254s ]
INFO: TokenBuild Behavior ::run [ RunTime:0.000247s ]
INFO: WriteHtmlCache Behavior ::run [ RunTime:0.000175s ]
INFO: ShowRuntime Behavior ::run [ RunTime:0.000279s ]
INFO: [ view_filter ] --END-- [ RunTime:0.001047s ]
INFO: [ view_end ] --START--
INFO: ShowPageTrace Behavior ::run [ RunTime:0.000389s ]
INFO: [ view_end ] --END-- [ RunTime:0.000429s ]

[ 2014-09-21T15:13:48+08:00 ] 127.0.0.1 /yanandyan/admin.php
INFO: [ app_begin ] --START--
INFO: ReadHtmlCache Behavior ::run [ RunTime:0.000780s ]
INFO: [ app_begin ] --END-- [ RunTime:0.000884s ]
INFO: [ view_parse ] --START--
INFO: ParseTemplate Behavior ::run [ RunTime:0.010672s ]
INFO: [ view_parse ] --END-- [ RunTime:0.010754s ]
INFO: [ view_filter ] --START--
INFO: ContentReplace Behavior ::run [ RunTime:0.000328s ]
INFO: TokenBuild Behavior ::run [ RunTime:0.000319s ]
INFO: WriteHtmlCache Behavior ::run [ RunTime:0.000253s ]
INFO: ShowRuntime Behavior ::run [ RunTime:0.000374s ]
INFO: [ view_filter ] --END-- [ RunTime:0.001396s ]
INFO: [ view_end ] --START--
INFO: ShowPageTrace Behavior ::run [ RunTime:0.000458s ]
INFO: [ view_end ] --END-- [ RunTime:0.000492s ]

[ 2014-09-21T15:13:48+08:00 ] 127.0.0.1 /yanandyan/admin.php/Index/yanzhengma
INFO: [ route_check ] --START--
INFO: CheckRoute Behavior ::run [ RunTime:0.000586s ]
INFO: [ route_check ] --END-- [ RunTime:0.000639s ]
INFO: [ app_begin ] --START--
INFO: ReadHtmlCache Behavior ::run [ RunTime:0.000342s ]
INFO: [ app_begin ] --END-- [ RunTime:0.000377s ]

[ 2014-09-21T15:13:56+08:00 ] 127.0.0.1 /yanandyan/admin.php/Index/login
INFO: [ route_check ] --START--
INFO: CheckRoute Behavior ::run [ RunTime:0.000732s ]
INFO: [ route_check ] --END-- [ RunTime:0.000798s ]
INFO: [ app_begin ] --START--
INFO: ReadHtmlCache Behavior ::run [ RunTime:0.000521s ]
INFO: [ app_begin ] --END-- [ RunTime:0.000568s ]
SQL: SHOW COLUMNS FROM `blog_users` [ RunTime:0.054752s ]
SQL: SELECT `password`,`username`,`uid` FROM `blog_users` WHERE ( username ="admin" ) LIMIT 1   [ RunTime:0.046038s ]
INFO: [ view_parse ] --START--
INFO: ParseTemplate Behavior ::run [ RunTime:0.005072s ]
INFO: [ view_parse ] --END-- [ RunTime:0.005134s ]
INFO: [ view_filter ] --START--
INFO: ContentReplace Behavior ::run [ RunTime:0.000326s ]
INFO: TokenBuild Behavior ::run [ RunTime:0.000321s ]
INFO: WriteHtmlCache Behavior ::run [ RunTime:0.000254s ]
INFO: ShowRuntime Behavior ::run [ RunTime:0.000321s ]
INFO: [ view_filter ] --END-- [ RunTime:0.001323s ]
INFO: [ view_end ] --START--
INFO: ShowPageTrace Behavior ::run [ RunTime:0.000460s ]
INFO: [ view_end ] --END-- [ RunTime:0.000494s ]

[ 2014-09-21T15:13:59+08:00 ] 127.0.0.1 /yanandyan/admin.php/Main/main
INFO: [ route_check ] --START--
INFO: CheckRoute Behavior ::run [ RunTime:0.000510s ]
INFO: [ route_check ] --END-- [ RunTime:0.000564s ]
INFO: [ app_begin ] --START--
INFO: ReadHtmlCache Behavior ::run [ RunTime:0.000330s ]
INFO: [ app_begin ] --END-- [ RunTime:0.000364s ]
SQL: SHOW COLUMNS FROM `blog_leftmenu` [ RunTime:0.024724s ]
SQL: SELECT * FROM `blog_leftmenu` WHERE ( parent_id=0 and display=1 ) ORDER BY list_order  [ RunTime:0.008863s ]
SQL: SELECT * FROM `blog_leftmenu` WHERE ( parent_id=130 and display=1 ) ORDER BY list_order  [ RunTime:0.000300s ]
SQL: SELECT * FROM `blog_leftmenu` WHERE ( parent_id=131 and display=1 ) ORDER BY list_order  [ RunTime:0.000165s ]
NOTIC: [2] Invalid argument supplied for foreach() D:\myweb\yanandyan\flash\admin\Lib\Model\MenuModel.class.php 第 20 行.
SQL: SELECT * FROM `blog_leftmenu` WHERE ( parent_id=137 and display=1 ) ORDER BY list_order  [ RunTime:0.000156s ]
NOTIC: [2] Invalid argument supplied for foreach() D:\myweb\yanandyan\flash\admin\Lib\Model\MenuModel.class.php 第 20 行.
SQL: SELECT * FROM `blog_leftmenu` WHERE ( parent_id=191 and display=1 ) ORDER BY list_order  [ RunTime:0.000264s ]
SQL: SELECT * FROM `blog_leftmenu` WHERE ( parent_id=192 and display=1 ) ORDER BY list_order  [ RunTime:0.000270s ]
NOTIC: [2] Invalid argument supplied for foreach() D:\myweb\yanandyan\flash\admin\Lib\Model\MenuModel.class.php 第 20 行.
SQL: SELECT * FROM `blog_leftmenu` WHERE ( parent_id=193 and display=1 ) ORDER BY list_order  [ RunTime:0.000251s ]
NOTIC: [2] Invalid argument supplied for foreach() D:\myweb\yanandyan\flash\admin\Lib\Model\MenuModel.class.php 第 20 行.
INFO: [ view_parse ] --START--
INFO: ParseTemplate Behavior ::run [ RunTime:0.007619s ]
INFO: [ view_parse ] --END-- [ RunTime:0.007675s ]
INFO: [ view_filter ] --START--
INFO: ContentReplace Behavior ::run [ RunTime:0.000252s ]
INFO: TokenBuild Behavior ::run [ RunTime:0.000237s ]
INFO: WriteHtmlCache Behavior ::run [ RunTime:0.000167s ]
INFO: ShowRuntime Behavior ::run [ RunTime:0.000447s ]
INFO: [ view_filter ] --END-- [ RunTime:0.001213s ]
INFO: [ view_end ] --START--
INFO: ShowPageTrace Behavior ::run [ RunTime:0.000670s ]
INFO: [ view_end ] --END-- [ RunTime:0.000731s ]

[ 2014-09-21T15:14:05+08:00 ] 127.0.0.1 /yanandyan/admin.php/Main/setleftmenu
INFO: [ route_check ] --START--
INFO: CheckRoute Behavior ::run [ RunTime:0.000515s ]
INFO: [ route_check ] --END-- [ RunTime:0.000568s ]
INFO: [ app_begin ] --START--
INFO: ReadHtmlCache Behavior ::run [ RunTime:0.000335s ]
INFO: [ app_begin ] --END-- [ RunTime:0.000366s ]
SQL: SHOW COLUMNS FROM `blog_leftmenu` [ RunTime:0.002549s ]
SQL: SELECT * FROM `blog_leftmenu` WHERE ( parent_id=0 and display=1 ) ORDER BY list_order  [ RunTime:0.000262s ]
SQL: SELECT * FROM `blog_leftmenu` WHERE ( parent_id=130 and display=1 ) ORDER BY list_order  [ RunTime:0.000193s ]
SQL: SELECT * FROM `blog_leftmenu` WHERE ( parent_id=131 and display=1 ) ORDER BY list_order  [ RunTime:0.000146s ]
NOTIC: [2] Invalid argument supplied for foreach() D:\myweb\yanandyan\flash\admin\Lib\Model\MenuModel.class.php 第 20 行.
SQL: SELECT * FROM `blog_leftmenu` WHERE ( parent_id=137 and display=1 ) ORDER BY list_order  [ RunTime:0.000151s ]
NOTIC: [2] Invalid argument supplied for foreach() D:\myweb\yanandyan\flash\admin\Lib\Model\MenuModel.class.php 第 20 行.
SQL: SELECT * FROM `blog_leftmenu` WHERE ( parent_id=191 and display=1 ) ORDER BY list_order  [ RunTime:0.000161s ]
SQL: SELECT * FROM `blog_leftmenu` WHERE ( parent_id=192 and display=1 ) ORDER BY list_order  [ RunTime:0.000151s ]
NOTIC: [2] Invalid argument supplied for foreach() D:\myweb\yanandyan\flash\admin\Lib\Model\MenuModel.class.php 第 20 行.
SQL: SELECT * FROM `blog_leftmenu` WHERE ( parent_id=193 and display=1 ) ORDER BY list_order  [ RunTime:0.000158s ]
NOTIC: [2] Invalid argument supplied for foreach() D:\myweb\yanandyan\flash\admin\Lib\Model\MenuModel.class.php 第 20 行.
NOTIC: [8] Undefined variable: class D:\myweb\yanandyan\flash\admin\Lib\Model\MenuModel.class.php 第 56 行.
NOTIC: [8] Undefined variable: class D:\myweb\yanandyan\flash\admin\Lib\Model\MenuModel.class.php 第 56 行.
NOTIC: [8] Undefined variable: class D:\myweb\yanandyan\flash\admin\Lib\Model\MenuModel.class.php 第 56 行.
NOTIC: [8] Undefined variable: class D:\myweb\yanandyan\flash\admin\Lib\Model\MenuModel.class.php 第 56 行.
INFO: [ view_parse ] --START--
INFO: ParseTemplate Behavior ::run [ RunTime:0.005431s ]
INFO: [ view_parse ] --END-- [ RunTime:0.005490s ]
INFO: [ view_filter ] --START--
INFO: ContentReplace Behavior ::run [ RunTime:0.000290s ]
INFO: TokenBuild Behavior ::run [ RunTime:0.000255s ]
INFO: WriteHtmlCache Behavior ::run [ RunTime:0.000179s ]
INFO: ShowRuntime Behavior ::run [ RunTime:0.000481s ]
INFO: [ view_filter ] --END-- [ RunTime:0.001294s ]
INFO: [ view_end ] --START--
INFO: ShowPageTrace Behavior ::run [ RunTime:0.000387s ]
INFO: [ view_end ] --END-- [ RunTime:0.000420s ]

[ 2014-09-21T15:14:05+08:00 ] 127.0.0.1 /yanandyan/admin.php/Main/webset
INFO: [ route_check ] --START--
INFO: CheckRoute Behavior ::run [ RunTime:0.000864s ]
INFO: [ route_check ] --END-- [ RunTime:0.000941s ]
INFO: [ app_begin ] --START--
INFO: ReadHtmlCache Behavior ::run [ RunTime:0.000606s ]
INFO: [ app_begin ] --END-- [ RunTime:0.000658s ]
INFO: [ view_parse ] --START--
INFO: ParseTemplate Behavior ::run [ RunTime:0.006736s ]
INFO: [ view_parse ] --END-- [ RunTime:0.006811s ]
INFO: [ view_filter ] --START--
INFO: ContentReplace Behavior ::run [ RunTime:0.000470s ]
INFO: TokenBuild Behavior ::run [ RunTime:0.000301s ]
INFO: WriteHtmlCache Behavior ::run [ RunTime:0.000189s ]
INFO: ShowRuntime Behavior ::run [ RunTime:0.000280s ]
INFO: [ view_filter ] --END-- [ RunTime:0.001343s ]
INFO: [ view_end ] --START--
INFO: ShowPageTrace Behavior ::run [ RunTime:0.000381s ]
INFO: [ view_end ] --END-- [ RunTime:0.000412s ]

[ 2014-09-21T15:14:06+08:00 ] 127.0.0.1 /yanandyan/admin.php/Main/setleftmenu
INFO: [ route_check ] --START--
INFO: CheckRoute Behavior ::run [ RunTime:0.000758s ]
INFO: [ route_check ] --END-- [ RunTime:0.000826s ]
INFO: [ app_begin ] --START--
INFO: ReadHtmlCache Behavior ::run [ RunTime:0.000546s ]
INFO: [ app_begin ] --END-- [ RunTime:0.000595s ]
SQL: SHOW COLUMNS FROM `blog_leftmenu` [ RunTime:0.003183s ]
SQL: SELECT * FROM `blog_leftmenu` WHERE ( parent_id=0 and display=1 ) ORDER BY list_order  [ RunTime:0.000355s ]
SQL: SELECT * FROM `blog_leftmenu` WHERE ( parent_id=130 and display=1 ) ORDER BY list_order  [ RunTime:0.000281s ]
SQL: SELECT * FROM `blog_leftmenu` WHERE ( parent_id=131 and display=1 ) ORDER BY list_order  [ RunTime:0.000217s ]
NOTIC: [2] Invalid argument supplied for foreach() D:\myweb\yanandyan\flash\admin\Lib\Model\MenuModel.class.php 第 20 行.
SQL: SELECT * FROM `blog_leftmenu` WHERE ( parent_id=137 and display=1 ) ORDER BY list_order  [ RunTime:0.000245s ]
NOTIC: [2] Invalid argument supplied for foreach() D:\myweb\yanandyan\flash\admin\Lib\Model\MenuModel.class.php 第 20 行.
SQL: SELECT * FROM `blog_leftmenu` WHERE ( parent_id=191 and display=1 ) ORDER BY list_order  [ RunTime:0.000283s ]
SQL: SELECT * FROM `blog_leftmenu` WHERE ( parent_id=192 and display=1 ) ORDER BY list_order  [ RunTime:0.000249s ]
NOTIC: [2] Invalid argument supplied for foreach() D:\myweb\yanandyan\flash\admin\Lib\Model\MenuModel.class.php 第 20 行.
SQL: SELECT * FROM `blog_leftmenu` WHERE ( parent_id=193 and display=1 ) ORDER BY list_order  [ RunTime:0.000248s ]
NOTIC: [2] Invalid argument supplied for foreach() D:\myweb\yanandyan\flash\admin\Lib\Model\MenuModel.class.php 第 20 行.
NOTIC: [8] Undefined variable: class D:\myweb\yanandyan\flash\admin\Lib\Model\MenuModel.class.php 第 56 行.
NOTIC: [8] Undefined variable: class D:\myweb\yanandyan\flash\admin\Lib\Model\MenuModel.class.php 第 56 行.
NOTIC: [8] Undefined variable: class D:\myweb\yanandyan\flash\admin\Lib\Model\MenuModel.class.php 第 56 行.
NOTIC: [8] Undefined variable: class D:\myweb\yanandyan\flash\admin\Lib\Model\MenuModel.class.php 第 56 行.
INFO: [ view_parse ] --START--
INFO: ParseTemplate Behavior ::run [ RunTime:0.005165s ]
INFO: [ view_parse ] --END-- [ RunTime:0.005215s ]
INFO: [ view_filter ] --START--
INFO: ContentReplace Behavior ::run [ RunTime:0.000340s ]
INFO: TokenBuild Behavior ::run [ RunTime:0.000403s ]
INFO: WriteHtmlCache Behavior ::run [ RunTime:0.000189s ]
INFO: ShowRuntime Behavior ::run [ RunTime:0.000284s ]
INFO: [ view_filter ] --END-- [ RunTime:0.001307s ]
INFO: [ view_end ] --START--
INFO: ShowPageTrace Behavior ::run [ RunTime:0.000450s ]
INFO: [ view_end ] --END-- [ RunTime:0.000483s ]

[ 2014-09-21T15:14:07+08:00 ] 127.0.0.1 /yanandyan/admin.php/Main/shouyebgimg
INFO: [ route_check ] --START--
INFO: CheckRoute Behavior ::run [ RunTime:0.001054s ]
INFO: [ route_check ] --END-- [ RunTime:0.001150s ]
INFO: [ app_begin ] --START--
INFO: ReadHtmlCache Behavior ::run [ RunTime:0.000784s ]
INFO: [ app_begin ] --END-- [ RunTime:0.000850s ]
SQL: SHOW COLUMNS FROM `blog_index_config` [ RunTime:0.002684s ]
NOTIC: [8] Undefined index: p D:\myweb\yanandyan\flash\admin\Lib\Action\MainAction.class.php 第 62 行.
SQL: SELECT COUNT(*) AS tp_count FROM `blog_index_config` WHERE ( type='index_bgimg' and uid =1 and display = 1 ) LIMIT 1   [ RunTime:0.000324s ]
SQL: SELECT `value` FROM `blog_index_config` WHERE ( type='index_bgimg' and uid =1 and display = 1 ) LIMIT 0,2   [ RunTime:0.000183s ]
INFO: [ view_parse ] --START--
INFO: ParseTemplate Behavior ::run [ RunTime:0.006388s ]
INFO: [ view_parse ] --END-- [ RunTime:0.006439s ]
INFO: [ view_filter ] --START--
INFO: ContentReplace Behavior ::run [ RunTime:0.000251s ]
INFO: TokenBuild Behavior ::run [ RunTime:0.000252s ]
INFO: WriteHtmlCache Behavior ::run [ RunTime:0.000179s ]
INFO: ShowRuntime Behavior ::run [ RunTime:0.000280s ]
INFO: [ view_filter ] --END-- [ RunTime:0.001059s ]
INFO: [ view_end ] --START--
INFO: ShowPageTrace Behavior ::run [ RunTime:0.000402s ]
INFO: [ view_end ] --END-- [ RunTime:0.000431s ]

[ 2014-09-21T15:14:08+08:00 ] 127.0.0.1 /yanandyan/admin.php/Main/shouyebgmusic
INFO: [ route_check ] --START--
INFO: CheckRoute Behavior ::run [ RunTime:0.001064s ]
INFO: [ route_check ] --END-- [ RunTime:0.001149s ]
INFO: [ app_begin ] --START--
INFO: ReadHtmlCache Behavior ::run [ RunTime:0.000663s ]
INFO: [ app_begin ] --END-- [ RunTime:0.000717s ]
INFO: [ view_parse ] --START--
INFO: ParseTemplate Behavior ::run [ RunTime:0.007847s ]
INFO: [ view_parse ] --END-- [ RunTime:0.007927s ]
INFO: [ view_filter ] --START--
INFO: ContentReplace Behavior ::run [ RunTime:0.000432s ]
INFO: TokenBuild Behavior ::run [ RunTime:0.000419s ]
INFO: WriteHtmlCache Behavior ::run [ RunTime:0.000295s ]
INFO: ShowRuntime Behavior ::run [ RunTime:0.000462s ]
INFO: [ view_filter ] --END-- [ RunTime:0.001782s ]
INFO: [ view_end ] --START--
INFO: ShowPageTrace Behavior ::run [ RunTime:0.000638s ]
INFO: [ view_end ] --END-- [ RunTime:0.000690s ]

[ 2014-09-21T15:14:10+08:00 ] 127.0.0.1 /yanandyan/admin.php/Main/webset
INFO: [ route_check ] --START--
INFO: CheckRoute Behavior ::run [ RunTime:0.001417s ]
INFO: [ route_check ] --END-- [ RunTime:0.001541s ]
INFO: [ app_begin ] --START--
INFO: ReadHtmlCache Behavior ::run [ RunTime:0.000509s ]
INFO: [ app_begin ] --END-- [ RunTime:0.000564s ]
INFO: [ view_parse ] --START--
INFO: ParseTemplate Behavior ::run [ RunTime:0.005011s ]
INFO: [ view_parse ] --END-- [ RunTime:0.005078s ]
INFO: [ view_filter ] --START--
INFO: ContentReplace Behavior ::run [ RunTime:0.000367s ]
INFO: TokenBuild Behavior ::run [ RunTime:0.000336s ]
INFO: WriteHtmlCache Behavior ::run [ RunTime:0.000207s ]
INFO: ShowRuntime Behavior ::run [ RunTime:0.000350s ]
INFO: [ view_filter ] --END-- [ RunTime:0.001368s ]
INFO: [ view_end ] --START--
INFO: ShowPageTrace Behavior ::run [ RunTime:0.000499s ]
INFO: [ view_end ] --END-- [ RunTime:0.000534s ]

[ 2014-09-21T15:14:10+08:00 ] 127.0.0.1 /yanandyan/admin.php/Main/setleftmenu
INFO: [ route_check ] --START--
INFO: CheckRoute Behavior ::run [ RunTime:0.000694s ]
INFO: [ route_check ] --END-- [ RunTime:0.000761s ]
INFO: [ app_begin ] --START--
INFO: ReadHtmlCache Behavior ::run [ RunTime:0.000445s ]
INFO: [ app_begin ] --END-- [ RunTime:0.000483s ]
SQL: SHOW COLUMNS FROM `blog_leftmenu` [ RunTime:0.002783s ]
SQL: SELECT * FROM `blog_leftmenu` WHERE ( parent_id=0 and display=1 ) ORDER BY list_order  [ RunTime:0.000389s ]
SQL: SELECT * FROM `blog_leftmenu` WHERE ( parent_id=130 and display=1 ) ORDER BY list_order  [ RunTime:0.000249s ]
SQL: SELECT * FROM `blog_leftmenu` WHERE ( parent_id=131 and display=1 ) ORDER BY list_order  [ RunTime:0.000223s ]
NOTIC: [2] Invalid argument supplied for foreach() D:\myweb\yanandyan\flash\admin\Lib\Model\MenuModel.class.php 第 20 行.
SQL: SELECT * FROM `blog_leftmenu` WHERE ( parent_id=137 and display=1 ) ORDER BY list_order  [ RunTime:0.000198s ]
NOTIC: [2] Invalid argument supplied for foreach() D:\myweb\yanandyan\flash\admin\Lib\Model\MenuModel.class.php 第 20 行.
SQL: SELECT * FROM `blog_leftmenu` WHERE ( parent_id=191 and display=1 ) ORDER BY list_order  [ RunTime:0.000204s ]
SQL: SELECT * FROM `blog_leftmenu` WHERE ( parent_id=192 and display=1 ) ORDER BY list_order  [ RunTime:0.000206s ]
NOTIC: [2] Invalid argument supplied for foreach() D:\myweb\yanandyan\flash\admin\Lib\Model\MenuModel.class.php 第 20 行.
SQL: SELECT * FROM `blog_leftmenu` WHERE ( parent_id=193 and display=1 ) ORDER BY list_order  [ RunTime:0.000209s ]
NOTIC: [2] Invalid argument supplied for foreach() D:\myweb\yanandyan\flash\admin\Lib\Model\MenuModel.class.php 第 20 行.
NOTIC: [8] Undefined variable: class D:\myweb\yanandyan\flash\admin\Lib\Model\MenuModel.class.php 第 56 行.
NOTIC: [8] Undefined variable: class D:\myweb\yanandyan\flash\admin\Lib\Model\MenuModel.class.php 第 56 行.
NOTIC: [8] Undefined variable: class D:\myweb\yanandyan\flash\admin\Lib\Model\MenuModel.class.php 第 56 行.
NOTIC: [8] Undefined variable: class D:\myweb\yanandyan\flash\admin\Lib\Model\MenuModel.class.php 第 56 行.
INFO: [ view_parse ] --START--
INFO: ParseTemplate Behavior ::run [ RunTime:0.005936s ]
INFO: [ view_parse ] --END-- [ RunTime:0.005993s ]
INFO: [ view_filter ] --START--
INFO: ContentReplace Behavior ::run [ RunTime:0.000355s ]
INFO: TokenBuild Behavior ::run [ RunTime:0.000262s ]
INFO: WriteHtmlCache Behavior ::run [ RunTime:0.000181s ]
INFO: ShowRuntime Behavior ::run [ RunTime:0.000301s ]
INFO: [ view_filter ] --END-- [ RunTime:0.001202s ]
INFO: [ view_end ] --START--
INFO: ShowPageTrace Behavior ::run [ RunTime:0.000383s ]
INFO: [ view_end ] --END-- [ RunTime:0.000413s ]

[ 2014-09-21T15:16:14+08:00 ] 127.0.0.1 /yanandyan/admin.php/Index/yanzhengma
INFO: [ route_check ] --START--
INFO: CheckRoute Behavior ::run [ RunTime:0.000801s ]
INFO: [ route_check ] --END-- [ RunTime:0.000867s ]
INFO: [ app_begin ] --START--
INFO: ReadHtmlCache Behavior ::run [ RunTime:0.000568s ]
INFO: [ app_begin ] --END-- [ RunTime:0.000627s ]

